{
"contracts/CMTAT_PROXY.sol":{"l":{"17":4},"path":"/home/ryan/Pictures/CMTAT/contracts/CMTAT_PROXY.sol","s":{"1":4},"b":{},"f":{"1":4},"fnMap":{"1":{"name":"constructor","line":15,"loc":{"start":{"line":13,"column":4},"end":{"line":18,"column":4}}}},"statementMap":{"1":{"start":{"line":17,"column":8},"end":{"line":17,"column":29}}},"branchMap":{}},
"contracts/CMTAT_STANDALONE.sol":{"l":{"37":141},"path":"/home/ryan/Pictures/CMTAT/contracts/CMTAT_STANDALONE.sol","s":{"1":141},"b":{},"f":{"1":141},"fnMap":{"1":{"name":"constructor","line":34,"loc":{"start":{"line":22,"column":4},"end":{"line":49,"column":4}}}},"statementMap":{"1":{"start":{"line":37,"column":8},"end":{"line":37,"column":1538}}},"branchMap":{}},
"contracts/interfaces/draft-IERC1404/draft-IERC1404.sol":{"l":{},"path":"/home/ryan/Pictures/CMTAT/contracts/interfaces/draft-IERC1404/draft-IERC1404.sol","s":{},"b":{},"f":{},"fnMap":{},"statementMap":{},"branchMap":{}},
"contracts/interfaces/draft-IERC1404/draft-IERC1404Wrapper.sol":{"l":{},"path":"/home/ryan/Pictures/CMTAT/contracts/interfaces/draft-IERC1404/draft-IERC1404Wrapper.sol","s":{},"b":{},"f":{},"fnMap":{},"statementMap":{},"branchMap":{}},
"contracts/interfaces/IDebtGlobal.sol":{"l":{},"path":"/home/ryan/Pictures/CMTAT/contracts/interfaces/IDebtGlobal.sol","s":{},"b":{},"f":{},"fnMap":{},"statementMap":{},"branchMap":{}},
"contracts/libraries/Errors.sol":{"l":{},"path":"/home/ryan/Pictures/CMTAT/contracts/libraries/Errors.sol","s":{},"b":{},"f":{},"fnMap":{},"statementMap":{},"branchMap":{}},
"contracts/modules/CMTAT_BASE.sol":{"l":{"69":281,"100":281,"101":281,"103":281,"105":281,"106":281,"107":278,"110":278,"116":278,"120":278,"121":278,"122":278,"124":278,"125":278,"127":278,"128":278,"137":278,"138":278,"139":278,"142":278,"159":2,"172":18,"187":359,"188":34,"190":325,"208":1029,"220":0},"path":"/home/ryan/Pictures/CMTAT/contracts/modules/CMTAT_BASE.sol","s":{"1":281,"2":281,"3":281,"4":281,"5":281,"6":281,"7":278,"8":278,"9":278,"10":278,"11":278,"12":278,"13":278,"14":278,"15":278,"16":278,"17":278,"18":278,"19":278,"20":278,"21":2,"22":18,"23":359,"24":325,"25":1029,"26":0},"b":{"1":[281,2],"2":[281,0],"3":[278,0],"4":[34,325]},"f":{"1":281,"2":281,"3":278,"4":2,"5":18,"6":359,"7":1029,"8":0},"fnMap":{"1":{"name":"initialize","line":68,"loc":{"start":{"line":57,"column":4},"end":{"line":81,"column":4}}},"2":{"name":"__CMTAT_init","line":97,"loc":{"start":{"line":86,"column":4},"end":{"line":143,"column":4}}},"3":{"name":"__CMTAT_init_unchained","line":145,"loc":{"start":{"line":145,"column":4},"end":{"line":147,"column":4}}},"4":{"name":"decimals","line":152,"loc":{"start":{"line":152,"column":4},"end":{"line":160,"column":4}}},"5":{"name":"transferFrom","line":162,"loc":{"start":{"line":162,"column":4},"end":{"line":173,"column":4}}},"6":{"name":"_update","line":182,"loc":{"start":{"line":182,"column":4},"end":{"line":197,"column":4}}},"7":{"name":"_msgSender","line":202,"loc":{"start":{"line":202,"column":4},"end":{"line":209,"column":4}}},"8":{"name":"_msgData","line":214,"loc":{"start":{"line":214,"column":4},"end":{"line":221,"column":4}}}},"statementMap":{"1":{"start":{"line":69,"column":8},"end":{"line":69,"column":2518}},"2":{"start":{"line":100,"column":8},"end":{"line":100,"column":33}},"3":{"start":{"line":101,"column":8},"end":{"line":101,"column":65}},"4":{"start":{"line":103,"column":8},"end":{"line":103,"column":32}},"5":{"start":{"line":105,"column":8},"end":{"line":105,"column":39}},"6":{"start":{"line":106,"column":8},"end":{"line":106,"column":92}},"7":{"start":{"line":107,"column":8},"end":{"line":107,"column":34}},"8":{"start":{"line":110,"column":8},"end":{"line":110,"column":37}},"9":{"start":{"line":116,"column":8},"end":{"line":116,"column":47}},"10":{"start":{"line":120,"column":8},"end":{"line":120,"column":45}},"11":{"start":{"line":121,"column":8},"end":{"line":121,"column":41}},"12":{"start":{"line":122,"column":8},"end":{"line":122,"column":41}},"13":{"start":{"line":124,"column":8},"end":{"line":124,"column":43}},"14":{"start":{"line":125,"column":8},"end":{"line":125,"column":60}},"15":{"start":{"line":127,"column":8},"end":{"line":127,"column":37}},"16":{"start":{"line":128,"column":8},"end":{"line":128,"column":42}},"17":{"start":{"line":137,"column":8},"end":{"line":137,"column":40}},"18":{"start":{"line":138,"column":8},"end":{"line":138,"column":38}},"19":{"start":{"line":139,"column":8},"end":{"line":139,"column":67}},"20":{"start":{"line":142,"column":8},"end":{"line":142,"column":31}},"21":{"start":{"line":159,"column":8},"end":{"line":159,"column":41}},"22":{"start":{"line":172,"column":8},"end":{"line":172,"column":70}},"23":{"start":{"line":187,"column":8},"end":{"line":187,"column":6273}},"24":{"start":{"line":190,"column":8},"end":{"line":190,"column":49}},"25":{"start":{"line":208,"column":8},"end":{"line":208,"column":40}},"26":{"start":{"line":220,"column":8},"end":{"line":220,"column":38}}},"branchMap":{"1":{"line":68,"type":"if","locations":[{"start":{"line":68,"column":13},"end":{"line":68,"column":13}},{"start":{"line":68,"column":13},"end":{"line":68,"column":13}}]},"2":{"line":97,"type":"if","locations":[{"start":{"line":97,"column":15},"end":{"line":97,"column":15}},{"start":{"line":97,"column":15},"end":{"line":97,"column":15}}]},"3":{"line":145,"type":"if","locations":[{"start":{"line":145,"column":47},"end":{"line":145,"column":47}},{"start":{"line":145,"column":47},"end":{"line":145,"column":47}}]},"4":{"line":187,"type":"if","locations":[{"start":{"line":187,"column":8},"end":{"line":187,"column":8}},{"start":{"line":187,"column":8},"end":{"line":187,"column":8}}]}}},
"contracts/modules/internal/EnforcementModuleInternal.sol":{"l":{"44":0,"45":0,"56":864,"69":22,"70":2,"72":20,"73":20,"74":20,"86":8,"87":2,"89":6,"90":6,"92":6},"path":"/home/ryan/Pictures/CMTAT/contracts/modules/internal/EnforcementModuleInternal.sol","s":{"1":0,"2":0,"3":864,"4":22,"5":2,"6":20,"7":20,"8":8,"9":2,"10":6,"11":6},"b":{"1":[0,0],"2":[364,0],"3":[2,20],"4":[2,6]},"f":{"1":0,"2":364,"3":864,"4":22,"5":8},"fnMap":{"1":{"name":"__Enforcement_init","line":43,"loc":{"start":{"line":43,"column":4},"end":{"line":46,"column":4}}},"2":{"name":"__Enforcement_init_unchained","line":48,"loc":{"start":{"line":48,"column":4},"end":{"line":50,"column":4}}},"3":{"name":"frozen","line":55,"loc":{"start":{"line":55,"column":4},"end":{"line":57,"column":4}}},"4":{"name":"_freeze","line":65,"loc":{"start":{"line":65,"column":4},"end":{"line":75,"column":4}}},"5":{"name":"_unfreeze","line":82,"loc":{"start":{"line":82,"column":4},"end":{"line":93,"column":4}}}},"statementMap":{"1":{"start":{"line":44,"column":8},"end":{"line":44,"column":33}},"2":{"start":{"line":45,"column":8},"end":{"line":45,"column":37}},"3":{"start":{"line":56,"column":8},"end":{"line":56,"column":31}},"4":{"start":{"line":69,"column":8},"end":{"line":69,"column":1832}},"5":{"start":{"line":70,"column":12},"end":{"line":70,"column":24}},"6":{"start":{"line":73,"column":8},"end":{"line":73,"column":58}},"7":{"start":{"line":74,"column":8},"end":{"line":74,"column":19}},"8":{"start":{"line":86,"column":8},"end":{"line":86,"column":2297}},"9":{"start":{"line":87,"column":12},"end":{"line":87,"column":24}},"10":{"start":{"line":90,"column":8},"end":{"line":90,"column":60}},"11":{"start":{"line":92,"column":8},"end":{"line":92,"column":19}}},"branchMap":{"1":{"line":43,"type":"if","locations":[{"start":{"line":43,"column":43},"end":{"line":43,"column":43}},{"start":{"line":43,"column":43},"end":{"line":43,"column":43}}]},"2":{"line":48,"type":"if","locations":[{"start":{"line":48,"column":53},"end":{"line":48,"column":53}},{"start":{"line":48,"column":53},"end":{"line":48,"column":53}}]},"3":{"line":69,"type":"if","locations":[{"start":{"line":69,"column":8},"end":{"line":69,"column":8}},{"start":{"line":69,"column":8},"end":{"line":69,"column":8}}]},"4":{"line":86,"type":"if","locations":[{"start":{"line":86,"column":8},"end":{"line":86,"column":8}},{"start":{"line":86,"column":8},"end":{"line":86,"column":8}}]}}},
"contracts/modules/internal/ERC20SnapshotModuleInternal.sol":{"l":{"73":0,"74":0,"75":0,"89":170,"90":4,"96":166,"98":94,"101":94,"102":0,"108":4,"111":162,"112":162,"119":16,"120":4,"125":12,"127":12,"128":4,"131":8,"132":2,"134":6,"137":6,"138":10,"139":10,"140":10,"143":6,"145":8,"153":38,"154":4,"156":34,"157":4,"162":30,"163":4,"165":26,"166":26,"167":8,"169":18,"170":14,"171":14,"172":4,"178":4,"181":10,"182":6,"183":4,"189":6,"191":6,"199":18,"200":4,"202":14,"203":4,"206":10,"207":4,"209":6,"210":6,"220":12,"221":0,"223":12,"224":12,"225":4,"227":8,"228":16,"229":16,"230":16,"233":8,"241":76,"243":76,"244":68,"249":68,"250":48,"253":20,"255":8,"258":8,"259":8,"260":12,"263":12,"264":12,"270":28,"278":0,"289":240,"294":240,"303":80,"307":80,"319":66,"320":66,"322":16,"323":16,"325":14,"328":2,"332":50,"333":50,"335":66,"363":320,"365":320,"366":236,"368":84,"376":80,"383":52,"396":132,"397":132,"398":36,"399":36,"409":66,"413":66,"414":18,"415":18,"425":132,"426":124,"428":8,"439":50,"440":50,"442":50,"446":30,"450":10,"454":10,"467":134,"469":134,"473":48,"476":86,"477":86,"478":86,"479":116,"480":52,"481":52,"484":64,"486":52,"487":52,"490":86},"path":"/home/ryan/Pictures/CMTAT/contracts/modules/internal/ERC20SnapshotModuleInternal.sol","s":{"1":0,"2":0,"3":0,"4":170,"5":166,"6":94,"7":94,"8":94,"9":162,"10":162,"11":16,"12":12,"13":12,"14":8,"15":2,"16":6,"17":6,"18":8,"19":38,"20":34,"21":30,"22":26,"23":26,"24":18,"25":14,"26":14,"27":10,"28":10,"29":6,"30":6,"31":18,"32":14,"33":10,"34":6,"35":6,"36":12,"37":12,"38":12,"39":8,"40":8,"41":76,"42":76,"43":68,"44":68,"45":48,"46":20,"47":8,"48":8,"49":28,"50":0,"51":240,"52":240,"53":80,"54":80,"55":66,"56":66,"57":16,"58":16,"59":14,"60":2,"61":50,"62":50,"63":66,"64":320,"65":320,"66":236,"67":84,"68":80,"69":52,"70":132,"71":132,"72":36,"73":36,"74":66,"75":66,"76":132,"77":124,"78":8,"79":50,"80":50,"81":50,"82":30,"83":20,"84":10,"85":10,"86":134,"87":134,"88":48,"89":86,"90":86,"91":116,"92":86},"b":{"1":[0,0],"2":[86,0],"3":[4,166],"4":[94,72],"5":[0,94],"6":[4,90],"7":[4,12],"8":[4,8],"9":[2,6],"10":[4,34],"11":[4,30],"12":[4,26],"13":[8,18],"14":[14,4],"15":[4,10],"16":[4,6],"17":[6,4],"18":[4,2],"19":[4,14],"20":[4,10],"21":[4,6],"22":[0,12],"23":[4,8],"24":[68,8],"25":[48,20],"26":[8,12],"27":[80,160],"28":[4,76],"29":[16,50],"30":[14,2],"31":[236,84],"32":[36,96],"33":[18,48],"34":[124,8],"35":[30,20],"36":[10,10],"37":[48,86],"38":[48,0],"39":[52,64]},"f":{"1":0,"2":86,"3":170,"4":16,"5":38,"6":18,"7":12,"8":76,"9":0,"10":240,"11":80,"12":66,"13":320,"14":80,"15":52,"16":132,"17":66,"18":132,"19":50,"20":134},"fnMap":{"1":{"name":"__ERC20Snapshot_init","line":72,"loc":{"start":{"line":69,"column":4},"end":{"line":76,"column":4}}},"2":{"name":"__ERC20Snapshot_init_unchained","line":78,"loc":{"start":{"line":78,"column":4},"end":{"line":81,"column":4}}},"3":{"name":"_scheduleSnapshot","line":87,"loc":{"start":{"line":87,"column":4},"end":{"line":113,"column":4}}},"4":{"name":"_scheduleSnapshotNotOptimized","line":118,"loc":{"start":{"line":118,"column":4},"end":{"line":146,"column":4}}},"5":{"name":"_rescheduleSnapshot","line":151,"loc":{"start":{"line":151,"column":4},"end":{"line":192,"column":4}}},"6":{"name":"_unscheduleLastSnapshot","line":197,"loc":{"start":{"line":197,"column":4},"end":{"line":211,"column":4}}},"7":{"name":"_unscheduleSnapshotNotOptimized","line":219,"loc":{"start":{"line":219,"column":4},"end":{"line":234,"column":4}}},"8":{"name":"getNextSnapshots","line":240,"loc":{"start":{"line":240,"column":4},"end":{"line":271,"column":4}}},"9":{"name":"getAllSnapshots","line":277,"loc":{"start":{"line":277,"column":4},"end":{"line":279,"column":4}}},"10":{"name":"snapshotBalanceOf","line":285,"loc":{"start":{"line":285,"column":4},"end":{"line":295,"column":4}}},"11":{"name":"snapshotTotalSupply","line":302,"loc":{"start":{"line":302,"column":4},"end":{"line":308,"column":4}}},"12":{"name":"_update","line":314,"loc":{"start":{"line":314,"column":4},"end":{"line":336,"column":4}}},"13":{"name":"_valueAt","line":345,"loc":{"start":{"line":345,"column":4},"end":{"line":370,"column":4}}},"14":{"name":"_updateAccountSnapshot","line":375,"loc":{"start":{"line":375,"column":4},"end":{"line":377,"column":4}}},"15":{"name":"_updateTotalSupplySnapshot","line":382,"loc":{"start":{"line":382,"column":4},"end":{"line":384,"column":4}}},"16":{"name":"_updateSnapshot","line":392,"loc":{"start":{"line":392,"column":4},"end":{"line":401,"column":4}}},"17":{"name":"_setCurrentSnapshot","line":408,"loc":{"start":{"line":408,"column":4},"end":{"line":417,"column":4}}},"18":{"name":"_lastSnapshot","line":422,"loc":{"start":{"line":422,"column":4},"end":{"line":430,"column":4}}},"19":{"name":"_findScheduledSnapshotIndex","line":436,"loc":{"start":{"line":436,"column":4},"end":{"line":456,"column":4}}},"20":{"name":"_findScheduledMostRecentPastSnapshot","line":462,"loc":{"start":{"line":462,"column":4},"end":{"line":491,"column":4}}}},"statementMap":{"1":{"start":{"line":73,"column":8},"end":{"line":73,"column":33}},"2":{"start":{"line":74,"column":8},"end":{"line":74,"column":35}},"3":{"start":{"line":75,"column":8},"end":{"line":75,"column":39}},"4":{"start":{"line":89,"column":8},"end":{"line":89,"column":2980}},"5":{"start":{"line":96,"column":8},"end":{"line":96,"column":3174}},"6":{"start":{"line":98,"column":12},"end":{"line":98,"column":3283}},"7":{"start":{"line":101,"column":12},"end":{"line":101,"column":3404}},"8":{"start":{"line":107,"column":19},"end":{"line":107,"column":3657}},"9":{"start":{"line":111,"column":8},"end":{"line":111,"column":37}},"10":{"start":{"line":112,"column":8},"end":{"line":112,"column":38}},"11":{"start":{"line":119,"column":8},"end":{"line":119,"column":4015}},"12":{"start":{"line":125,"column":8},"end":{"line":125,"column":73}},"13":{"start":{"line":127,"column":8},"end":{"line":127,"column":4308}},"14":{"start":{"line":131,"column":8},"end":{"line":131,"column":4499}},"15":{"start":{"line":132,"column":12},"end":{"line":132,"column":41}},"16":{"start":{"line":134,"column":12},"end":{"line":134,"column":4619}},"17":{"start":{"line":137,"column":12},"end":{"line":137,"column":4740}},"18":{"start":{"line":145,"column":8},"end":{"line":145,"column":38}},"19":{"start":{"line":153,"column":8},"end":{"line":153,"column":5296}},"20":{"start":{"line":156,"column":8},"end":{"line":156,"column":5418}},"21":{"start":{"line":162,"column":8},"end":{"line":162,"column":5617}},"22":{"start":{"line":165,"column":8},"end":{"line":165,"column":77}},"23":{"start":{"line":166,"column":8},"end":{"line":166,"column":5823}},"24":{"start":{"line":169,"column":8},"end":{"line":169,"column":5925}},"25":{"start":{"line":170,"column":12},"end":{"line":170,"column":69}},"26":{"start":{"line":171,"column":12},"end":{"line":171,"column":6058}},"27":{"start":{"line":177,"column":19},"end":{"line":177,"column":6316}},"28":{"start":{"line":181,"column":8},"end":{"line":181,"column":6455}},"29":{"start":{"line":182,"column":12},"end":{"line":182,"column":6497}},"30":{"start":{"line":191,"column":8},"end":{"line":191,"column":47}},"31":{"start":{"line":199,"column":8},"end":{"line":199,"column":7071}},"32":{"start":{"line":202,"column":8},"end":{"line":202,"column":7190}},"33":{"start":{"line":206,"column":8},"end":{"line":206,"column":7388}},"34":{"start":{"line":209,"column":8},"end":{"line":209,"column":32}},"35":{"start":{"line":210,"column":8},"end":{"line":210,"column":37}},"36":{"start":{"line":220,"column":8},"end":{"line":220,"column":7934}},"37":{"start":{"line":223,"column":8},"end":{"line":223,"column":73}},"38":{"start":{"line":224,"column":8},"end":{"line":224,"column":8128}},"39":{"start":{"line":227,"column":8},"end":{"line":227,"column":8229}},"40":{"start":{"line":233,"column":8},"end":{"line":233,"column":32}},"41":{"start":{"line":241,"column":8},"end":{"line":241,"column":65}},"42":{"start":{"line":243,"column":8},"end":{"line":243,"column":8716}},"43":{"start":{"line":244,"column":12},"end":{"line":244,"column":8812}},"44":{"start":{"line":249,"column":12},"end":{"line":249,"column":8975}},"45":{"start":{"line":250,"column":16},"end":{"line":250,"column":42}},"46":{"start":{"line":253,"column":16},"end":{"line":253,"column":9181}},"47":{"start":{"line":255,"column":20},"end":{"line":255,"column":9369}},"48":{"start":{"line":259,"column":20},"end":{"line":259,"column":9572}},"49":{"start":{"line":270,"column":8},"end":{"line":270,"column":36}},"50":{"start":{"line":278,"column":8},"end":{"line":278,"column":34}},"51":{"start":{"line":289,"column":8},"end":{"line":289,"column":10459}},"52":{"start":{"line":294,"column":8},"end":{"line":294,"column":53}},"53":{"start":{"line":303,"column":8},"end":{"line":303,"column":10924}},"54":{"start":{"line":307,"column":8},"end":{"line":307,"column":50}},"55":{"start":{"line":319,"column":8},"end":{"line":319,"column":28}},"56":{"start":{"line":320,"column":8},"end":{"line":320,"column":11473}},"57":{"start":{"line":322,"column":12},"end":{"line":322,"column":39}},"58":{"start":{"line":323,"column":12},"end":{"line":323,"column":11599}},"59":{"start":{"line":325,"column":16},"end":{"line":325,"column":41}},"60":{"start":{"line":328,"column":16},"end":{"line":328,"column":43}},"61":{"start":{"line":332,"column":12},"end":{"line":332,"column":37}},"62":{"start":{"line":333,"column":12},"end":{"line":333,"column":39}},"63":{"start":{"line":335,"column":8},"end":{"line":335,"column":49}},"64":{"start":{"line":363,"column":8},"end":{"line":363,"column":58}},"65":{"start":{"line":365,"column":8},"end":{"line":365,"column":13609}},"66":{"start":{"line":366,"column":12},"end":{"line":366,"column":29}},"67":{"start":{"line":368,"column":12},"end":{"line":368,"column":50}},"68":{"start":{"line":376,"column":8},"end":{"line":376,"column":77}},"69":{"start":{"line":383,"column":8},"end":{"line":383,"column":60}},"70":{"start":{"line":396,"column":8},"end":{"line":396,"column":46}},"71":{"start":{"line":397,"column":8},"end":{"line":397,"column":14547}},"72":{"start":{"line":398,"column":12},"end":{"line":398,"column":38}},"73":{"start":{"line":399,"column":12},"end":{"line":399,"column":46}},"74":{"start":{"line":409,"column":8},"end":{"line":409,"column":14952}},"75":{"start":{"line":413,"column":8},"end":{"line":413,"column":15056}},"76":{"start":{"line":425,"column":8},"end":{"line":425,"column":15404}},"77":{"start":{"line":426,"column":12},"end":{"line":426,"column":20}},"78":{"start":{"line":428,"column":12},"end":{"line":428,"column":38}},"79":{"start":{"line":439,"column":8},"end":{"line":439,"column":69}},"80":{"start":{"line":440,"column":8},"end":{"line":440,"column":70}},"81":{"start":{"line":442,"column":8},"end":{"line":442,"column":15947}},"82":{"start":{"line":446,"column":12},"end":{"line":446,"column":37}},"83":{"start":{"line":449,"column":13},"end":{"line":449,"column":16162}},"84":{"start":{"line":450,"column":12},"end":{"line":450,"column":38}},"85":{"start":{"line":454,"column":12},"end":{"line":454,"column":53}},"86":{"start":{"line":467,"column":8},"end":{"line":467,"column":61}},"87":{"start":{"line":469,"column":8},"end":{"line":469,"column":16794}},"88":{"start":{"line":473,"column":12},"end":{"line":473,"column":40}},"89":{"start":{"line":476,"column":8},"end":{"line":476,"column":26}},"90":{"start":{"line":478,"column":8},"end":{"line":478,"column":17096}},"91":{"start":{"line":479,"column":12},"end":{"line":479,"column":17178}},"92":{"start":{"line":490,"column":8},"end":{"line":490,"column":34}}},"branchMap":{"1":{"line":72,"type":"if","locations":[{"start":{"line":72,"column":15},"end":{"line":72,"column":15}},{"start":{"line":72,"column":15},"end":{"line":72,"column":15}}]},"2":{"line":78,"type":"if","locations":[{"start":{"line":78,"column":55},"end":{"line":78,"column":55}},{"start":{"line":78,"column":55},"end":{"line":78,"column":55}}]},"3":{"line":89,"type":"if","locations":[{"start":{"line":89,"column":8},"end":{"line":89,"column":8}},{"start":{"line":89,"column":8},"end":{"line":89,"column":8}}]},"4":{"line":96,"type":"if","locations":[{"start":{"line":96,"column":8},"end":{"line":96,"column":8}},{"start":{"line":96,"column":8},"end":{"line":96,"column":8}}]},"5":{"line":101,"type":"if","locations":[{"start":{"line":101,"column":12},"end":{"line":101,"column":12}},{"start":{"line":101,"column":12},"end":{"line":101,"column":12}}]},"6":{"line":107,"type":"if","locations":[{"start":{"line":107,"column":19},"end":{"line":107,"column":19}},{"start":{"line":107,"column":19},"end":{"line":107,"column":19}}]},"7":{"line":119,"type":"if","locations":[{"start":{"line":119,"column":8},"end":{"line":119,"column":8}},{"start":{"line":119,"column":8},"end":{"line":119,"column":8}}]},"8":{"line":127,"type":"if","locations":[{"start":{"line":127,"column":8},"end":{"line":127,"column":8}},{"start":{"line":127,"column":8},"end":{"line":127,"column":8}}]},"9":{"line":131,"type":"if","locations":[{"start":{"line":131,"column":8},"end":{"line":131,"column":8}},{"start":{"line":131,"column":8},"end":{"line":131,"column":8}}]},"10":{"line":153,"type":"if","locations":[{"start":{"line":153,"column":8},"end":{"line":153,"column":8}},{"start":{"line":153,"column":8},"end":{"line":153,"column":8}}]},"11":{"line":156,"type":"if","locations":[{"start":{"line":156,"column":8},"end":{"line":156,"column":8}},{"start":{"line":156,"column":8},"end":{"line":156,"column":8}}]},"12":{"line":162,"type":"if","locations":[{"start":{"line":162,"column":8},"end":{"line":162,"column":8}},{"start":{"line":162,"column":8},"end":{"line":162,"column":8}}]},"13":{"line":166,"type":"if","locations":[{"start":{"line":166,"column":8},"end":{"line":166,"column":8}},{"start":{"line":166,"column":8},"end":{"line":166,"column":8}}]},"14":{"line":169,"type":"if","locations":[{"start":{"line":169,"column":8},"end":{"line":169,"column":8}},{"start":{"line":169,"column":8},"end":{"line":169,"column":8}}]},"15":{"line":171,"type":"if","locations":[{"start":{"line":171,"column":12},"end":{"line":171,"column":12}},{"start":{"line":171,"column":12},"end":{"line":171,"column":12}}]},"16":{"line":177,"type":"if","locations":[{"start":{"line":177,"column":19},"end":{"line":177,"column":19}},{"start":{"line":177,"column":19},"end":{"line":177,"column":19}}]},"17":{"line":181,"type":"if","locations":[{"start":{"line":181,"column":8},"end":{"line":181,"column":8}},{"start":{"line":181,"column":8},"end":{"line":181,"column":8}}]},"18":{"line":182,"type":"if","locations":[{"start":{"line":182,"column":12},"end":{"line":182,"column":12}},{"start":{"line":182,"column":12},"end":{"line":182,"column":12}}]},"19":{"line":199,"type":"if","locations":[{"start":{"line":199,"column":8},"end":{"line":199,"column":8}},{"start":{"line":199,"column":8},"end":{"line":199,"column":8}}]},"20":{"line":202,"type":"if","locations":[{"start":{"line":202,"column":8},"end":{"line":202,"column":8}},{"start":{"line":202,"column":8},"end":{"line":202,"column":8}}]},"21":{"line":206,"type":"if","locations":[{"start":{"line":206,"column":8},"end":{"line":206,"column":8}},{"start":{"line":206,"column":8},"end":{"line":206,"column":8}}]},"22":{"line":220,"type":"if","locations":[{"start":{"line":220,"column":8},"end":{"line":220,"column":8}},{"start":{"line":220,"column":8},"end":{"line":220,"column":8}}]},"23":{"line":224,"type":"if","locations":[{"start":{"line":224,"column":8},"end":{"line":224,"column":8}},{"start":{"line":224,"column":8},"end":{"line":224,"column":8}}]},"24":{"line":243,"type":"if","locations":[{"start":{"line":243,"column":8},"end":{"line":243,"column":8}},{"start":{"line":243,"column":8},"end":{"line":243,"column":8}}]},"25":{"line":249,"type":"if","locations":[{"start":{"line":249,"column":12},"end":{"line":249,"column":12}},{"start":{"line":249,"column":12},"end":{"line":249,"column":12}}]},"26":{"line":253,"type":"if","locations":[{"start":{"line":253,"column":16},"end":{"line":253,"column":16}},{"start":{"line":253,"column":16},"end":{"line":253,"column":16}}]},"27":{"line":294,"type":"if","locations":[{"start":{"line":294,"column":29},"end":{"line":294,"column":33}},{"start":{"line":294,"column":37},"end":{"line":294,"column":52}}]},"28":{"line":307,"type":"if","locations":[{"start":{"line":307,"column":29},"end":{"line":307,"column":33}},{"start":{"line":307,"column":37},"end":{"line":307,"column":49}}]},"29":{"line":320,"type":"if","locations":[{"start":{"line":320,"column":8},"end":{"line":320,"column":8}},{"start":{"line":320,"column":8},"end":{"line":320,"column":8}}]},"30":{"line":323,"type":"if","locations":[{"start":{"line":323,"column":12},"end":{"line":323,"column":12}},{"start":{"line":323,"column":12},"end":{"line":323,"column":12}}]},"31":{"line":365,"type":"if","locations":[{"start":{"line":365,"column":8},"end":{"line":365,"column":8}},{"start":{"line":365,"column":8},"end":{"line":365,"column":8}}]},"32":{"line":397,"type":"if","locations":[{"start":{"line":397,"column":8},"end":{"line":397,"column":8}},{"start":{"line":397,"column":8},"end":{"line":397,"column":8}}]},"33":{"line":413,"type":"if","locations":[{"start":{"line":413,"column":8},"end":{"line":413,"column":8}},{"start":{"line":413,"column":8},"end":{"line":413,"column":8}}]},"34":{"line":425,"type":"if","locations":[{"start":{"line":425,"column":8},"end":{"line":425,"column":8}},{"start":{"line":425,"column":8},"end":{"line":425,"column":8}}]},"35":{"line":442,"type":"if","locations":[{"start":{"line":442,"column":8},"end":{"line":442,"column":8}},{"start":{"line":442,"column":8},"end":{"line":442,"column":8}}]},"36":{"line":449,"type":"if","locations":[{"start":{"line":449,"column":13},"end":{"line":449,"column":13}},{"start":{"line":449,"column":13},"end":{"line":449,"column":13}}]},"37":{"line":469,"type":"if","locations":[{"start":{"line":469,"column":8},"end":{"line":469,"column":8}},{"start":{"line":469,"column":8},"end":{"line":469,"column":8}}]},"38":{"line":470,"type":"cond-expr","locations":[{"start":{"line":470,"column":12},"end":{"line":470,"column":32}},{"start":{"line":471,"column":12},"end":{"line":471,"column":75}}]},"39":{"line":479,"type":"if","locations":[{"start":{"line":479,"column":12},"end":{"line":479,"column":12}},{"start":{"line":479,"column":12},"end":{"line":479,"column":12}}]}}},
"contracts/modules/internal/ValidationModuleInternal.sol":{"l":{"31":0,"32":0,"38":364,"39":14,"40":14,"52":51,"61":6,"72":6},"path":"/home/ryan/Pictures/CMTAT/contracts/modules/internal/ValidationModuleInternal.sol","s":{"1":0,"2":0,"3":364,"4":14,"5":51,"6":6,"7":6},"b":{"1":[0,0],"2":[364,0],"3":[14,350]},"f":{"1":0,"2":364,"3":51,"4":6,"5":6},"fnMap":{"1":{"name":"__Validation_init","line":30,"loc":{"start":{"line":28,"column":4},"end":{"line":33,"column":4}}},"2":{"name":"__Validation_init_unchained","line":37,"loc":{"start":{"line":35,"column":4},"end":{"line":42,"column":4}}},"3":{"name":"_validateTransfer","line":47,"loc":{"start":{"line":47,"column":4},"end":{"line":53,"column":4}}},"4":{"name":"_messageForTransferRestriction","line":58,"loc":{"start":{"line":58,"column":4},"end":{"line":62,"column":4}}},"5":{"name":"_detectTransferRestriction","line":67,"loc":{"start":{"line":67,"column":4},"end":{"line":73,"column":4}}}},"statementMap":{"1":{"start":{"line":31,"column":8},"end":{"line":31,"column":33}},"2":{"start":{"line":32,"column":8},"end":{"line":32,"column":47}},"3":{"start":{"line":38,"column":8},"end":{"line":38,"column":1055}},"4":{"start":{"line":40,"column":12},"end":{"line":40,"column":39}},"5":{"start":{"line":52,"column":8},"end":{"line":52,"column":60}},"6":{"start":{"line":61,"column":8},"end":{"line":61,"column":72}},"7":{"start":{"line":72,"column":8},"end":{"line":72,"column":69}}},"branchMap":{"1":{"line":30,"type":"if","locations":[{"start":{"line":30,"column":15},"end":{"line":30,"column":15}},{"start":{"line":30,"column":15},"end":{"line":30,"column":15}}]},"2":{"line":37,"type":"if","locations":[{"start":{"line":37,"column":15},"end":{"line":37,"column":15}},{"start":{"line":37,"column":15},"end":{"line":37,"column":15}}]},"3":{"line":38,"type":"if","locations":[{"start":{"line":38,"column":8},"end":{"line":38,"column":8}},{"start":{"line":38,"column":8},"end":{"line":38,"column":8}}]}}},
"contracts/modules/security/AuthorizationModule.sol":{"l":{"34":0,"36":0,"37":0,"38":0,"41":0,"63":1298,"64":710,"66":588,"77":2,"78":2},"path":"/home/ryan/Pictures/CMTAT/contracts/modules/security/AuthorizationModule.sol","s":{"1":0,"2":0,"3":0,"4":0,"5":0,"6":1298,"7":710,"8":588,"9":2,"10":2},"b":{"1":[0,0],"2":[364,0],"3":[710,588],"4":[2,4]},"f":{"1":0,"2":364,"3":1298,"4":2},"fnMap":{"1":{"name":"__AuthorizationModule_init","line":32,"loc":{"start":{"line":29,"column":4},"end":{"line":42,"column":4}}},"2":{"name":"__AuthorizationModule_init_unchained","line":52,"loc":{"start":{"line":51,"column":4},"end":{"line":53,"column":4}}},"3":{"name":"hasRole","line":58,"loc":{"start":{"line":58,"column":4},"end":{"line":67,"column":4}}},"4":{"name":"transferAdminshipDirectly","line":75,"loc":{"start":{"line":75,"column":4},"end":{"line":79,"column":4}}}},"statementMap":{"1":{"start":{"line":34,"column":8},"end":{"line":34,"column":33}},"2":{"start":{"line":36,"column":8},"end":{"line":36,"column":32}},"3":{"start":{"line":37,"column":8},"end":{"line":37,"column":39}},"4":{"start":{"line":38,"column":8},"end":{"line":38,"column":75}},"5":{"start":{"line":41,"column":8},"end":{"line":41,"column":45}},"6":{"start":{"line":63,"column":8},"end":{"line":63,"column":2177}},"7":{"start":{"line":64,"column":12},"end":{"line":64,"column":23}},"8":{"start":{"line":66,"column":8},"end":{"line":66,"column":62}},"9":{"start":{"line":77,"column":8},"end":{"line":77,"column":52}},"10":{"start":{"line":78,"column":8},"end":{"line":78,"column":47}}},"branchMap":{"1":{"line":32,"type":"if","locations":[{"start":{"line":32,"column":15},"end":{"line":32,"column":15}},{"start":{"line":32,"column":15},"end":{"line":32,"column":15}}]},"2":{"line":52,"type":"if","locations":[{"start":{"line":52,"column":20},"end":{"line":52,"column":20}},{"start":{"line":52,"column":20},"end":{"line":52,"column":20}}]},"3":{"line":63,"type":"if","locations":[{"start":{"line":63,"column":8},"end":{"line":63,"column":8}},{"start":{"line":63,"column":8},"end":{"line":63,"column":8}}]},"4":{"line":75,"type":"if","locations":[{"start":{"line":75,"column":72},"end":{"line":75,"column":72}},{"start":{"line":75,"column":72},"end":{"line":75,"column":72}}]}}},
"contracts/modules/wrapper/controllers/ValidationModule.sol":{"l":{"38":16,"39":6,"40":10,"41":10,"56":17,"57":4,"59":2,"61":2,"63":6,"65":3,"77":20,"78":3,"83":4,"88":2,"93":2,"95":6,"97":3,"106":425,"107":28,"109":397,"110":51,"112":346},"path":"/home/ryan/Pictures/CMTAT/contracts/modules/wrapper/controllers/ValidationModule.sol","s":{"1":16,"2":10,"3":17,"4":4,"5":13,"6":2,"7":11,"8":2,"9":9,"10":6,"11":3,"12":20,"13":3,"14":17,"15":4,"16":13,"17":2,"18":11,"19":2,"20":9,"21":6,"22":3,"23":425,"24":28,"25":397,"26":51,"27":346},"b":{"1":[364,0],"2":[16,6],"3":[6,10],"4":[4,13],"5":[2,11],"6":[2,9],"7":[6,3],"8":[3,17],"9":[4,13],"10":[2,11],"11":[2,9],"12":[6,3],"13":[28,397],"14":[20,4],"15":[4,4],"16":[51,346]},"f":{"1":364,"2":16,"3":17,"4":20,"5":425},"fnMap":{"1":{"name":"__ValidationModule_init_unchained","line":27,"loc":{"start":{"line":27,"column":4},"end":{"line":29,"column":4}}},"2":{"name":"setRuleEngine","line":37,"loc":{"start":{"line":35,"column":4},"end":{"line":42,"column":4}}},"3":{"name":"detectTransferRestriction","line":51,"loc":{"start":{"line":51,"column":4},"end":{"line":67,"column":4}}},"4":{"name":"messageForTransferRestriction","line":74,"loc":{"start":{"line":74,"column":4},"end":{"line":99,"column":4}}},"5":{"name":"validateTransfer","line":101,"loc":{"start":{"line":101,"column":4},"end":{"line":113,"column":4}}}},"statementMap":{"1":{"start":{"line":38,"column":8},"end":{"line":38,"column":1163}},"2":{"start":{"line":41,"column":8},"end":{"line":41,"column":36}},"3":{"start":{"line":56,"column":8},"end":{"line":56,"column":1794}},"4":{"start":{"line":57,"column":12},"end":{"line":57,"column":69}},"5":{"start":{"line":58,"column":15},"end":{"line":58,"column":1896}},"6":{"start":{"line":59,"column":12},"end":{"line":59,"column":74}},"7":{"start":{"line":60,"column":15},"end":{"line":60,"column":2007}},"8":{"start":{"line":61,"column":12},"end":{"line":61,"column":72}},"9":{"start":{"line":62,"column":15},"end":{"line":62,"column":2114}},"10":{"start":{"line":63,"column":12},"end":{"line":63,"column":63}},"11":{"start":{"line":65,"column":12},"end":{"line":65,"column":56}},"12":{"start":{"line":77,"column":8},"end":{"line":77,"column":2811}},"13":{"start":{"line":78,"column":12},"end":{"line":78,"column":35}},"14":{"start":{"line":79,"column":15},"end":{"line":79,"column":2927}},"15":{"start":{"line":83,"column":12},"end":{"line":83,"column":48}},"16":{"start":{"line":84,"column":15},"end":{"line":84,"column":3103}},"17":{"start":{"line":88,"column":12},"end":{"line":88,"column":53}},"18":{"start":{"line":89,"column":15},"end":{"line":89,"column":3289}},"19":{"start":{"line":93,"column":12},"end":{"line":93,"column":51}},"20":{"start":{"line":94,"column":15},"end":{"line":94,"column":3471}},"21":{"start":{"line":95,"column":12},"end":{"line":95,"column":66}},"22":{"start":{"line":97,"column":12},"end":{"line":97,"column":36}},"23":{"start":{"line":106,"column":8},"end":{"line":106,"column":3800}},"24":{"start":{"line":107,"column":12},"end":{"line":107,"column":24}},"25":{"start":{"line":109,"column":8},"end":{"line":109,"column":3890}},"26":{"start":{"line":110,"column":12},"end":{"line":110,"column":54}},"27":{"start":{"line":112,"column":8},"end":{"line":112,"column":19}}},"branchMap":{"1":{"line":27,"type":"if","locations":[{"start":{"line":27,"column":58},"end":{"line":27,"column":58}},{"start":{"line":27,"column":58},"end":{"line":27,"column":58}}]},"2":{"line":37,"type":"if","locations":[{"start":{"line":37,"column":15},"end":{"line":37,"column":15}},{"start":{"line":37,"column":15},"end":{"line":37,"column":15}}]},"3":{"line":38,"type":"if","locations":[{"start":{"line":38,"column":8},"end":{"line":38,"column":8}},{"start":{"line":38,"column":8},"end":{"line":38,"column":8}}]},"4":{"line":56,"type":"if","locations":[{"start":{"line":56,"column":8},"end":{"line":56,"column":8}},{"start":{"line":56,"column":8},"end":{"line":56,"column":8}}]},"5":{"line":58,"type":"if","locations":[{"start":{"line":58,"column":15},"end":{"line":58,"column":15}},{"start":{"line":58,"column":15},"end":{"line":58,"column":15}}]},"6":{"line":60,"type":"if","locations":[{"start":{"line":60,"column":15},"end":{"line":60,"column":15}},{"start":{"line":60,"column":15},"end":{"line":60,"column":15}}]},"7":{"line":62,"type":"if","locations":[{"start":{"line":62,"column":15},"end":{"line":62,"column":15}},{"start":{"line":62,"column":15},"end":{"line":62,"column":15}}]},"8":{"line":77,"type":"if","locations":[{"start":{"line":77,"column":8},"end":{"line":77,"column":8}},{"start":{"line":77,"column":8},"end":{"line":77,"column":8}}]},"9":{"line":79,"type":"if","locations":[{"start":{"line":79,"column":15},"end":{"line":79,"column":15}},{"start":{"line":79,"column":15},"end":{"line":79,"column":15}}]},"10":{"line":84,"type":"if","locations":[{"start":{"line":84,"column":15},"end":{"line":84,"column":15}},{"start":{"line":84,"column":15},"end":{"line":84,"column":15}}]},"11":{"line":89,"type":"if","locations":[{"start":{"line":89,"column":15},"end":{"line":89,"column":15}},{"start":{"line":89,"column":15},"end":{"line":89,"column":15}}]},"12":{"line":94,"type":"if","locations":[{"start":{"line":94,"column":15},"end":{"line":94,"column":15}},{"start":{"line":94,"column":15},"end":{"line":94,"column":15}}]},"13":{"line":106,"type":"if","locations":[{"start":{"line":106,"column":8},"end":{"line":106,"column":8}},{"start":{"line":106,"column":8},"end":{"line":106,"column":8}}]},"14":{"line":106,"type":"cond-expr","locations":[{"start":{"line":106,"column":12},"end":{"line":106,"column":19}},{"start":{"line":106,"column":24},"end":{"line":106,"column":35}}]},"15":{"line":106,"type":"cond-expr","locations":[{"start":{"line":106,"column":12},"end":{"line":106,"column":35}},{"start":{"line":106,"column":40},"end":{"line":106,"column":49}}]},"16":{"line":109,"type":"if","locations":[{"start":{"line":109,"column":8},"end":{"line":109,"column":8}},{"start":{"line":109,"column":8},"end":{"line":109,"column":8}}]}}},
"contracts/modules/wrapper/core/BaseModule.sol":{"l":{"46":364,"47":364,"48":364,"49":364,"59":2,"60":2,"69":2,"70":2,"79":2,"80":2,"87":6,"88":4,"90":2,"91":2},"path":"/home/ryan/Pictures/CMTAT/contracts/modules/wrapper/core/BaseModule.sol","s":{"1":2,"2":2,"3":2,"4":6,"5":2},"b":{"1":[364,0],"2":[2,4],"3":[2,4],"4":[2,4],"5":[6,4],"6":[4,2]},"f":{"1":364,"2":2,"3":2,"4":2,"5":6},"fnMap":{"1":{"name":"__Base_init_unchained","line":45,"loc":{"start":{"line":40,"column":4},"end":{"line":50,"column":4}}},"2":{"name":"setTokenId","line":58,"loc":{"start":{"line":56,"column":4},"end":{"line":61,"column":4}}},"3":{"name":"setTerms","line":68,"loc":{"start":{"line":66,"column":4},"end":{"line":71,"column":4}}},"4":{"name":"setInformation","line":78,"loc":{"start":{"line":76,"column":4},"end":{"line":81,"column":4}}},"5":{"name":"setFlag","line":86,"loc":{"start":{"line":86,"column":4},"end":{"line":92,"column":4}}}},"statementMap":{"1":{"start":{"line":60,"column":8},"end":{"line":60,"column":40}},"2":{"start":{"line":70,"column":8},"end":{"line":70,"column":33}},"3":{"start":{"line":80,"column":8},"end":{"line":80,"column":52}},"4":{"start":{"line":87,"column":8},"end":{"line":87,"column":2481}},"5":{"start":{"line":91,"column":8},"end":{"line":91,"column":24}}},"branchMap":{"1":{"line":45,"type":"if","locations":[{"start":{"line":45,"column":15},"end":{"line":45,"column":15}},{"start":{"line":45,"column":15},"end":{"line":45,"column":15}}]},"2":{"line":58,"type":"if","locations":[{"start":{"line":58,"column":13},"end":{"line":58,"column":13}},{"start":{"line":58,"column":13},"end":{"line":58,"column":13}}]},"3":{"line":68,"type":"if","locations":[{"start":{"line":68,"column":13},"end":{"line":68,"column":13}},{"start":{"line":68,"column":13},"end":{"line":68,"column":13}}]},"4":{"line":78,"type":"if","locations":[{"start":{"line":78,"column":13},"end":{"line":78,"column":13}},{"start":{"line":78,"column":13},"end":{"line":78,"column":13}}]},"5":{"line":86,"type":"if","locations":[{"start":{"line":86,"column":43},"end":{"line":86,"column":43}},{"start":{"line":86,"column":43},"end":{"line":86,"column":43}}]},"6":{"line":87,"type":"if","locations":[{"start":{"line":87,"column":8},"end":{"line":87,"column":8}},{"start":{"line":87,"column":8},"end":{"line":87,"column":8}}]}}},
"contracts/modules/wrapper/core/EnforcementModule.sol":{"l":{"36":22,"50":8},"path":"/home/ryan/Pictures/CMTAT/contracts/modules/wrapper/core/EnforcementModule.sol","s":{"1":22,"2":8},"b":{"1":[364,0],"2":[22,4],"3":[8,4]},"f":{"1":364,"2":22,"3":8},"fnMap":{"1":{"name":"__EnforcementModule_init_unchained","line":23,"loc":{"start":{"line":23,"column":4},"end":{"line":25,"column":4}}},"2":{"name":"freeze","line":35,"loc":{"start":{"line":32,"column":4},"end":{"line":37,"column":4}}},"3":{"name":"unfreeze","line":49,"loc":{"start":{"line":46,"column":4},"end":{"line":51,"column":4}}}},"statementMap":{"1":{"start":{"line":36,"column":8},"end":{"line":36,"column":39}},"2":{"start":{"line":50,"column":8},"end":{"line":50,"column":41}}},"branchMap":{"1":{"line":23,"type":"if","locations":[{"start":{"line":23,"column":59},"end":{"line":23,"column":59}},{"start":{"line":23,"column":59},"end":{"line":23,"column":59}}]},"2":{"line":35,"type":"if","locations":[{"start":{"line":35,"column":13},"end":{"line":35,"column":13}},{"start":{"line":35,"column":13},"end":{"line":35,"column":13}}]},"3":{"line":49,"type":"if","locations":[{"start":{"line":49,"column":13},"end":{"line":49,"column":13}},{"start":{"line":49,"column":13},"end":{"line":49,"column":13}}]}}},
"contracts/modules/wrapper/core/ERC20BaseModule.sol":{"l":{"31":364,"41":2,"60":18,"61":4,"65":14,"66":8,"69":6,"72":14,"73":10,"74":10,"79":2,"94":18,"96":2,"97":2,"100":2,"112":6,"113":6,"114":6,"115":4,"123":2,"124":2},"path":"/home/ryan/Pictures/CMTAT/contracts/modules/wrapper/core/ERC20BaseModule.sol","s":{"1":2,"2":18,"3":14,"4":6,"5":14,"6":2,"7":18,"8":2,"9":2,"10":2,"11":6,"12":6,"13":6,"14":2,"15":2},"b":{"1":[364,0],"2":[4,14],"3":[8,6],"4":[2,0],"5":[4,2]},"f":{"1":364,"2":2,"3":18,"4":18,"5":6},"fnMap":{"1":{"name":"__ERC20BaseModule_init_unchained","line":30,"loc":{"start":{"line":28,"column":4},"end":{"line":32,"column":4}}},"2":{"name":"decimals","line":40,"loc":{"start":{"line":40,"column":4},"end":{"line":42,"column":4}}},"3":{"name":"transferBatch","line":56,"loc":{"start":{"line":56,"column":4},"end":{"line":80,"column":4}}},"4":{"name":"transferFrom","line":89,"loc":{"start":{"line":89,"column":4},"end":{"line":101,"column":4}}},"5":{"name":"approve","line":107,"loc":{"start":{"line":107,"column":4},"end":{"line":125,"column":4}}}},"statementMap":{"1":{"start":{"line":41,"column":8},"end":{"line":41,"column":24}},"2":{"start":{"line":60,"column":8},"end":{"line":60,"column":1917}},"3":{"start":{"line":65,"column":8},"end":{"line":65,"column":2134}},"4":{"start":{"line":69,"column":8},"end":{"line":69,"column":2269}},"5":{"start":{"line":72,"column":12},"end":{"line":72,"column":70}},"6":{"start":{"line":79,"column":8},"end":{"line":79,"column":19}},"7":{"start":{"line":94,"column":8},"end":{"line":94,"column":68}},"8":{"start":{"line":96,"column":8},"end":{"line":96,"column":3275}},"9":{"start":{"line":97,"column":12},"end":{"line":97,"column":49}},"10":{"start":{"line":100,"column":8},"end":{"line":100,"column":21}},"11":{"start":{"line":112,"column":8},"end":{"line":112,"column":36}},"12":{"start":{"line":113,"column":8},"end":{"line":113,"column":77}},"13":{"start":{"line":114,"column":8},"end":{"line":114,"column":3813}},"14":{"start":{"line":123,"column":8},"end":{"line":123,"column":55}},"15":{"start":{"line":124,"column":8},"end":{"line":124,"column":19}}},"branchMap":{"1":{"line":30,"type":"if","locations":[{"start":{"line":30,"column":15},"end":{"line":30,"column":15}},{"start":{"line":30,"column":15},"end":{"line":30,"column":15}}]},"2":{"line":60,"type":"if","locations":[{"start":{"line":60,"column":8},"end":{"line":60,"column":8}},{"start":{"line":60,"column":8},"end":{"line":60,"column":8}}]},"3":{"line":65,"type":"if","locations":[{"start":{"line":65,"column":8},"end":{"line":65,"column":8}},{"start":{"line":65,"column":8},"end":{"line":65,"column":8}}]},"4":{"line":96,"type":"if","locations":[{"start":{"line":96,"column":8},"end":{"line":96,"column":8}},{"start":{"line":96,"column":8},"end":{"line":96,"column":8}}]},"5":{"line":114,"type":"if","locations":[{"start":{"line":114,"column":8},"end":{"line":114,"column":8}},{"start":{"line":114,"column":8},"end":{"line":114,"column":8}}]}}},
"contracts/modules/wrapper/core/ERC20BurnModule.sol":{"l":{"33":12,"34":8,"56":20,"57":4,"61":16,"62":8,"65":8,"66":24,"67":20,"68":20,"69":20},"path":"/home/ryan/Pictures/CMTAT/contracts/modules/wrapper/core/ERC20BurnModule.sol","s":{"1":12,"2":8,"3":20,"4":16,"5":8,"6":24,"7":20},"b":{"1":[364,0],"2":[12,4],"3":[20,4],"4":[4,16],"5":[8,8]},"f":{"1":364,"2":12,"3":20},"fnMap":{"1":{"name":"__ERC20BurnModule_init_unchained","line":15,"loc":{"start":{"line":15,"column":4},"end":{"line":17,"column":4}}},"2":{"name":"forceBurn","line":32,"loc":{"start":{"line":28,"column":4},"end":{"line":35,"column":4}}},"3":{"name":"forceBurnBatch","line":55,"loc":{"start":{"line":51,"column":4},"end":{"line":72,"column":4}}}},"statementMap":{"1":{"start":{"line":33,"column":8},"end":{"line":33,"column":28}},"2":{"start":{"line":34,"column":8},"end":{"line":34,"column":41}},"3":{"start":{"line":56,"column":8},"end":{"line":56,"column":1967}},"4":{"start":{"line":61,"column":8},"end":{"line":61,"column":2189}},"5":{"start":{"line":65,"column":8},"end":{"line":65,"column":2329}},"6":{"start":{"line":66,"column":12},"end":{"line":66,"column":40}},"7":{"start":{"line":67,"column":12},"end":{"line":67,"column":53}}},"branchMap":{"1":{"line":15,"type":"if","locations":[{"start":{"line":15,"column":57},"end":{"line":15,"column":57}},{"start":{"line":15,"column":57},"end":{"line":15,"column":57}}]},"2":{"line":32,"type":"if","locations":[{"start":{"line":32,"column":13},"end":{"line":32,"column":13}},{"start":{"line":32,"column":13},"end":{"line":32,"column":13}}]},"3":{"line":55,"type":"if","locations":[{"start":{"line":55,"column":13},"end":{"line":55,"column":13}},{"start":{"line":55,"column":13},"end":{"line":55,"column":13}}]},"4":{"line":56,"type":"if","locations":[{"start":{"line":56,"column":8},"end":{"line":56,"column":8}},{"start":{"line":56,"column":8},"end":{"line":56,"column":8}}]},"5":{"line":61,"type":"if","locations":[{"start":{"line":61,"column":8},"end":{"line":61,"column":8}},{"start":{"line":61,"column":8},"end":{"line":61,"column":8}}]}}},
"contracts/modules/wrapper/core/ERC20MintModule.sol":{"l":{"32":246,"33":246,"55":30,"56":4,"60":26,"61":8,"64":18,"65":54,"66":54,"67":54,"68":54},"path":"/home/ryan/Pictures/CMTAT/contracts/modules/wrapper/core/ERC20MintModule.sol","s":{"1":246,"2":246,"3":30,"4":26,"5":18,"6":54,"7":54},"b":{"1":[364,0],"2":[246,4],"3":[30,4],"4":[4,26],"5":[8,18]},"f":{"1":364,"2":246,"3":30},"fnMap":{"1":{"name":"__ERC20MintModule_init_unchained","line":16,"loc":{"start":{"line":16,"column":4},"end":{"line":18,"column":4}}},"2":{"name":"mint","line":31,"loc":{"start":{"line":31,"column":4},"end":{"line":34,"column":4}}},"3":{"name":"mintBatch","line":54,"loc":{"start":{"line":51,"column":4},"end":{"line":71,"column":4}}}},"statementMap":{"1":{"start":{"line":32,"column":8},"end":{"line":32,"column":28}},"2":{"start":{"line":33,"column":8},"end":{"line":33,"column":33}},"3":{"start":{"line":55,"column":8},"end":{"line":55,"column":1982}},"4":{"start":{"line":60,"column":8},"end":{"line":60,"column":2204}},"5":{"start":{"line":64,"column":8},"end":{"line":64,"column":2344}},"6":{"start":{"line":65,"column":12},"end":{"line":65,"column":40}},"7":{"start":{"line":66,"column":12},"end":{"line":66,"column":45}}},"branchMap":{"1":{"line":16,"type":"if","locations":[{"start":{"line":16,"column":57},"end":{"line":16,"column":57}},{"start":{"line":16,"column":57},"end":{"line":16,"column":57}}]},"2":{"line":31,"type":"if","locations":[{"start":{"line":31,"column":57},"end":{"line":31,"column":57}},{"start":{"line":31,"column":57},"end":{"line":31,"column":57}}]},"3":{"line":54,"type":"if","locations":[{"start":{"line":54,"column":13},"end":{"line":54,"column":13}},{"start":{"line":54,"column":13},"end":{"line":54,"column":13}}]},"4":{"line":55,"type":"if","locations":[{"start":{"line":55,"column":8},"end":{"line":55,"column":8}},{"start":{"line":55,"column":8},"end":{"line":55,"column":8}}]},"5":{"line":60,"type":"if","locations":[{"start":{"line":60,"column":8},"end":{"line":60,"column":8}},{"start":{"line":60,"column":8},"end":{"line":60,"column":8}}]}}},
"contracts/modules/wrapper/core/PauseModule.sol":{"l":{"39":14,"51":8,"52":4,"54":4,"70":2,"71":2,"72":2,"79":4},"path":"/home/ryan/Pictures/CMTAT/contracts/modules/wrapper/core/PauseModule.sol","s":{"1":14,"2":8,"3":4,"4":2,"5":2,"6":4},"b":{"1":[364,0],"2":[14,6],"3":[8,4],"4":[4,4],"5":[2,4]},"f":{"1":364,"2":14,"3":8,"4":2,"5":4},"fnMap":{"1":{"name":"__PauseModule_init_unchained","line":25,"loc":{"start":{"line":25,"column":4},"end":{"line":27,"column":4}}},"2":{"name":"pause","line":38,"loc":{"start":{"line":38,"column":4},"end":{"line":40,"column":4}}},"3":{"name":"unpause","line":50,"loc":{"start":{"line":50,"column":4},"end":{"line":55,"column":4}}},"4":{"name":"deactivateContract","line":68,"loc":{"start":{"line":66,"column":4},"end":{"line":73,"column":4}}},"5":{"name":"deactivated","line":78,"loc":{"start":{"line":78,"column":4},"end":{"line":80,"column":4}}}},"statementMap":{"1":{"start":{"line":39,"column":8},"end":{"line":39,"column":15}},"2":{"start":{"line":51,"column":8},"end":{"line":51,"column":1637}},"3":{"start":{"line":54,"column":8},"end":{"line":54,"column":17}},"4":{"start":{"line":71,"column":7},"end":{"line":71,"column":14}},"5":{"start":{"line":72,"column":7},"end":{"line":72,"column":37}},"6":{"start":{"line":79,"column":8},"end":{"line":79,"column":28}}},"branchMap":{"1":{"line":25,"type":"if","locations":[{"start":{"line":25,"column":53},"end":{"line":25,"column":53}},{"start":{"line":25,"column":53},"end":{"line":25,"column":53}}]},"2":{"line":38,"type":"if","locations":[{"start":{"line":38,"column":28},"end":{"line":38,"column":28}},{"start":{"line":38,"column":28},"end":{"line":38,"column":28}}]},"3":{"line":50,"type":"if","locations":[{"start":{"line":50,"column":30},"end":{"line":50,"column":30}},{"start":{"line":50,"column":30},"end":{"line":50,"column":30}}]},"4":{"line":51,"type":"if","locations":[{"start":{"line":51,"column":8},"end":{"line":51,"column":8}},{"start":{"line":51,"column":8},"end":{"line":51,"column":8}}]},"5":{"line":68,"type":"if","locations":[{"start":{"line":68,"column":8},"end":{"line":68,"column":8}},{"start":{"line":68,"column":8},"end":{"line":68,"column":8}}]}}},
"contracts/modules/wrapper/extensions/DebtModule/CreditEventsModule.sol":{"l":{"38":2,"39":2,"40":2,"41":2,"50":6,"51":4,"53":2,"54":2,"63":6,"64":4,"66":2,"67":2,"76":2,"77":2},"path":"/home/ryan/Pictures/CMTAT/contracts/modules/wrapper/extensions/DebtModule/CreditEventsModule.sol","s":{"1":2,"2":2,"3":2,"4":6,"5":2,"6":6,"7":2,"8":2},"b":{"1":[364,0],"2":[2,4],"3":[6,4],"4":[4,2],"5":[6,4],"6":[4,2],"7":[2,4]},"f":{"1":364,"2":2,"3":6,"4":6,"5":2},"fnMap":{"1":{"name":"__CreditEvents_init_unchained","line":25,"loc":{"start":{"line":25,"column":4},"end":{"line":27,"column":4}}},"2":{"name":"setCreditEvents","line":37,"loc":{"start":{"line":33,"column":4},"end":{"line":42,"column":4}}},"3":{"name":"setFlagDefault","line":49,"loc":{"start":{"line":47,"column":4},"end":{"line":55,"column":4}}},"4":{"name":"setFlagRedeemed","line":62,"loc":{"start":{"line":60,"column":4},"end":{"line":68,"column":4}}},"5":{"name":"setRating","line":75,"loc":{"start":{"line":73,"column":4},"end":{"line":78,"column":4}}}},"statementMap":{"1":{"start":{"line":39,"column":8},"end":{"line":39,"column":38}},"2":{"start":{"line":40,"column":8},"end":{"line":40,"column":40}},"3":{"start":{"line":41,"column":8},"end":{"line":41,"column":37}},"4":{"start":{"line":50,"column":8},"end":{"line":50,"column":1670}},"5":{"start":{"line":54,"column":8},"end":{"line":54,"column":38}},"6":{"start":{"line":63,"column":8},"end":{"line":63,"column":2113}},"7":{"start":{"line":67,"column":8},"end":{"line":67,"column":40}},"8":{"start":{"line":77,"column":8},"end":{"line":77,"column":37}}},"branchMap":{"1":{"line":25,"type":"if","locations":[{"start":{"line":25,"column":54},"end":{"line":25,"column":54}},{"start":{"line":25,"column":54},"end":{"line":25,"column":54}}]},"2":{"line":37,"type":"if","locations":[{"start":{"line":37,"column":13},"end":{"line":37,"column":13}},{"start":{"line":37,"column":13},"end":{"line":37,"column":13}}]},"3":{"line":49,"type":"if","locations":[{"start":{"line":49,"column":13},"end":{"line":49,"column":13}},{"start":{"line":49,"column":13},"end":{"line":49,"column":13}}]},"4":{"line":50,"type":"if","locations":[{"start":{"line":50,"column":8},"end":{"line":50,"column":8}},{"start":{"line":50,"column":8},"end":{"line":50,"column":8}}]},"5":{"line":62,"type":"if","locations":[{"start":{"line":62,"column":13},"end":{"line":62,"column":13}},{"start":{"line":62,"column":13},"end":{"line":62,"column":13}}]},"6":{"line":63,"type":"if","locations":[{"start":{"line":63,"column":8},"end":{"line":63,"column":8}},{"start":{"line":63,"column":8},"end":{"line":63,"column":8}}]},"7":{"line":75,"type":"if","locations":[{"start":{"line":75,"column":13},"end":{"line":75,"column":13}},{"start":{"line":75,"column":13},"end":{"line":75,"column":13}}]}}},
"contracts/modules/wrapper/extensions/DebtModule/DebtBaseModule.sol":{"l":{"67":2,"68":2,"69":2,"70":2,"71":2,"72":2,"73":2,"77":2,"81":2,"85":2,"89":2,"94":2,"96":2,"103":6,"104":4,"106":2,"107":2,"114":6,"115":4,"117":2,"118":2,"127":2,"128":2,"137":2,"138":2,"147":2,"148":2,"157":2,"158":2,"170":2,"171":2,"180":2,"181":2,"190":2,"191":2,"203":2,"204":2,"216":2,"217":2,"226":2,"227":2},"path":"/home/ryan/Pictures/CMTAT/contracts/modules/wrapper/extensions/DebtModule/DebtBaseModule.sol","s":{"1":2,"2":2,"3":2,"4":2,"5":2,"6":2,"7":2,"8":2,"9":2,"10":2,"11":2,"12":2,"13":6,"14":2,"15":6,"16":2,"17":2,"18":2,"19":2,"20":2,"21":2,"22":2,"23":2,"24":2,"25":2,"26":2},"b":{"1":[364,0],"2":[2,4],"3":[6,4],"4":[4,2],"5":[6,4],"6":[4,2],"7":[2,4],"8":[2,4],"9":[2,4],"10":[2,4],"11":[2,4],"12":[2,4],"13":[2,4],"14":[2,4],"15":[2,4],"16":[2,4]},"f":{"1":364,"2":2,"3":6,"4":6,"5":2,"6":2,"7":2,"8":2,"9":2,"10":2,"11":2,"12":2,"13":2,"14":2},"fnMap":{"1":{"name":"__DebtBaseModule_init_unchained","line":58,"loc":{"start":{"line":58,"column":4},"end":{"line":60,"column":4}}},"2":{"name":"setDebt","line":66,"loc":{"start":{"line":66,"column":4},"end":{"line":97,"column":4}}},"3":{"name":"setInterestRate","line":102,"loc":{"start":{"line":102,"column":4},"end":{"line":108,"column":4}}},"4":{"name":"setParValue","line":113,"loc":{"start":{"line":113,"column":4},"end":{"line":119,"column":4}}},"5":{"name":"setGuarantor","line":126,"loc":{"start":{"line":124,"column":4},"end":{"line":129,"column":4}}},"6":{"name":"setBondHolder","line":136,"loc":{"start":{"line":134,"column":4},"end":{"line":139,"column":4}}},"7":{"name":"setMaturityDate","line":146,"loc":{"start":{"line":144,"column":4},"end":{"line":149,"column":4}}},"8":{"name":"setInterestScheduleFormat","line":156,"loc":{"start":{"line":154,"column":4},"end":{"line":162,"column":4}}},"9":{"name":"setInterestPaymentDate","line":169,"loc":{"start":{"line":167,"column":4},"end":{"line":172,"column":4}}},"10":{"name":"setDayCountConvention","line":179,"loc":{"start":{"line":177,"column":4},"end":{"line":182,"column":4}}},"11":{"name":"setBusinessDayConvention","line":189,"loc":{"start":{"line":187,"column":4},"end":{"line":195,"column":4}}},"12":{"name":"setPublicHolidaysCalendar","line":202,"loc":{"start":{"line":200,"column":4},"end":{"line":208,"column":4}}},"13":{"name":"setIssuanceDate","line":215,"loc":{"start":{"line":213,"column":4},"end":{"line":218,"column":4}}},"14":{"name":"setCouponFrequency","line":225,"loc":{"start":{"line":223,"column":4},"end":{"line":228,"column":4}}}},"statementMap":{"1":{"start":{"line":68,"column":8},"end":{"line":68,"column":45}},"2":{"start":{"line":69,"column":8},"end":{"line":69,"column":37}},"3":{"start":{"line":70,"column":8},"end":{"line":70,"column":56}},"4":{"start":{"line":71,"column":8},"end":{"line":71,"column":59}},"5":{"start":{"line":72,"column":8},"end":{"line":72,"column":65}},"6":{"start":{"line":73,"column":8},"end":{"line":73,"column":2501}},"7":{"start":{"line":77,"column":8},"end":{"line":77,"column":2632}},"8":{"start":{"line":81,"column":8},"end":{"line":81,"column":2754}},"9":{"start":{"line":85,"column":8},"end":{"line":85,"column":2873}},"10":{"start":{"line":89,"column":8},"end":{"line":89,"column":3001}},"11":{"start":{"line":94,"column":8},"end":{"line":94,"column":65}},"12":{"start":{"line":96,"column":8},"end":{"line":96,"column":74}},"13":{"start":{"line":103,"column":8},"end":{"line":103,"column":3480}},"14":{"start":{"line":107,"column":8},"end":{"line":107,"column":40}},"15":{"start":{"line":114,"column":8},"end":{"line":114,"column":3873}},"16":{"start":{"line":118,"column":8},"end":{"line":118,"column":32}},"17":{"start":{"line":128,"column":8},"end":{"line":128,"column":46}},"18":{"start":{"line":138,"column":8},"end":{"line":138,"column":49}},"19":{"start":{"line":148,"column":8},"end":{"line":148,"column":55}},"20":{"start":{"line":158,"column":8},"end":{"line":158,"column":5291}},"21":{"start":{"line":171,"column":8},"end":{"line":171,"column":76}},"22":{"start":{"line":181,"column":8},"end":{"line":181,"column":73}},"23":{"start":{"line":191,"column":8},"end":{"line":191,"column":6470}},"24":{"start":{"line":204,"column":8},"end":{"line":204,"column":6902}},"25":{"start":{"line":217,"column":8},"end":{"line":217,"column":55}},"26":{"start":{"line":227,"column":8},"end":{"line":227,"column":64}}},"branchMap":{"1":{"line":58,"type":"if","locations":[{"start":{"line":58,"column":56},"end":{"line":58,"column":56}},{"start":{"line":58,"column":56},"end":{"line":58,"column":56}}]},"2":{"line":66,"type":"if","locations":[{"start":{"line":66,"column":53},"end":{"line":66,"column":53}},{"start":{"line":66,"column":53},"end":{"line":66,"column":53}}]},"3":{"line":102,"type":"if","locations":[{"start":{"line":102,"column":59},"end":{"line":102,"column":59}},{"start":{"line":102,"column":59},"end":{"line":102,"column":59}}]},"4":{"line":103,"type":"if","locations":[{"start":{"line":103,"column":8},"end":{"line":103,"column":8}},{"start":{"line":103,"column":8},"end":{"line":103,"column":8}}]},"5":{"line":113,"type":"if","locations":[{"start":{"line":113,"column":51},"end":{"line":113,"column":51}},{"start":{"line":113,"column":51},"end":{"line":113,"column":51}}]},"6":{"line":114,"type":"if","locations":[{"start":{"line":114,"column":8},"end":{"line":114,"column":8}},{"start":{"line":114,"column":8},"end":{"line":114,"column":8}}]},"7":{"line":126,"type":"if","locations":[{"start":{"line":126,"column":13},"end":{"line":126,"column":13}},{"start":{"line":126,"column":13},"end":{"line":126,"column":13}}]},"8":{"line":136,"type":"if","locations":[{"start":{"line":136,"column":13},"end":{"line":136,"column":13}},{"start":{"line":136,"column":13},"end":{"line":136,"column":13}}]},"9":{"line":146,"type":"if","locations":[{"start":{"line":146,"column":13},"end":{"line":146,"column":13}},{"start":{"line":146,"column":13},"end":{"line":146,"column":13}}]},"10":{"line":156,"type":"if","locations":[{"start":{"line":156,"column":13},"end":{"line":156,"column":13}},{"start":{"line":156,"column":13},"end":{"line":156,"column":13}}]},"11":{"line":169,"type":"if","locations":[{"start":{"line":169,"column":13},"end":{"line":169,"column":13}},{"start":{"line":169,"column":13},"end":{"line":169,"column":13}}]},"12":{"line":179,"type":"if","locations":[{"start":{"line":179,"column":13},"end":{"line":179,"column":13}},{"start":{"line":179,"column":13},"end":{"line":179,"column":13}}]},"13":{"line":189,"type":"if","locations":[{"start":{"line":189,"column":13},"end":{"line":189,"column":13}},{"start":{"line":189,"column":13},"end":{"line":189,"column":13}}]},"14":{"line":202,"type":"if","locations":[{"start":{"line":202,"column":13},"end":{"line":202,"column":13}},{"start":{"line":202,"column":13},"end":{"line":202,"column":13}}]},"15":{"line":215,"type":"if","locations":[{"start":{"line":215,"column":13},"end":{"line":215,"column":13}},{"start":{"line":215,"column":13},"end":{"line":215,"column":13}}]},"16":{"line":225,"type":"if","locations":[{"start":{"line":225,"column":13},"end":{"line":225,"column":13}},{"start":{"line":225,"column":13},"end":{"line":225,"column":13}}]}}},
"contracts/modules/wrapper/extensions/ERC20SnapshotModule.sol":{"l":{"29":170,"40":16,"52":38,"63":18,"73":12},"path":"/home/ryan/Pictures/CMTAT/contracts/modules/wrapper/extensions/ERC20SnapshotModule.sol","s":{"1":170,"2":16,"3":38,"4":18,"5":12},"b":{"1":[86,0],"2":[170,4],"3":[16,4],"4":[38,4],"5":[18,4],"6":[12,4]},"f":{"1":86,"2":170,"3":16,"4":38,"5":18,"6":12},"fnMap":{"1":{"name":"__ERC20SnasphotModule_init_unchained","line":19,"loc":{"start":{"line":19,"column":4},"end":{"line":21,"column":4}}},"2":{"name":"scheduleSnapshot","line":28,"loc":{"start":{"line":28,"column":4},"end":{"line":30,"column":4}}},"3":{"name":"scheduleSnapshotNotOptimized","line":39,"loc":{"start":{"line":37,"column":4},"end":{"line":41,"column":4}}},"4":{"name":"rescheduleSnapshot","line":51,"loc":{"start":{"line":48,"column":4},"end":{"line":53,"column":4}}},"5":{"name":"unscheduleLastSnapshot","line":62,"loc":{"start":{"line":60,"column":4},"end":{"line":64,"column":4}}},"6":{"name":"unscheduleSnapshotNotOptimized","line":72,"loc":{"start":{"line":70,"column":4},"end":{"line":74,"column":4}}}},"statementMap":{"1":{"start":{"line":29,"column":8},"end":{"line":29,"column":30}},"2":{"start":{"line":40,"column":8},"end":{"line":40,"column":42}},"3":{"start":{"line":52,"column":8},"end":{"line":52,"column":44}},"4":{"start":{"line":63,"column":8},"end":{"line":63,"column":36}},"5":{"start":{"line":73,"column":8},"end":{"line":73,"column":44}}},"branchMap":{"1":{"line":19,"type":"if","locations":[{"start":{"line":19,"column":61},"end":{"line":19,"column":61}},{"start":{"line":19,"column":61},"end":{"line":19,"column":61}}]},"2":{"line":28,"type":"if","locations":[{"start":{"line":28,"column":51},"end":{"line":28,"column":51}},{"start":{"line":28,"column":51},"end":{"line":28,"column":51}}]},"3":{"line":39,"type":"if","locations":[{"start":{"line":39,"column":13},"end":{"line":39,"column":13}},{"start":{"line":39,"column":13},"end":{"line":39,"column":13}}]},"4":{"line":51,"type":"if","locations":[{"start":{"line":51,"column":13},"end":{"line":51,"column":13}},{"start":{"line":51,"column":13},"end":{"line":51,"column":13}}]},"5":{"line":62,"type":"if","locations":[{"start":{"line":62,"column":13},"end":{"line":62,"column":13}},{"start":{"line":62,"column":13},"end":{"line":62,"column":13}}]},"6":{"line":72,"type":"if","locations":[{"start":{"line":72,"column":13},"end":{"line":72,"column":13}},{"start":{"line":72,"column":13},"end":{"line":72,"column":13}}]}}},
"contracts/modules/wrapper/extensions/MetaTxModule.sol":{"l":{"30":1455,"40":0},"path":"/home/ryan/Pictures/CMTAT/contracts/modules/wrapper/extensions/MetaTxModule.sol","s":{"1":1455,"2":0},"b":{},"f":{"1":189,"2":1455,"3":0},"fnMap":{"1":{"name":"constructor","line":19,"loc":{"start":{"line":17,"column":4},"end":{"line":21,"column":4}}},"2":{"name":"_msgSender","line":23,"loc":{"start":{"line":23,"column":4},"end":{"line":31,"column":4}}},"3":{"name":"_msgData","line":33,"loc":{"start":{"line":33,"column":4},"end":{"line":41,"column":4}}}},"statementMap":{"1":{"start":{"line":30,"column":8},"end":{"line":30,"column":53}},"2":{"start":{"line":40,"column":8},"end":{"line":40,"column":51}}},"branchMap":{}},
"contracts/test/CMTATSnapshot/CMTAT_BASE_SnapshotTest.sol":{"l":{"60":86,"91":86,"92":86,"94":86,"96":86,"97":86,"100":86,"105":86,"107":86,"111":86,"112":86,"113":86,"114":86,"116":86,"117":86,"119":86,"120":86,"126":86,"129":86,"130":86,"131":86,"134":86,"151":0,"164":0,"180":66,"181":0,"189":66,"201":426,"213":0},"path":"/home/ryan/Pictures/CMTAT/contracts/test/CMTATSnapshot/CMTAT_BASE_SnapshotTest.sol","s":{"1":86,"2":86,"3":86,"4":86,"5":86,"6":86,"7":86,"8":86,"9":86,"10":86,"11":86,"12":86,"13":86,"14":86,"15":86,"16":86,"17":86,"18":86,"19":86,"20":86,"21":86,"22":86,"23":0,"24":0,"25":66,"26":66,"27":426,"28":0},"b":{"1":[86,0],"2":[86,0],"3":[86,0],"4":[0,66]},"f":{"1":86,"2":86,"3":86,"4":0,"5":0,"6":66,"7":426,"8":0},"fnMap":{"1":{"name":"initialize","line":59,"loc":{"start":{"line":48,"column":4},"end":{"line":72,"column":4}}},"2":{"name":"__CMTAT_init","line":88,"loc":{"start":{"line":77,"column":4},"end":{"line":135,"column":4}}},"3":{"name":"__CMTAT_init_unchained","line":137,"loc":{"start":{"line":137,"column":4},"end":{"line":139,"column":4}}},"4":{"name":"decimals","line":144,"loc":{"start":{"line":144,"column":4},"end":{"line":152,"column":4}}},"5":{"name":"transferFrom","line":154,"loc":{"start":{"line":154,"column":4},"end":{"line":165,"column":4}}},"6":{"name":"_update","line":174,"loc":{"start":{"line":174,"column":4},"end":{"line":190,"column":4}}},"7":{"name":"_msgSender","line":195,"loc":{"start":{"line":195,"column":4},"end":{"line":202,"column":4}}},"8":{"name":"_msgData","line":207,"loc":{"start":{"line":207,"column":4},"end":{"line":214,"column":4}}}},"statementMap":{"1":{"start":{"line":60,"column":8},"end":{"line":60,"column":2002}},"2":{"start":{"line":91,"column":8},"end":{"line":91,"column":33}},"3":{"start":{"line":92,"column":8},"end":{"line":92,"column":65}},"4":{"start":{"line":94,"column":8},"end":{"line":94,"column":32}},"5":{"start":{"line":96,"column":8},"end":{"line":96,"column":39}},"6":{"start":{"line":97,"column":8},"end":{"line":97,"column":34}},"7":{"start":{"line":100,"column":8},"end":{"line":100,"column":37}},"8":{"start":{"line":105,"column":8},"end":{"line":105,"column":39}},"9":{"start":{"line":107,"column":8},"end":{"line":107,"column":47}},"10":{"start":{"line":111,"column":8},"end":{"line":111,"column":45}},"11":{"start":{"line":112,"column":8},"end":{"line":112,"column":92}},"12":{"start":{"line":113,"column":8},"end":{"line":113,"column":41}},"13":{"start":{"line":114,"column":8},"end":{"line":114,"column":41}},"14":{"start":{"line":116,"column":8},"end":{"line":116,"column":43}},"15":{"start":{"line":117,"column":8},"end":{"line":117,"column":60}},"16":{"start":{"line":119,"column":8},"end":{"line":119,"column":37}},"17":{"start":{"line":120,"column":8},"end":{"line":120,"column":42}},"18":{"start":{"line":126,"column":8},"end":{"line":126,"column":45}},"19":{"start":{"line":129,"column":8},"end":{"line":129,"column":40}},"20":{"start":{"line":130,"column":8},"end":{"line":130,"column":38}},"21":{"start":{"line":131,"column":8},"end":{"line":131,"column":67}},"22":{"start":{"line":134,"column":8},"end":{"line":134,"column":31}},"23":{"start":{"line":151,"column":8},"end":{"line":151,"column":41}},"24":{"start":{"line":164,"column":8},"end":{"line":164,"column":70}},"25":{"start":{"line":180,"column":8},"end":{"line":180,"column":5890}},"26":{"start":{"line":189,"column":8},"end":{"line":189,"column":60}},"27":{"start":{"line":201,"column":8},"end":{"line":201,"column":40}},"28":{"start":{"line":213,"column":8},"end":{"line":213,"column":38}}},"branchMap":{"1":{"line":59,"type":"if","locations":[{"start":{"line":59,"column":13},"end":{"line":59,"column":13}},{"start":{"line":59,"column":13},"end":{"line":59,"column":13}}]},"2":{"line":88,"type":"if","locations":[{"start":{"line":88,"column":15},"end":{"line":88,"column":15}},{"start":{"line":88,"column":15},"end":{"line":88,"column":15}}]},"3":{"line":137,"type":"if","locations":[{"start":{"line":137,"column":47},"end":{"line":137,"column":47}},{"start":{"line":137,"column":47},"end":{"line":137,"column":47}}]},"4":{"line":180,"type":"if","locations":[{"start":{"line":180,"column":8},"end":{"line":180,"column":8}},{"start":{"line":180,"column":8},"end":{"line":180,"column":8}}]}}},
"contracts/test/CMTATSnapshot/CMTATSnapshotProxyTest.sol":{"l":{"17":1},"path":"/home/ryan/Pictures/CMTAT/contracts/test/CMTATSnapshot/CMTATSnapshotProxyTest.sol","s":{"1":1},"b":{},"f":{"1":1},"fnMap":{"1":{"name":"constructor","line":15,"loc":{"start":{"line":13,"column":4},"end":{"line":18,"column":4}}}},"statementMap":{"1":{"start":{"line":17,"column":8},"end":{"line":17,"column":29}}},"branchMap":{}},
"contracts/test/CMTATSnapshot/CMTATSnapshotStandaloneTest.sol":{"l":{"36":43},"path":"/home/ryan/Pictures/CMTAT/contracts/test/CMTATSnapshot/CMTATSnapshotStandaloneTest.sol","s":{"1":43},"b":{},"f":{"1":43},"fnMap":{"1":{"name":"constructor","line":33,"loc":{"start":{"line":21,"column":4},"end":{"line":48,"column":4}}}},"statementMap":{"1":{"start":{"line":36,"column":8},"end":{"line":36,"column":1399}}},"branchMap":{}},
"contracts/test/proxy/CMTAT_PROXY.sol":{"l":{},"path":"/home/ryan/Pictures/CMTAT/contracts/test/proxy/CMTAT_PROXY.sol","s":{},"b":{},"f":{"1":1},"fnMap":{"1":{"name":"constructor","line":18,"loc":{"start":{"line":16,"column":4},"end":{"line":20,"column":4}}}},"statementMap":{},"branchMap":{}}}
