{
"contracts/CMTAT_PROXY.sol":{"l":{"17":10},"path":"/home/ryan/Downloads/CM/CMTAT/contracts/CMTAT_PROXY.sol","s":{"1":10},"b":{},"f":{"1":10},"fnMap":{"1":{"name":"constructor","line":15,"loc":{"start":{"line":13,"column":4},"end":{"line":18,"column":4}}}},"statementMap":{"1":{"start":{"line":17,"column":8},"end":{"line":17,"column":29}}},"branchMap":{}},
"contracts/CMTAT_STANDALONE.sol":{"l":{"38":189},"path":"/home/ryan/Downloads/CM/CMTAT/contracts/CMTAT_STANDALONE.sol","s":{"1":189},"b":{},"f":{"1":189},"fnMap":{"1":{"name":"constructor","line":35,"loc":{"start":{"line":23,"column":4},"end":{"line":50,"column":4}}}},"statementMap":{"1":{"start":{"line":38,"column":8},"end":{"line":38,"column":1611}}},"branchMap":{}},
"contracts/deployment/CMTAT_BEACON_FACTORY.sol":{"l":{"32":3,"33":3,"34":3,"54":2,"70":2,"71":2,"72":2,"73":2,"74":2,"82":1,"90":1},"path":"/home/ryan/Downloads/CM/CMTAT/contracts/deployment/CMTAT_BEACON_FACTORY.sol","s":{"1":3,"2":3,"3":2,"4":2,"5":2,"6":1,"7":1},"b":{"1":[2,2]},"f":{"1":3,"2":2,"3":1,"4":1},"fnMap":{"1":{"name":"constructor","line":31,"loc":{"start":{"line":31,"column":4},"end":{"line":35,"column":4}}},"2":{"name":"deployCMTAT","line":53,"loc":{"start":{"line":41,"column":4},"end":{"line":75,"column":4}}},"3":{"name":"getAddress","line":81,"loc":{"start":{"line":81,"column":4},"end":{"line":83,"column":4}}},"4":{"name":"implementation","line":89,"loc":{"start":{"line":89,"column":4},"end":{"line":91,"column":4}}}},"statementMap":{"1":{"start":{"line":33,"column":8},"end":{"line":33,"column":51}},"2":{"start":{"line":34,"column":8},"end":{"line":34,"column":52}},"3":{"start":{"line":71,"column":8},"end":{"line":71,"column":50}},"4":{"start":{"line":73,"column":8},"end":{"line":73,"column":38}},"5":{"start":{"line":74,"column":8},"end":{"line":74,"column":20}},"6":{"start":{"line":82,"column":8},"end":{"line":82,"column":31}},"7":{"start":{"line":90,"column":8},"end":{"line":90,"column":38}}},"branchMap":{"1":{"line":53,"type":"if","locations":[{"start":{"line":53,"column":13},"end":{"line":53,"column":13}},{"start":{"line":53,"column":13},"end":{"line":53,"column":13}}]}}},
"contracts/deployment/CMTAT_TP_FACTORY.sol":{"l":{"28":3,"29":3,"30":3,"47":2,"64":2,"65":2,"66":2,"67":2,"68":2,"76":1},"path":"/home/ryan/Downloads/CM/CMTAT/contracts/deployment/CMTAT_TP_FACTORY.sol","s":{"1":3,"2":3,"3":2,"4":2,"5":2,"6":1},"b":{"1":[2,2]},"f":{"1":3,"2":2,"3":1},"fnMap":{"1":{"name":"constructor","line":27,"loc":{"start":{"line":27,"column":4},"end":{"line":31,"column":4}}},"2":{"name":"deployCMTAT","line":46,"loc":{"start":{"line":33,"column":4},"end":{"line":69,"column":4}}},"3":{"name":"getAddress","line":75,"loc":{"start":{"line":75,"column":4},"end":{"line":77,"column":4}}}},"statementMap":{"1":{"start":{"line":29,"column":8},"end":{"line":29,"column":51}},"2":{"start":{"line":30,"column":8},"end":{"line":30,"column":52}},"3":{"start":{"line":65,"column":8},"end":{"line":65,"column":43}},"4":{"start":{"line":67,"column":8},"end":{"line":67,"column":38}},"5":{"start":{"line":68,"column":8},"end":{"line":68,"column":20}},"6":{"start":{"line":76,"column":8},"end":{"line":76,"column":31}}},"branchMap":{"1":{"line":46,"type":"if","locations":[{"start":{"line":46,"column":13},"end":{"line":46,"column":13}},{"start":{"line":46,"column":13},"end":{"line":46,"column":13}}]}}},
"contracts/interfaces/draft-IERC1404/draft-IERC1404.sol":{"l":{},"path":"/home/ryan/Downloads/CM/CMTAT/contracts/interfaces/draft-IERC1404/draft-IERC1404.sol","s":{},"b":{},"f":{},"fnMap":{},"statementMap":{},"branchMap":{}},
"contracts/interfaces/draft-IERC1404/draft-IERC1404Wrapper.sol":{"l":{},"path":"/home/ryan/Downloads/CM/CMTAT/contracts/interfaces/draft-IERC1404/draft-IERC1404Wrapper.sol","s":{},"b":{},"f":{},"fnMap":{},"statementMap":{},"branchMap":{}},
"contracts/interfaces/engine/IAuthorizationEngine.sol":{"l":{},"path":"/home/ryan/Downloads/CM/CMTAT/contracts/interfaces/engine/IAuthorizationEngine.sol","s":{},"b":{},"f":{},"fnMap":{},"statementMap":{},"branchMap":{}},
"contracts/interfaces/engine/IRuleEngine.sol":{"l":{},"path":"/home/ryan/Downloads/CM/CMTAT/contracts/interfaces/engine/IRuleEngine.sol","s":{},"b":{},"f":{},"fnMap":{},"statementMap":{},"branchMap":{}},
"contracts/interfaces/ICCIPToken.sol":{"l":{},"path":"/home/ryan/Downloads/CM/CMTAT/contracts/interfaces/ICCIPToken.sol","s":{},"b":{},"f":{},"fnMap":{},"statementMap":{},"branchMap":{}},
"contracts/interfaces/ICMTATSnapshot.sol":{"l":{},"path":"/home/ryan/Downloads/CM/CMTAT/contracts/interfaces/ICMTATSnapshot.sol","s":{},"b":{},"f":{},"fnMap":{},"statementMap":{},"branchMap":{}},
"contracts/interfaces/IDebtGlobal.sol":{"l":{},"path":"/home/ryan/Downloads/CM/CMTAT/contracts/interfaces/IDebtGlobal.sol","s":{},"b":{},"f":{},"fnMap":{},"statementMap":{},"branchMap":{}},
"contracts/libraries/Errors.sol":{"l":{},"path":"/home/ryan/Downloads/CM/CMTAT/contracts/libraries/Errors.sol","s":{},"b":{},"f":{},"fnMap":{},"statementMap":{},"branchMap":{}},
"contracts/modules/CMTAT_BASE.sol":{"l":{"70":387,"101":387,"102":387,"104":387,"106":387,"107":387,"110":387,"115":387,"116":387,"118":387,"122":387,"123":384,"124":384,"126":384,"127":384,"129":384,"130":384,"136":384,"140":384,"141":384,"142":384,"145":384,"162":2,"175":18,"190":10,"191":6,"203":464,"204":34,"211":430,"212":430,"225":1591,"234":1591,"246":0},"path":"/home/ryan/Downloads/CM/CMTAT/contracts/modules/CMTAT_BASE.sol","s":{"1":387,"2":387,"3":387,"4":387,"5":387,"6":387,"7":387,"8":387,"9":387,"10":387,"11":387,"12":384,"13":384,"14":384,"15":384,"16":384,"17":384,"18":384,"19":384,"20":384,"21":384,"22":384,"23":2,"24":18,"25":10,"26":6,"27":464,"28":430,"29":430,"30":1591,"31":1591,"32":0},"b":{"1":[387,2],"2":[387,0],"3":[384,0],"4":[34,430]},"f":{"1":387,"2":387,"3":384,"4":2,"5":18,"6":10,"7":464,"8":1591,"9":1591,"10":0},"fnMap":{"1":{"name":"initialize","line":69,"loc":{"start":{"line":58,"column":4},"end":{"line":82,"column":4}}},"2":{"name":"__CMTAT_init","line":98,"loc":{"start":{"line":87,"column":4},"end":{"line":146,"column":4}}},"3":{"name":"__CMTAT_init_unchained","line":148,"loc":{"start":{"line":148,"column":4},"end":{"line":150,"column":4}}},"4":{"name":"decimals","line":155,"loc":{"start":{"line":155,"column":4},"end":{"line":163,"column":4}}},"5":{"name":"transferFrom","line":165,"loc":{"start":{"line":165,"column":4},"end":{"line":176,"column":4}}},"6":{"name":"burnAndMint","line":189,"loc":{"start":{"line":189,"column":4},"end":{"line":192,"column":4}}},"7":{"name":"_update","line":198,"loc":{"start":{"line":198,"column":4},"end":{"line":213,"column":4}}},"8":{"name":"_msgSender","line":219,"loc":{"start":{"line":219,"column":4},"end":{"line":226,"column":4}}},"9":{"name":"_contextSuffixLength","line":231,"loc":{"start":{"line":231,"column":4},"end":{"line":235,"column":4}}},"10":{"name":"_msgData","line":240,"loc":{"start":{"line":240,"column":4},"end":{"line":247,"column":4}}}},"statementMap":{"1":{"start":{"line":70,"column":8},"end":{"line":70,"column":2538}},"2":{"start":{"line":101,"column":8},"end":{"line":101,"column":33}},"3":{"start":{"line":102,"column":8},"end":{"line":102,"column":65}},"4":{"start":{"line":104,"column":8},"end":{"line":104,"column":32}},"5":{"start":{"line":106,"column":8},"end":{"line":106,"column":39}},"6":{"start":{"line":107,"column":8},"end":{"line":107,"column":34}},"7":{"start":{"line":110,"column":8},"end":{"line":110,"column":37}},"8":{"start":{"line":115,"column":8},"end":{"line":115,"column":44}},"9":{"start":{"line":116,"column":8},"end":{"line":116,"column":39}},"10":{"start":{"line":118,"column":8},"end":{"line":118,"column":47}},"11":{"start":{"line":122,"column":8},"end":{"line":122,"column":82}},"12":{"start":{"line":123,"column":8},"end":{"line":123,"column":41}},"13":{"start":{"line":124,"column":8},"end":{"line":124,"column":41}},"14":{"start":{"line":126,"column":8},"end":{"line":126,"column":43}},"15":{"start":{"line":127,"column":8},"end":{"line":127,"column":60}},"16":{"start":{"line":129,"column":8},"end":{"line":129,"column":37}},"17":{"start":{"line":130,"column":8},"end":{"line":130,"column":42}},"18":{"start":{"line":136,"column":8},"end":{"line":136,"column":45}},"19":{"start":{"line":140,"column":8},"end":{"line":140,"column":40}},"20":{"start":{"line":141,"column":8},"end":{"line":141,"column":38}},"21":{"start":{"line":142,"column":8},"end":{"line":142,"column":67}},"22":{"start":{"line":145,"column":8},"end":{"line":145,"column":31}},"23":{"start":{"line":162,"column":8},"end":{"line":162,"column":41}},"24":{"start":{"line":175,"column":8},"end":{"line":175,"column":70}},"25":{"start":{"line":190,"column":8},"end":{"line":190,"column":39}},"26":{"start":{"line":191,"column":8},"end":{"line":191,"column":29}},"27":{"start":{"line":203,"column":8},"end":{"line":203,"column":6833}},"28":{"start":{"line":211,"column":8},"end":{"line":211,"column":60}},"29":{"start":{"line":212,"column":8},"end":{"line":212,"column":49}},"30":{"start":{"line":225,"column":8},"end":{"line":225,"column":53}},"31":{"start":{"line":234,"column":9},"end":{"line":234,"column":64}},"32":{"start":{"line":246,"column":8},"end":{"line":246,"column":51}}},"branchMap":{"1":{"line":69,"type":"if","locations":[{"start":{"line":69,"column":13},"end":{"line":69,"column":13}},{"start":{"line":69,"column":13},"end":{"line":69,"column":13}}]},"2":{"line":98,"type":"if","locations":[{"start":{"line":98,"column":15},"end":{"line":98,"column":15}},{"start":{"line":98,"column":15},"end":{"line":98,"column":15}}]},"3":{"line":148,"type":"if","locations":[{"start":{"line":148,"column":47},"end":{"line":148,"column":47}},{"start":{"line":148,"column":47},"end":{"line":148,"column":47}}]},"4":{"line":203,"type":"if","locations":[{"start":{"line":203,"column":8},"end":{"line":203,"column":8}},{"start":{"line":203,"column":8},"end":{"line":203,"column":8}}]}}},
"contracts/modules/internal/base/SnapshotModuleBase.sol":{"l":{"75":2,"83":76,"85":76,"86":68,"91":68,"92":48,"95":20,"97":8,"100":8,"101":8,"102":12,"105":12,"106":12,"112":28,"122":176,"123":4,"129":172,"131":98,"134":98,"135":4,"141":4,"144":164,"145":164,"152":16,"153":4,"158":12,"160":12,"161":4,"164":8,"165":2,"167":6,"170":6,"171":10,"172":10,"173":10,"176":6,"178":8,"186":38,"187":4,"189":34,"190":4,"195":30,"196":4,"198":26,"199":26,"200":8,"202":18,"203":14,"204":14,"205":4,"211":4,"214":10,"215":6,"216":4,"222":6,"224":6,"232":18,"233":4,"235":14,"236":4,"239":10,"240":4,"242":6,"243":6,"253":16,"254":4,"256":12,"257":12,"258":4,"260":8,"261":16,"262":16,"263":16,"266":8,"294":1600,"296":1600,"297":1248,"299":352,"313":860,"314":860,"315":36,"316":36,"326":430,"330":430,"331":18,"332":18,"342":860,"343":852,"345":8,"356":50,"357":50,"359":50,"363":30,"367":10,"371":10,"384":498,"386":498,"390":412,"393":86,"394":86,"395":86,"396":116,"397":52,"398":52,"401":64,"403":52,"404":52,"407":86},"path":"/home/ryan/Downloads/CM/CMTAT/contracts/modules/internal/base/SnapshotModuleBase.sol","s":{"1":2,"2":76,"3":76,"4":68,"5":68,"6":48,"7":20,"8":8,"9":8,"10":28,"11":176,"12":172,"13":98,"14":98,"15":94,"16":164,"17":164,"18":16,"19":12,"20":12,"21":8,"22":2,"23":6,"24":6,"25":8,"26":38,"27":34,"28":30,"29":26,"30":26,"31":18,"32":14,"33":14,"34":10,"35":10,"36":6,"37":6,"38":18,"39":14,"40":10,"41":6,"42":6,"43":16,"44":12,"45":12,"46":8,"47":8,"48":1600,"49":1600,"50":1248,"51":352,"52":860,"53":860,"54":36,"55":36,"56":430,"57":430,"58":860,"59":852,"60":8,"61":50,"62":50,"63":50,"64":30,"65":20,"66":10,"67":10,"68":498,"69":498,"70":412,"71":86,"72":86,"73":116,"74":86},"b":{"1":[387,0],"2":[68,8],"3":[48,20],"4":[8,12],"5":[4,172],"6":[98,74],"7":[4,94],"8":[4,90],"9":[4,12],"10":[4,8],"11":[2,6],"12":[4,34],"13":[4,30],"14":[4,26],"15":[8,18],"16":[14,4],"17":[4,10],"18":[4,6],"19":[6,4],"20":[4,2],"21":[4,14],"22":[4,10],"23":[4,6],"24":[4,12],"25":[4,8],"26":[1248,352],"27":[36,824],"28":[18,412],"29":[852,8],"30":[30,20],"31":[10,10],"32":[412,86],"33":[412,0],"34":[52,64]},"f":{"1":387,"2":2,"3":76,"4":176,"5":16,"6":38,"7":18,"8":16,"9":1600,"10":860,"11":430,"12":860,"13":50,"14":498},"fnMap":{"1":{"name":"__SnapshotModuleBase_init_unchained","line":64,"loc":{"start":{"line":64,"column":4},"end":{"line":67,"column":4}}},"2":{"name":"getAllSnapshots","line":74,"loc":{"start":{"line":74,"column":4},"end":{"line":76,"column":4}}},"3":{"name":"getNextSnapshots","line":82,"loc":{"start":{"line":82,"column":4},"end":{"line":113,"column":4}}},"4":{"name":"_scheduleSnapshot","line":120,"loc":{"start":{"line":120,"column":4},"end":{"line":146,"column":4}}},"5":{"name":"_scheduleSnapshotNotOptimized","line":151,"loc":{"start":{"line":151,"column":4},"end":{"line":179,"column":4}}},"6":{"name":"_rescheduleSnapshot","line":184,"loc":{"start":{"line":184,"column":4},"end":{"line":225,"column":4}}},"7":{"name":"_unscheduleLastSnapshot","line":230,"loc":{"start":{"line":230,"column":4},"end":{"line":244,"column":4}}},"8":{"name":"_unscheduleSnapshotNotOptimized","line":252,"loc":{"start":{"line":252,"column":4},"end":{"line":267,"column":4}}},"9":{"name":"_valueAt","line":276,"loc":{"start":{"line":276,"column":4},"end":{"line":301,"column":4}}},"10":{"name":"_updateSnapshot","line":309,"loc":{"start":{"line":309,"column":4},"end":{"line":318,"column":4}}},"11":{"name":"_setCurrentSnapshot","line":325,"loc":{"start":{"line":325,"column":4},"end":{"line":334,"column":4}}},"12":{"name":"_lastSnapshot","line":339,"loc":{"start":{"line":339,"column":4},"end":{"line":347,"column":4}}},"13":{"name":"_findScheduledSnapshotIndex","line":353,"loc":{"start":{"line":353,"column":4},"end":{"line":373,"column":4}}},"14":{"name":"_findScheduledMostRecentPastSnapshot","line":379,"loc":{"start":{"line":379,"column":4},"end":{"line":408,"column":4}}}},"statementMap":{"1":{"start":{"line":75,"column":8},"end":{"line":75,"column":34}},"2":{"start":{"line":83,"column":8},"end":{"line":83,"column":65}},"3":{"start":{"line":85,"column":8},"end":{"line":85,"column":2651}},"4":{"start":{"line":86,"column":12},"end":{"line":86,"column":2747}},"5":{"start":{"line":91,"column":12},"end":{"line":91,"column":2910}},"6":{"start":{"line":92,"column":16},"end":{"line":92,"column":42}},"7":{"start":{"line":95,"column":16},"end":{"line":95,"column":3116}},"8":{"start":{"line":97,"column":20},"end":{"line":97,"column":3304}},"9":{"start":{"line":101,"column":20},"end":{"line":101,"column":3507}},"10":{"start":{"line":112,"column":8},"end":{"line":112,"column":36}},"11":{"start":{"line":122,"column":8},"end":{"line":122,"column":4147}},"12":{"start":{"line":129,"column":8},"end":{"line":129,"column":4341}},"13":{"start":{"line":131,"column":12},"end":{"line":131,"column":4450}},"14":{"start":{"line":134,"column":12},"end":{"line":134,"column":4571}},"15":{"start":{"line":140,"column":19},"end":{"line":140,"column":4824}},"16":{"start":{"line":144,"column":8},"end":{"line":144,"column":37}},"17":{"start":{"line":145,"column":8},"end":{"line":145,"column":38}},"18":{"start":{"line":152,"column":8},"end":{"line":152,"column":5184}},"19":{"start":{"line":158,"column":8},"end":{"line":158,"column":73}},"20":{"start":{"line":160,"column":8},"end":{"line":160,"column":5477}},"21":{"start":{"line":164,"column":8},"end":{"line":164,"column":5668}},"22":{"start":{"line":165,"column":12},"end":{"line":165,"column":41}},"23":{"start":{"line":167,"column":12},"end":{"line":167,"column":5788}},"24":{"start":{"line":170,"column":12},"end":{"line":170,"column":5909}},"25":{"start":{"line":178,"column":8},"end":{"line":178,"column":38}},"26":{"start":{"line":186,"column":8},"end":{"line":186,"column":6467}},"27":{"start":{"line":189,"column":8},"end":{"line":189,"column":6589}},"28":{"start":{"line":195,"column":8},"end":{"line":195,"column":6788}},"29":{"start":{"line":198,"column":8},"end":{"line":198,"column":77}},"30":{"start":{"line":199,"column":8},"end":{"line":199,"column":6994}},"31":{"start":{"line":202,"column":8},"end":{"line":202,"column":7096}},"32":{"start":{"line":203,"column":12},"end":{"line":203,"column":69}},"33":{"start":{"line":204,"column":12},"end":{"line":204,"column":7229}},"34":{"start":{"line":210,"column":19},"end":{"line":210,"column":7487}},"35":{"start":{"line":214,"column":8},"end":{"line":214,"column":7626}},"36":{"start":{"line":215,"column":12},"end":{"line":215,"column":7668}},"37":{"start":{"line":224,"column":8},"end":{"line":224,"column":47}},"38":{"start":{"line":232,"column":8},"end":{"line":232,"column":8244}},"39":{"start":{"line":235,"column":8},"end":{"line":235,"column":8363}},"40":{"start":{"line":239,"column":8},"end":{"line":239,"column":8561}},"41":{"start":{"line":242,"column":8},"end":{"line":242,"column":32}},"42":{"start":{"line":243,"column":8},"end":{"line":243,"column":37}},"43":{"start":{"line":253,"column":8},"end":{"line":253,"column":9115}},"44":{"start":{"line":256,"column":8},"end":{"line":256,"column":73}},"45":{"start":{"line":257,"column":8},"end":{"line":257,"column":9309}},"46":{"start":{"line":260,"column":8},"end":{"line":260,"column":9410}},"47":{"start":{"line":266,"column":8},"end":{"line":266,"column":32}},"48":{"start":{"line":294,"column":8},"end":{"line":294,"column":58}},"49":{"start":{"line":296,"column":8},"end":{"line":296,"column":11286}},"50":{"start":{"line":297,"column":12},"end":{"line":297,"column":29}},"51":{"start":{"line":299,"column":12},"end":{"line":299,"column":50}},"52":{"start":{"line":313,"column":8},"end":{"line":313,"column":46}},"53":{"start":{"line":314,"column":8},"end":{"line":314,"column":11843}},"54":{"start":{"line":315,"column":12},"end":{"line":315,"column":38}},"55":{"start":{"line":316,"column":12},"end":{"line":316,"column":46}},"56":{"start":{"line":326,"column":8},"end":{"line":326,"column":12254}},"57":{"start":{"line":330,"column":8},"end":{"line":330,"column":12358}},"58":{"start":{"line":342,"column":8},"end":{"line":342,"column":12708}},"59":{"start":{"line":343,"column":12},"end":{"line":343,"column":20}},"60":{"start":{"line":345,"column":12},"end":{"line":345,"column":38}},"61":{"start":{"line":356,"column":8},"end":{"line":356,"column":69}},"62":{"start":{"line":357,"column":8},"end":{"line":357,"column":70}},"63":{"start":{"line":359,"column":8},"end":{"line":359,"column":13255}},"64":{"start":{"line":363,"column":12},"end":{"line":363,"column":37}},"65":{"start":{"line":366,"column":13},"end":{"line":366,"column":13470}},"66":{"start":{"line":367,"column":12},"end":{"line":367,"column":38}},"67":{"start":{"line":371,"column":12},"end":{"line":371,"column":53}},"68":{"start":{"line":384,"column":8},"end":{"line":384,"column":61}},"69":{"start":{"line":386,"column":8},"end":{"line":386,"column":14106}},"70":{"start":{"line":390,"column":12},"end":{"line":390,"column":40}},"71":{"start":{"line":393,"column":8},"end":{"line":393,"column":26}},"72":{"start":{"line":395,"column":8},"end":{"line":395,"column":14408}},"73":{"start":{"line":396,"column":12},"end":{"line":396,"column":14490}},"74":{"start":{"line":407,"column":8},"end":{"line":407,"column":34}}},"branchMap":{"1":{"line":64,"type":"if","locations":[{"start":{"line":64,"column":60},"end":{"line":64,"column":60}},{"start":{"line":64,"column":60},"end":{"line":64,"column":60}}]},"2":{"line":85,"type":"if","locations":[{"start":{"line":85,"column":8},"end":{"line":85,"column":8}},{"start":{"line":85,"column":8},"end":{"line":85,"column":8}}]},"3":{"line":91,"type":"if","locations":[{"start":{"line":91,"column":12},"end":{"line":91,"column":12}},{"start":{"line":91,"column":12},"end":{"line":91,"column":12}}]},"4":{"line":95,"type":"if","locations":[{"start":{"line":95,"column":16},"end":{"line":95,"column":16}},{"start":{"line":95,"column":16},"end":{"line":95,"column":16}}]},"5":{"line":122,"type":"if","locations":[{"start":{"line":122,"column":8},"end":{"line":122,"column":8}},{"start":{"line":122,"column":8},"end":{"line":122,"column":8}}]},"6":{"line":129,"type":"if","locations":[{"start":{"line":129,"column":8},"end":{"line":129,"column":8}},{"start":{"line":129,"column":8},"end":{"line":129,"column":8}}]},"7":{"line":134,"type":"if","locations":[{"start":{"line":134,"column":12},"end":{"line":134,"column":12}},{"start":{"line":134,"column":12},"end":{"line":134,"column":12}}]},"8":{"line":140,"type":"if","locations":[{"start":{"line":140,"column":19},"end":{"line":140,"column":19}},{"start":{"line":140,"column":19},"end":{"line":140,"column":19}}]},"9":{"line":152,"type":"if","locations":[{"start":{"line":152,"column":8},"end":{"line":152,"column":8}},{"start":{"line":152,"column":8},"end":{"line":152,"column":8}}]},"10":{"line":160,"type":"if","locations":[{"start":{"line":160,"column":8},"end":{"line":160,"column":8}},{"start":{"line":160,"column":8},"end":{"line":160,"column":8}}]},"11":{"line":164,"type":"if","locations":[{"start":{"line":164,"column":8},"end":{"line":164,"column":8}},{"start":{"line":164,"column":8},"end":{"line":164,"column":8}}]},"12":{"line":186,"type":"if","locations":[{"start":{"line":186,"column":8},"end":{"line":186,"column":8}},{"start":{"line":186,"column":8},"end":{"line":186,"column":8}}]},"13":{"line":189,"type":"if","locations":[{"start":{"line":189,"column":8},"end":{"line":189,"column":8}},{"start":{"line":189,"column":8},"end":{"line":189,"column":8}}]},"14":{"line":195,"type":"if","locations":[{"start":{"line":195,"column":8},"end":{"line":195,"column":8}},{"start":{"line":195,"column":8},"end":{"line":195,"column":8}}]},"15":{"line":199,"type":"if","locations":[{"start":{"line":199,"column":8},"end":{"line":199,"column":8}},{"start":{"line":199,"column":8},"end":{"line":199,"column":8}}]},"16":{"line":202,"type":"if","locations":[{"start":{"line":202,"column":8},"end":{"line":202,"column":8}},{"start":{"line":202,"column":8},"end":{"line":202,"column":8}}]},"17":{"line":204,"type":"if","locations":[{"start":{"line":204,"column":12},"end":{"line":204,"column":12}},{"start":{"line":204,"column":12},"end":{"line":204,"column":12}}]},"18":{"line":210,"type":"if","locations":[{"start":{"line":210,"column":19},"end":{"line":210,"column":19}},{"start":{"line":210,"column":19},"end":{"line":210,"column":19}}]},"19":{"line":214,"type":"if","locations":[{"start":{"line":214,"column":8},"end":{"line":214,"column":8}},{"start":{"line":214,"column":8},"end":{"line":214,"column":8}}]},"20":{"line":215,"type":"if","locations":[{"start":{"line":215,"column":12},"end":{"line":215,"column":12}},{"start":{"line":215,"column":12},"end":{"line":215,"column":12}}]},"21":{"line":232,"type":"if","locations":[{"start":{"line":232,"column":8},"end":{"line":232,"column":8}},{"start":{"line":232,"column":8},"end":{"line":232,"column":8}}]},"22":{"line":235,"type":"if","locations":[{"start":{"line":235,"column":8},"end":{"line":235,"column":8}},{"start":{"line":235,"column":8},"end":{"line":235,"column":8}}]},"23":{"line":239,"type":"if","locations":[{"start":{"line":239,"column":8},"end":{"line":239,"column":8}},{"start":{"line":239,"column":8},"end":{"line":239,"column":8}}]},"24":{"line":253,"type":"if","locations":[{"start":{"line":253,"column":8},"end":{"line":253,"column":8}},{"start":{"line":253,"column":8},"end":{"line":253,"column":8}}]},"25":{"line":257,"type":"if","locations":[{"start":{"line":257,"column":8},"end":{"line":257,"column":8}},{"start":{"line":257,"column":8},"end":{"line":257,"column":8}}]},"26":{"line":296,"type":"if","locations":[{"start":{"line":296,"column":8},"end":{"line":296,"column":8}},{"start":{"line":296,"column":8},"end":{"line":296,"column":8}}]},"27":{"line":314,"type":"if","locations":[{"start":{"line":314,"column":8},"end":{"line":314,"column":8}},{"start":{"line":314,"column":8},"end":{"line":314,"column":8}}]},"28":{"line":330,"type":"if","locations":[{"start":{"line":330,"column":8},"end":{"line":330,"column":8}},{"start":{"line":330,"column":8},"end":{"line":330,"column":8}}]},"29":{"line":342,"type":"if","locations":[{"start":{"line":342,"column":8},"end":{"line":342,"column":8}},{"start":{"line":342,"column":8},"end":{"line":342,"column":8}}]},"30":{"line":359,"type":"if","locations":[{"start":{"line":359,"column":8},"end":{"line":359,"column":8}},{"start":{"line":359,"column":8},"end":{"line":359,"column":8}}]},"31":{"line":366,"type":"if","locations":[{"start":{"line":366,"column":13},"end":{"line":366,"column":13}},{"start":{"line":366,"column":13},"end":{"line":366,"column":13}}]},"32":{"line":386,"type":"if","locations":[{"start":{"line":386,"column":8},"end":{"line":386,"column":8}},{"start":{"line":386,"column":8},"end":{"line":386,"column":8}}]},"33":{"line":387,"type":"cond-expr","locations":[{"start":{"line":387,"column":12},"end":{"line":387,"column":32}},{"start":{"line":388,"column":12},"end":{"line":388,"column":75}}]},"34":{"line":396,"type":"if","locations":[{"start":{"line":396,"column":12},"end":{"line":396,"column":12}},{"start":{"line":396,"column":12},"end":{"line":396,"column":12}}]}}},
"contracts/modules/internal/EnforcementModuleInternal.sol":{"l":{"48":974,"61":22,"62":2,"64":20,"65":20,"66":20,"78":8,"79":2,"81":6,"82":6,"84":6},"path":"/home/ryan/Downloads/CM/CMTAT/contracts/modules/internal/EnforcementModuleInternal.sol","s":{"1":974,"2":22,"3":2,"4":20,"5":20,"6":8,"7":2,"8":6,"9":6},"b":{"1":[387,0],"2":[2,20],"3":[2,6]},"f":{"1":387,"2":974,"3":22,"4":8},"fnMap":{"1":{"name":"__Enforcement_init_unchained","line":40,"loc":{"start":{"line":40,"column":4},"end":{"line":42,"column":4}}},"2":{"name":"frozen","line":47,"loc":{"start":{"line":47,"column":4},"end":{"line":49,"column":4}}},"3":{"name":"_freeze","line":57,"loc":{"start":{"line":57,"column":4},"end":{"line":67,"column":4}}},"4":{"name":"_unfreeze","line":74,"loc":{"start":{"line":74,"column":4},"end":{"line":85,"column":4}}}},"statementMap":{"1":{"start":{"line":48,"column":8},"end":{"line":48,"column":31}},"2":{"start":{"line":61,"column":8},"end":{"line":61,"column":1634}},"3":{"start":{"line":62,"column":12},"end":{"line":62,"column":24}},"4":{"start":{"line":65,"column":8},"end":{"line":65,"column":58}},"5":{"start":{"line":66,"column":8},"end":{"line":66,"column":19}},"6":{"start":{"line":78,"column":8},"end":{"line":78,"column":2099}},"7":{"start":{"line":79,"column":12},"end":{"line":79,"column":24}},"8":{"start":{"line":82,"column":8},"end":{"line":82,"column":60}},"9":{"start":{"line":84,"column":8},"end":{"line":84,"column":19}}},"branchMap":{"1":{"line":40,"type":"if","locations":[{"start":{"line":40,"column":53},"end":{"line":40,"column":53}},{"start":{"line":40,"column":53},"end":{"line":40,"column":53}}]},"2":{"line":61,"type":"if","locations":[{"start":{"line":61,"column":8},"end":{"line":61,"column":8}},{"start":{"line":61,"column":8},"end":{"line":61,"column":8}}]},"3":{"line":78,"type":"if","locations":[{"start":{"line":78,"column":8},"end":{"line":78,"column":8}},{"start":{"line":78,"column":8},"end":{"line":78,"column":8}}]}}},
"contracts/modules/internal/ERC20SnapshotModuleInternal.sol":{"l":{"42":480,"43":480,"51":80,"52":80,"53":240,"55":80,"66":960,"71":960,"80":640,"84":640,"96":430,"97":430,"99":99,"100":99,"102":55,"105":44,"109":331,"110":331,"118":485,"125":375},"path":"/home/ryan/Downloads/CM/CMTAT/contracts/modules/internal/ERC20SnapshotModuleInternal.sol","s":{"1":80,"2":960,"3":960,"4":640,"5":640,"6":430,"7":430,"8":99,"9":99,"10":55,"11":44,"12":331,"13":331,"14":485,"15":375},"b":{"1":[387,0],"2":[320,640],"3":[32,608],"4":[99,331],"5":[55,44]},"f":{"1":387,"2":480,"3":80,"4":960,"5":640,"6":430,"7":485,"8":375},"fnMap":{"1":{"name":"__ERC20Snapshot_init_unchained","line":32,"loc":{"start":{"line":32,"column":4},"end":{"line":35,"column":4}}},"2":{"name":"snapshotInfo","line":41,"loc":{"start":{"line":41,"column":4},"end":{"line":44,"column":4}}},"3":{"name":"snapshotInfoBatch","line":50,"loc":{"start":{"line":50,"column":4},"end":{"line":56,"column":4}}},"4":{"name":"snapshotBalanceOf","line":62,"loc":{"start":{"line":62,"column":4},"end":{"line":72,"column":4}}},"5":{"name":"snapshotTotalSupply","line":79,"loc":{"start":{"line":79,"column":4},"end":{"line":85,"column":4}}},"6":{"name":"_snapshotUpdate","line":92,"loc":{"start":{"line":92,"column":4},"end":{"line":112,"column":4}}},"7":{"name":"_updateAccountSnapshot","line":117,"loc":{"start":{"line":117,"column":4},"end":{"line":119,"column":4}}},"8":{"name":"_updateTotalSupplySnapshot","line":124,"loc":{"start":{"line":124,"column":4},"end":{"line":126,"column":4}}}},"statementMap":{"1":{"start":{"line":52,"column":8},"end":{"line":52,"column":2203}},"2":{"start":{"line":66,"column":8},"end":{"line":66,"column":2738}},"3":{"start":{"line":71,"column":8},"end":{"line":71,"column":53}},"4":{"start":{"line":80,"column":8},"end":{"line":80,"column":3209}},"5":{"start":{"line":84,"column":8},"end":{"line":84,"column":50}},"6":{"start":{"line":96,"column":8},"end":{"line":96,"column":28}},"7":{"start":{"line":97,"column":8},"end":{"line":97,"column":3739}},"8":{"start":{"line":99,"column":12},"end":{"line":99,"column":39}},"9":{"start":{"line":100,"column":12},"end":{"line":100,"column":3865}},"10":{"start":{"line":102,"column":16},"end":{"line":102,"column":41}},"11":{"start":{"line":105,"column":16},"end":{"line":105,"column":43}},"12":{"start":{"line":109,"column":12},"end":{"line":109,"column":37}},"13":{"start":{"line":110,"column":12},"end":{"line":110,"column":39}},"14":{"start":{"line":118,"column":8},"end":{"line":118,"column":77}},"15":{"start":{"line":125,"column":8},"end":{"line":125,"column":60}}},"branchMap":{"1":{"line":32,"type":"if","locations":[{"start":{"line":32,"column":55},"end":{"line":32,"column":55}},{"start":{"line":32,"column":55},"end":{"line":32,"column":55}}]},"2":{"line":71,"type":"if","locations":[{"start":{"line":71,"column":29},"end":{"line":71,"column":33}},{"start":{"line":71,"column":37},"end":{"line":71,"column":52}}]},"3":{"line":84,"type":"if","locations":[{"start":{"line":84,"column":29},"end":{"line":84,"column":33}},{"start":{"line":84,"column":37},"end":{"line":84,"column":49}}]},"4":{"line":97,"type":"if","locations":[{"start":{"line":97,"column":8},"end":{"line":97,"column":8}},{"start":{"line":97,"column":8},"end":{"line":97,"column":8}}]},"5":{"line":100,"type":"if","locations":[{"start":{"line":100,"column":12},"end":{"line":100,"column":12}},{"start":{"line":100,"column":12},"end":{"line":100,"column":12}}]}}},
"contracts/modules/internal/ValidationModuleInternal.sol":{"l":{"28":387,"29":16,"30":16,"42":12,"51":6,"62":6,"66":57},"path":"/home/ryan/Downloads/CM/CMTAT/contracts/modules/internal/ValidationModuleInternal.sol","s":{"1":387,"2":16,"3":12,"4":6,"5":6,"6":57},"b":{"1":[387,0],"2":[16,371]},"f":{"1":387,"2":12,"3":6,"4":6,"5":57},"fnMap":{"1":{"name":"__Validation_init_unchained","line":27,"loc":{"start":{"line":25,"column":4},"end":{"line":32,"column":4}}},"2":{"name":"_validateTransfer","line":37,"loc":{"start":{"line":37,"column":4},"end":{"line":43,"column":4}}},"3":{"name":"_messageForTransferRestriction","line":48,"loc":{"start":{"line":48,"column":4},"end":{"line":52,"column":4}}},"4":{"name":"_detectTransferRestriction","line":57,"loc":{"start":{"line":57,"column":4},"end":{"line":63,"column":4}}},"5":{"name":"_operateOnTransfer","line":65,"loc":{"start":{"line":65,"column":4},"end":{"line":67,"column":4}}}},"statementMap":{"1":{"start":{"line":28,"column":8},"end":{"line":28,"column":826}},"2":{"start":{"line":30,"column":12},"end":{"line":30,"column":39}},"3":{"start":{"line":42,"column":8},"end":{"line":42,"column":60}},"4":{"start":{"line":51,"column":8},"end":{"line":51,"column":72}},"5":{"start":{"line":62,"column":8},"end":{"line":62,"column":69}},"6":{"start":{"line":66,"column":8},"end":{"line":66,"column":61}}},"branchMap":{"1":{"line":27,"type":"if","locations":[{"start":{"line":27,"column":15},"end":{"line":27,"column":15}},{"start":{"line":27,"column":15},"end":{"line":27,"column":15}}]},"2":{"line":28,"type":"if","locations":[{"start":{"line":28,"column":8},"end":{"line":28,"column":8}},{"start":{"line":28,"column":8},"end":{"line":28,"column":8}}]}}},
"contracts/modules/security/AuthorizationModule.sol":{"l":{"42":387,"43":3,"45":384,"46":384,"47":0,"60":8,"61":2,"63":6,"64":6,"68":35,"69":3,"70":3,"72":2,"75":33,"79":5,"80":3,"81":3,"83":2,"86":3,"97":1443,"98":810,"100":633},"path":"/home/ryan/Downloads/CM/CMTAT/contracts/modules/security/AuthorizationModule.sol","s":{"1":387,"2":384,"3":384,"4":8,"5":6,"6":35,"7":3,"8":3,"9":33,"10":5,"11":3,"12":3,"13":3,"14":1443,"15":810,"16":633},"b":{"1":[387,0],"2":[3,384],"3":[0,384],"4":[8,2],"5":[2,6],"6":[35,4],"7":[3,32],"8":[2,1],"9":[5,4],"10":[3,2],"11":[2,1],"12":[810,633]},"f":{"1":387,"2":8,"3":35,"4":5,"5":1443},"fnMap":{"1":{"name":"__AuthorizationModule_init_unchained","line":41,"loc":{"start":{"line":40,"column":4},"end":{"line":51,"column":4}}},"2":{"name":"setAuthorizationEngine","line":59,"loc":{"start":{"line":57,"column":4},"end":{"line":65,"column":4}}},"3":{"name":"grantRole","line":67,"loc":{"start":{"line":67,"column":4},"end":{"line":76,"column":4}}},"4":{"name":"revokeRole","line":78,"loc":{"start":{"line":78,"column":4},"end":{"line":87,"column":4}}},"5":{"name":"hasRole","line":92,"loc":{"start":{"line":92,"column":4},"end":{"line":101,"column":4}}}},"statementMap":{"1":{"start":{"line":42,"column":8},"end":{"line":42,"column":1714}},"2":{"start":{"line":45,"column":8},"end":{"line":45,"column":44}},"3":{"start":{"line":46,"column":8},"end":{"line":46,"column":1881}},"4":{"start":{"line":60,"column":8},"end":{"line":60,"column":2308}},"5":{"start":{"line":64,"column":8},"end":{"line":64,"column":54}},"6":{"start":{"line":68,"column":8},"end":{"line":68,"column":2677}},"7":{"start":{"line":69,"column":12},"end":{"line":69,"column":79}},"8":{"start":{"line":70,"column":12},"end":{"line":70,"column":2825}},"9":{"start":{"line":75,"column":8},"end":{"line":75,"column":64}},"10":{"start":{"line":79,"column":8},"end":{"line":79,"column":3186}},"11":{"start":{"line":80,"column":12},"end":{"line":80,"column":80}},"12":{"start":{"line":81,"column":12},"end":{"line":81,"column":3335}},"13":{"start":{"line":86,"column":8},"end":{"line":86,"column":65}},"14":{"start":{"line":97,"column":8},"end":{"line":97,"column":3866}},"15":{"start":{"line":98,"column":12},"end":{"line":98,"column":23}},"16":{"start":{"line":100,"column":8},"end":{"line":100,"column":62}}},"branchMap":{"1":{"line":41,"type":"if","locations":[{"start":{"line":41,"column":13},"end":{"line":41,"column":13}},{"start":{"line":41,"column":13},"end":{"line":41,"column":13}}]},"2":{"line":42,"type":"if","locations":[{"start":{"line":42,"column":8},"end":{"line":42,"column":8}},{"start":{"line":42,"column":8},"end":{"line":42,"column":8}}]},"3":{"line":46,"type":"if","locations":[{"start":{"line":46,"column":8},"end":{"line":46,"column":8}},{"start":{"line":46,"column":8},"end":{"line":46,"column":8}}]},"4":{"line":59,"type":"if","locations":[{"start":{"line":59,"column":15},"end":{"line":59,"column":15}},{"start":{"line":59,"column":15},"end":{"line":59,"column":15}}]},"5":{"line":60,"type":"if","locations":[{"start":{"line":60,"column":8},"end":{"line":60,"column":8}},{"start":{"line":60,"column":8},"end":{"line":60,"column":8}}]},"6":{"line":67,"type":"if","locations":[{"start":{"line":67,"column":70},"end":{"line":67,"column":70}},{"start":{"line":67,"column":70},"end":{"line":67,"column":70}}]},"7":{"line":68,"type":"if","locations":[{"start":{"line":68,"column":8},"end":{"line":68,"column":8}},{"start":{"line":68,"column":8},"end":{"line":68,"column":8}}]},"8":{"line":70,"type":"if","locations":[{"start":{"line":70,"column":12},"end":{"line":70,"column":12}},{"start":{"line":70,"column":12},"end":{"line":70,"column":12}}]},"9":{"line":78,"type":"if","locations":[{"start":{"line":78,"column":71},"end":{"line":78,"column":71}},{"start":{"line":78,"column":71},"end":{"line":78,"column":71}}]},"10":{"line":79,"type":"if","locations":[{"start":{"line":79,"column":8},"end":{"line":79,"column":8}},{"start":{"line":79,"column":8},"end":{"line":79,"column":8}}]},"11":{"line":81,"type":"if","locations":[{"start":{"line":81,"column":12},"end":{"line":81,"column":12}},{"start":{"line":81,"column":12},"end":{"line":81,"column":12}}]},"12":{"line":97,"type":"if","locations":[{"start":{"line":97,"column":8},"end":{"line":97,"column":8}},{"start":{"line":97,"column":8},"end":{"line":97,"column":8}}]}}},
"contracts/modules/wrapper/controllers/ValidationModule.sol":{"l":{"38":20,"39":6,"41":14,"42":14,"53":20,"54":3,"59":4,"64":2,"69":2,"71":6,"73":3,"89":17,"90":4,"92":2,"94":2,"96":6,"98":3,"107":19,"108":4,"110":15,"111":12,"113":3,"121":483,"122":32,"124":451,"128":464,"129":28,"131":436,"132":57,"134":379},"path":"/home/ryan/Downloads/CM/CMTAT/contracts/modules/wrapper/controllers/ValidationModule.sol","s":{"1":20,"2":14,"3":20,"4":3,"5":17,"6":4,"7":13,"8":2,"9":11,"10":2,"11":9,"12":6,"13":3,"14":17,"15":4,"16":13,"17":2,"18":11,"19":2,"20":9,"21":6,"22":3,"23":19,"24":4,"25":15,"26":12,"27":3,"28":483,"29":32,"30":451,"31":464,"32":28,"33":436,"34":57,"35":379},"b":{"1":[384,0],"2":[20,6],"3":[6,14],"4":[3,17],"5":[4,13],"6":[2,11],"7":[2,9],"8":[6,3],"9":[4,13],"10":[2,11],"11":[2,9],"12":[6,3],"13":[4,15],"14":[12,3],"15":[32,451],"16":[22,6],"17":[6,4],"18":[28,436],"19":[57,379]},"f":{"1":384,"2":20,"3":20,"4":17,"5":19,"6":483,"7":464},"fnMap":{"1":{"name":"__ValidationModule_init_unchained","line":27,"loc":{"start":{"line":27,"column":4},"end":{"line":29,"column":4}}},"2":{"name":"setRuleEngine","line":37,"loc":{"start":{"line":35,"column":4},"end":{"line":43,"column":4}}},"3":{"name":"messageForTransferRestriction","line":50,"loc":{"start":{"line":50,"column":4},"end":{"line":75,"column":4}}},"4":{"name":"detectTransferRestriction","line":84,"loc":{"start":{"line":84,"column":4},"end":{"line":100,"column":4}}},"5":{"name":"validateTransfer","line":102,"loc":{"start":{"line":102,"column":4},"end":{"line":114,"column":4}}},"6":{"name":"_validateTransferByModule","line":116,"loc":{"start":{"line":116,"column":4},"end":{"line":125,"column":4}}},"7":{"name":"_operateOnTransfer","line":127,"loc":{"start":{"line":127,"column":4},"end":{"line":135,"column":4}}}},"statementMap":{"1":{"start":{"line":38,"column":8},"end":{"line":38,"column":1111}},"2":{"start":{"line":42,"column":8},"end":{"line":42,"column":36}},"3":{"start":{"line":53,"column":8},"end":{"line":53,"column":1798}},"4":{"start":{"line":54,"column":12},"end":{"line":54,"column":35}},"5":{"start":{"line":55,"column":15},"end":{"line":55,"column":1914}},"6":{"start":{"line":59,"column":12},"end":{"line":59,"column":48}},"7":{"start":{"line":60,"column":15},"end":{"line":60,"column":2090}},"8":{"start":{"line":64,"column":12},"end":{"line":64,"column":53}},"9":{"start":{"line":65,"column":15},"end":{"line":65,"column":2276}},"10":{"start":{"line":69,"column":12},"end":{"line":69,"column":51}},"11":{"start":{"line":70,"column":15},"end":{"line":70,"column":2458}},"12":{"start":{"line":71,"column":12},"end":{"line":71,"column":66}},"13":{"start":{"line":73,"column":12},"end":{"line":73,"column":36}},"14":{"start":{"line":89,"column":8},"end":{"line":89,"column":3154}},"15":{"start":{"line":90,"column":12},"end":{"line":90,"column":69}},"16":{"start":{"line":91,"column":15},"end":{"line":91,"column":3256}},"17":{"start":{"line":92,"column":12},"end":{"line":92,"column":74}},"18":{"start":{"line":93,"column":15},"end":{"line":93,"column":3367}},"19":{"start":{"line":94,"column":12},"end":{"line":94,"column":72}},"20":{"start":{"line":95,"column":15},"end":{"line":95,"column":3474}},"21":{"start":{"line":96,"column":12},"end":{"line":96,"column":63}},"22":{"start":{"line":98,"column":12},"end":{"line":98,"column":56}},"23":{"start":{"line":107,"column":8},"end":{"line":107,"column":3820}},"24":{"start":{"line":108,"column":12},"end":{"line":108,"column":24}},"25":{"start":{"line":110,"column":8},"end":{"line":110,"column":3916}},"26":{"start":{"line":111,"column":12},"end":{"line":111,"column":54}},"27":{"start":{"line":113,"column":8},"end":{"line":113,"column":19}},"28":{"start":{"line":121,"column":8},"end":{"line":121,"column":4205}},"29":{"start":{"line":122,"column":12},"end":{"line":122,"column":24}},"30":{"start":{"line":124,"column":8},"end":{"line":124,"column":19}},"31":{"start":{"line":128,"column":8},"end":{"line":128,"column":4431}},"32":{"start":{"line":129,"column":12},"end":{"line":129,"column":24}},"33":{"start":{"line":131,"column":8},"end":{"line":131,"column":4526}},"34":{"start":{"line":132,"column":12},"end":{"line":132,"column":80}},"35":{"start":{"line":134,"column":8},"end":{"line":134,"column":19}}},"branchMap":{"1":{"line":27,"type":"if","locations":[{"start":{"line":27,"column":58},"end":{"line":27,"column":58}},{"start":{"line":27,"column":58},"end":{"line":27,"column":58}}]},"2":{"line":37,"type":"if","locations":[{"start":{"line":37,"column":15},"end":{"line":37,"column":15}},{"start":{"line":37,"column":15},"end":{"line":37,"column":15}}]},"3":{"line":38,"type":"if","locations":[{"start":{"line":38,"column":8},"end":{"line":38,"column":8}},{"start":{"line":38,"column":8},"end":{"line":38,"column":8}}]},"4":{"line":53,"type":"if","locations":[{"start":{"line":53,"column":8},"end":{"line":53,"column":8}},{"start":{"line":53,"column":8},"end":{"line":53,"column":8}}]},"5":{"line":55,"type":"if","locations":[{"start":{"line":55,"column":15},"end":{"line":55,"column":15}},{"start":{"line":55,"column":15},"end":{"line":55,"column":15}}]},"6":{"line":60,"type":"if","locations":[{"start":{"line":60,"column":15},"end":{"line":60,"column":15}},{"start":{"line":60,"column":15},"end":{"line":60,"column":15}}]},"7":{"line":65,"type":"if","locations":[{"start":{"line":65,"column":15},"end":{"line":65,"column":15}},{"start":{"line":65,"column":15},"end":{"line":65,"column":15}}]},"8":{"line":70,"type":"if","locations":[{"start":{"line":70,"column":15},"end":{"line":70,"column":15}},{"start":{"line":70,"column":15},"end":{"line":70,"column":15}}]},"9":{"line":89,"type":"if","locations":[{"start":{"line":89,"column":8},"end":{"line":89,"column":8}},{"start":{"line":89,"column":8},"end":{"line":89,"column":8}}]},"10":{"line":91,"type":"if","locations":[{"start":{"line":91,"column":15},"end":{"line":91,"column":15}},{"start":{"line":91,"column":15},"end":{"line":91,"column":15}}]},"11":{"line":93,"type":"if","locations":[{"start":{"line":93,"column":15},"end":{"line":93,"column":15}},{"start":{"line":93,"column":15},"end":{"line":93,"column":15}}]},"12":{"line":95,"type":"if","locations":[{"start":{"line":95,"column":15},"end":{"line":95,"column":15}},{"start":{"line":95,"column":15},"end":{"line":95,"column":15}}]},"13":{"line":107,"type":"if","locations":[{"start":{"line":107,"column":8},"end":{"line":107,"column":8}},{"start":{"line":107,"column":8},"end":{"line":107,"column":8}}]},"14":{"line":110,"type":"if","locations":[{"start":{"line":110,"column":8},"end":{"line":110,"column":8}},{"start":{"line":110,"column":8},"end":{"line":110,"column":8}}]},"15":{"line":121,"type":"if","locations":[{"start":{"line":121,"column":8},"end":{"line":121,"column":8}},{"start":{"line":121,"column":8},"end":{"line":121,"column":8}}]},"16":{"line":121,"type":"cond-expr","locations":[{"start":{"line":121,"column":12},"end":{"line":121,"column":19}},{"start":{"line":121,"column":24},"end":{"line":121,"column":35}}]},"17":{"line":121,"type":"cond-expr","locations":[{"start":{"line":121,"column":12},"end":{"line":121,"column":35}},{"start":{"line":121,"column":40},"end":{"line":121,"column":49}}]},"18":{"line":128,"type":"if","locations":[{"start":{"line":128,"column":8},"end":{"line":128,"column":8}},{"start":{"line":128,"column":8},"end":{"line":128,"column":8}}]},"19":{"line":131,"type":"if","locations":[{"start":{"line":131,"column":8},"end":{"line":131,"column":8}},{"start":{"line":131,"column":8},"end":{"line":131,"column":8}}]}}},
"contracts/modules/wrapper/core/BaseModule.sol":{"l":{"47":384,"48":384,"49":384,"50":384,"60":2,"61":2,"70":2,"71":2,"80":2,"81":2,"88":6,"89":4,"91":2,"92":2},"path":"/home/ryan/Downloads/CM/CMTAT/contracts/modules/wrapper/core/BaseModule.sol","s":{"1":2,"2":2,"3":2,"4":6,"5":2},"b":{"1":[384,0],"2":[2,4],"3":[2,4],"4":[2,4],"5":[6,4],"6":[4,2]},"f":{"1":384,"2":2,"3":2,"4":2,"5":6},"fnMap":{"1":{"name":"__Base_init_unchained","line":46,"loc":{"start":{"line":41,"column":4},"end":{"line":51,"column":4}}},"2":{"name":"setTokenId","line":59,"loc":{"start":{"line":57,"column":4},"end":{"line":62,"column":4}}},"3":{"name":"setTerms","line":69,"loc":{"start":{"line":67,"column":4},"end":{"line":72,"column":4}}},"4":{"name":"setInformation","line":79,"loc":{"start":{"line":77,"column":4},"end":{"line":82,"column":4}}},"5":{"name":"setFlag","line":87,"loc":{"start":{"line":87,"column":4},"end":{"line":93,"column":4}}}},"statementMap":{"1":{"start":{"line":61,"column":8},"end":{"line":61,"column":40}},"2":{"start":{"line":71,"column":8},"end":{"line":71,"column":33}},"3":{"start":{"line":81,"column":8},"end":{"line":81,"column":52}},"4":{"start":{"line":88,"column":8},"end":{"line":88,"column":2566}},"5":{"start":{"line":92,"column":8},"end":{"line":92,"column":24}}},"branchMap":{"1":{"line":46,"type":"if","locations":[{"start":{"line":46,"column":15},"end":{"line":46,"column":15}},{"start":{"line":46,"column":15},"end":{"line":46,"column":15}}]},"2":{"line":59,"type":"if","locations":[{"start":{"line":59,"column":13},"end":{"line":59,"column":13}},{"start":{"line":59,"column":13},"end":{"line":59,"column":13}}]},"3":{"line":69,"type":"if","locations":[{"start":{"line":69,"column":13},"end":{"line":69,"column":13}},{"start":{"line":69,"column":13},"end":{"line":69,"column":13}}]},"4":{"line":79,"type":"if","locations":[{"start":{"line":79,"column":13},"end":{"line":79,"column":13}},{"start":{"line":79,"column":13},"end":{"line":79,"column":13}}]},"5":{"line":87,"type":"if","locations":[{"start":{"line":87,"column":43},"end":{"line":87,"column":43}},{"start":{"line":87,"column":43},"end":{"line":87,"column":43}}]},"6":{"line":88,"type":"if","locations":[{"start":{"line":88,"column":8},"end":{"line":88,"column":8}},{"start":{"line":88,"column":8},"end":{"line":88,"column":8}}]}}},
"contracts/modules/wrapper/core/EnforcementModule.sol":{"l":{"36":22,"50":8},"path":"/home/ryan/Downloads/CM/CMTAT/contracts/modules/wrapper/core/EnforcementModule.sol","s":{"1":22,"2":8},"b":{"1":[384,0],"2":[22,4],"3":[8,4]},"f":{"1":384,"2":22,"3":8},"fnMap":{"1":{"name":"__EnforcementModule_init_unchained","line":23,"loc":{"start":{"line":23,"column":4},"end":{"line":25,"column":4}}},"2":{"name":"freeze","line":35,"loc":{"start":{"line":32,"column":4},"end":{"line":37,"column":4}}},"3":{"name":"unfreeze","line":49,"loc":{"start":{"line":46,"column":4},"end":{"line":51,"column":4}}}},"statementMap":{"1":{"start":{"line":36,"column":8},"end":{"line":36,"column":39}},"2":{"start":{"line":50,"column":8},"end":{"line":50,"column":41}}},"branchMap":{"1":{"line":23,"type":"if","locations":[{"start":{"line":23,"column":59},"end":{"line":23,"column":59}},{"start":{"line":23,"column":59},"end":{"line":23,"column":59}}]},"2":{"line":35,"type":"if","locations":[{"start":{"line":35,"column":13},"end":{"line":35,"column":13}},{"start":{"line":35,"column":13},"end":{"line":35,"column":13}}]},"3":{"line":49,"type":"if","locations":[{"start":{"line":49,"column":13},"end":{"line":49,"column":13}},{"start":{"line":49,"column":13},"end":{"line":49,"column":13}}]}}},
"contracts/modules/wrapper/core/ERC20BaseModule.sol":{"l":{"32":384,"42":2,"61":18,"62":4,"66":14,"67":8,"70":6,"73":14,"74":10,"75":10,"80":2,"95":18,"97":2,"98":2,"101":2,"110":4,"111":4,"112":6,"114":4},"path":"/home/ryan/Downloads/CM/CMTAT/contracts/modules/wrapper/core/ERC20BaseModule.sol","s":{"1":2,"2":18,"3":14,"4":6,"5":14,"6":2,"7":18,"8":2,"9":2,"10":2,"11":4},"b":{"1":[384,0],"2":[4,14],"3":[8,6],"4":[2,0]},"f":{"1":384,"2":2,"3":18,"4":18,"5":4},"fnMap":{"1":{"name":"__ERC20BaseModule_init_unchained","line":31,"loc":{"start":{"line":29,"column":4},"end":{"line":33,"column":4}}},"2":{"name":"decimals","line":41,"loc":{"start":{"line":41,"column":4},"end":{"line":43,"column":4}}},"3":{"name":"transferBatch","line":57,"loc":{"start":{"line":57,"column":4},"end":{"line":81,"column":4}}},"4":{"name":"transferFrom","line":90,"loc":{"start":{"line":90,"column":4},"end":{"line":102,"column":4}}},"5":{"name":"balanceInfo","line":109,"loc":{"start":{"line":109,"column":4},"end":{"line":115,"column":4}}}},"statementMap":{"1":{"start":{"line":42,"column":8},"end":{"line":42,"column":24}},"2":{"start":{"line":61,"column":8},"end":{"line":61,"column":2039}},"3":{"start":{"line":66,"column":8},"end":{"line":66,"column":2256}},"4":{"start":{"line":70,"column":8},"end":{"line":70,"column":2391}},"5":{"start":{"line":73,"column":12},"end":{"line":73,"column":70}},"6":{"start":{"line":80,"column":8},"end":{"line":80,"column":19}},"7":{"start":{"line":95,"column":8},"end":{"line":95,"column":68}},"8":{"start":{"line":97,"column":8},"end":{"line":97,"column":3397}},"9":{"start":{"line":98,"column":12},"end":{"line":98,"column":49}},"10":{"start":{"line":101,"column":8},"end":{"line":101,"column":21}},"11":{"start":{"line":111,"column":8},"end":{"line":111,"column":3890}}},"branchMap":{"1":{"line":31,"type":"if","locations":[{"start":{"line":31,"column":15},"end":{"line":31,"column":15}},{"start":{"line":31,"column":15},"end":{"line":31,"column":15}}]},"2":{"line":61,"type":"if","locations":[{"start":{"line":61,"column":8},"end":{"line":61,"column":8}},{"start":{"line":61,"column":8},"end":{"line":61,"column":8}}]},"3":{"line":66,"type":"if","locations":[{"start":{"line":66,"column":8},"end":{"line":66,"column":8}},{"start":{"line":66,"column":8},"end":{"line":66,"column":8}}]},"4":{"line":97,"type":"if","locations":[{"start":{"line":97,"column":8},"end":{"line":97,"column":8}},{"start":{"line":97,"column":8},"end":{"line":97,"column":8}}]}}},
"contracts/modules/wrapper/core/ERC20BurnModule.sol":{"l":{"36":18,"37":14,"60":20,"61":4,"65":16,"66":8,"69":8,"70":24,"71":20,"72":20,"73":20,"97":6,"98":6,"99":6,"101":4,"104":2,"105":2,"108":2,"110":2,"112":2},"path":"/home/ryan/Downloads/CM/CMTAT/contracts/modules/wrapper/core/ERC20BurnModule.sol","s":{"1":18,"2":14,"3":20,"4":16,"5":8,"6":24,"7":20,"8":6,"9":6,"10":6,"11":2,"12":2,"13":2,"14":2},"b":{"1":[384,0],"2":[18,8],"3":[20,4],"4":[4,16],"5":[8,8],"6":[6,4],"7":[4,2]},"f":{"1":384,"2":18,"3":20,"4":6},"fnMap":{"1":{"name":"__ERC20BurnModule_init_unchained","line":18,"loc":{"start":{"line":18,"column":4},"end":{"line":20,"column":4}}},"2":{"name":"burn","line":35,"loc":{"start":{"line":31,"column":4},"end":{"line":38,"column":4}}},"3":{"name":"burnBatch","line":59,"loc":{"start":{"line":55,"column":4},"end":{"line":76,"column":4}}},"4":{"name":"burnFrom","line":94,"loc":{"start":{"line":92,"column":4},"end":{"line":113,"column":4}}}},"statementMap":{"1":{"start":{"line":36,"column":8},"end":{"line":36,"column":28}},"2":{"start":{"line":37,"column":8},"end":{"line":37,"column":41}},"3":{"start":{"line":60,"column":8},"end":{"line":60,"column":2267}},"4":{"start":{"line":65,"column":8},"end":{"line":65,"column":2489}},"5":{"start":{"line":69,"column":8},"end":{"line":69,"column":2629}},"6":{"start":{"line":70,"column":12},"end":{"line":70,"column":40}},"7":{"start":{"line":71,"column":12},"end":{"line":71,"column":53}},"8":{"start":{"line":97,"column":8},"end":{"line":97,"column":38}},"9":{"start":{"line":98,"column":8},"end":{"line":98,"column":61}},"10":{"start":{"line":99,"column":8},"end":{"line":99,"column":3573}},"11":{"start":{"line":105,"column":12},"end":{"line":105,"column":62}},"12":{"start":{"line":108,"column":8},"end":{"line":108,"column":28}},"13":{"start":{"line":110,"column":8},"end":{"line":110,"column":45}},"14":{"start":{"line":112,"column":8},"end":{"line":112,"column":45}}},"branchMap":{"1":{"line":18,"type":"if","locations":[{"start":{"line":18,"column":57},"end":{"line":18,"column":57}},{"start":{"line":18,"column":57},"end":{"line":18,"column":57}}]},"2":{"line":35,"type":"if","locations":[{"start":{"line":35,"column":13},"end":{"line":35,"column":13}},{"start":{"line":35,"column":13},"end":{"line":35,"column":13}}]},"3":{"line":59,"type":"if","locations":[{"start":{"line":59,"column":13},"end":{"line":59,"column":13}},{"start":{"line":59,"column":13},"end":{"line":59,"column":13}}]},"4":{"line":60,"type":"if","locations":[{"start":{"line":60,"column":8},"end":{"line":60,"column":8}},{"start":{"line":60,"column":8},"end":{"line":60,"column":8}}]},"5":{"line":65,"type":"if","locations":[{"start":{"line":65,"column":8},"end":{"line":65,"column":8}},{"start":{"line":65,"column":8},"end":{"line":65,"column":8}}]},"6":{"line":94,"type":"if","locations":[{"start":{"line":94,"column":8},"end":{"line":94,"column":8}},{"start":{"line":94,"column":8},"end":{"line":94,"column":8}}]},"7":{"line":99,"type":"if","locations":[{"start":{"line":99,"column":8},"end":{"line":99,"column":8}},{"start":{"line":99,"column":8},"end":{"line":99,"column":8}}]}}},
"contracts/modules/wrapper/core/ERC20MintModule.sol":{"l":{"34":277,"35":277,"57":30,"58":4,"62":26,"63":8,"66":18,"67":54,"68":54,"69":54,"70":54},"path":"/home/ryan/Downloads/CM/CMTAT/contracts/modules/wrapper/core/ERC20MintModule.sol","s":{"1":277,"2":277,"3":30,"4":26,"5":18,"6":54,"7":54},"b":{"1":[384,0],"2":[277,8],"3":[30,4],"4":[4,26],"5":[8,18]},"f":{"1":384,"2":277,"3":30},"fnMap":{"1":{"name":"__ERC20MintModule_init_unchained","line":16,"loc":{"start":{"line":16,"column":4},"end":{"line":18,"column":4}}},"2":{"name":"mint","line":33,"loc":{"start":{"line":33,"column":4},"end":{"line":36,"column":4}}},"3":{"name":"mintBatch","line":56,"loc":{"start":{"line":53,"column":4},"end":{"line":73,"column":4}}}},"statementMap":{"1":{"start":{"line":34,"column":8},"end":{"line":34,"column":28}},"2":{"start":{"line":35,"column":8},"end":{"line":35,"column":33}},"3":{"start":{"line":57,"column":8},"end":{"line":57,"column":2116}},"4":{"start":{"line":62,"column":8},"end":{"line":62,"column":2338}},"5":{"start":{"line":66,"column":8},"end":{"line":66,"column":2478}},"6":{"start":{"line":67,"column":12},"end":{"line":67,"column":40}},"7":{"start":{"line":68,"column":12},"end":{"line":68,"column":45}}},"branchMap":{"1":{"line":16,"type":"if","locations":[{"start":{"line":16,"column":57},"end":{"line":16,"column":57}},{"start":{"line":16,"column":57},"end":{"line":16,"column":57}}]},"2":{"line":33,"type":"if","locations":[{"start":{"line":33,"column":57},"end":{"line":33,"column":57}},{"start":{"line":33,"column":57},"end":{"line":33,"column":57}}]},"3":{"line":56,"type":"if","locations":[{"start":{"line":56,"column":13},"end":{"line":56,"column":13}},{"start":{"line":56,"column":13},"end":{"line":56,"column":13}}]},"4":{"line":57,"type":"if","locations":[{"start":{"line":57,"column":8},"end":{"line":57,"column":8}},{"start":{"line":57,"column":8},"end":{"line":57,"column":8}}]},"5":{"line":62,"type":"if","locations":[{"start":{"line":62,"column":8},"end":{"line":62,"column":8}},{"start":{"line":62,"column":8},"end":{"line":62,"column":8}}]}}},
"contracts/modules/wrapper/core/PauseModule.sol":{"l":{"39":14,"51":8,"52":4,"54":4,"70":2,"71":2,"72":2,"79":4},"path":"/home/ryan/Downloads/CM/CMTAT/contracts/modules/wrapper/core/PauseModule.sol","s":{"1":14,"2":8,"3":4,"4":2,"5":2,"6":4},"b":{"1":[384,0],"2":[14,6],"3":[8,4],"4":[4,4],"5":[2,4]},"f":{"1":384,"2":14,"3":8,"4":2,"5":4},"fnMap":{"1":{"name":"__PauseModule_init_unchained","line":25,"loc":{"start":{"line":25,"column":4},"end":{"line":27,"column":4}}},"2":{"name":"pause","line":38,"loc":{"start":{"line":38,"column":4},"end":{"line":40,"column":4}}},"3":{"name":"unpause","line":50,"loc":{"start":{"line":50,"column":4},"end":{"line":55,"column":4}}},"4":{"name":"deactivateContract","line":68,"loc":{"start":{"line":66,"column":4},"end":{"line":73,"column":4}}},"5":{"name":"deactivated","line":78,"loc":{"start":{"line":78,"column":4},"end":{"line":80,"column":4}}}},"statementMap":{"1":{"start":{"line":39,"column":8},"end":{"line":39,"column":15}},"2":{"start":{"line":51,"column":8},"end":{"line":51,"column":1637}},"3":{"start":{"line":54,"column":8},"end":{"line":54,"column":17}},"4":{"start":{"line":71,"column":7},"end":{"line":71,"column":14}},"5":{"start":{"line":72,"column":7},"end":{"line":72,"column":37}},"6":{"start":{"line":79,"column":8},"end":{"line":79,"column":28}}},"branchMap":{"1":{"line":25,"type":"if","locations":[{"start":{"line":25,"column":53},"end":{"line":25,"column":53}},{"start":{"line":25,"column":53},"end":{"line":25,"column":53}}]},"2":{"line":38,"type":"if","locations":[{"start":{"line":38,"column":28},"end":{"line":38,"column":28}},{"start":{"line":38,"column":28},"end":{"line":38,"column":28}}]},"3":{"line":50,"type":"if","locations":[{"start":{"line":50,"column":30},"end":{"line":50,"column":30}},{"start":{"line":50,"column":30},"end":{"line":50,"column":30}}]},"4":{"line":51,"type":"if","locations":[{"start":{"line":51,"column":8},"end":{"line":51,"column":8}},{"start":{"line":51,"column":8},"end":{"line":51,"column":8}}]},"5":{"line":68,"type":"if","locations":[{"start":{"line":68,"column":8},"end":{"line":68,"column":8}},{"start":{"line":68,"column":8},"end":{"line":68,"column":8}}]}}},
"contracts/modules/wrapper/extensions/DebtModule/CreditEventsModule.sol":{"l":{"38":2,"39":2,"40":2,"41":2,"50":6,"51":4,"53":2,"54":2,"63":6,"64":4,"66":2,"67":2,"76":2,"77":2},"path":"/home/ryan/Downloads/CM/CMTAT/contracts/modules/wrapper/extensions/DebtModule/CreditEventsModule.sol","s":{"1":2,"2":2,"3":2,"4":6,"5":2,"6":6,"7":2,"8":2},"b":{"1":[384,0],"2":[2,4],"3":[6,4],"4":[4,2],"5":[6,4],"6":[4,2],"7":[2,4]},"f":{"1":384,"2":2,"3":6,"4":6,"5":2},"fnMap":{"1":{"name":"__CreditEvents_init_unchained","line":25,"loc":{"start":{"line":25,"column":4},"end":{"line":27,"column":4}}},"2":{"name":"setCreditEvents","line":37,"loc":{"start":{"line":33,"column":4},"end":{"line":42,"column":4}}},"3":{"name":"setFlagDefault","line":49,"loc":{"start":{"line":47,"column":4},"end":{"line":55,"column":4}}},"4":{"name":"setFlagRedeemed","line":62,"loc":{"start":{"line":60,"column":4},"end":{"line":68,"column":4}}},"5":{"name":"setRating","line":75,"loc":{"start":{"line":73,"column":4},"end":{"line":78,"column":4}}}},"statementMap":{"1":{"start":{"line":39,"column":8},"end":{"line":39,"column":38}},"2":{"start":{"line":40,"column":8},"end":{"line":40,"column":40}},"3":{"start":{"line":41,"column":8},"end":{"line":41,"column":37}},"4":{"start":{"line":50,"column":8},"end":{"line":50,"column":1670}},"5":{"start":{"line":54,"column":8},"end":{"line":54,"column":38}},"6":{"start":{"line":63,"column":8},"end":{"line":63,"column":2113}},"7":{"start":{"line":67,"column":8},"end":{"line":67,"column":40}},"8":{"start":{"line":77,"column":8},"end":{"line":77,"column":37}}},"branchMap":{"1":{"line":25,"type":"if","locations":[{"start":{"line":25,"column":54},"end":{"line":25,"column":54}},{"start":{"line":25,"column":54},"end":{"line":25,"column":54}}]},"2":{"line":37,"type":"if","locations":[{"start":{"line":37,"column":13},"end":{"line":37,"column":13}},{"start":{"line":37,"column":13},"end":{"line":37,"column":13}}]},"3":{"line":49,"type":"if","locations":[{"start":{"line":49,"column":13},"end":{"line":49,"column":13}},{"start":{"line":49,"column":13},"end":{"line":49,"column":13}}]},"4":{"line":50,"type":"if","locations":[{"start":{"line":50,"column":8},"end":{"line":50,"column":8}},{"start":{"line":50,"column":8},"end":{"line":50,"column":8}}]},"5":{"line":62,"type":"if","locations":[{"start":{"line":62,"column":13},"end":{"line":62,"column":13}},{"start":{"line":62,"column":13},"end":{"line":62,"column":13}}]},"6":{"line":63,"type":"if","locations":[{"start":{"line":63,"column":8},"end":{"line":63,"column":8}},{"start":{"line":63,"column":8},"end":{"line":63,"column":8}}]},"7":{"line":75,"type":"if","locations":[{"start":{"line":75,"column":13},"end":{"line":75,"column":13}},{"start":{"line":75,"column":13},"end":{"line":75,"column":13}}]}}},
"contracts/modules/wrapper/extensions/DebtModule/DebtBaseModule.sol":{"l":{"67":2,"68":2,"69":2,"70":2,"71":2,"72":2,"73":2,"77":2,"81":2,"85":2,"89":2,"94":2,"96":2,"103":6,"104":4,"106":2,"107":2,"114":6,"115":4,"117":2,"118":2,"127":2,"128":2,"137":2,"138":2,"147":2,"148":2,"157":2,"158":2,"170":2,"171":2,"180":2,"181":2,"190":2,"191":2,"203":2,"204":2,"216":2,"217":2,"226":2,"227":2},"path":"/home/ryan/Downloads/CM/CMTAT/contracts/modules/wrapper/extensions/DebtModule/DebtBaseModule.sol","s":{"1":2,"2":2,"3":2,"4":2,"5":2,"6":2,"7":2,"8":2,"9":2,"10":2,"11":2,"12":2,"13":6,"14":2,"15":6,"16":2,"17":2,"18":2,"19":2,"20":2,"21":2,"22":2,"23":2,"24":2,"25":2,"26":2},"b":{"1":[384,0],"2":[2,4],"3":[6,4],"4":[4,2],"5":[6,4],"6":[4,2],"7":[2,4],"8":[2,4],"9":[2,4],"10":[2,4],"11":[2,4],"12":[2,4],"13":[2,4],"14":[2,4],"15":[2,4],"16":[2,4]},"f":{"1":384,"2":2,"3":6,"4":6,"5":2,"6":2,"7":2,"8":2,"9":2,"10":2,"11":2,"12":2,"13":2,"14":2},"fnMap":{"1":{"name":"__DebtBaseModule_init_unchained","line":58,"loc":{"start":{"line":58,"column":4},"end":{"line":60,"column":4}}},"2":{"name":"setDebt","line":66,"loc":{"start":{"line":66,"column":4},"end":{"line":97,"column":4}}},"3":{"name":"setInterestRate","line":102,"loc":{"start":{"line":102,"column":4},"end":{"line":108,"column":4}}},"4":{"name":"setParValue","line":113,"loc":{"start":{"line":113,"column":4},"end":{"line":119,"column":4}}},"5":{"name":"setGuarantor","line":126,"loc":{"start":{"line":124,"column":4},"end":{"line":129,"column":4}}},"6":{"name":"setBondHolder","line":136,"loc":{"start":{"line":134,"column":4},"end":{"line":139,"column":4}}},"7":{"name":"setMaturityDate","line":146,"loc":{"start":{"line":144,"column":4},"end":{"line":149,"column":4}}},"8":{"name":"setInterestScheduleFormat","line":156,"loc":{"start":{"line":154,"column":4},"end":{"line":162,"column":4}}},"9":{"name":"setInterestPaymentDate","line":169,"loc":{"start":{"line":167,"column":4},"end":{"line":172,"column":4}}},"10":{"name":"setDayCountConvention","line":179,"loc":{"start":{"line":177,"column":4},"end":{"line":182,"column":4}}},"11":{"name":"setBusinessDayConvention","line":189,"loc":{"start":{"line":187,"column":4},"end":{"line":195,"column":4}}},"12":{"name":"setPublicHolidaysCalendar","line":202,"loc":{"start":{"line":200,"column":4},"end":{"line":208,"column":4}}},"13":{"name":"setIssuanceDate","line":215,"loc":{"start":{"line":213,"column":4},"end":{"line":218,"column":4}}},"14":{"name":"setCouponFrequency","line":225,"loc":{"start":{"line":223,"column":4},"end":{"line":228,"column":4}}}},"statementMap":{"1":{"start":{"line":68,"column":8},"end":{"line":68,"column":45}},"2":{"start":{"line":69,"column":8},"end":{"line":69,"column":37}},"3":{"start":{"line":70,"column":8},"end":{"line":70,"column":56}},"4":{"start":{"line":71,"column":8},"end":{"line":71,"column":59}},"5":{"start":{"line":72,"column":8},"end":{"line":72,"column":65}},"6":{"start":{"line":73,"column":8},"end":{"line":73,"column":2507}},"7":{"start":{"line":77,"column":8},"end":{"line":77,"column":2638}},"8":{"start":{"line":81,"column":8},"end":{"line":81,"column":2760}},"9":{"start":{"line":85,"column":8},"end":{"line":85,"column":2879}},"10":{"start":{"line":89,"column":8},"end":{"line":89,"column":3007}},"11":{"start":{"line":94,"column":8},"end":{"line":94,"column":65}},"12":{"start":{"line":96,"column":8},"end":{"line":96,"column":74}},"13":{"start":{"line":103,"column":8},"end":{"line":103,"column":3490}},"14":{"start":{"line":107,"column":8},"end":{"line":107,"column":40}},"15":{"start":{"line":114,"column":8},"end":{"line":114,"column":3886}},"16":{"start":{"line":118,"column":8},"end":{"line":118,"column":32}},"17":{"start":{"line":128,"column":8},"end":{"line":128,"column":46}},"18":{"start":{"line":138,"column":8},"end":{"line":138,"column":49}},"19":{"start":{"line":148,"column":8},"end":{"line":148,"column":55}},"20":{"start":{"line":158,"column":8},"end":{"line":158,"column":5320}},"21":{"start":{"line":171,"column":8},"end":{"line":171,"column":76}},"22":{"start":{"line":181,"column":8},"end":{"line":181,"column":73}},"23":{"start":{"line":191,"column":8},"end":{"line":191,"column":6510}},"24":{"start":{"line":204,"column":8},"end":{"line":204,"column":6946}},"25":{"start":{"line":217,"column":8},"end":{"line":217,"column":55}},"26":{"start":{"line":227,"column":8},"end":{"line":227,"column":64}}},"branchMap":{"1":{"line":58,"type":"if","locations":[{"start":{"line":58,"column":56},"end":{"line":58,"column":56}},{"start":{"line":58,"column":56},"end":{"line":58,"column":56}}]},"2":{"line":66,"type":"if","locations":[{"start":{"line":66,"column":53},"end":{"line":66,"column":53}},{"start":{"line":66,"column":53},"end":{"line":66,"column":53}}]},"3":{"line":102,"type":"if","locations":[{"start":{"line":102,"column":59},"end":{"line":102,"column":59}},{"start":{"line":102,"column":59},"end":{"line":102,"column":59}}]},"4":{"line":103,"type":"if","locations":[{"start":{"line":103,"column":8},"end":{"line":103,"column":8}},{"start":{"line":103,"column":8},"end":{"line":103,"column":8}}]},"5":{"line":113,"type":"if","locations":[{"start":{"line":113,"column":51},"end":{"line":113,"column":51}},{"start":{"line":113,"column":51},"end":{"line":113,"column":51}}]},"6":{"line":114,"type":"if","locations":[{"start":{"line":114,"column":8},"end":{"line":114,"column":8}},{"start":{"line":114,"column":8},"end":{"line":114,"column":8}}]},"7":{"line":126,"type":"if","locations":[{"start":{"line":126,"column":13},"end":{"line":126,"column":13}},{"start":{"line":126,"column":13},"end":{"line":126,"column":13}}]},"8":{"line":136,"type":"if","locations":[{"start":{"line":136,"column":13},"end":{"line":136,"column":13}},{"start":{"line":136,"column":13},"end":{"line":136,"column":13}}]},"9":{"line":146,"type":"if","locations":[{"start":{"line":146,"column":13},"end":{"line":146,"column":13}},{"start":{"line":146,"column":13},"end":{"line":146,"column":13}}]},"10":{"line":156,"type":"if","locations":[{"start":{"line":156,"column":13},"end":{"line":156,"column":13}},{"start":{"line":156,"column":13},"end":{"line":156,"column":13}}]},"11":{"line":169,"type":"if","locations":[{"start":{"line":169,"column":13},"end":{"line":169,"column":13}},{"start":{"line":169,"column":13},"end":{"line":169,"column":13}}]},"12":{"line":179,"type":"if","locations":[{"start":{"line":179,"column":13},"end":{"line":179,"column":13}},{"start":{"line":179,"column":13},"end":{"line":179,"column":13}}]},"13":{"line":189,"type":"if","locations":[{"start":{"line":189,"column":13},"end":{"line":189,"column":13}},{"start":{"line":189,"column":13},"end":{"line":189,"column":13}}]},"14":{"line":202,"type":"if","locations":[{"start":{"line":202,"column":13},"end":{"line":202,"column":13}},{"start":{"line":202,"column":13},"end":{"line":202,"column":13}}]},"15":{"line":215,"type":"if","locations":[{"start":{"line":215,"column":13},"end":{"line":215,"column":13}},{"start":{"line":215,"column":13},"end":{"line":215,"column":13}}]},"16":{"line":225,"type":"if","locations":[{"start":{"line":225,"column":13},"end":{"line":225,"column":13}},{"start":{"line":225,"column":13},"end":{"line":225,"column":13}}]}}},
"contracts/modules/wrapper/extensions/ERC20SnapshotModule.sol":{"l":{"29":176,"40":16,"52":38,"63":18,"73":16},"path":"/home/ryan/Downloads/CM/CMTAT/contracts/modules/wrapper/extensions/ERC20SnapshotModule.sol","s":{"1":176,"2":16,"3":38,"4":18,"5":16},"b":{"1":[384,0],"2":[176,4],"3":[16,4],"4":[38,4],"5":[18,4],"6":[16,4]},"f":{"1":384,"2":176,"3":16,"4":38,"5":18,"6":16},"fnMap":{"1":{"name":"__ERC20SnasphotModule_init_unchained","line":19,"loc":{"start":{"line":19,"column":4},"end":{"line":21,"column":4}}},"2":{"name":"scheduleSnapshot","line":28,"loc":{"start":{"line":28,"column":4},"end":{"line":30,"column":4}}},"3":{"name":"scheduleSnapshotNotOptimized","line":39,"loc":{"start":{"line":37,"column":4},"end":{"line":41,"column":4}}},"4":{"name":"rescheduleSnapshot","line":51,"loc":{"start":{"line":48,"column":4},"end":{"line":53,"column":4}}},"5":{"name":"unscheduleLastSnapshot","line":62,"loc":{"start":{"line":60,"column":4},"end":{"line":64,"column":4}}},"6":{"name":"unscheduleSnapshotNotOptimized","line":72,"loc":{"start":{"line":70,"column":4},"end":{"line":74,"column":4}}}},"statementMap":{"1":{"start":{"line":29,"column":8},"end":{"line":29,"column":30}},"2":{"start":{"line":40,"column":8},"end":{"line":40,"column":42}},"3":{"start":{"line":52,"column":8},"end":{"line":52,"column":44}},"4":{"start":{"line":63,"column":8},"end":{"line":63,"column":36}},"5":{"start":{"line":73,"column":8},"end":{"line":73,"column":44}}},"branchMap":{"1":{"line":19,"type":"if","locations":[{"start":{"line":19,"column":61},"end":{"line":19,"column":61}},{"start":{"line":19,"column":61},"end":{"line":19,"column":61}}]},"2":{"line":28,"type":"if","locations":[{"start":{"line":28,"column":51},"end":{"line":28,"column":51}},{"start":{"line":28,"column":51},"end":{"line":28,"column":51}}]},"3":{"line":39,"type":"if","locations":[{"start":{"line":39,"column":13},"end":{"line":39,"column":13}},{"start":{"line":39,"column":13},"end":{"line":39,"column":13}}]},"4":{"line":51,"type":"if","locations":[{"start":{"line":51,"column":13},"end":{"line":51,"column":13}},{"start":{"line":51,"column":13},"end":{"line":51,"column":13}}]},"5":{"line":62,"type":"if","locations":[{"start":{"line":62,"column":13},"end":{"line":62,"column":13}},{"start":{"line":62,"column":13},"end":{"line":62,"column":13}}]},"6":{"line":72,"type":"if","locations":[{"start":{"line":72,"column":13},"end":{"line":72,"column":13}},{"start":{"line":72,"column":13},"end":{"line":72,"column":13}}]}}},
"contracts/modules/wrapper/extensions/MetaTxModule.sol":{"l":{},"path":"/home/ryan/Downloads/CM/CMTAT/contracts/modules/wrapper/extensions/MetaTxModule.sol","s":{},"b":{},"f":{"1":199},"fnMap":{"1":{"name":"constructor","line":19,"loc":{"start":{"line":17,"column":4},"end":{"line":21,"column":4}}}},"statementMap":{},"branchMap":{}},
"contracts/test/proxy/CMTAT_PROXY.sol":{"l":{},"path":"/home/ryan/Downloads/CM/CMTAT/contracts/test/proxy/CMTAT_PROXY.sol","s":{},"b":{},"f":{"1":1},"fnMap":{"1":{"name":"constructor","line":18,"loc":{"start":{"line":16,"column":4},"end":{"line":20,"column":4}}}},"statementMap":{},"branchMap":{}}}
