TN:
SF:/home/ryan/Downloads/CM/CMTAT_old2/contracts/CMTAT_PROXY_UUPS.sol
FN:19,constructor
FN:40,initialize
FN:52,_authorizeUpgrade
FNF:3
FNH:3
FNDA:9,constructor
FNDA:5,initialize
FNDA:2,_authorizeUpgrade
DA:21,9
DA:41,5
DA:45,5
LF:3
LH:3
BRDA:40,1,0,5
BRDA:40,1,1,0
BRDA:52,2,0,2
BRDA:52,2,1,1
BRF:4
BRH:3
end_of_record
TN:
SF:/home/ryan/Downloads/CM/CMTAT_old2/contracts/CMTAT_PROXY.sol
FN:18,constructor
FNF:1
FNH:1
FNDA:198,constructor
DA:20,198
LF:1
LH:1
BRF:0
BRH:0
end_of_record
TN:
SF:/home/ryan/Downloads/CM/CMTAT_old2/contracts/CMTAT_STANDALONE.sol
FN:26,constructor
FNF:1
FNH:1
FNDA:191,constructor
DA:29,191
LF:1
LH:1
BRF:0
BRH:0
end_of_record
TN:
SF:/home/ryan/Downloads/CM/CMTAT_old2/contracts/deployment/CMTAT_BEACON_FACTORY.sol
FN:23,constructor
FN:44,deployCMTAT
FN:58,computedProxyAddress
FN:72,implementation
FN:83,_deployBytecode
FN:97,_getBytecode
FNF:6
FNH:6
FNDA:8,constructor
FNDA:2,deployCMTAT
FNDA:2,computedProxyAddress
FNDA:1,implementation
FNDA:2,_deployBytecode
FNDA:4,_getBytecode
DA:24,8
DA:25,1
DA:27,7
DA:28,1
DA:30,6
DA:45,2
DA:46,2
DA:49,2
DA:50,2
DA:62,2
DA:65,2
DA:73,1
DA:84,2
DA:85,2
DA:86,2
DA:87,2
DA:88,2
DA:89,2
DA:90,2
DA:100,4
DA:107,4
LF:21
LH:21
BRDA:24,1,0,1
BRDA:24,1,1,7
BRDA:27,2,0,1
BRDA:27,2,1,6
BRDA:44,3,0,2
BRDA:44,3,1,1
BRF:6
BRH:6
end_of_record
TN:
SF:/home/ryan/Downloads/CM/CMTAT_old2/contracts/deployment/CMTAT_TP_FACTORY.sol
FN:15,constructor
FN:28,deployCMTAT
FN:44,computedProxyAddress
FN:64,_deployBytecode
FN:78,_getBytecode
FNF:5
FNH:5
FNDA:9,constructor
FNDA:7,deployCMTAT
FNDA:2,computedProxyAddress
FNDA:5,_deployBytecode
FNDA:7,_getBytecode
DA:29,7
DA:30,5
DA:33,5
DA:35,5
DA:49,2
DA:52,2
DA:65,5
DA:66,5
DA:67,5
DA:68,5
DA:69,5
DA:70,5
DA:71,5
DA:81,7
DA:88,7
LF:15
LH:15
BRDA:28,1,0,7
BRDA:28,1,1,2
BRF:2
BRH:2
end_of_record
TN:
SF:/home/ryan/Downloads/CM/CMTAT_old2/contracts/deployment/CMTAT_UUPS_FACTORY.sol
FN:18,constructor
FN:31,deployCMTAT
FN:46,computedProxyAddress
FN:63,_deployBytecode
FN:77,_getBytecode
FNF:5
FNH:5
FNDA:5,constructor
FNDA:2,deployCMTAT
FNDA:2,computedProxyAddress
FNDA:2,_deployBytecode
FNDA:4,_getBytecode
DA:32,2
DA:33,2
DA:36,2
DA:38,2
DA:50,2
DA:53,2
DA:64,2
DA:65,2
DA:66,2
DA:67,2
DA:68,2
DA:69,2
DA:70,2
DA:80,4
DA:87,4
LF:15
LH:15
BRDA:31,1,0,2
BRDA:31,1,1,1
BRF:2
BRH:2
end_of_record
TN:
SF:/home/ryan/Downloads/CM/CMTAT_old2/contracts/deployment/libraries/CMTATFactoryBase.sol
FN:18,constructor
FNF:1
FNH:1
FNDA:16,constructor
DA:19,16
DA:20,2
DA:22,14
LF:3
LH:3
BRDA:19,1,0,2
BRDA:19,1,1,14
BRF:2
BRH:2
end_of_record
TN:
SF:/home/ryan/Downloads/CM/CMTAT_old2/contracts/deployment/libraries/CMTATFactoryInvariant.sol
FNF:0
FNH:0
LF:0
LH:0
BRF:0
BRH:0
end_of_record
TN:
SF:/home/ryan/Downloads/CM/CMTAT_old2/contracts/deployment/libraries/CMTATFactoryRoot.sol
FN:25,constructor
FN:45,CMTATProxyAddress
FN:58,_checkAndDetermineDeploymentSalt
FNF:3
FNH:3
FNDA:27,constructor
FNDA:13,CMTATProxyAddress
FNDA:11,_checkAndDetermineDeploymentSalt
DA:26,27
DA:27,3
DA:29,24
DA:30,15
DA:32,24
DA:33,24
DA:46,13
DA:59,11
DA:60,5
DA:61,2
DA:63,3
DA:64,3
DA:67,6
LF:13
LH:13
BRDA:26,1,0,3
BRDA:26,1,1,24
BRDA:29,2,0,15
BRDA:29,2,1,9
BRDA:59,3,0,5
BRDA:59,3,1,6
BRDA:60,4,0,2
BRDA:60,4,1,3
BRF:8
BRH:8
end_of_record
TN:
SF:/home/ryan/Downloads/CM/CMTAT_old2/contracts/interfaces/draft-IERC1404/draft-IERC1404.sol
FNF:0
FNH:0
LF:0
LH:0
BRF:0
BRH:0
end_of_record
TN:
SF:/home/ryan/Downloads/CM/CMTAT_old2/contracts/interfaces/draft-IERC1404/draft-IERC1404EnumCode.sol
FNF:0
FNH:0
LF:0
LH:0
BRF:0
BRH:0
end_of_record
TN:
SF:/home/ryan/Downloads/CM/CMTAT_old2/contracts/interfaces/draft-IERC1404/draft-IERC1404Wrapper.sol
FNF:0
FNH:0
LF:0
LH:0
BRF:0
BRH:0
end_of_record
TN:
SF:/home/ryan/Downloads/CM/CMTAT_old2/contracts/interfaces/engine/draft-IERC1643.sol
FNF:0
FNH:0
LF:0
LH:0
BRF:0
BRH:0
end_of_record
TN:
SF:/home/ryan/Downloads/CM/CMTAT_old2/contracts/interfaces/engine/IAuthorizationEngine.sol
FNF:0
FNH:0
LF:0
LH:0
BRF:0
BRH:0
end_of_record
TN:
SF:/home/ryan/Downloads/CM/CMTAT_old2/contracts/interfaces/engine/IDebtEngine.sol
FNF:0
FNH:0
LF:0
LH:0
BRF:0
BRH:0
end_of_record
TN:
SF:/home/ryan/Downloads/CM/CMTAT_old2/contracts/interfaces/engine/IDebtGlobal.sol
FNF:0
FNH:0
LF:0
LH:0
BRF:0
BRH:0
end_of_record
TN:
SF:/home/ryan/Downloads/CM/CMTAT_old2/contracts/interfaces/engine/IRuleEngine.sol
FNF:0
FNH:0
LF:0
LH:0
BRF:0
BRH:0
end_of_record
TN:
SF:/home/ryan/Downloads/CM/CMTAT_old2/contracts/interfaces/ICCIPToken.sol
FNF:0
FNH:0
LF:0
LH:0
BRF:0
BRH:0
end_of_record
TN:
SF:/home/ryan/Downloads/CM/CMTAT_old2/contracts/interfaces/ICMTATConstructor.sol
FNF:0
FNH:0
LF:0
LH:0
BRF:0
BRH:0
end_of_record
TN:
SF:/home/ryan/Downloads/CM/CMTAT_old2/contracts/interfaces/ICMTATSnapshot.sol
FNF:0
FNH:0
LF:0
LH:0
BRF:0
BRH:0
end_of_record
TN:
SF:/home/ryan/Downloads/CM/CMTAT_old2/contracts/libraries/Errors.sol
FNF:0
FNH:0
LF:0
LH:0
BRF:0
BRH:0
end_of_record
TN:
SF:/home/ryan/Downloads/CM/CMTAT_old2/contracts/libraries/FactoryErrors.sol
FNF:0
FNH:0
LF:0
LH:0
BRF:0
BRH:0
end_of_record
TN:
SF:/home/ryan/Downloads/CM/CMTAT_old2/contracts/modules/CMTAT_BASE.sol
FN:64,initialize
FN:82,__CMTAT_init
FN:131,__CMTAT_init_unchained
FN:143,decimals
FN:153,transferFrom
FN:177,burnAndMint
FN:189,_update
FN:211,_msgSender
FN:223,_contextSuffixLength
FN:232,_msgData
FNF:10
FNH:9
FNDA:384,initialize
FNDA:384,__CMTAT_init
FNDA:382,__CMTAT_init_unchained
FNDA:2,decimals
FNDA:10,transferFrom
FNDA:6,burnAndMint
FNDA:438,_update
FNDA:1389,_msgSender
FNDA:1389,_contextSuffixLength
FNDA:0,_msgData
DA:65,384
DA:85,384
DA:86,384
DA:88,384
DA:90,384
DA:91,384
DA:94,384
DA:99,384
DA:100,384
DA:102,384
DA:106,384
DA:107,382
DA:108,382
DA:110,382
DA:111,382
DA:113,382
DA:114,382
DA:120,382
DA:121,382
DA:122,382
DA:125,382
DA:128,382
DA:150,2
DA:163,10
DA:178,6
DA:179,4
DA:194,438
DA:195,17
DA:202,421
DA:203,421
DA:217,1389
DA:226,1389
DA:238,0
LF:33
LH:32
BRDA:64,1,0,384
BRDA:64,1,1,1
BRDA:82,2,0,384
BRDA:82,2,1,0
BRDA:131,3,0,382
BRDA:131,3,1,0
BRDA:194,4,0,17
BRDA:194,4,1,421
BRF:8
BRH:6
end_of_record
TN:
SF:/home/ryan/Downloads/CM/CMTAT_old2/contracts/modules/internal/base/SnapshotModuleBase.sol
FN:70,__SnapshotModuleBase_init_unchained
FN:82,getAllSnapshots
FN:91,getNextSnapshots
FN:131,_scheduleSnapshot
FN:158,_scheduleSnapshotNotOptimized
FN:187,_rescheduleSnapshot
FN:224,_unscheduleLastSnapshot
FN:245,_unscheduleSnapshotNotOptimized
FN:264,_valueAt
FN:297,_updateSnapshot
FN:314,_setCurrentSnapshot
FN:329,_lastSnapshot
FN:343,_findScheduledSnapshotIndex
FN:370,_findScheduledMostRecentPastSnapshot
FN:403,_findAndRevertScheduledSnapshotIndex
FN:412,_checkTimeInThePast
FN:420,_checkTimeSnapshotAlreadyDone
FN:427,_getSnapshotModuleBaseStorage
FNF:18
FNH:18
FNDA:384,__SnapshotModuleBase_init_unchained
FNDA:2,getAllSnapshots
FNDA:76,getNextSnapshots
FNDA:170,_scheduleSnapshot
FNDA:12,_scheduleSnapshotNotOptimized
FNDA:22,_rescheduleSnapshot
FNDA:14,_unscheduleLastSnapshot
FNDA:10,_unscheduleSnapshotNotOptimized
FNDA:1920,_valueAt
FNDA:842,_updateSnapshot
FNDA:421,_setCurrentSnapshot
FNDA:842,_lastSnapshot
FNDA:36,_findScheduledSnapshotIndex
FNDA:489,_findScheduledMostRecentPastSnapshot
FNDA:26,_findAndRevertScheduledSnapshotIndex
FNDA:202,_checkTimeInThePast
FNDA:46,_checkTimeSnapshotAlreadyDone
FNDA:4856,_getSnapshotModuleBaseStorage
DA:83,2
DA:84,2
DA:92,76
DA:93,76
DA:95,76
DA:96,68
DA:101,68
DA:102,48
DA:105,20
DA:107,8
DA:110,8
DA:112,8
DA:113,8
DA:120,28
DA:132,170
DA:134,170
DA:136,168
DA:138,94
DA:141,94
DA:142,2
DA:148,2
DA:151,164
DA:152,164
DA:159,12
DA:160,12
DA:161,10
DA:163,10
DA:164,2
DA:167,8
DA:168,2
DA:170,6
DA:173,6
DA:174,10
DA:175,10
DA:176,10
DA:179,6
DA:181,8
DA:188,22
DA:190,22
DA:191,20
DA:192,18
DA:193,2
DA:195,16
DA:196,12
DA:197,8
DA:198,8
DA:199,2
DA:205,2
DA:208,8
DA:209,4
DA:210,2
DA:216,6
DA:218,6
DA:225,14
DA:227,14
DA:228,10
DA:229,2
DA:232,8
DA:233,2
DA:235,6
DA:236,6
DA:246,10
DA:247,10
DA:249,10
DA:251,8
DA:252,6
DA:254,8
DA:282,1920
DA:284,1920
DA:285,1484
DA:287,436
DA:301,842
DA:302,842
DA:303,842
DA:304,36
DA:305,36
DA:315,421
DA:316,421
DA:320,421
DA:321,18
DA:322,18
DA:332,842
DA:333,834
DA:335,8
DA:346,36
DA:347,36
DA:348,36
DA:350,36
DA:354,22
DA:358,8
DA:362,6
DA:375,489
DA:376,489
DA:378,489
DA:382,403
DA:385,86
DA:386,86
DA:388,86
DA:389,116
DA:390,52
DA:391,52
DA:394,64
DA:397,86
DA:406,26
DA:407,26
DA:408,6
DA:410,20
DA:413,202
DA:414,6
DA:421,46
DA:422,6
DA:428,4856
LF:112
LH:112
BRDA:70,1,0,384
BRDA:70,1,1,0
BRDA:95,2,0,68
BRDA:95,2,1,8
BRDA:101,3,0,48
BRDA:101,3,1,20
BRDA:105,4,0,8
BRDA:105,4,1,12
BRDA:136,5,0,94
BRDA:136,5,1,74
BRDA:141,6,0,2
BRDA:141,6,1,92
BRDA:147,7,0,2
BRDA:147,7,1,90
BRDA:163,8,0,2
BRDA:163,8,1,8
BRDA:167,9,0,2
BRDA:167,9,1,6
BRDA:192,10,0,2
BRDA:192,10,1,16
BRDA:196,11,0,8
BRDA:196,11,1,4
BRDA:198,12,0,2
BRDA:198,12,1,6
BRDA:204,13,0,2
BRDA:204,13,1,4
BRDA:208,14,0,4
BRDA:208,14,1,4
BRDA:209,15,0,2
BRDA:209,15,1,2
BRDA:228,16,0,2
BRDA:228,16,1,8
BRDA:232,17,0,2
BRDA:232,17,1,6
BRDA:284,18,0,1484
BRDA:284,18,1,436
BRDA:303,19,0,36
BRDA:303,19,1,806
BRDA:320,20,0,18
BRDA:320,20,1,403
BRDA:332,21,0,834
BRDA:332,21,1,8
BRDA:350,22,0,22
BRDA:350,22,1,14
BRDA:357,23,0,8
BRDA:357,23,1,6
BRDA:378,24,0,403
BRDA:378,24,1,86
BRDA:379,25,0,403
BRDA:379,25,1,0
BRDA:389,26,0,52
BRDA:389,26,1,64
BRDA:407,27,0,6
BRDA:407,27,1,20
BRDA:413,28,0,6
BRDA:413,28,1,196
BRDA:421,29,0,6
BRDA:421,29,1,40
BRF:58
BRH:56
end_of_record
TN:
SF:/home/ryan/Downloads/CM/CMTAT_old2/contracts/modules/internal/EnforcementModuleInternal.sol
FN:53,__Enforcement_init_unchained
FN:64,frozen
FN:79,_freeze
FN:97,_unfreeze
FN:112,_getEnforcementModuleInternalStorage
FNF:5
FNH:5
FNDA:384,__Enforcement_init_unchained
FNDA:944,frozen
FNDA:22,_freeze
FNDA:8,_unfreeze
FNDA:974,_getEnforcementModuleInternalStorage
DA:65,944
DA:66,944
DA:83,22
DA:84,22
DA:85,2
DA:87,20
DA:88,20
DA:89,20
DA:101,8
DA:102,8
DA:103,2
DA:105,6
DA:106,6
DA:108,6
DA:113,974
LF:15
LH:15
BRDA:53,1,0,384
BRDA:53,1,1,0
BRDA:84,2,0,2
BRDA:84,2,1,20
BRDA:102,3,0,2
BRDA:102,3,1,6
BRF:6
BRH:5
end_of_record
TN:
SF:/home/ryan/Downloads/CM/CMTAT_old2/contracts/modules/internal/ERC20SnapshotModuleInternal.sol
FN:21,__ERC20Snapshot_init_unchained
FN:34,snapshotInfo
FN:43,snapshotInfoBatch
FN:55,snapshotInfoBatch
FN:67,snapshotBalanceOf
FN:85,snapshotTotalSupply
FN:102,_snapshotUpdate
FN:127,_updateAccountSnapshot
FN:135,_updateTotalSupplySnapshot
FNF:9
FNH:9
FNDA:384,__ERC20Snapshot_init_unchained
FNDA:480,snapshotInfo
FNDA:160,snapshotInfoBatch
FNDA:80,snapshotInfoBatch
FNDA:1200,snapshotBalanceOf
FNDA:720,snapshotTotalSupply
FNDA:421,_snapshotUpdate
FNDA:464,_updateAccountSnapshot
FNDA:378,_updateTotalSupplySnapshot
DA:35,480
DA:36,480
DA:44,160
DA:45,160
DA:46,480
DA:48,160
DA:56,80
DA:57,80
DA:58,80
DA:59,80
DA:71,1200
DA:72,1200
DA:77,1200
DA:86,720
DA:87,720
DA:91,720
DA:106,421
DA:107,421
DA:109,77
DA:110,77
DA:112,43
DA:115,34
DA:119,344
DA:120,344
DA:128,464
DA:129,464
DA:136,378
DA:137,378
LF:28
LH:28
BRDA:21,1,0,384
BRDA:21,1,1,0
BRDA:77,2,0,400
BRDA:77,2,1,800
BRDA:91,3,0,36
BRDA:91,3,1,684
BRDA:107,4,0,77
BRDA:107,4,1,344
BRDA:110,5,0,43
BRDA:110,5,1,34
BRF:10
BRH:9
end_of_record
TN:
SF:/home/ryan/Downloads/CM/CMTAT_old2/contracts/modules/internal/ValidationModuleInternal.sol
FN:32,__Validation_init_unchained
FN:45,ruleEngine
FN:58,_validateTransfer
FN:70,_messageForTransferRestriction
FN:80,_detectTransferRestriction
FN:89,_operateOnTransfer
FN:96,_getValidationModuleInternalStorage
FNF:7
FNH:7
FNDA:384,__Validation_init_unchained
FNDA:32,ruleEngine
FNDA:12,_validateTransfer
FNDA:6,_messageForTransferRestriction
FNDA:6,_detectTransferRestriction
FNDA:60,_operateOnTransfer
FNDA:628,_getValidationModuleInternalStorage
DA:33,384
DA:34,18
DA:35,18
DA:36,18
DA:46,32
DA:47,32
DA:63,12
DA:64,12
DA:73,6
DA:74,6
DA:85,6
DA:86,6
DA:90,60
DA:91,60
DA:97,628
LF:15
LH:15
BRDA:32,1,0,384
BRDA:32,1,1,0
BRDA:33,2,0,18
BRDA:33,2,1,366
BRF:4
BRH:3
end_of_record
TN:
SF:/home/ryan/Downloads/CM/CMTAT_old2/contracts/modules/security/AuthorizationModule.sol
FN:31,__AuthorizationModule_init_unchained
FN:48,authorizationEngine
FN:60,setAuthorizationEngine
FN:69,grantRole
FN:81,revokeRole
FN:96,hasRole
FN:114,_getAuthorizationModuleStorage
FNF:7
FNH:7
FNDA:384,__AuthorizationModule_init_unchained
FNDA:2,authorizationEngine
FNDA:16,setAuthorizationEngine
FNDA:40,grantRole
FNDA:10,revokeRole
FNDA:1283,hasRole
FNDA:84,_getAuthorizationModuleStorage
DA:32,384
DA:33,2
DA:35,382
DA:36,382
DA:37,16
DA:38,16
DA:39,16
DA:49,2
DA:50,2
DA:61,16
DA:62,16
DA:63,4
DA:65,12
DA:66,12
DA:70,40
DA:71,40
DA:72,8
DA:73,8
DA:75,4
DA:78,36
DA:82,10
DA:83,10
DA:84,8
DA:85,8
DA:87,4
DA:90,6
DA:101,1283
DA:102,759
DA:104,524
DA:115,84
LF:30
LH:30
BRDA:31,1,0,384
BRDA:31,1,1,0
BRDA:32,2,0,2
BRDA:32,2,1,382
BRDA:36,3,0,16
BRDA:36,3,1,366
BRDA:60,4,0,16
BRDA:60,4,1,4
BRDA:62,5,0,4
BRDA:62,5,1,12
BRDA:69,6,0,40
BRDA:69,6,1,2
BRDA:71,7,0,8
BRDA:71,7,1,32
BRDA:73,8,0,4
BRDA:73,8,1,4
BRDA:81,9,0,10
BRDA:81,9,1,2
BRDA:83,10,0,8
BRDA:83,10,1,2
BRDA:85,11,0,4
BRDA:85,11,1,4
BRDA:101,12,0,759
BRDA:101,12,1,524
BRF:24
BRH:23
end_of_record
TN:
SF:/home/ryan/Downloads/CM/CMTAT_old2/contracts/modules/wrapper/controllers/ValidationModule.sol
FN:28,__ValidationModule_init_unchained
FN:43,setRuleEngine
FN:57,messageForTransferRestriction
FN:92,detectTransferRestriction
FN:111,validateTransfer
FN:130,_validateTransferByModule
FN:141,_operateOnTransfer
FNF:7
FNH:7
FNDA:382,__ValidationModule_init_unchained
FNDA:18,setRuleEngine
FNDA:20,messageForTransferRestriction
FNDA:17,detectTransferRestriction
FNDA:19,validateTransfer
FNDA:457,_validateTransferByModule
FNDA:438,_operateOnTransfer
DA:44,18
DA:45,18
DA:46,3
DA:48,15
DA:49,15
DA:60,20
DA:61,20
DA:62,3
DA:67,4
DA:72,2
DA:77,2
DA:79,6
DA:81,3
DA:97,17
DA:98,17
DA:99,4
DA:101,2
DA:103,2
DA:105,6
DA:107,3
DA:116,19
DA:117,4
DA:119,15
DA:120,15
DA:121,12
DA:123,3
DA:135,457
DA:136,18
DA:138,439
DA:142,438
DA:143,14
DA:145,424
DA:146,424
DA:147,60
DA:149,364
LF:35
LH:35
BRDA:28,1,0,382
BRDA:28,1,1,0
BRDA:43,2,0,18
BRDA:43,2,1,3
BRDA:45,3,0,3
BRDA:45,3,1,15
BRDA:61,4,0,3
BRDA:61,4,1,17
BRDA:63,5,0,4
BRDA:63,5,1,13
BRDA:68,6,0,2
BRDA:68,6,1,11
BRDA:73,7,0,2
BRDA:73,7,1,9
BRDA:78,8,0,6
BRDA:78,8,1,3
BRDA:98,9,0,4
BRDA:98,9,1,13
BRDA:100,10,0,2
BRDA:100,10,1,11
BRDA:102,11,0,2
BRDA:102,11,1,9
BRDA:104,12,0,6
BRDA:104,12,1,3
BRDA:116,13,0,4
BRDA:116,13,1,15
BRDA:120,14,0,12
BRDA:120,14,1,3
BRDA:135,15,0,18
BRDA:135,15,1,439
BRDA:135,16,0,12
BRDA:135,16,1,4
BRDA:135,17,0,4
BRDA:135,17,1,2
BRDA:142,18,0,14
BRDA:142,18,1,424
BRDA:146,19,0,60
BRDA:146,19,1,364
BRF:38
BRH:37
end_of_record
TN:
SF:/home/ryan/Downloads/CM/CMTAT_old2/contracts/modules/wrapper/core/BaseModule.sol
FN:44,__Base_init_unchained
FN:55,tokenId
FN:60,terms
FN:64,information
FN:74,setTokenId
FN:85,setTerms
FN:96,setInformation
FN:108,_getBaseModuleStorage
FNF:8
FNH:8
FNDA:382,__Base_init_unchained
FNDA:10,tokenId
FNDA:10,terms
FNDA:8,information
FNDA:2,setTokenId
FNDA:2,setTerms
FNDA:2,setInformation
FNDA:416,_getBaseModuleStorage
DA:45,382
DA:46,382
DA:47,382
DA:48,382
DA:56,10
DA:57,10
DA:61,10
DA:62,10
DA:65,8
DA:66,8
DA:75,2
DA:76,2
DA:77,2
DA:86,2
DA:87,2
DA:88,2
DA:97,2
DA:98,2
DA:99,2
DA:109,416
LF:20
LH:20
BRDA:44,1,0,382
BRDA:44,1,1,0
BRDA:74,2,0,2
BRDA:74,2,1,2
BRDA:85,3,0,2
BRDA:85,3,1,2
BRDA:96,4,0,2
BRDA:96,4,1,2
BRF:8
BRH:7
end_of_record
TN:
SF:/home/ryan/Downloads/CM/CMTAT_old2/contracts/modules/wrapper/core/EnforcementModule.sol
FN:27,__EnforcementModule_init_unchained
FN:42,freeze
FN:56,unfreeze
FNF:3
FNH:3
FNDA:382,__EnforcementModule_init_unchained
FNDA:22,freeze
FNDA:8,unfreeze
DA:43,22
DA:57,8
LF:2
LH:2
BRDA:27,1,0,382
BRDA:27,1,1,0
BRDA:42,2,0,22
BRDA:42,2,1,2
BRDA:56,3,0,8
BRDA:56,3,1,2
BRF:6
BRH:5
end_of_record
TN:
SF:/home/ryan/Downloads/CM/CMTAT_old2/contracts/modules/wrapper/core/ERC20BaseModule.sol
FN:41,__ERC20BaseModule_init_unchained
FN:53,decimals
FN:70,transferBatch
FN:100,transferFrom
FN:119,balanceInfo
FN:134,_getERC20BaseModuleStorage
FNF:6
FNH:6
FNDA:382,__ERC20BaseModule_init_unchained
FNDA:2,decimals
FNDA:10,transferBatch
FNDA:10,transferFrom
FNDA:4,balanceInfo
FNDA:384,_getERC20BaseModuleStorage
DA:42,382
DA:43,382
DA:54,2
DA:55,2
DA:74,10
DA:75,2
DA:79,8
DA:80,4
DA:83,4
DA:86,10
DA:90,2
DA:105,10
DA:107,2
DA:108,2
DA:111,2
DA:120,4
DA:121,4
DA:122,2
DA:124,4
DA:135,384
LF:20
LH:20
BRDA:41,1,0,382
BRDA:41,1,1,0
BRDA:74,2,0,2
BRDA:74,2,1,8
BRDA:79,3,0,4
BRDA:79,3,1,4
BRDA:107,4,0,2
BRDA:107,4,1,0
BRF:8
BRH:6
end_of_record
TN:
SF:/home/ryan/Downloads/CM/CMTAT_old2/contracts/modules/wrapper/core/ERC20BurnModule.sol
FN:32,__ERC20BurnModule_init_unchained
FN:53,burn
FN:77,burnBatch
FN:109,burnFrom
FNF:4
FNH:4
FNDA:382,__ERC20BurnModule_init_unchained
FNDA:14,burn
FNDA:12,burnBatch
FNDA:4,burnFrom
DA:54,14
DA:55,12
DA:78,12
DA:79,2
DA:83,10
DA:84,4
DA:87,6
DA:88,18
DA:89,16
DA:112,4
DA:113,4
DA:114,4
DA:116,2
DA:119,2
DA:120,2
DA:123,2
DA:125,2
DA:127,2
LF:18
LH:18
BRDA:32,1,0,382
BRDA:32,1,1,0
BRDA:53,2,0,14
BRDA:53,2,1,4
BRDA:77,3,0,12
BRDA:77,3,1,2
BRDA:78,4,0,2
BRDA:78,4,1,10
BRDA:83,5,0,4
BRDA:83,5,1,6
BRDA:109,6,0,4
BRDA:109,6,1,2
BRDA:114,7,0,2
BRDA:114,7,1,2
BRF:14
BRH:13
end_of_record
TN:
SF:/home/ryan/Downloads/CM/CMTAT_old2/contracts/modules/wrapper/core/ERC20MintModule.sol
FN:27,__ERC20MintModule_init_unchained
FN:47,mint
FN:70,mintBatch
FNF:3
FNH:3
FNDA:382,__ERC20MintModule_init_unchained
FNDA:290,mint
FNDA:24,mintBatch
DA:48,290
DA:49,290
DA:71,24
DA:72,2
DA:76,22
DA:77,4
DA:80,18
DA:81,54
DA:82,54
LF:9
LH:9
BRDA:27,1,0,382
BRDA:27,1,1,0
BRDA:47,2,0,290
BRDA:47,2,1,4
BRDA:70,3,0,24
BRDA:70,3,1,2
BRDA:71,4,0,2
BRDA:71,4,1,22
BRDA:76,5,0,4
BRDA:76,5,1,18
BRF:10
BRH:9
end_of_record
TN:
SF:/home/ryan/Downloads/CM/CMTAT_old2/contracts/modules/wrapper/core/PauseModule.sol
FN:34,__PauseModule_init_unchained
FN:50,pause
FN:62,unpause
FN:81,deactivateContract
FN:92,deactivated
FN:104,_getPauseModuleStorage
FNF:6
FNH:6
FNDA:382,__PauseModule_init_unchained
FNDA:14,pause
FNDA:6,unpause
FNDA:2,deactivateContract
FNDA:4,deactivated
FNDA:12,_getPauseModuleStorage
DA:51,14
DA:63,6
DA:64,6
DA:65,2
DA:67,4
DA:83,2
DA:84,2
DA:85,2
DA:86,2
DA:93,4
DA:94,4
DA:105,12
LF:12
LH:12
BRDA:34,1,0,382
BRDA:34,1,1,0
BRDA:50,2,0,14
BRDA:50,2,1,3
BRDA:62,3,0,6
BRDA:62,3,1,2
BRDA:64,4,0,2
BRDA:64,4,1,4
BRDA:81,5,0,2
BRDA:81,5,1,2
BRF:10
BRH:9
end_of_record
TN:
SF:/home/ryan/Downloads/CM/CMTAT_old2/contracts/modules/wrapper/extensions/DebtModule.sol
FN:42,__DebtModule_init_unchained
FN:54,debtEngine
FN:65,setDebtEngine
FN:74,debt
FN:81,creditEvents
FN:94,_getDebtModuleStorage
FNF:6
FNH:6
FNDA:382,__DebtModule_init_unchained
FNDA:8,debtEngine
FNDA:5,setDebtEngine
FNDA:3,debt
FNDA:3,creditEvents
FNDA:22,_getDebtModuleStorage
DA:43,382
DA:44,3
DA:45,3
DA:46,3
DA:55,8
DA:56,8
DA:66,5
DA:67,5
DA:68,1
DA:70,4
DA:71,4
DA:75,3
DA:76,3
DA:77,2
DA:82,3
DA:83,3
DA:84,2
DA:95,22
LF:18
LH:18
BRDA:42,1,0,382
BRDA:42,1,1,0
BRDA:43,2,0,3
BRDA:43,2,1,379
BRDA:65,3,0,5
BRDA:65,3,1,1
BRDA:67,4,0,1
BRDA:67,4,1,4
BRDA:76,5,0,2
BRDA:76,5,1,1
BRDA:83,6,0,2
BRDA:83,6,1,1
BRF:12
BRH:11
end_of_record
TN:
SF:/home/ryan/Downloads/CM/CMTAT_old2/contracts/modules/wrapper/extensions/DocumentModule.sol
FN:42,__DocumentModule_init_unchained
FN:53,documentEngine
FN:64,setDocumentEngine
FN:74,getDocument
FN:83,getAllDocuments
FN:96,_getDocumentModuleStorage
FNF:6
FNH:6
FNDA:382,__DocumentModule_init_unchained
FNDA:28,documentEngine
FNDA:16,setDocumentEngine
FNDA:18,getDocument
FNDA:6,getAllDocuments
FNDA:80,_getDocumentModuleStorage
DA:43,382
DA:44,12
DA:45,12
DA:46,12
DA:54,28
DA:55,28
DA:65,16
DA:66,16
DA:67,2
DA:69,14
DA:70,14
DA:75,18
DA:76,18
DA:77,16
DA:79,2
DA:84,6
DA:85,6
DA:86,4
DA:97,80
LF:19
LH:19
BRDA:42,1,0,382
BRDA:42,1,1,0
BRDA:43,2,0,12
BRDA:43,2,1,370
BRDA:64,3,0,16
BRDA:64,3,1,2
BRDA:66,4,0,2
BRDA:66,4,1,14
BRDA:76,5,0,16
BRDA:76,5,1,2
BRDA:85,6,0,4
BRDA:85,6,1,2
BRF:12
BRH:11
end_of_record
TN:
SF:/home/ryan/Downloads/CM/CMTAT_old2/contracts/modules/wrapper/extensions/ERC20SnapshotModule.sol
FN:22,__ERC20SnasphotModule_init_unchained
FN:33,scheduleSnapshot
FN:44,scheduleSnapshotNotOptimized
FN:56,rescheduleSnapshot
FN:67,unscheduleLastSnapshot
FN:77,unscheduleSnapshotNotOptimized
FNF:6
FNH:6
FNDA:382,__ERC20SnasphotModule_init_unchained
FNDA:170,scheduleSnapshot
FNDA:12,scheduleSnapshotNotOptimized
FNDA:22,rescheduleSnapshot
FNDA:14,unscheduleLastSnapshot
FNDA:10,unscheduleSnapshotNotOptimized
DA:34,170
DA:45,12
DA:57,22
DA:68,14
DA:78,10
LF:5
LH:5
BRDA:22,1,0,382
BRDA:22,1,1,0
BRDA:33,2,0,170
BRDA:33,2,1,2
BRDA:44,3,0,12
BRDA:44,3,1,2
BRDA:56,4,0,22
BRDA:56,4,1,2
BRDA:67,5,0,14
BRDA:67,5,1,2
BRDA:77,6,0,10
BRDA:77,6,1,2
BRF:12
BRH:11
end_of_record
TN:
SF:/home/ryan/Downloads/CM/CMTAT_old2/contracts/modules/wrapper/extensions/MetaTxModule.sol
FN:19,constructor
FNF:1
FNH:1
FNDA:398,constructor
LF:0
LH:0
BRF:0
BRH:0
end_of_record
TN:
SF:/home/ryan/Downloads/CM/CMTAT_old2/contracts/test/proxy/CMTAT_PROXY_TEST_UUPS.sol
FN:18,constructor
FNF:1
FNH:1
FNDA:3,constructor
LF:0
LH:0
BRF:0
BRH:0
end_of_record
TN:
SF:/home/ryan/Downloads/CM/CMTAT_old2/contracts/test/proxy/CMTAT_PROXY_TEST.sol
FN:18,constructor
FNF:1
FNH:1
FNDA:1,constructor
LF:0
LH:0
BRF:0
BRH:0
end_of_record
