TN:
SF:/home/ryan/Downloads/CM/CMTAT/contracts/CMTAT_PROXY.sol
FN:15,constructor
FNF:1
FNH:1
FNDA:15,constructor
DA:17,15
LF:1
LH:1
BRF:0
BRH:0
end_of_record
TN:
SF:/home/ryan/Downloads/CM/CMTAT/contracts/CMTAT_STANDALONE.sol
FN:35,constructor
FNF:1
FNH:1
FNDA:189,constructor
DA:38,189
LF:1
LH:1
BRF:0
BRH:0
end_of_record
TN:
SF:/home/ryan/Downloads/CM/CMTAT/contracts/deployment/CMTAT_BEACON_FACTORY.sol
FN:32,constructor
FN:63,deployCMTAT
FN:91,getAddress
FN:99,implementation
FNF:4
FNH:4
FNDA:9,constructor
FNDA:2,deployCMTAT
FNDA:1,getAddress
FNDA:1,implementation
DA:33,9
DA:34,2
DA:36,7
DA:37,2
DA:39,5
DA:40,2
DA:42,3
DA:43,3
DA:44,3
DA:64,2
DA:80,2
DA:81,2
DA:82,2
DA:83,2
DA:84,2
DA:92,1
DA:100,1
LF:17
LH:17
BRDA:33,1,0,2
BRDA:33,1,1,7
BRDA:36,2,0,2
BRDA:36,2,1,5
BRDA:39,3,0,2
BRDA:39,3,1,3
BRDA:63,4,0,2
BRDA:63,4,1,2
BRF:8
BRH:8
end_of_record
TN:
SF:/home/ryan/Downloads/CM/CMTAT/contracts/deployment/CMTAT_TP_FACTORY.sol
FN:29,constructor
FN:54,deployCMTAT
FN:83,getAddress
FNF:3
FNH:3
FNDA:7,constructor
FNDA:2,deployCMTAT
FNDA:1,getAddress
DA:30,7
DA:31,2
DA:33,5
DA:34,2
DA:36,3
DA:37,3
DA:38,3
DA:55,2
DA:72,2
DA:73,2
DA:74,2
DA:75,2
DA:76,2
DA:84,1
LF:14
LH:14
BRDA:30,1,0,2
BRDA:30,1,1,5
BRDA:33,2,0,2
BRDA:33,2,1,3
BRDA:54,3,0,2
BRDA:54,3,1,2
BRF:6
BRH:6
end_of_record
TN:
SF:/home/ryan/Downloads/CM/CMTAT/contracts/interfaces/draft-IERC1404/draft-IERC1404.sol
FNF:0
FNH:0
LF:0
LH:0
BRF:0
BRH:0
end_of_record
TN:
SF:/home/ryan/Downloads/CM/CMTAT/contracts/interfaces/draft-IERC1404/draft-IERC1404EnumCode.sol
FNF:0
FNH:0
LF:0
LH:0
BRF:0
BRH:0
end_of_record
TN:
SF:/home/ryan/Downloads/CM/CMTAT/contracts/interfaces/draft-IERC1404/draft-IERC1404Wrapper.sol
FNF:0
FNH:0
LF:0
LH:0
BRF:0
BRH:0
end_of_record
TN:
SF:/home/ryan/Downloads/CM/CMTAT/contracts/interfaces/engine/IAuthorizationEngine.sol
FNF:0
FNH:0
LF:0
LH:0
BRF:0
BRH:0
end_of_record
TN:
SF:/home/ryan/Downloads/CM/CMTAT/contracts/interfaces/engine/IRuleEngine.sol
FNF:0
FNH:0
LF:0
LH:0
BRF:0
BRH:0
end_of_record
TN:
SF:/home/ryan/Downloads/CM/CMTAT/contracts/interfaces/ICCIPToken.sol
FNF:0
FNH:0
LF:0
LH:0
BRF:0
BRH:0
end_of_record
TN:
SF:/home/ryan/Downloads/CM/CMTAT/contracts/interfaces/ICMTATSnapshot.sol
FNF:0
FNH:0
LF:0
LH:0
BRF:0
BRH:0
end_of_record
TN:
SF:/home/ryan/Downloads/CM/CMTAT/contracts/interfaces/IDebtGlobal.sol
FNF:0
FNH:0
LF:0
LH:0
BRF:0
BRH:0
end_of_record
TN:
SF:/home/ryan/Downloads/CM/CMTAT/contracts/libraries/Errors.sol
FNF:0
FNH:0
LF:0
LH:0
BRF:0
BRH:0
end_of_record
TN:
SF:/home/ryan/Downloads/CM/CMTAT/contracts/libraries/FactoryErrors.sol
FNF:0
FNH:0
LF:0
LH:0
BRF:0
BRH:0
end_of_record
TN:
SF:/home/ryan/Downloads/CM/CMTAT/contracts/modules/CMTAT_BASE.sol
FN:69,initialize
FN:98,__CMTAT_init
FN:148,__CMTAT_init_unchained
FN:155,decimals
FN:165,transferFrom
FN:189,burnAndMint
FN:198,_update
FN:219,_msgSender
FN:231,_contextSuffixLength
FN:240,_msgData
FNF:10
FNH:9
FNDA:387,initialize
FNDA:387,__CMTAT_init
FNDA:384,__CMTAT_init_unchained
FNDA:2,decimals
FNDA:18,transferFrom
FNDA:10,burnAndMint
FNDA:464,_update
FNDA:1591,_msgSender
FNDA:1591,_contextSuffixLength
FNDA:0,_msgData
DA:70,387
DA:101,387
DA:102,387
DA:104,387
DA:106,387
DA:107,387
DA:110,387
DA:115,387
DA:116,387
DA:118,387
DA:122,387
DA:123,384
DA:124,384
DA:126,384
DA:127,384
DA:129,384
DA:130,384
DA:136,384
DA:140,384
DA:141,384
DA:142,384
DA:145,384
DA:162,2
DA:175,18
DA:190,10
DA:191,6
DA:203,464
DA:204,34
DA:211,430
DA:212,430
DA:225,1591
DA:234,1591
DA:246,0
LF:33
LH:32
BRDA:69,1,0,387
BRDA:69,1,1,2
BRDA:98,2,0,387
BRDA:98,2,1,0
BRDA:148,3,0,384
BRDA:148,3,1,0
BRDA:203,4,0,34
BRDA:203,4,1,430
BRF:8
BRH:6
end_of_record
TN:
SF:/home/ryan/Downloads/CM/CMTAT/contracts/modules/internal/base/SnapshotModuleBase.sol
FN:64,__SnapshotModuleBase_init_unchained
FN:74,getAllSnapshots
FN:82,getNextSnapshots
FN:118,_scheduleSnapshot
FN:149,_scheduleSnapshotNotOptimized
FN:182,_rescheduleSnapshot
FN:228,_unscheduleLastSnapshot
FN:250,_unscheduleSnapshotNotOptimized
FN:272,_valueAt
FN:305,_updateSnapshot
FN:321,_setCurrentSnapshot
FN:335,_lastSnapshot
FN:349,_findScheduledSnapshotIndex
FN:375,_findScheduledMostRecentPastSnapshot
FNF:14
FNH:14
FNDA:387,__SnapshotModuleBase_init_unchained
FNDA:2,getAllSnapshots
FNDA:76,getNextSnapshots
FNDA:176,_scheduleSnapshot
FNDA:16,_scheduleSnapshotNotOptimized
FNDA:38,_rescheduleSnapshot
FNDA:18,_unscheduleLastSnapshot
FNDA:16,_unscheduleSnapshotNotOptimized
FNDA:1920,_valueAt
FNDA:860,_updateSnapshot
FNDA:430,_setCurrentSnapshot
FNDA:860,_lastSnapshot
FNDA:50,_findScheduledSnapshotIndex
FNDA:498,_findScheduledMostRecentPastSnapshot
DA:75,2
DA:83,76
DA:85,76
DA:86,68
DA:91,68
DA:92,48
DA:95,20
DA:97,8
DA:100,8
DA:102,8
DA:103,12
DA:110,28
DA:120,176
DA:121,4
DA:127,172
DA:129,98
DA:132,98
DA:133,4
DA:139,4
DA:142,164
DA:143,164
DA:150,16
DA:151,4
DA:156,12
DA:158,12
DA:159,4
DA:162,8
DA:163,2
DA:165,6
DA:168,6
DA:169,10
DA:170,10
DA:171,10
DA:174,6
DA:176,8
DA:184,38
DA:185,4
DA:187,34
DA:188,4
DA:193,30
DA:194,4
DA:196,26
DA:197,26
DA:198,8
DA:200,18
DA:201,14
DA:202,14
DA:203,4
DA:209,4
DA:212,10
DA:213,6
DA:214,4
DA:220,6
DA:222,6
DA:230,18
DA:231,4
DA:233,14
DA:234,4
DA:237,10
DA:238,4
DA:240,6
DA:241,6
DA:251,16
DA:252,4
DA:254,12
DA:255,12
DA:256,4
DA:259,8
DA:260,16
DA:262,8
DA:290,1920
DA:292,1920
DA:293,1484
DA:295,436
DA:309,860
DA:310,860
DA:311,36
DA:312,36
DA:322,430
DA:326,430
DA:327,18
DA:328,18
DA:338,860
DA:339,852
DA:341,8
DA:352,50
DA:353,50
DA:355,50
DA:359,30
DA:363,10
DA:367,10
DA:380,498
DA:382,498
DA:386,412
DA:389,86
DA:390,86
DA:392,86
DA:393,116
DA:394,52
DA:395,52
DA:398,64
DA:401,86
LF:102
LH:102
BRDA:64,1,0,387
BRDA:64,1,1,0
BRDA:85,2,0,68
BRDA:85,2,1,8
BRDA:91,3,0,48
BRDA:91,3,1,20
BRDA:95,4,0,8
BRDA:95,4,1,12
BRDA:120,5,0,4
BRDA:120,5,1,172
BRDA:127,6,0,98
BRDA:127,6,1,74
BRDA:132,7,0,4
BRDA:132,7,1,94
BRDA:138,8,0,4
BRDA:138,8,1,90
BRDA:150,9,0,4
BRDA:150,9,1,12
BRDA:158,10,0,4
BRDA:158,10,1,8
BRDA:162,11,0,2
BRDA:162,11,1,6
BRDA:184,12,0,4
BRDA:184,12,1,34
BRDA:187,13,0,4
BRDA:187,13,1,30
BRDA:193,14,0,4
BRDA:193,14,1,26
BRDA:197,15,0,8
BRDA:197,15,1,18
BRDA:200,16,0,14
BRDA:200,16,1,4
BRDA:202,17,0,4
BRDA:202,17,1,10
BRDA:208,18,0,4
BRDA:208,18,1,6
BRDA:212,19,0,6
BRDA:212,19,1,4
BRDA:213,20,0,4
BRDA:213,20,1,2
BRDA:230,21,0,4
BRDA:230,21,1,14
BRDA:233,22,0,4
BRDA:233,22,1,10
BRDA:237,23,0,4
BRDA:237,23,1,6
BRDA:251,24,0,4
BRDA:251,24,1,12
BRDA:255,25,0,4
BRDA:255,25,1,8
BRDA:292,26,0,1484
BRDA:292,26,1,436
BRDA:310,27,0,36
BRDA:310,27,1,824
BRDA:326,28,0,18
BRDA:326,28,1,412
BRDA:338,29,0,852
BRDA:338,29,1,8
BRDA:355,30,0,30
BRDA:355,30,1,20
BRDA:362,31,0,10
BRDA:362,31,1,10
BRDA:382,32,0,412
BRDA:382,32,1,86
BRDA:383,33,0,412
BRDA:383,33,1,0
BRDA:393,34,0,52
BRDA:393,34,1,64
BRF:68
BRH:66
end_of_record
TN:
SF:/home/ryan/Downloads/CM/CMTAT/contracts/modules/internal/EnforcementModuleInternal.sol
FN:40,__Enforcement_init_unchained
FN:47,frozen
FN:57,_freeze
FN:74,_unfreeze
FNF:4
FNH:4
FNDA:387,__Enforcement_init_unchained
FNDA:974,frozen
FNDA:22,_freeze
FNDA:8,_unfreeze
DA:48,974
DA:61,22
DA:62,2
DA:64,20
DA:65,20
DA:66,20
DA:78,8
DA:79,2
DA:81,6
DA:82,6
DA:84,6
LF:11
LH:11
BRDA:40,1,0,387
BRDA:40,1,1,0
BRDA:61,2,0,2
BRDA:61,2,1,20
BRDA:78,3,0,2
BRDA:78,3,1,6
BRF:6
BRH:5
end_of_record
TN:
SF:/home/ryan/Downloads/CM/CMTAT/contracts/modules/internal/ERC20SnapshotModuleInternal.sol
FN:27,__ERC20Snapshot_init_unchained
FN:36,snapshotInfo
FN:45,snapshotInfoBatch
FN:57,snapshotInfoBatch
FN:74,snapshotBalanceOf
FN:91,snapshotTotalSupply
FN:104,_snapshotUpdate
FN:129,_updateAccountSnapshot
FN:136,_updateTotalSupplySnapshot
FNF:9
FNH:9
FNDA:387,__ERC20Snapshot_init_unchained
FNDA:480,snapshotInfo
FNDA:160,snapshotInfoBatch
FNDA:80,snapshotInfoBatch
FNDA:1200,snapshotBalanceOf
FNDA:720,snapshotTotalSupply
FNDA:430,_snapshotUpdate
FNDA:485,_updateAccountSnapshot
FNDA:375,_updateTotalSupplySnapshot
DA:37,480
DA:38,480
DA:46,160
DA:47,160
DA:48,480
DA:50,160
DA:58,80
DA:59,80
DA:60,80
DA:66,80
DA:78,1200
DA:83,1200
DA:92,720
DA:96,720
DA:108,430
DA:109,430
DA:111,99
DA:112,99
DA:114,55
DA:117,44
DA:121,331
DA:122,331
DA:130,485
DA:137,375
LF:24
LH:24
BRDA:27,1,0,387
BRDA:27,1,1,0
BRDA:83,2,0,400
BRDA:83,2,1,800
BRDA:96,3,0,36
BRDA:96,3,1,684
BRDA:109,4,0,99
BRDA:109,4,1,331
BRDA:112,5,0,55
BRDA:112,5,1,44
BRF:10
BRH:9
end_of_record
TN:
SF:/home/ryan/Downloads/CM/CMTAT/contracts/modules/internal/ValidationModuleInternal.sol
FN:26,__Validation_init_unchained
FN:36,_validateTransfer
FN:47,_messageForTransferRestriction
FN:56,_detectTransferRestriction
FN:64,_operateOnTransfer
FNF:5
FNH:5
FNDA:387,__Validation_init_unchained
FNDA:12,_validateTransfer
FNDA:6,_messageForTransferRestriction
FNDA:6,_detectTransferRestriction
FNDA:57,_operateOnTransfer
DA:27,387
DA:28,16
DA:29,16
DA:41,12
DA:50,6
DA:61,6
DA:65,57
LF:7
LH:7
BRDA:26,1,0,387
BRDA:26,1,1,0
BRDA:27,2,0,16
BRDA:27,2,1,371
BRF:4
BRH:3
end_of_record
TN:
SF:/home/ryan/Downloads/CM/CMTAT/contracts/modules/security/AuthorizationModule.sol
FN:23,__AuthorizationModule_init_unchained
FN:41,setAuthorizationEngine
FN:49,grantRole
FN:60,revokeRole
FN:74,hasRole
FNF:5
FNH:5
FNDA:387,__AuthorizationModule_init_unchained
FNDA:8,setAuthorizationEngine
FNDA:35,grantRole
FNDA:5,revokeRole
FNDA:1443,hasRole
DA:24,387
DA:25,3
DA:27,384
DA:28,384
DA:29,0
DA:42,8
DA:43,2
DA:45,6
DA:46,6
DA:50,35
DA:51,3
DA:52,3
DA:54,2
DA:57,33
DA:61,5
DA:62,3
DA:63,3
DA:65,2
DA:68,3
DA:79,1443
DA:80,810
DA:82,633
LF:22
LH:21
BRDA:23,1,0,387
BRDA:23,1,1,0
BRDA:24,2,0,3
BRDA:24,2,1,384
BRDA:28,3,0,0
BRDA:28,3,1,384
BRDA:41,4,0,8
BRDA:41,4,1,2
BRDA:42,5,0,2
BRDA:42,5,1,6
BRDA:49,6,0,35
BRDA:49,6,1,4
BRDA:50,7,0,3
BRDA:50,7,1,32
BRDA:52,8,0,2
BRDA:52,8,1,1
BRDA:60,9,0,5
BRDA:60,9,1,4
BRDA:61,10,0,3
BRDA:61,10,1,2
BRDA:63,11,0,2
BRDA:63,11,1,1
BRDA:79,12,0,810
BRDA:79,12,1,633
BRF:24
BRH:22
end_of_record
TN:
SF:/home/ryan/Downloads/CM/CMTAT/contracts/modules/wrapper/controllers/ValidationModule.sol
FN:26,__ValidationModule_init_unchained
FN:36,setRuleEngine
FN:49,messageForTransferRestriction
FN:83,detectTransferRestriction
FN:101,validateTransfer
FN:115,_validateTransferByModule
FN:126,_operateOnTransfer
FNF:7
FNH:7
FNDA:384,__ValidationModule_init_unchained
FNDA:20,setRuleEngine
FNDA:20,messageForTransferRestriction
FNDA:17,detectTransferRestriction
FNDA:19,validateTransfer
FNDA:483,_validateTransferByModule
FNDA:464,_operateOnTransfer
DA:37,20
DA:38,6
DA:40,14
DA:41,14
DA:52,20
DA:53,3
DA:58,4
DA:63,2
DA:68,2
DA:70,6
DA:72,3
DA:88,17
DA:89,4
DA:91,2
DA:93,2
DA:95,6
DA:97,3
DA:106,19
DA:107,4
DA:109,15
DA:110,12
DA:112,3
DA:120,483
DA:121,32
DA:123,451
DA:127,464
DA:128,28
DA:130,436
DA:131,57
DA:133,379
LF:30
LH:30
BRDA:26,1,0,384
BRDA:26,1,1,0
BRDA:36,2,0,20
BRDA:36,2,1,6
BRDA:37,3,0,6
BRDA:37,3,1,14
BRDA:52,4,0,3
BRDA:52,4,1,17
BRDA:54,5,0,4
BRDA:54,5,1,13
BRDA:59,6,0,2
BRDA:59,6,1,11
BRDA:64,7,0,2
BRDA:64,7,1,9
BRDA:69,8,0,6
BRDA:69,8,1,3
BRDA:88,9,0,4
BRDA:88,9,1,13
BRDA:90,10,0,2
BRDA:90,10,1,11
BRDA:92,11,0,2
BRDA:92,11,1,9
BRDA:94,12,0,6
BRDA:94,12,1,3
BRDA:106,13,0,4
BRDA:106,13,1,15
BRDA:109,14,0,12
BRDA:109,14,1,3
BRDA:120,15,0,32
BRDA:120,15,1,451
BRDA:120,16,0,22
BRDA:120,16,1,6
BRDA:120,17,0,6
BRDA:120,17,1,4
BRDA:127,18,0,28
BRDA:127,18,1,436
BRDA:130,19,0,57
BRDA:130,19,1,379
BRF:38
BRH:37
end_of_record
TN:
SF:/home/ryan/Downloads/CM/CMTAT/contracts/modules/wrapper/core/BaseModule.sol
FN:45,__Base_init_unchained
FN:58,setTokenId
FN:68,setTerms
FN:78,setInformation
FN:86,setFlag
FNF:5
FNH:5
FNDA:384,__Base_init_unchained
FNDA:2,setTokenId
FNDA:2,setTerms
FNDA:2,setInformation
FNDA:6,setFlag
DA:46,384
DA:47,384
DA:48,384
DA:49,384
DA:59,2
DA:60,2
DA:69,2
DA:70,2
DA:79,2
DA:80,2
DA:87,6
DA:88,4
DA:90,2
DA:91,2
LF:14
LH:14
BRDA:45,1,0,384
BRDA:45,1,1,0
BRDA:58,2,0,2
BRDA:58,2,1,4
BRDA:68,3,0,2
BRDA:68,3,1,4
BRDA:78,4,0,2
BRDA:78,4,1,4
BRDA:86,5,0,6
BRDA:86,5,1,4
BRDA:87,6,0,4
BRDA:87,6,1,2
BRF:12
BRH:11
end_of_record
TN:
SF:/home/ryan/Downloads/CM/CMTAT/contracts/modules/wrapper/core/EnforcementModule.sol
FN:25,__EnforcementModule_init_unchained
FN:37,freeze
FN:51,unfreeze
FNF:3
FNH:3
FNDA:384,__EnforcementModule_init_unchained
FNDA:22,freeze
FNDA:8,unfreeze
DA:38,22
DA:52,8
LF:2
LH:2
BRDA:25,1,0,384
BRDA:25,1,1,0
BRDA:37,2,0,22
BRDA:37,2,1,4
BRDA:51,3,0,8
BRDA:51,3,1,4
BRF:6
BRH:5
end_of_record
TN:
SF:/home/ryan/Downloads/CM/CMTAT/contracts/modules/wrapper/core/ERC20BaseModule.sol
FN:30,__ERC20BaseModule_init_unchained
FN:40,decimals
FN:56,transferBatch
FN:86,transferFrom
FN:105,balanceInfo
FNF:5
FNH:5
FNDA:384,__ERC20BaseModule_init_unchained
FNDA:2,decimals
FNDA:18,transferBatch
FNDA:18,transferFrom
FNDA:4,balanceInfo
DA:31,384
DA:41,2
DA:60,18
DA:61,4
DA:65,14
DA:66,8
DA:69,6
DA:72,14
DA:76,2
DA:91,18
DA:93,2
DA:94,2
DA:97,2
DA:106,4
DA:107,4
DA:108,6
DA:110,4
LF:17
LH:17
BRDA:30,1,0,384
BRDA:30,1,1,0
BRDA:60,2,0,4
BRDA:60,2,1,14
BRDA:65,3,0,8
BRDA:65,3,1,6
BRDA:93,4,0,2
BRDA:93,4,1,0
BRF:8
BRH:6
end_of_record
TN:
SF:/home/ryan/Downloads/CM/CMTAT/contracts/modules/wrapper/core/ERC20BurnModule.sol
FN:19,__ERC20BurnModule_init_unchained
FN:36,burn
FN:60,burnBatch
FN:92,burnFrom
FNF:4
FNH:4
FNDA:384,__ERC20BurnModule_init_unchained
FNDA:18,burn
FNDA:20,burnBatch
FNDA:6,burnFrom
DA:37,18
DA:38,14
DA:61,20
DA:62,4
DA:66,16
DA:67,8
DA:70,8
DA:71,24
DA:72,20
DA:95,6
DA:96,6
DA:97,6
DA:99,4
DA:102,2
DA:103,2
DA:106,2
DA:108,2
DA:110,2
LF:18
LH:18
BRDA:19,1,0,384
BRDA:19,1,1,0
BRDA:36,2,0,18
BRDA:36,2,1,8
BRDA:60,3,0,20
BRDA:60,3,1,4
BRDA:61,4,0,4
BRDA:61,4,1,16
BRDA:66,5,0,8
BRDA:66,5,1,8
BRDA:92,6,0,6
BRDA:92,6,1,4
BRDA:97,7,0,4
BRDA:97,7,1,2
BRF:14
BRH:13
end_of_record
TN:
SF:/home/ryan/Downloads/CM/CMTAT/contracts/modules/wrapper/core/ERC20MintModule.sol
FN:17,__ERC20MintModule_init_unchained
FN:34,mint
FN:57,mintBatch
FNF:3
FNH:3
FNDA:384,__ERC20MintModule_init_unchained
FNDA:277,mint
FNDA:30,mintBatch
DA:35,277
DA:36,277
DA:58,30
DA:59,4
DA:63,26
DA:64,8
DA:67,18
DA:68,54
DA:69,54
LF:9
LH:9
BRDA:17,1,0,384
BRDA:17,1,1,0
BRDA:34,2,0,277
BRDA:34,2,1,8
BRDA:57,3,0,30
BRDA:57,3,1,4
BRDA:58,4,0,4
BRDA:58,4,1,26
BRDA:63,5,0,8
BRDA:63,5,1,18
BRF:10
BRH:9
end_of_record
TN:
SF:/home/ryan/Downloads/CM/CMTAT/contracts/modules/wrapper/core/PauseModule.sol
FN:26,__PauseModule_init_unchained
FN:39,pause
FN:51,unpause
FN:69,deactivateContract
FN:79,deactivated
FNF:5
FNH:5
FNDA:384,__PauseModule_init_unchained
FNDA:14,pause
FNDA:8,unpause
FNDA:2,deactivateContract
FNDA:4,deactivated
DA:40,14
DA:52,8
DA:53,4
DA:55,4
DA:71,2
DA:72,2
DA:73,2
DA:80,4
LF:8
LH:8
BRDA:26,1,0,384
BRDA:26,1,1,0
BRDA:39,2,0,14
BRDA:39,2,1,6
BRDA:51,3,0,8
BRDA:51,3,1,4
BRDA:52,4,0,4
BRDA:52,4,1,4
BRDA:69,5,0,2
BRDA:69,5,1,4
BRF:10
BRH:9
end_of_record
TN:
SF:/home/ryan/Downloads/CM/CMTAT/contracts/modules/wrapper/extensions/DebtModule/CreditEventsModule.sol
FN:28,__CreditEvents_init_unchained
FN:40,setCreditEvents
FN:52,setFlagDefault
FN:65,setFlagRedeemed
FN:78,setRating
FNF:5
FNH:5
FNDA:384,__CreditEvents_init_unchained
FNDA:2,setCreditEvents
FNDA:6,setFlagDefault
FNDA:6,setFlagRedeemed
FNDA:2,setRating
DA:41,2
DA:42,2
DA:43,2
DA:44,2
DA:53,6
DA:54,4
DA:56,2
DA:57,2
DA:66,6
DA:67,4
DA:69,2
DA:70,2
DA:79,2
DA:80,2
LF:14
LH:14
BRDA:28,1,0,384
BRDA:28,1,1,0
BRDA:40,2,0,2
BRDA:40,2,1,4
BRDA:52,3,0,6
BRDA:52,3,1,4
BRDA:53,4,0,4
BRDA:53,4,1,2
BRDA:65,5,0,6
BRDA:65,5,1,4
BRDA:66,6,0,4
BRDA:66,6,1,2
BRDA:78,7,0,2
BRDA:78,7,1,4
BRF:14
BRH:13
end_of_record
TN:
SF:/home/ryan/Downloads/CM/CMTAT/contracts/modules/wrapper/extensions/DebtModule/DebtBaseModule.sol
FN:60,__DebtBaseModule_init_unchained
FN:68,setDebt
FN:104,setInterestRate
FN:115,setParValue
FN:128,setGuarantor
FN:138,setBondHolder
FN:148,setMaturityDate
FN:158,setInterestScheduleFormat
FN:171,setInterestPaymentDate
FN:181,setDayCountConvention
FN:191,setBusinessDayConvention
FN:204,setPublicHolidaysCalendar
FN:217,setIssuanceDate
FN:227,setCouponFrequency
FNF:14
FNH:14
FNDA:384,__DebtBaseModule_init_unchained
FNDA:2,setDebt
FNDA:6,setInterestRate
FNDA:6,setParValue
FNDA:2,setGuarantor
FNDA:2,setBondHolder
FNDA:2,setMaturityDate
FNDA:2,setInterestScheduleFormat
FNDA:2,setInterestPaymentDate
FNDA:2,setDayCountConvention
FNDA:2,setBusinessDayConvention
FNDA:2,setPublicHolidaysCalendar
FNDA:2,setIssuanceDate
FNDA:2,setCouponFrequency
DA:69,2
DA:70,2
DA:71,2
DA:72,2
DA:73,2
DA:74,2
DA:75,2
DA:79,2
DA:83,2
DA:87,2
DA:91,2
DA:96,2
DA:98,2
DA:105,6
DA:106,4
DA:108,2
DA:109,2
DA:116,6
DA:117,4
DA:119,2
DA:120,2
DA:129,2
DA:130,2
DA:139,2
DA:140,2
DA:149,2
DA:150,2
DA:159,2
DA:160,2
DA:172,2
DA:173,2
DA:182,2
DA:183,2
DA:192,2
DA:193,2
DA:205,2
DA:206,2
DA:218,2
DA:219,2
DA:228,2
DA:229,2
LF:41
LH:41
BRDA:60,1,0,384
BRDA:60,1,1,0
BRDA:68,2,0,2
BRDA:68,2,1,4
BRDA:104,3,0,6
BRDA:104,3,1,4
BRDA:105,4,0,4
BRDA:105,4,1,2
BRDA:115,5,0,6
BRDA:115,5,1,4
BRDA:116,6,0,4
BRDA:116,6,1,2
BRDA:128,7,0,2
BRDA:128,7,1,4
BRDA:138,8,0,2
BRDA:138,8,1,4
BRDA:148,9,0,2
BRDA:148,9,1,4
BRDA:158,10,0,2
BRDA:158,10,1,4
BRDA:171,11,0,2
BRDA:171,11,1,4
BRDA:181,12,0,2
BRDA:181,12,1,4
BRDA:191,13,0,2
BRDA:191,13,1,4
BRDA:204,14,0,2
BRDA:204,14,1,4
BRDA:217,15,0,2
BRDA:217,15,1,4
BRDA:227,16,0,2
BRDA:227,16,1,4
BRF:32
BRH:31
end_of_record
TN:
SF:/home/ryan/Downloads/CM/CMTAT/contracts/modules/wrapper/extensions/ERC20SnapshotModule.sol
FN:20,__ERC20SnasphotModule_init_unchained
FN:29,scheduleSnapshot
FN:40,scheduleSnapshotNotOptimized
FN:52,rescheduleSnapshot
FN:63,unscheduleLastSnapshot
FN:73,unscheduleSnapshotNotOptimized
FNF:6
FNH:6
FNDA:384,__ERC20SnasphotModule_init_unchained
FNDA:176,scheduleSnapshot
FNDA:16,scheduleSnapshotNotOptimized
FNDA:38,rescheduleSnapshot
FNDA:18,unscheduleLastSnapshot
FNDA:16,unscheduleSnapshotNotOptimized
DA:30,176
DA:41,16
DA:53,38
DA:64,18
DA:74,16
LF:5
LH:5
BRDA:20,1,0,384
BRDA:20,1,1,0
BRDA:29,2,0,176
BRDA:29,2,1,4
BRDA:40,3,0,16
BRDA:40,3,1,4
BRDA:52,4,0,38
BRDA:52,4,1,4
BRDA:63,5,0,18
BRDA:63,5,1,4
BRDA:73,6,0,16
BRDA:73,6,1,4
BRF:12
BRH:11
end_of_record
TN:
SF:/home/ryan/Downloads/CM/CMTAT/contracts/modules/wrapper/extensions/MetaTxModule.sol
FN:18,constructor
FNF:1
FNH:1
FNDA:204,constructor
LF:0
LH:0
BRF:0
BRH:0
end_of_record
TN:
SF:/home/ryan/Downloads/CM/CMTAT/contracts/test/proxy/CMTAT_PROXY.sol
FN:18,constructor
FNF:1
FNH:1
FNDA:1,constructor
LF:0
LH:0
BRF:0
BRH:0
end_of_record
