TN:
SF:/home/ryan/Pictures/dev/CMTAT/contracts/deployment/allowlist/CMTATStandaloneAllowlist.sol
FN:30,constructor
FNF:1
FNH:1
FNDA:253,constructor
DA:33,253
LF:1
LH:1
BRF:0
BRH:0
end_of_record
TN:
SF:/home/ryan/Pictures/dev/CMTAT/contracts/deployment/allowlist/CMTATUpgradeableAllowlist.sol
FN:18,constructor
FNF:1
FNH:1
FNDA:124,constructor
DA:20,124
LF:1
LH:1
BRF:0
BRH:0
end_of_record
TN:
SF:/home/ryan/Pictures/dev/CMTAT/contracts/deployment/CMTATStandalone.sol
FN:29,constructor
FNF:1
FNH:1
FNDA:305,constructor
DA:32,305
LF:1
LH:1
BRF:0
BRH:0
end_of_record
TN:
SF:/home/ryan/Pictures/dev/CMTAT/contracts/deployment/CMTATUpgradeable.sol
FN:20,constructor
FNF:1
FNH:1
FNDA:416,constructor
DA:22,416
LF:1
LH:1
BRF:0
BRH:0
end_of_record
TN:
SF:/home/ryan/Pictures/dev/CMTAT/contracts/deployment/CMTATUpgradeableUUPS.sol
FN:22,constructor
FN:43,initialize
FN:54,_authorizeUpgrade
FNF:3
FNH:3
FNDA:227,constructor
FNDA:224,initialize
FNDA:2,_authorizeUpgrade
DA:24,227
DA:44,224
DA:48,224
LF:3
LH:3
BRDA:43,1,0,224
BRDA:43,1,1,0
BRDA:54,2,0,2
BRDA:54,2,1,1
BRF:4
BRH:3
end_of_record
TN:
SF:/home/ryan/Pictures/dev/CMTAT/contracts/deployment/debt/CMTATStandaloneDebt.sol
FN:20,constructor
FNF:1
FNH:1
FNDA:185,constructor
DA:28,185
LF:1
LH:1
BRF:0
BRH:0
end_of_record
TN:
SF:/home/ryan/Pictures/dev/CMTAT/contracts/deployment/debt/CMTATUpgradeableDebt.sol
FN:15,constructor
FNF:1
FNH:1
FNDA:124,constructor
DA:17,124
LF:1
LH:1
BRF:0
BRH:0
end_of_record
TN:
SF:/home/ryan/Pictures/dev/CMTAT/contracts/deployment/ERC1363/CMTATStandaloneERC1363.sol
FN:29,constructor
FNF:1
FNH:1
FNDA:151,constructor
DA:32,151
LF:1
LH:1
BRF:0
BRH:0
end_of_record
TN:
SF:/home/ryan/Pictures/dev/CMTAT/contracts/deployment/ERC1363/CMTATUpgradeableERC1363.sol
FN:20,constructor
FNF:1
FNH:1
FNDA:223,constructor
DA:22,223
LF:1
LH:1
BRF:0
BRH:0
end_of_record
TN:
SF:/home/ryan/Pictures/dev/CMTAT/contracts/deployment/ERC7551/CMTATStandaloneERC7551.sol
FN:28,constructor
FNF:1
FNH:1
FNDA:199,constructor
DA:31,199
LF:1
LH:1
BRF:0
BRH:0
end_of_record
TN:
SF:/home/ryan/Pictures/dev/CMTAT/contracts/deployment/ERC7551/CMTATUpgradeableERC7551.sol
FN:19,constructor
FNF:1
FNH:1
FNDA:199,constructor
DA:21,199
LF:1
LH:1
BRF:0
BRH:0
end_of_record
TN:
SF:/home/ryan/Pictures/dev/CMTAT/contracts/deployment/light/CMTATStandaloneLight.sol
FN:20,constructor
FNF:1
FNH:1
FNDA:93,constructor
DA:26,93
LF:1
LH:1
BRF:0
BRH:0
end_of_record
TN:
SF:/home/ryan/Pictures/dev/CMTAT/contracts/deployment/light/CMTATUpgradeableLight.sol
FN:17,constructor
FNF:1
FNH:1
FNDA:90,constructor
DA:19,90
LF:1
LH:1
BRF:0
BRH:0
end_of_record
TN:
SF:/home/ryan/Pictures/dev/CMTAT/contracts/interfaces/engine/IDebtEngine.sol
FNF:0
FNH:0
LF:0
LH:0
BRF:0
BRH:0
end_of_record
TN:
SF:/home/ryan/Pictures/dev/CMTAT/contracts/interfaces/engine/IDocumentEngine.sol
FNF:0
FNH:0
LF:0
LH:0
BRF:0
BRH:0
end_of_record
TN:
SF:/home/ryan/Pictures/dev/CMTAT/contracts/interfaces/engine/IRuleEngine.sol
FNF:0
FNH:0
LF:0
LH:0
BRF:0
BRH:0
end_of_record
TN:
SF:/home/ryan/Pictures/dev/CMTAT/contracts/interfaces/engine/ISnapshotEngine.sol
FNF:0
FNH:0
LF:0
LH:0
BRF:0
BRH:0
end_of_record
TN:
SF:/home/ryan/Pictures/dev/CMTAT/contracts/interfaces/modules/IAllowlistModule.sol
FNF:0
FNH:0
LF:0
LH:0
BRF:0
BRH:0
end_of_record
TN:
SF:/home/ryan/Pictures/dev/CMTAT/contracts/interfaces/modules/IDebtModule.sol
FNF:0
FNH:0
LF:0
LH:0
BRF:0
BRH:0
end_of_record
TN:
SF:/home/ryan/Pictures/dev/CMTAT/contracts/interfaces/modules/IDocumentEngineModule.sol
FNF:0
FNH:0
LF:0
LH:0
BRF:0
BRH:0
end_of_record
TN:
SF:/home/ryan/Pictures/dev/CMTAT/contracts/interfaces/modules/ISnapshotEngineModule.sol
FNF:0
FNH:0
LF:0
LH:0
BRF:0
BRH:0
end_of_record
TN:
SF:/home/ryan/Pictures/dev/CMTAT/contracts/interfaces/technical/ICMTATConstructor.sol
FNF:0
FNH:0
LF:0
LH:0
BRF:0
BRH:0
end_of_record
TN:
SF:/home/ryan/Pictures/dev/CMTAT/contracts/interfaces/technical/IERC20Allowance.sol
FNF:0
FNH:0
LF:0
LH:0
BRF:0
BRH:0
end_of_record
TN:
SF:/home/ryan/Pictures/dev/CMTAT/contracts/interfaces/technical/IERC7802.sol
FNF:0
FNH:0
LF:0
LH:0
BRF:0
BRH:0
end_of_record
TN:
SF:/home/ryan/Pictures/dev/CMTAT/contracts/interfaces/technical/IMintBurnToken.sol
FNF:0
FNH:0
LF:0
LH:0
BRF:0
BRH:0
end_of_record
TN:
SF:/home/ryan/Pictures/dev/CMTAT/contracts/interfaces/tokenization/draft-IERC1404.sol
FNF:0
FNH:0
LF:0
LH:0
BRF:0
BRH:0
end_of_record
TN:
SF:/home/ryan/Pictures/dev/CMTAT/contracts/interfaces/tokenization/draft-IERC1643.sol
FNF:0
FNH:0
LF:0
LH:0
BRF:0
BRH:0
end_of_record
TN:
SF:/home/ryan/Pictures/dev/CMTAT/contracts/interfaces/tokenization/draft-IERC1643CMTAT.sol
FNF:0
FNH:0
LF:0
LH:0
BRF:0
BRH:0
end_of_record
TN:
SF:/home/ryan/Pictures/dev/CMTAT/contracts/interfaces/tokenization/draft-IERC7551.sol
FNF:0
FNH:0
LF:0
LH:0
BRF:0
BRH:0
end_of_record
TN:
SF:/home/ryan/Pictures/dev/CMTAT/contracts/interfaces/tokenization/ICMTAT.sol
FNF:0
FNH:0
LF:0
LH:0
BRF:0
BRH:0
end_of_record
TN:
SF:/home/ryan/Pictures/dev/CMTAT/contracts/interfaces/tokenization/IERC3643Partial.sol
FNF:0
FNH:0
LF:0
LH:0
BRF:0
BRH:0
end_of_record
TN:
SF:/home/ryan/Pictures/dev/CMTAT/contracts/libraries/Errors.sol
FNF:0
FNH:0
LF:0
LH:0
BRF:0
BRH:0
end_of_record
TN:
SF:/home/ryan/Pictures/dev/CMTAT/contracts/modules/0_CMTATBaseCommon.sol
FN:44,__CMTAT_commonModules_init_unchained
FN:65,decimals
FN:79,name
FN:86,symbol
FN:92,transfer
FN:101,transferFrom
FN:127,burnAndMint
FN:133,hasRole
FN:143,_checkTransferred
FN:151,_update
FN:170,_mintOverride
FN:178,_burnOverride
FNF:12
FNH:12
FNDA:2403,__CMTAT_commonModules_init_unchained
FNDA:12,decimals
FNDA:36,name
FNDA:36,symbol
FNDA:239,transfer
FNDA:108,transferFrom
FNDA:60,burnAndMint
FNDA:8058,hasRole
FNDA:3290,_checkTransferred
FNDA:3175,_update
FNDA:2482,_mintOverride
FNDA:461,_burnOverride
DA:46,2403
DA:49,2401
DA:51,2401
DA:52,2401
DA:53,2401
DA:72,12
DA:80,36
DA:87,36
DA:93,239
DA:94,239
DA:95,162
DA:96,129
DA:111,108
DA:112,44
DA:128,60
DA:129,36
DA:137,8058
DA:144,3290
DA:157,3175
DA:159,3175
DA:160,301
DA:162,3175
DA:171,2482
DA:172,2442
DA:179,461
DA:180,407
LF:26
LH:26
BRDA:44,1,0,2403
BRDA:44,1,1,0
BRDA:159,2,0,301
BRDA:159,2,1,2874
BRF:4
BRH:3
end_of_record
TN:
SF:/home/ryan/Pictures/dev/CMTAT/contracts/modules/0_CMTATBaseCore.sol
FN:61,initialize
FN:75,__CMTAT_init
FN:93,__CMTAT_openzeppelin_init_unchained
FN:103,__CMTAT_modules_init_unchained
FN:124,decimals
FN:138,name
FN:145,symbol
FN:153,transfer
FN:162,transferFrom
FN:189,burnAndMint
FN:203,forcedBurn
FN:210,hasRole
FN:224,_mint
FN:232,_burn
FNF:14
FNH:14
FNDA:183,initialize
FNDA:183,__CMTAT_init
FNDA:183,__CMTAT_openzeppelin_init_unchained
FNDA:183,__CMTAT_modules_init_unchained
FNDA:2,decimals
FNDA:6,name
FNDA:6,symbol
FNDA:23,transfer
FNDA:10,transferFrom
FNDA:10,burnAndMint
FNDA:3,forcedBurn
FNDA:612,hasRole
FNDA:168,_mint
FNDA:30,_burn
DA:62,183
DA:78,183
DA:81,183
DA:84,183
DA:87,183
DA:95,183
DA:96,183
DA:105,183
DA:106,183
DA:131,2
DA:139,6
DA:146,6
DA:154,23
DA:155,23
DA:156,13
DA:157,8
DA:172,10
DA:173,6
DA:190,10
DA:191,6
DA:204,3
DA:206,2
DA:207,2
DA:214,612
DA:225,168
DA:226,164
DA:233,30
DA:234,24
LF:28
LH:28
BRDA:61,1,0,183
BRDA:61,1,1,0
BRDA:75,2,0,183
BRDA:75,2,1,0
BRDA:93,3,0,183
BRDA:93,3,1,0
BRDA:103,4,0,183
BRDA:103,4,1,0
BRDA:155,5,0,13
BRDA:155,5,1,10
BRDA:172,6,0,6
BRDA:172,6,1,4
BRDA:203,7,0,3
BRDA:203,7,1,1
BRDA:204,8,0,2
BRDA:204,8,1,1
BRDA:225,9,0,164
BRDA:225,9,1,4
BRDA:233,10,0,24
BRDA:233,10,1,6
BRF:20
BRH:16
end_of_record
TN:
SF:/home/ryan/Pictures/dev/CMTAT/contracts/modules/0_CMTATBaseGeneric.sol
FN:48,__CMTAT_init
FN:66,__CMTAT_openzeppelin_init_unchained
FN:75,__CMTAT_modules_init_unchained
FN:87,hasRole
FNF:4
FNH:4
FNDA:51,__CMTAT_init
FNDA:51,__CMTAT_openzeppelin_init_unchained
FNDA:51,__CMTAT_modules_init_unchained
FNDA:109,hasRole
DA:51,51
DA:54,51
DA:57,51
DA:60,51
DA:68,51
DA:69,51
DA:77,51
DA:78,51
DA:80,51
DA:91,109
LF:10
LH:10
BRDA:48,1,0,51
BRDA:48,1,1,0
BRDA:66,2,0,51
BRDA:66,2,1,0
BRDA:75,3,0,51
BRDA:75,3,1,0
BRF:6
BRH:3
end_of_record
TN:
SF:/home/ryan/Pictures/dev/CMTAT/contracts/modules/1_CMTATBaseAllowlist.sol
FN:52,initialize
FN:72,__CMTAT_init
FN:90,__CMTAT_openzeppelin_init_unchained
FN:108,__CMTAT_modules_init_unchained
FN:125,canTransfer
FN:143,canTransferFrom
FN:158,hasRole
FN:171,_canMintBurnByModule
FN:180,_canTransferGenericByModule
FN:188,_checkTransferred
FN:202,_msgSender
FN:214,_contextSuffixLength
FN:223,_msgData
FNF:13
FNH:12
FNDA:377,initialize
FNDA:377,__CMTAT_init
FNDA:377,__CMTAT_openzeppelin_init_unchained
FNDA:377,__CMTAT_modules_init_unchained
FNDA:127,canTransfer
FNDA:22,canTransferFrom
FNDA:1774,hasRole
FNDA:530,_canMintBurnByModule
FNDA:149,_canTransferGenericByModule
FNDA:585,_checkTransferred
FNDA:3969,_msgSender
FNDA:3969,_contextSuffixLength
FNDA:0,_msgData
DA:53,377
DA:75,377
DA:78,377
DA:81,377
DA:84,377
DA:92,377
DA:93,377
DA:109,377
DA:111,377
DA:130,127
DA:131,66
DA:133,14
DA:135,47
DA:149,22
DA:150,14
DA:152,2
DA:154,6
DA:162,1774
DA:174,530
DA:185,149
DA:189,585
DA:190,582
DA:191,46
DA:208,3969
DA:217,3969
DA:229,0
LF:26
LH:25
BRDA:52,1,0,377
BRDA:52,1,1,0
BRDA:72,2,0,377
BRDA:72,2,1,0
BRDA:90,3,0,377
BRDA:90,3,1,0
BRDA:108,4,0,377
BRDA:108,4,1,0
BRDA:130,5,0,66
BRDA:130,5,1,61
BRDA:132,6,0,14
BRDA:132,6,1,47
BRDA:149,7,0,14
BRDA:149,7,1,8
BRDA:151,8,0,2
BRDA:151,8,1,6
BRDA:190,9,0,46
BRDA:190,9,1,536
BRF:18
BRH:14
end_of_record
TN:
SF:/home/ryan/Pictures/dev/CMTAT/contracts/modules/1_CMTATBaseRuleEngine.sol
FN:36,initialize
FN:53,__CMTAT_init
FN:73,__CMTAT_openzeppelin_init_unchained
FN:82,__CMTAT_internal_init_unchained
FN:89,__CMTAT_modules_init_unchained
FN:99,canTransfer
FN:114,canTransferFrom
FN:127,hasRole
FN:137,_checkTransferred
FNF:9
FNH:9
FNDA:2026,initialize
FNDA:2026,__CMTAT_init
FNDA:2026,__CMTAT_openzeppelin_init_unchained
FNDA:2026,__CMTAT_internal_init_unchained
FNDA:2026,__CMTAT_modules_init_unchained
FNDA:444,canTransfer
FNDA:111,canTransferFrom
FNDA:6284,hasRole
FNDA:2705,_checkTransferred
DA:37,2026
DA:56,2026
DA:59,2026
DA:62,2026
DA:64,2026
DA:67,2026
DA:75,2026
DA:76,2026
DA:83,2026
DA:90,2026
DA:104,444
DA:105,112
DA:107,332
DA:120,111
DA:121,16
DA:123,95
DA:131,6284
DA:138,2705
DA:139,2681
LF:19
LH:19
BRDA:36,1,0,2026
BRDA:36,1,1,1
BRDA:53,2,0,2026
BRDA:53,2,1,0
BRDA:73,3,0,2026
BRDA:73,3,1,0
BRDA:82,4,0,2026
BRDA:82,4,1,0
BRDA:89,5,0,2026
BRDA:89,5,1,0
BRDA:104,6,0,112
BRDA:104,6,1,332
BRDA:120,7,0,16
BRDA:120,7,1,95
BRDA:139,8,0,2519
BRDA:139,8,1,162
BRF:16
BRH:12
end_of_record
TN:
SF:/home/ryan/Pictures/dev/CMTAT/contracts/modules/2_CMTATBaseDebt.sol
FN:13,hasRole
FNF:1
FNH:1
FNDA:919,hasRole
DA:17,919
LF:1
LH:1
BRF:0
BRH:0
end_of_record
TN:
SF:/home/ryan/Pictures/dev/CMTAT/contracts/modules/2_CMTATBaseERC1404.sol
FN:32,messageForTransferRestriction
FN:46,canTransfer
FN:57,canTransferFrom
FN:66,hasRole
FN:76,_detectTransferRestriction
FNF:5
FNH:5
FNDA:81,messageForTransferRestriction
FNDA:377,canTransfer
FNDA:98,canTransferFrom
FNDA:5365,hasRole
FNDA:177,_detectTransferRestriction
DA:35,81
DA:36,18
DA:38,63
DA:51,377
DA:63,98
DA:70,5365
DA:81,177
DA:82,177
DA:83,48
DA:84,48
DA:85,36
DA:88,141
LF:12
LH:12
BRDA:35,1,0,18
BRDA:35,1,1,63
BRDA:82,2,0,48
BRDA:82,2,1,129
BRDA:84,3,0,36
BRDA:84,3,1,12
BRF:6
BRH:6
end_of_record
TN:
SF:/home/ryan/Pictures/dev/CMTAT/contracts/modules/3_CMTATBaseERC20CrossChain.sol
FN:24,onlyTokenBridge
FN:42,crosschainMint
FN:55,crosschainBurn
FN:69,burnFrom
FN:82,burn
FN:92,supportsInterface
FN:100,_burnFrom
FN:116,_checkTokenBridge
FNF:8
FNH:8
FNDA:104,onlyTokenBridge
FNDA:40,crosschainMint
FNDA:48,crosschainBurn
FNDA:16,burnFrom
FNDA:32,burn
FNDA:18,supportsInterface
FNDA:64,_burnFrom
FNDA:104,_checkTokenBridge
DA:27,104
DA:28,88
DA:44,40
DA:45,40
DA:56,48
DA:58,48
DA:59,48
DA:71,16
DA:72,16
DA:86,32
DA:87,32
DA:88,32
DA:93,18
DA:102,64
DA:105,56
DA:106,56
DA:108,56
DA:117,104
LF:18
LH:18
BRDA:42,1,0,48
BRDA:42,1,1,16
BRDA:42,2,0,40
BRDA:42,2,1,8
BRDA:55,3,0,56
BRDA:55,3,1,16
BRDA:55,4,0,48
BRDA:55,4,1,8
BRDA:69,5,0,32
BRDA:69,5,1,8
BRDA:69,6,0,16
BRDA:69,6,1,16
BRDA:82,7,0,48
BRDA:82,7,1,16
BRDA:82,8,0,32
BRDA:82,8,1,16
BRDA:93,9,0,8
BRDA:93,9,1,0
BRF:18
BRH:17
end_of_record
TN:
SF:/home/ryan/Pictures/dev/CMTAT/contracts/modules/4_CMTATBaseERC2771.sol
FN:20,_msgSender
FN:32,_contextSuffixLength
FN:41,_msgData
FNF:3
FNH:2
FNDA:8124,_msgSender
FNDA:8124,_contextSuffixLength
FNDA:0,_msgData
DA:26,8124
DA:35,8124
DA:47,0
LF:3
LH:2
BRF:0
BRH:0
end_of_record
TN:
SF:/home/ryan/Pictures/dev/CMTAT/contracts/modules/5_CMTATBaseERC1363.sol
FN:22,__CMTAT_openzeppelin_init_unchained
FN:36,transfer
FN:43,transferFrom
FN:60,supportsInterface
FN:68,decimals
FN:82,name
FN:89,symbol
FN:101,_update
FN:115,_msgSender
FN:127,_contextSuffixLength
FN:136,_msgData
FNF:11
FNH:10
FNDA:374,__CMTAT_openzeppelin_init_unchained
FNDA:37,transfer
FNDA:20,transferFrom
FNDA:10,supportsInterface
FNDA:2,decimals
FNDA:6,name
FNDA:6,symbol
FNDA:521,_update
FNDA:1902,_msgSender
FNDA:1902,_contextSuffixLength
FNDA:0,_msgData
DA:23,374
DA:24,374
DA:37,37
DA:53,20
DA:61,10
DA:75,2
DA:83,6
DA:90,6
DA:106,521
DA:121,1902
DA:130,1902
DA:142,0
LF:12
LH:11
BRDA:22,1,0,374
BRDA:22,1,1,0
BRDA:61,2,0,4
BRDA:61,2,1,2
BRF:4
BRH:3
end_of_record
TN:
SF:/home/ryan/Pictures/dev/CMTAT/contracts/modules/5_CMTATBaseERC7551.sol
FN:19,hasRole
FN:29,supportsInterface
FN:39,_msgSender
FN:51,_contextSuffixLength
FN:60,_msgData
FNF:5
FNH:4
FNDA:1245,hasRole
FNDA:4,supportsInterface
FNDA:1858,_msgSender
FNDA:1858,_contextSuffixLength
FNDA:0,_msgData
DA:23,1245
DA:30,4
DA:45,1858
DA:54,1858
DA:66,0
LF:5
LH:4
BRDA:30,1,0,0
BRDA:30,1,1,2
BRF:2
BRH:1
end_of_record
TN:
SF:/home/ryan/Pictures/dev/CMTAT/contracts/modules/internal/AllowlistModuleInternal.sol
FN:29,__Allowlist_init_unchained
FN:39,_addToAllowlist
FN:44,_addToAllowlist
FN:48,_addToAllowlist
FN:59,_enableAllowlist
FN:68,_isAllowlisted
FN:76,_isAllowlistEnabled
FN:84,_getAllowlistModuleInternalStorage
FNF:8
FNH:8
FNDA:377,__Allowlist_init_unchained
FNDA:166,_addToAllowlist
FNDA:1432,_addToAllowlist
FNDA:323,_addToAllowlist
FNDA:108,_enableAllowlist
FNDA:760,_isAllowlisted
FNDA:1265,_isAllowlistEnabled
FNDA:2995,_getAllowlistModuleInternalStorage
DA:30,377
DA:31,377
DA:40,166
DA:41,166
DA:45,1432
DA:49,323
DA:50,319
DA:51,319
DA:52,1266
DA:60,108
DA:61,108
DA:69,760
DA:70,760
DA:77,1265
DA:78,1265
DA:85,2995
LF:16
LH:16
BRDA:29,1,0,377
BRDA:29,1,1,0
BRF:2
BRH:1
end_of_record
TN:
SF:/home/ryan/Pictures/dev/CMTAT/contracts/modules/internal/common/EnforcementModuleLibrary.sol
FN:15,_checkInput
FNF:1
FNH:1
FNDA:383,_checkInput
DA:16,383
DA:19,366
LF:2
LH:2
BRDA:16,1,0,366
BRDA:16,1,1,17
BRDA:19,2,0,349
BRDA:19,2,1,17
BRF:4
BRH:4
end_of_record
TN:
SF:/home/ryan/Pictures/dev/CMTAT/contracts/modules/internal/EnforcementModuleInternal.sol
FN:32,_addAddressToTheList
FN:37,_addAddressToTheList
FN:41,_addAddressesToTheList
FN:53,_addressIsListed
FN:59,_getEnforcementModuleInternalStorage
FNF:5
FNH:5
FNDA:219,_addAddressToTheList
FNDA:294,_addAddressToTheList
FNDA:60,_addAddressesToTheList
FNDA:6431,_addressIsListed
FNDA:6680,_getEnforcementModuleInternalStorage
DA:33,219
DA:34,219
DA:38,294
DA:42,60
DA:43,30
DA:44,30
DA:45,75
DA:54,6431
DA:55,6431
DA:60,6680
LF:10
LH:10
BRF:0
BRH:0
end_of_record
TN:
SF:/home/ryan/Pictures/dev/CMTAT/contracts/modules/internal/ERC20BurnModuleInternal.sol
FN:26,_batchBurn
FN:43,_burnOverride
FNF:2
FNH:2
FNDA:112,_batchBurn
FNDA:461,_burnOverride
DA:30,112
DA:33,98
DA:34,70
DA:35,210
DA:47,461
LF:5
LH:5
BRDA:30,1,0,98
BRDA:30,1,1,14
BRDA:33,2,0,70
BRDA:33,2,1,28
BRF:4
BRH:4
end_of_record
TN:
SF:/home/ryan/Pictures/dev/CMTAT/contracts/modules/internal/ERC20EnforcementModuleInternal.sol
FN:31,_freezePartialTokens
FN:43,_unfreezePartialTokens
FN:54,_unfreezeTokens
FN:69,_forcedTransfer
FN:95,_checkActiveBalanceAndRevert
FN:99,_checkActiveBalance
FN:110,_getFrozenTokens
FN:115,_getActiveBalanceOf
FN:121,_getEnforcementModuleStorage
FNF:9
FNH:9
FNDA:144,_freezePartialTokens
FNDA:36,_unfreezePartialTokens
FNDA:72,_unfreezeTokens
FNDA:72,_forcedTransfer
FNDA:3290,_checkActiveBalanceAndRevert
FNDA:3914,_checkActiveBalance
FNDA:4343,_getFrozenTokens
FNDA:234,_getActiveBalanceOf
FNDA:4829,_getEnforcementModuleStorage
DA:32,144
DA:34,144
DA:35,144
DA:37,144
DA:39,144
DA:40,144
DA:44,36
DA:45,36
DA:47,36
DA:48,36
DA:55,72
DA:56,72
DA:57,0
DA:59,72
DA:61,72
DA:62,72
DA:63,18
DA:64,18
DA:65,18
DA:70,72
DA:71,72
DA:72,18
DA:76,54
DA:77,54
DA:78,18
DA:79,9
DA:80,9
DA:83,9
DA:84,9
DA:89,54
DA:91,72
DA:96,3290
DA:100,3914
DA:101,3914
DA:102,297
DA:103,297
DA:104,171
DA:107,3743
DA:111,4343
DA:112,4343
DA:116,234
DA:117,234
DA:122,4829
LF:43
LH:42
BRDA:37,1,0,144
BRDA:37,1,1,0
BRDA:45,2,0,36
BRDA:45,2,1,0
BRDA:56,3,0,0
BRDA:56,3,1,72
BRDA:62,4,0,18
BRDA:62,4,1,54
BRDA:71,5,0,18
BRDA:71,5,1,54
BRDA:77,6,0,18
BRDA:77,6,1,36
BRDA:78,7,0,9
BRDA:78,7,1,9
BRDA:96,8,0,3263
BRDA:96,8,1,27
BRDA:101,9,0,297
BRDA:101,9,1,3617
BRDA:103,10,0,171
BRDA:103,10,1,126
BRF:20
BRH:17
end_of_record
TN:
SF:/home/ryan/Pictures/dev/CMTAT/contracts/modules/internal/ERC20MintModuleInternal.sol
FN:30,_batchMint
FN:43,_batchTransfer
FN:64,_mintOverride
FNF:3
FNH:3
FNDA:210,_batchMint
FNDA:70,_batchTransfer
FNDA:2678,_mintOverride
DA:34,210
DA:37,196
DA:38,168
DA:39,504
DA:47,70
DA:50,56
DA:51,28
DA:54,70
DA:58,14
DA:65,2678
LF:10
LH:10
BRDA:34,1,0,196
BRDA:34,1,1,14
BRDA:37,2,0,168
BRDA:37,2,1,28
BRDA:47,3,0,56
BRDA:47,3,1,14
BRDA:50,4,0,28
BRDA:50,4,1,28
BRF:8
BRH:8
end_of_record
TN:
SF:/home/ryan/Pictures/dev/CMTAT/contracts/modules/internal/ValidationModuleRuleEngineInternal.sol
FN:37,__ValidationRuleEngine_init_unchained
FN:52,ruleEngine
FN:65,_setRuleEngine
FN:74,_getValidationModuleRuleEngineStorage
FNF:4
FNH:4
FNDA:2026,__ValidationRuleEngine_init_unchained
FNDA:3273,ruleEngine
FNDA:135,_setRuleEngine
FNDA:3408,_getValidationModuleRuleEngineStorage
DA:38,2026
DA:39,57
DA:53,3273
DA:54,3273
DA:68,135
DA:69,135
DA:70,135
DA:75,3408
LF:8
LH:8
BRDA:37,1,0,2026
BRDA:37,1,1,0
BRDA:38,2,0,57
BRDA:38,2,1,1969
BRF:4
BRH:3
end_of_record
TN:
SF:/home/ryan/Pictures/dev/CMTAT/contracts/modules/wrapper/controllers/ValidationModule.sol
FN:26,_canMintBurnByModule
FN:41,_canTransferGenericByModule
FNF:2
FNH:2
FNDA:3189,_canMintBurnByModule
FNDA:3568,_canTransferGenericByModule
DA:29,3189
DA:33,95
DA:35,3094
DA:47,3568
DA:48,2195
DA:51,401
DA:57,337
DA:59,635
LF:8
LH:8
BRDA:29,1,0,95
BRDA:29,1,1,3094
BRDA:29,2,0,43
BRDA:29,2,1,52
BRDA:47,3,0,2195
BRDA:47,3,1,1373
BRDA:50,4,0,401
BRDA:50,4,1,972
BRDA:53,5,0,337
BRDA:53,5,1,635
BRDA:53,6,0,28
BRDA:53,6,1,112
BRDA:53,7,0,112
BRDA:53,7,1,44
BRDA:53,8,0,44
BRDA:53,8,1,153
BRF:16
BRH:16
end_of_record
TN:
SF:/home/ryan/Pictures/dev/CMTAT/contracts/modules/wrapper/controllers/ValidationModuleAllowlist.sol
FN:26,_canMintBurnByModule
FN:39,_canTransferGenericByModule
FNF:2
FNH:2
FNDA:530,_canMintBurnByModule
FNDA:731,_canTransferGenericByModule
DA:29,530
DA:30,8
DA:32,522
DA:44,731
DA:46,541
DA:47,313
DA:52,66
DA:55,34
DA:58,318
LF:9
LH:9
BRDA:29,1,0,8
BRDA:29,1,1,522
BRDA:44,2,0,541
BRDA:44,2,1,190
BRDA:46,3,0,313
BRDA:46,3,1,228
BRDA:51,4,0,66
BRDA:51,4,1,162
BRDA:54,5,0,34
BRDA:54,5,1,128
BRDA:54,6,0,4
BRDA:54,6,1,16
BRDA:54,7,0,16
BRDA:54,7,1,14
BRF:14
BRH:14
end_of_record
TN:
SF:/home/ryan/Pictures/dev/CMTAT/contracts/modules/wrapper/core/BaseModule.sol
FN:21,version
FNF:1
FNH:1
FNDA:15,version
DA:22,15
LF:1
LH:1
BRF:0
BRH:0
end_of_record
TN:
SF:/home/ryan/Pictures/dev/CMTAT/contracts/modules/wrapper/core/EnforcementModule.sol
FN:35,setAddressFrozen
FN:53,setAddressFrozen
FN:64,batchSetAddressFrozen
FN:72,isFrozen
FN:80,_addAddressToTheList
FNF:5
FNH:5
FNDA:54,setAddressFrozen
FNDA:165,setAddressFrozen
FNDA:60,batchSetAddressFrozen
FNDA:6431,isFrozen
FNDA:294,_addAddressToTheList
DA:36,54
DA:54,165
DA:65,60
DA:73,6431
DA:81,294
DA:82,294
LF:6
LH:6
BRDA:35,1,0,54
BRDA:35,1,1,0
BRDA:53,2,0,165
BRDA:53,2,1,30
BRDA:64,3,0,60
BRDA:64,3,1,15
BRF:6
BRH:5
end_of_record
TN:
SF:/home/ryan/Pictures/dev/CMTAT/contracts/modules/wrapper/core/ERC20BaseModule.sol
FN:48,__ERC20BaseModule_init_unchained
FN:68,transferFrom
FN:88,decimals
FN:96,name
FN:105,symbol
FN:117,setName
FN:126,setSymbol
FN:135,batchBalanceOf
FN:149,_getERC20BaseModuleStorage
FNF:9
FNH:9
FNDA:2584,__ERC20BaseModule_init_unchained
FNDA:50,transferFrom
FNDA:14,decimals
FNDA:42,name
FNDA:42,symbol
FNDA:14,setName
FNDA:14,setSymbol
FNDA:28,batchBalanceOf
FNDA:2710,_getERC20BaseModuleStorage
DA:49,2584
DA:50,2584
DA:51,2584
DA:52,2584
DA:73,50
DA:75,22
DA:76,22
DA:79,22
DA:89,14
DA:90,14
DA:97,42
DA:98,42
DA:106,42
DA:107,42
DA:118,14
DA:119,14
DA:120,14
DA:127,14
DA:128,14
DA:129,14
DA:136,28
DA:137,28
DA:138,14
DA:140,28
DA:150,2710
LF:25
LH:25
BRDA:48,1,0,2584
BRDA:48,1,1,0
BRDA:75,2,0,22
BRDA:75,2,1,0
BRDA:117,3,0,14
BRDA:117,3,1,14
BRDA:126,4,0,14
BRDA:126,4,1,14
BRF:8
BRH:6
end_of_record
TN:
SF:/home/ryan/Pictures/dev/CMTAT/contracts/modules/wrapper/core/ERC20BurnModule.sol
FN:38,burn
FN:50,burn
FN:64,batchBurn
FN:78,batchBurn
FN:87,_burn
FNF:5
FNH:5
FNDA:165,burn
FNDA:58,burn
FNDA:84,batchBurn
FNDA:28,batchBurn
FNDA:217,_burn
DA:39,165
DA:51,58
DA:65,84
DA:66,28
DA:79,28
DA:80,28
DA:92,217
DA:93,165
LF:8
LH:8
BRDA:38,1,0,165
BRDA:38,1,1,42
BRDA:50,2,0,58
BRDA:50,2,1,0
BRDA:64,3,0,84
BRDA:64,3,1,14
BRDA:78,4,0,28
BRDA:78,4,1,0
BRF:8
BRH:6
end_of_record
TN:
SF:/home/ryan/Pictures/dev/CMTAT/contracts/modules/wrapper/core/ERC20MintModule.sol
FN:37,mint
FN:53,mint
FN:69,batchMint
FN:82,batchTransfer
FN:89,_mint
FNF:5
FNH:5
FNDA:84,mint
FNDA:2094,mint
FNDA:210,batchMint
FNDA:70,batchTransfer
FNDA:2174,_mint
DA:38,84
DA:54,2094
DA:70,210
DA:71,168
DA:83,70
DA:90,2174
DA:91,2142
LF:7
LH:7
BRDA:37,1,0,84
BRDA:37,1,1,14
BRDA:53,2,0,2094
BRDA:53,2,1,14
BRDA:69,3,0,210
BRDA:69,3,1,14
BRDA:82,4,0,70
BRDA:82,4,1,0
BRF:8
BRH:7
end_of_record
TN:
SF:/home/ryan/Pictures/dev/CMTAT/contracts/modules/wrapper/core/PauseModule.sol
FN:47,pause
FN:56,unpause
FN:71,deactivateContract
FN:84,paused
FN:91,deactivated
FN:102,_getPauseModuleStorage
FNF:6
FNH:6
FNDA:284,pause
FNDA:45,unpause
FNDA:105,deactivateContract
FNDA:1621,paused
FNDA:3360,deactivated
FNDA:3495,_getPauseModuleStorage
DA:48,284
DA:57,45
DA:58,45
DA:59,30
DA:74,105
DA:75,90
DA:76,90
DA:77,90
DA:85,1621
DA:92,3360
DA:93,3360
DA:103,3495
LF:12
LH:12
BRDA:47,1,0,284
BRDA:47,1,1,16
BRDA:56,2,0,45
BRDA:56,2,1,15
BRDA:58,3,0,30
BRDA:58,3,1,15
BRDA:71,4,0,105
BRDA:71,4,1,15
BRF:8
BRH:8
end_of_record
TN:
SF:/home/ryan/Pictures/dev/CMTAT/contracts/modules/wrapper/core/ValidationModuleCore.sol
FN:20,canTransfer
FN:28,canTransferFrom
FN:44,_canTransferByModule
FNF:3
FNH:3
FNDA:442,canTransfer
FNDA:121,canTransferFrom
FNDA:563,_canTransferByModule
DA:25,442
DA:34,121
DA:50,563
LF:3
LH:3
BRF:0
BRH:0
end_of_record
TN:
SF:/home/ryan/Pictures/dev/CMTAT/contracts/modules/wrapper/extensions/DocumentEngineModule.sol
FN:37,__DocumentEngineModule_init_unchained
FN:50,documentEngine
FN:58,getDocument
FN:70,getAllDocuments
FN:84,setDocumentEngine
FN:94,_setDocumentEngine
FN:102,_getDocumentEngineModuleStorage
FNF:7
FNH:7
FNDA:2452,__DocumentEngineModule_init_unchained
FNDA:94,documentEngine
FNDA:62,getDocument
FNDA:17,getAllDocuments
FNDA:82,setDocumentEngine
FNDA:92,_setDocumentEngine
FNDA:267,_getDocumentEngineModuleStorage
DA:38,2452
DA:39,12
DA:40,12
DA:51,94
DA:52,94
DA:59,62
DA:60,62
DA:61,60
DA:63,2
DA:71,17
DA:72,17
DA:73,15
DA:85,82
DA:86,82
DA:87,80
DA:97,92
DA:98,92
DA:103,267
LF:18
LH:18
BRDA:37,1,0,2452
BRDA:37,1,1,0
BRDA:38,2,0,12
BRDA:38,2,1,2440
BRDA:60,3,0,60
BRDA:60,3,1,2
BRDA:72,4,0,15
BRDA:72,4,1,2
BRDA:84,5,0,82
BRDA:84,5,1,2
BRDA:86,6,0,80
BRDA:86,6,1,2
BRF:12
BRH:11
end_of_record
TN:
SF:/home/ryan/Pictures/dev/CMTAT/contracts/modules/wrapper/extensions/ERC20EnforcementModule.sol
FN:30,getFrozenTokens
FN:38,getActiveBalanceOf
FN:49,forcedTransfer
FN:60,forcedTransfer
FN:71,freezePartialTokens
FN:81,unfreezePartialTokens
FN:91,freezePartialTokens
FN:101,unfreezePartialTokens
FNF:8
FNH:8
FNDA:429,getFrozenTokens
FNDA:234,getActiveBalanceOf
FNDA:63,forcedTransfer
FNDA:9,forcedTransfer
FNDA:126,freezePartialTokens
FNDA:18,unfreezePartialTokens
FNDA:18,freezePartialTokens
FNDA:18,unfreezePartialTokens
DA:31,429
DA:39,234
DA:50,63
DA:51,63
DA:61,9
DA:62,9
DA:72,126
DA:82,18
DA:92,18
DA:102,18
LF:10
LH:10
BRDA:49,1,0,63
BRDA:49,1,1,9
BRDA:60,2,0,9
BRDA:60,2,1,9
BRDA:71,3,0,126
BRDA:71,3,1,9
BRDA:81,4,0,18
BRDA:81,4,1,9
BRDA:91,5,0,18
BRDA:91,5,1,0
BRDA:101,6,0,18
BRDA:101,6,1,0
BRF:12
BRH:10
end_of_record
TN:
SF:/home/ryan/Pictures/dev/CMTAT/contracts/modules/wrapper/extensions/ExtraInformationModule.sol
FN:31,__ExtraInformationModule_init_unchained
FN:54,setTokenId
FN:65,setTerms
FN:78,setInformation
FN:87,tokenId
FN:95,terms
FN:103,information
FN:111,_setTerms
FN:116,_setTokenId
FN:123,_setTerms
FN:134,_setInformation
FN:140,_getExtraInformationModuleStorage
FNF:12
FNH:12
FNDA:2452,__ExtraInformationModule_init_unchained
FNDA:14,setTokenId
FNDA:14,setTerms
FNDA:14,setInformation
FNDA:70,tokenId
FNDA:34,terms
FNDA:56,information
FNDA:16,_setTerms
FNDA:2466,_setTokenId
FNDA:2468,_setTerms
FNDA:2466,_setInformation
FNDA:2656,_getExtraInformationModuleStorage
DA:32,2452
DA:34,2452
DA:36,2452
DA:38,2452
DA:55,14
DA:56,14
DA:66,14
DA:79,14
DA:80,14
DA:88,70
DA:89,70
DA:96,34
DA:97,34
DA:104,56
DA:105,56
DA:112,16
DA:113,16
DA:119,2466
DA:120,2466
DA:125,2468
DA:127,2468
DA:128,2468
DA:129,2468
DA:131,2468
DA:135,2466
DA:136,2466
DA:141,2656
LF:27
LH:27
BRDA:31,1,0,2452
BRDA:31,1,1,0
BRDA:54,2,0,14
BRDA:54,2,1,14
BRDA:65,3,0,14
BRDA:65,3,1,14
BRDA:78,4,0,14
BRDA:78,4,1,14
BRF:8
BRH:7
end_of_record
TN:
SF:/home/ryan/Pictures/dev/CMTAT/contracts/modules/wrapper/extensions/SnapshotEngineModule.sol
FN:30,__SnapshotEngineModule_init_unchained
FN:50,setSnapshotEngine
FN:62,snapshotEngine
FN:69,_setSnapshotEngine
FN:77,_getSnapshotEngineModuleStorage
FNF:5
FNH:5
FNDA:2401,__SnapshotEngineModule_init_unchained
FNDA:363,setSnapshotEngine
FNDA:3684,snapshotEngine
FNDA:501,_setSnapshotEngine
FNDA:4185,_getSnapshotEngineModuleStorage
DA:31,2401
DA:32,138
DA:33,138
DA:51,363
DA:52,363
DA:53,363
DA:63,3684
DA:64,3684
DA:72,501
DA:73,501
DA:78,4185
LF:11
LH:11
BRDA:30,1,0,2401
BRDA:30,1,1,0
BRDA:31,2,0,138
BRDA:31,2,1,2263
BRDA:50,3,0,363
BRDA:50,3,1,0
BRDA:52,4,0,363
BRDA:52,4,1,0
BRF:8
BRH:5
end_of_record
TN:
SF:/home/ryan/Pictures/dev/CMTAT/contracts/modules/wrapper/extensions/ValidationModule/ValidationModuleERC1404.sol
FN:49,messageForTransferRestriction
FN:95,detectTransferRestriction
FN:111,detectTransferRestrictionFrom
FN:139,_detectTransferRestriction
FNF:4
FNH:4
FNDA:63,messageForTransferRestriction
FNDA:99,detectTransferRestriction
FNDA:84,detectTransferRestrictionFrom
FNDA:141,_detectTransferRestriction
DA:52,63
DA:53,63
DA:54,6
DA:59,12
DA:64,6
DA:69,6
DA:74,6
DA:79,6
DA:81,18
DA:83,3
DA:100,99
DA:101,99
DA:102,99
DA:103,48
DA:105,42
DA:107,9
DA:117,84
DA:118,84
DA:119,6
DA:121,78
DA:122,78
DA:123,48
DA:125,24
DA:127,6
DA:144,141
DA:145,18
DA:147,30
DA:149,6
DA:151,6
DA:154,81
LF:30
LH:30
BRDA:53,1,0,6
BRDA:53,1,1,57
BRDA:55,2,0,12
BRDA:55,2,1,45
BRDA:60,3,0,6
BRDA:60,3,1,39
BRDA:65,4,0,6
BRDA:65,4,1,33
BRDA:70,5,0,6
BRDA:70,5,1,27
BRDA:75,6,0,6
BRDA:75,6,1,21
BRDA:80,7,0,18
BRDA:80,7,1,3
BRDA:102,8,0,48
BRDA:102,8,1,51
BRDA:104,9,0,42
BRDA:104,9,1,9
BRDA:118,10,0,6
BRDA:118,10,1,78
BRDA:122,11,0,48
BRDA:122,11,1,30
BRDA:124,12,0,24
BRDA:124,12,1,6
BRDA:144,13,0,18
BRDA:144,13,1,123
BRDA:146,14,0,30
BRDA:146,14,1,93
BRDA:148,15,0,6
BRDA:148,15,1,87
BRDA:150,16,0,6
BRDA:150,16,1,81
BRF:32
BRH:32
end_of_record
TN:
SF:/home/ryan/Pictures/dev/CMTAT/contracts/modules/wrapper/extensions/ValidationModule/ValidationModuleRuleEngine.sol
FN:42,setRuleEngine
FN:51,canTransfer
FN:63,canTransferFrom
FN:76,_canTransfer
FN:88,_canTransferFrom
FN:101,_canTransferFromWithRuleEngine
FN:114,_canTransferWithRuleEngine
FN:128,_transferred
FNF:8
FNH:8
FNDA:81,setRuleEngine
FNDA:332,canTransfer
FNDA:95,canTransferFrom
FNDA:332,_canTransfer
FNDA:95,_canTransferFrom
FNDA:59,_canTransferFromWithRuleEngine
FNDA:224,_canTransferWithRuleEngine
FNDA:2681,_transferred
DA:43,81
DA:44,78
DA:56,332
DA:69,95
DA:81,332
DA:82,108
DA:84,224
DA:94,95
DA:95,36
DA:97,59
DA:107,59
DA:108,59
DA:109,30
DA:111,29
DA:119,224
DA:120,224
DA:121,60
DA:123,164
DA:129,2681
DA:130,144
DA:132,2537
DA:133,2537
DA:134,207
DA:135,12
DA:137,195
DA:141,2519
LF:26
LH:26
BRDA:42,1,0,81
BRDA:42,1,1,3
BRDA:43,2,0,78
BRDA:43,2,1,3
BRDA:81,3,0,108
BRDA:81,3,1,224
BRDA:94,4,0,36
BRDA:94,4,1,59
BRDA:108,5,0,30
BRDA:108,5,1,29
BRDA:120,6,0,60
BRDA:120,6,1,164
BRDA:129,7,0,144
BRDA:129,7,1,2537
BRDA:133,8,0,207
BRDA:133,8,1,2330
BRDA:134,9,0,12
BRDA:134,9,1,195
BRF:18
BRH:18
end_of_record
TN:
SF:/home/ryan/Pictures/dev/CMTAT/contracts/modules/wrapper/options/AllowlistModule.sol
FN:34,setAddressAllowlist
FN:44,setAddressAllowlist
FN:54,batchSetAddressAllowlist
FN:64,enableAllowlist
FN:74,isAllowlistEnabled
FN:81,isAllowlisted
FN:88,_addToAllowlist
FNF:7
FNH:7
FNDA:4,setAddressAllowlist
FNDA:162,setAddressAllowlist
FNDA:323,batchSetAddressAllowlist
FNDA:108,enableAllowlist
FNDA:4,isAllowlistEnabled
FNDA:760,isAllowlisted
FNDA:1432,_addToAllowlist
DA:35,4
DA:45,162
DA:55,323
DA:65,108
DA:66,108
DA:75,4
DA:82,760
DA:89,1432
DA:90,1432
LF:9
LH:9
BRDA:34,1,0,4
BRDA:34,1,1,2
BRDA:44,2,0,162
BRDA:44,2,1,4
BRDA:54,3,0,323
BRDA:54,3,1,2
BRDA:64,4,0,108
BRDA:64,4,1,0
BRF:8
BRH:7
end_of_record
TN:
SF:/home/ryan/Pictures/dev/CMTAT/contracts/modules/wrapper/options/DebtEngineModule.sol
FN:36,setDebtEngine
FN:49,creditEvents
FN:64,debt
FN:77,debtEngine
FN:85,_setDebtEngine
FNF:5
FNH:5
FNDA:10,setDebtEngine
FNDA:6,creditEvents
FNDA:8,debt
FNDA:8,debtEngine
FNDA:8,_setDebtEngine
DA:37,10
DA:38,10
DA:39,8
DA:50,6
DA:51,6
DA:52,2
DA:54,4
DA:65,8
DA:66,8
DA:67,2
DA:69,6
DA:78,8
DA:79,8
DA:88,8
DA:89,8
LF:15
LH:15
BRDA:36,1,0,10
BRDA:36,1,1,2
BRDA:38,2,0,8
BRDA:38,2,1,2
BRDA:51,3,0,2
BRDA:51,3,1,4
BRDA:66,4,0,2
BRDA:66,4,1,6
BRF:8
BRH:8
end_of_record
TN:
SF:/home/ryan/Pictures/dev/CMTAT/contracts/modules/wrapper/options/DebtModule.sol
FN:46,setCreditEvents
FN:59,setDebt
FN:72,setDebtInstrument
FN:82,creditEvents
FN:90,debt
FN:99,_getDebtModuleStorage
FNF:6
FNH:6
FNDA:2,setCreditEvents
FNDA:2,setDebt
FNDA:2,setDebtInstrument
FNDA:4,creditEvents
FNDA:6,debt
FNDA:48,_getDebtModuleStorage
DA:47,2
DA:48,2
DA:49,2
DA:60,2
DA:61,2
DA:62,2
DA:73,2
DA:74,2
DA:75,2
DA:83,4
DA:84,4
DA:91,6
DA:92,6
DA:100,48
LF:14
LH:14
BRDA:46,1,0,2
BRDA:46,1,1,2
BRDA:59,2,0,2
BRDA:59,2,1,2
BRDA:72,3,0,2
BRDA:72,3,1,2
BRF:6
BRH:6
end_of_record
TN:
SF:/home/ryan/Pictures/dev/CMTAT/contracts/modules/wrapper/options/ERC2771Module.sol
FN:20,constructor
FNF:1
FNH:1
FNDA:2097,constructor
LF:0
LH:0
BRF:0
BRH:0
end_of_record
TN:
SF:/home/ryan/Pictures/dev/CMTAT/contracts/modules/wrapper/options/ERC7551Module.sol
FN:44,setMetaData
FN:54,setTerms
FN:60,metaData
FN:68,termsHash
FN:75,_setMetaData
FN:83,_getERC7551ModuleStorage
FNF:6
FNH:6
FNDA:2,setMetaData
FNDA:2,setTerms
FNDA:4,metaData
FNDA:2,termsHash
FNDA:2,_setMetaData
FNDA:6,_getERC7551ModuleStorage
DA:45,2
DA:46,2
DA:55,2
DA:56,2
DA:61,4
DA:62,4
DA:69,2
DA:78,2
DA:79,2
DA:84,6
LF:10
LH:10
BRDA:44,1,0,2
BRDA:44,1,1,2
BRDA:54,2,0,2
BRDA:54,2,1,2
BRF:4
BRH:4
end_of_record
TN:
SF:/home/ryan/Pictures/dev/CMTAT/contracts/modules/wrapper/security/AccessControlModule.sol
FN:20,__AccessControlModule_init_unchained
FN:34,hasRole
FNF:2
FNH:2
FNDA:2637,__AccessControlModule_init_unchained
FNDA:8779,hasRole
DA:21,2637
DA:22,2
DA:24,2635
DA:39,8779
DA:40,5077
DA:42,3702
LF:6
LH:6
BRDA:20,1,0,2637
BRDA:20,1,1,0
BRDA:21,2,0,2
BRDA:21,2,1,2635
BRDA:39,3,0,5077
BRDA:39,3,1,3702
BRF:6
BRH:5
end_of_record
