TN:
SF:/home/ryan/Pictures/dev/CMTAT/contracts/deployment/allowlist/CMTATStandaloneAllowlist.sol
FN:30,constructor
FNF:1
FNH:1
FNDA:276,constructor
DA:32,276
LF:1
LH:1
BRF:0
BRH:0
end_of_record
TN:
SF:/home/ryan/Pictures/dev/CMTAT/contracts/deployment/allowlist/CMTATUpgradeableAllowlist.sol
FN:18,constructor
FNF:1
FNH:1
FNDA:162,constructor
DA:20,162
LF:1
LH:1
BRF:0
BRH:0
end_of_record
TN:
SF:/home/ryan/Pictures/dev/CMTAT/contracts/deployment/CMTATStandalone.sol
FN:29,constructor
FNF:1
FNH:1
FNDA:326,constructor
DA:31,326
LF:1
LH:1
BRF:0
BRH:0
end_of_record
TN:
SF:/home/ryan/Pictures/dev/CMTAT/contracts/deployment/CMTATUpgradeable.sol
FN:20,constructor
FNF:1
FNH:1
FNDA:442,constructor
DA:22,442
LF:1
LH:1
BRF:0
BRH:0
end_of_record
TN:
SF:/home/ryan/Pictures/dev/CMTAT/contracts/deployment/CMTATUpgradeableUUPS.sol
FN:20,constructor
FN:32,_authorizeUpgrade
FNF:2
FNH:2
FNDA:474,constructor
FNDA:2,_authorizeUpgrade
DA:22,474
LF:1
LH:1
BRDA:32,1,0,2
BRDA:32,1,1,1
BRF:2
BRH:2
end_of_record
TN:
SF:/home/ryan/Pictures/dev/CMTAT/contracts/deployment/debt/CMTATStandaloneDebt.sol
FN:19,constructor
FNF:1
FNH:1
FNDA:194,constructor
DA:26,194
LF:1
LH:1
BRF:0
BRH:0
end_of_record
TN:
SF:/home/ryan/Pictures/dev/CMTAT/contracts/deployment/debt/CMTATUpgradeableDebt.sol
FN:14,constructor
FNF:1
FNH:1
FNDA:132,constructor
DA:16,132
LF:1
LH:1
BRF:0
BRH:0
end_of_record
TN:
SF:/home/ryan/Pictures/dev/CMTAT/contracts/deployment/ERC1363/CMTATStandaloneERC1363.sol
FN:29,constructor
FNF:1
FNH:1
FNDA:164,constructor
DA:31,164
LF:1
LH:1
BRF:0
BRH:0
end_of_record
TN:
SF:/home/ryan/Pictures/dev/CMTAT/contracts/deployment/ERC1363/CMTATUpgradeableERC1363.sol
FN:20,constructor
FNF:1
FNH:1
FNDA:238,constructor
DA:22,238
LF:1
LH:1
BRF:0
BRH:0
end_of_record
TN:
SF:/home/ryan/Pictures/dev/CMTAT/contracts/deployment/ERC7551/CMTATStandaloneERC7551.sol
FN:28,constructor
FNF:1
FNH:1
FNDA:212,constructor
DA:30,212
LF:1
LH:1
BRF:0
BRH:0
end_of_record
TN:
SF:/home/ryan/Pictures/dev/CMTAT/contracts/deployment/ERC7551/CMTATUpgradeableERC7551.sol
FN:19,constructor
FNF:1
FNH:1
FNDA:212,constructor
DA:21,212
LF:1
LH:1
BRF:0
BRH:0
end_of_record
TN:
SF:/home/ryan/Pictures/dev/CMTAT/contracts/deployment/light/CMTATStandaloneLight.sol
FN:18,constructor
FNF:1
FNH:1
FNDA:102,constructor
DA:23,102
LF:1
LH:1
BRF:0
BRH:0
end_of_record
TN:
SF:/home/ryan/Pictures/dev/CMTAT/contracts/deployment/light/CMTATUpgradeableLight.sol
FN:16,constructor
FNF:1
FNH:1
FNDA:98,constructor
DA:18,98
LF:1
LH:1
BRF:0
BRH:0
end_of_record
TN:
SF:/home/ryan/Pictures/dev/CMTAT/contracts/interfaces/engine/IDebtEngine.sol
FNF:0
FNH:0
LF:0
LH:0
BRF:0
BRH:0
end_of_record
TN:
SF:/home/ryan/Pictures/dev/CMTAT/contracts/interfaces/engine/IDocumentEngine.sol
FNF:0
FNH:0
LF:0
LH:0
BRF:0
BRH:0
end_of_record
TN:
SF:/home/ryan/Pictures/dev/CMTAT/contracts/interfaces/engine/IRuleEngine.sol
FNF:0
FNH:0
LF:0
LH:0
BRF:0
BRH:0
end_of_record
TN:
SF:/home/ryan/Pictures/dev/CMTAT/contracts/interfaces/engine/ISnapshotEngine.sol
FNF:0
FNH:0
LF:0
LH:0
BRF:0
BRH:0
end_of_record
TN:
SF:/home/ryan/Pictures/dev/CMTAT/contracts/interfaces/modules/IAllowlistModule.sol
FNF:0
FNH:0
LF:0
LH:0
BRF:0
BRH:0
end_of_record
TN:
SF:/home/ryan/Pictures/dev/CMTAT/contracts/interfaces/modules/IDebtModule.sol
FNF:0
FNH:0
LF:0
LH:0
BRF:0
BRH:0
end_of_record
TN:
SF:/home/ryan/Pictures/dev/CMTAT/contracts/interfaces/modules/IDocumentEngineModule.sol
FNF:0
FNH:0
LF:0
LH:0
BRF:0
BRH:0
end_of_record
TN:
SF:/home/ryan/Pictures/dev/CMTAT/contracts/interfaces/modules/ISnapshotEngineModule.sol
FNF:0
FNH:0
LF:0
LH:0
BRF:0
BRH:0
end_of_record
TN:
SF:/home/ryan/Pictures/dev/CMTAT/contracts/interfaces/technical/ICMTATConstructor.sol
FNF:0
FNH:0
LF:0
LH:0
BRF:0
BRH:0
end_of_record
TN:
SF:/home/ryan/Pictures/dev/CMTAT/contracts/interfaces/technical/IERC20Allowance.sol
FNF:0
FNH:0
LF:0
LH:0
BRF:0
BRH:0
end_of_record
TN:
SF:/home/ryan/Pictures/dev/CMTAT/contracts/interfaces/technical/IERC5679.sol
FNF:0
FNH:0
LF:0
LH:0
BRF:0
BRH:0
end_of_record
TN:
SF:/home/ryan/Pictures/dev/CMTAT/contracts/interfaces/technical/IERC7802.sol
FNF:0
FNH:0
LF:0
LH:0
BRF:0
BRH:0
end_of_record
TN:
SF:/home/ryan/Pictures/dev/CMTAT/contracts/interfaces/technical/IGetCCIPAdmin.sol
FNF:0
FNH:0
LF:0
LH:0
BRF:0
BRH:0
end_of_record
TN:
SF:/home/ryan/Pictures/dev/CMTAT/contracts/interfaces/technical/IMintBurnToken.sol
FNF:0
FNH:0
LF:0
LH:0
BRF:0
BRH:0
end_of_record
TN:
SF:/home/ryan/Pictures/dev/CMTAT/contracts/interfaces/tokenization/draft-IERC1404.sol
FNF:0
FNH:0
LF:0
LH:0
BRF:0
BRH:0
end_of_record
TN:
SF:/home/ryan/Pictures/dev/CMTAT/contracts/interfaces/tokenization/draft-IERC1643.sol
FNF:0
FNH:0
LF:0
LH:0
BRF:0
BRH:0
end_of_record
TN:
SF:/home/ryan/Pictures/dev/CMTAT/contracts/interfaces/tokenization/draft-IERC1643CMTAT.sol
FNF:0
FNH:0
LF:0
LH:0
BRF:0
BRH:0
end_of_record
TN:
SF:/home/ryan/Pictures/dev/CMTAT/contracts/interfaces/tokenization/draft-IERC7551.sol
FNF:0
FNH:0
LF:0
LH:0
BRF:0
BRH:0
end_of_record
TN:
SF:/home/ryan/Pictures/dev/CMTAT/contracts/interfaces/tokenization/ICMTAT.sol
FNF:0
FNH:0
LF:0
LH:0
BRF:0
BRH:0
end_of_record
TN:
SF:/home/ryan/Pictures/dev/CMTAT/contracts/interfaces/tokenization/IERC3643Partial.sol
FNF:0
FNH:0
LF:0
LH:0
BRF:0
BRH:0
end_of_record
TN:
SF:/home/ryan/Pictures/dev/CMTAT/contracts/libraries/Errors.sol
FNF:0
FNH:0
LF:0
LH:0
BRF:0
BRH:0
end_of_record
TN:
SF:/home/ryan/Pictures/dev/CMTAT/contracts/modules/0_CMTATBaseCommon.sol
FN:48,__CMTAT_commonModules_init_unchained
FN:69,decimals
FN:83,name
FN:90,symbol
FN:100,supportsInterface
FN:105,transfer
FN:114,transferFrom
FN:140,burnAndMint
FN:148,_checkTransferred
FN:156,_update
FN:187,_mintOverride
FN:197,_burnOverride
FN:207,_minterTransferOverride
FN:218,_authorizeERC20AttributeManagement
FN:224,_authorizeMint
FN:230,_authorizeBurn
FN:236,_authorizeDocumentManagement
FN:242,_authorizeExtraInfoManagement
FN:248,_authorizeERC20Enforcer
FN:254,_authorizeForcedTransfer
FN:260,_authorizeSnapshots
FNF:21
FNH:21
FNDA:2829,__CMTAT_commonModules_init_unchained
FNDA:13,decimals
FNDA:41,name
FNDA:39,symbol
FNDA:23,supportsInterface
FNDA:254,transfer
FNDA:119,transferFrom
FNDA:65,burnAndMint
FNDA:6957,_checkTransferred
FNDA:4018,_update
FNDA:3161,_mintOverride
FNDA:528,_burnOverride
FNDA:105,_minterTransferOverride
FNDA:28,_authorizeERC20AttributeManagement
FNDA:2760,_authorizeMint
FNDA:357,_authorizeBurn
FNDA:82,_authorizeDocumentManagement
FNDA:46,_authorizeExtraInfoManagement
FNDA:222,_authorizeERC20Enforcer
FNDA:101,_authorizeForcedTransfer
FNDA:414,_authorizeSnapshots
DA:50,2829
DA:53,2827
DA:55,2827
DA:56,2827
DA:57,2827
DA:76,13
DA:84,41
DA:91,39
DA:101,23
DA:106,254
DA:107,254
DA:108,170
DA:109,137
DA:124,119
DA:125,47
DA:141,65
DA:142,39
DA:149,6957
DA:162,4018
DA:164,4018
DA:165,326
DA:166,326
DA:167,326
DA:170,326
DA:173,326
DA:176,3692
DA:188,3161
DA:189,3137
DA:198,528
DA:199,499
DA:208,105
DA:209,88
LF:32
LH:32
BRDA:48,1,0,2829
BRDA:48,1,1,0
BRDA:101,2,0,11
BRDA:101,2,1,0
BRDA:164,3,0,326
BRDA:164,3,1,3692
BRDA:218,4,0,28
BRDA:218,4,1,26
BRDA:224,5,0,2760
BRDA:224,5,1,39
BRDA:230,6,0,357
BRDA:230,6,1,52
BRDA:236,7,0,82
BRDA:236,7,1,2
BRDA:242,8,0,46
BRDA:242,8,1,46
BRDA:248,9,0,222
BRDA:248,9,1,22
BRDA:254,10,0,101
BRDA:254,10,1,22
BRDA:260,11,0,414
BRDA:260,11,1,3
BRF:22
BRH:20
end_of_record
TN:
SF:/home/ryan/Pictures/dev/CMTAT/contracts/modules/0_CMTATBaseCore.sol
FN:55,onlyERC20ForcedBurnManager
FN:72,initialize
FN:86,__CMTAT_init
FN:104,__CMTAT_openzeppelin_init_unchained
FN:114,__CMTAT_modules_init_unchained
FN:135,decimals
FN:149,name
FN:156,symbol
FN:166,supportsInterface
FN:174,transfer
FN:183,transferFrom
FN:210,burnAndMint
FN:224,forcedBurn
FN:236,_mintOverride
FN:242,_burnOverride
FN:250,_minterTransferOverride
FN:256,_authorizeForcedBurn
FN:258,_authorizeMint
FN:260,_authorizeBurn
FN:262,_authorizePause
FN:263,_authorizeDeactivate
FN:265,_authorizeFreeze
FN:267,_authorizeERC20AttributeManagement
FNF:23
FNH:23
FNDA:4,onlyERC20ForcedBurnManager
FNDA:200,initialize
FNDA:200,__CMTAT_init
FNDA:200,__CMTAT_openzeppelin_init_unchained
FNDA:200,__CMTAT_modules_init_unchained
FNDA:2,decimals
FNDA:6,name
FNDA:6,symbol
FNDA:4,supportsInterface
FNDA:24,transfer
FNDA:10,transferFrom
FNDA:10,burnAndMint
FNDA:3,forcedBurn
FNDA:298,_mintOverride
FNDA:70,_burnOverride
FNDA:18,_minterTransferOverride
FNDA:3,_authorizeForcedBurn
FNDA:240,_authorizeMint
FNDA:52,_authorizeBurn
FNDA:46,_authorizePause
FNDA:16,_authorizeDeactivate
FNDA:41,_authorizeFreeze
FNDA:4,_authorizeERC20AttributeManagement
DA:56,4
DA:57,3
DA:73,200
DA:89,200
DA:92,200
DA:95,200
DA:98,200
DA:106,200
DA:107,200
DA:116,200
DA:117,200
DA:142,2
DA:150,6
DA:157,6
DA:167,4
DA:175,24
DA:176,24
DA:177,14
DA:178,8
DA:193,10
DA:194,6
DA:211,10
DA:212,6
DA:225,3
DA:227,2
DA:228,2
DA:237,298
DA:238,290
DA:243,70
DA:244,60
DA:251,18
DA:252,12
LF:32
LH:32
BRDA:72,1,0,200
BRDA:72,1,1,0
BRDA:86,2,0,200
BRDA:86,2,1,0
BRDA:104,3,0,200
BRDA:104,3,1,0
BRDA:114,4,0,200
BRDA:114,4,1,0
BRDA:167,5,0,1
BRDA:167,5,1,1
BRDA:176,6,0,14
BRDA:176,6,1,10
BRDA:193,7,0,6
BRDA:193,7,1,4
BRDA:224,8,0,3
BRDA:224,8,1,1
BRDA:225,9,0,2
BRDA:225,9,1,1
BRDA:237,10,0,290
BRDA:237,10,1,8
BRDA:243,11,0,60
BRDA:243,11,1,10
BRDA:251,12,0,12
BRDA:251,12,1,6
BRDA:256,13,0,3
BRDA:256,13,1,1
BRDA:258,14,0,240
BRDA:258,14,1,6
BRDA:260,15,0,52
BRDA:260,15,1,8
BRDA:262,16,0,46
BRDA:262,16,1,4
BRDA:263,17,0,16
BRDA:263,17,1,2
BRDA:265,18,0,41
BRDA:265,18,1,6
BRDA:267,19,0,4
BRDA:267,19,1,4
BRF:38
BRH:34
end_of_record
TN:
SF:/home/ryan/Pictures/dev/CMTAT/contracts/modules/0_CMTATBaseGeneric.sol
FN:48,__CMTAT_init
FN:66,__CMTAT_openzeppelin_init_unchained
FN:75,__CMTAT_modules_init_unchained
FN:88,_authorizeDocumentManagement
FN:89,_authorizeExtraInfoManagement
FNF:5
FNH:5
FNDA:51,__CMTAT_init
FNDA:51,__CMTAT_openzeppelin_init_unchained
FNDA:51,__CMTAT_modules_init_unchained
FNDA:6,_authorizeDocumentManagement
FNDA:3,_authorizeExtraInfoManagement
DA:51,51
DA:54,51
DA:57,51
DA:60,51
DA:68,51
DA:69,51
DA:77,51
DA:78,51
DA:80,51
LF:9
LH:9
BRDA:48,1,0,51
BRDA:48,1,1,0
BRDA:66,2,0,51
BRDA:66,2,1,0
BRDA:75,3,0,51
BRDA:75,3,1,0
BRDA:88,4,0,6
BRDA:88,4,1,0
BRDA:89,5,0,3
BRDA:89,5,1,3
BRF:10
BRH:6
end_of_record
TN:
SF:/home/ryan/Pictures/dev/CMTAT/contracts/modules/1_CMTATBaseAllowlist.sol
FN:56,initialize
FN:76,__CMTAT_init
FN:94,__CMTAT_openzeppelin_init_unchained
FN:106,__CMTAT_modules_init_unchained
FN:123,canTransfer
FN:141,canTransferFrom
FN:161,_authorizePause
FN:162,_authorizeDeactivate
FN:164,_authorizeFreeze
FN:166,_authorizeAllowlistManagement
FN:172,_canMintBurnByModule
FN:178,_canTransferStandardByModule
FN:186,_checkTransferred
FN:200,_msgSender
FN:212,_contextSuffixLength
FN:221,_msgData
FNF:16
FNH:15
FNDA:438,initialize
FNDA:438,__CMTAT_init
FNDA:438,__CMTAT_openzeppelin_init_unchained
FNDA:438,__CMTAT_modules_init_unchained
FNDA:160,canTransfer
FNDA:25,canTransferFrom
FNDA:69,_authorizePause
FNDA:24,_authorizeDeactivate
FNDA:60,_authorizeFreeze
FNDA:728,_authorizeAllowlistManagement
FNDA:709,_canMintBurnByModule
FNDA:331,_canTransferStandardByModule
FNDA:790,_checkTransferred
FNDA:4826,_msgSender
FNDA:4826,_contextSuffixLength
FNDA:0,_msgData
DA:57,438
DA:79,438
DA:82,438
DA:85,438
DA:88,438
DA:96,438
DA:97,438
DA:99,438
DA:107,438
DA:109,438
DA:128,160
DA:129,68
DA:131,28
DA:133,64
DA:147,25
DA:148,14
DA:150,4
DA:152,7
DA:175,709
DA:183,331
DA:187,790
DA:188,784
DA:189,73
DA:206,4826
DA:215,4826
DA:227,0
LF:26
LH:25
BRDA:56,1,0,438
BRDA:56,1,1,0
BRDA:76,2,0,438
BRDA:76,2,1,0
BRDA:94,3,0,438
BRDA:94,3,1,0
BRDA:106,4,0,438
BRDA:106,4,1,0
BRDA:128,5,0,68
BRDA:128,5,1,92
BRDA:130,6,0,28
BRDA:130,6,1,64
BRDA:147,7,0,14
BRDA:147,7,1,11
BRDA:149,8,0,4
BRDA:149,8,1,7
BRDA:161,9,0,69
BRDA:161,9,1,6
BRDA:162,10,0,24
BRDA:162,10,1,3
BRDA:164,11,0,60
BRDA:164,11,1,9
BRDA:166,12,0,728
BRDA:166,12,1,8
BRDA:188,13,0,73
BRDA:188,13,1,711
BRF:26
BRH:22
end_of_record
TN:
SF:/home/ryan/Pictures/dev/CMTAT/contracts/modules/1_CMTATBaseRuleEngine.sol
FN:42,initialize
FN:59,_initialize
FN:76,__CMTAT_init
FN:96,__CMTAT_openzeppelin_init_unchained
FN:107,__CMTAT_internal_init_unchained
FN:114,__CMTAT_modules_init_unchained
FN:124,canTransfer
FN:139,canTransferFrom
FN:156,_authorizePause
FN:157,_authorizeDeactivate
FN:159,_authorizeFreeze
FN:161,_authorizeRuleEngineManagement
FN:164,_checkTransferred
FNF:13
FNH:13
FNDA:2391,initialize
FNDA:2391,_initialize
FNDA:2391,__CMTAT_init
FNDA:2391,__CMTAT_openzeppelin_init_unchained
FNDA:2391,__CMTAT_internal_init_unchained
FNDA:2391,__CMTAT_modules_init_unchained
FNDA:487,canTransfer
FNDA:119,canTransferFrom
FNDA:310,_authorizePause
FNDA:120,_authorizeDeactivate
FNDA:240,_authorizeFreeze
FNDA:87,_authorizeRuleEngineManagement
FNDA:6167,_checkTransferred
DA:43,2391
DA:60,2391
DA:79,2391
DA:82,2391
DA:85,2391
DA:87,2391
DA:90,2391
DA:98,2391
DA:99,2391
DA:101,2391
DA:108,2391
DA:115,2391
DA:129,487
DA:130,126
DA:132,361
DA:145,119
DA:146,18
DA:148,101
DA:165,6167
DA:166,6140
LF:20
LH:20
BRDA:42,1,0,2391
BRDA:42,1,1,1
BRDA:59,2,0,2391
BRDA:59,2,1,0
BRDA:76,3,0,2391
BRDA:76,3,1,0
BRDA:96,4,0,2391
BRDA:96,4,1,0
BRDA:107,5,0,2391
BRDA:107,5,1,0
BRDA:114,6,0,2391
BRDA:114,6,1,0
BRDA:129,7,0,126
BRDA:129,7,1,361
BRDA:145,8,0,18
BRDA:145,8,1,101
BRDA:156,9,0,310
BRDA:156,9,1,21
BRDA:157,10,0,120
BRDA:157,10,1,10
BRDA:159,11,0,240
BRDA:159,11,1,30
BRDA:161,12,0,87
BRDA:161,12,1,3
BRDA:166,13,0,5866
BRDA:166,13,1,274
BRF:26
BRH:21
end_of_record
TN:
SF:/home/ryan/Pictures/dev/CMTAT/contracts/modules/2_CMTATBaseDebt.sol
FN:11,_authorizeDebtManagement
FNF:1
FNH:1
FNDA:16,_authorizeDebtManagement
LF:0
LH:0
BRDA:11,1,0,16
BRDA:11,1,1,8
BRF:2
BRH:2
end_of_record
TN:
SF:/home/ryan/Pictures/dev/CMTAT/contracts/modules/2_CMTATBaseERC1404.sol
FN:31,messageForTransferRestriction
FN:45,canTransfer
FN:56,canTransferFrom
FN:68,_detectTransferRestriction
FNF:4
FNH:4
FNDA:90,messageForTransferRestriction
FNDA:420,canTransfer
FNDA:106,canTransferFrom
FNDA:195,_detectTransferRestriction
DA:34,90
DA:35,21
DA:37,69
DA:50,420
DA:62,106
DA:73,195
DA:74,195
DA:75,56
DA:76,56
DA:77,42
DA:80,153
LF:11
LH:11
BRDA:34,1,0,21
BRDA:34,1,1,69
BRDA:74,2,0,56
BRDA:74,2,1,139
BRDA:76,3,0,42
BRDA:76,3,1,14
BRF:6
BRH:6
end_of_record
TN:
SF:/home/ryan/Pictures/dev/CMTAT/contracts/modules/3_CMTATBaseERC20CrossChain.sol
FN:19,transfer
FN:25,transferFrom
FN:43,decimals
FN:57,name
FN:64,symbol
FN:68,supportsInterface
FN:79,_mintOverride
FN:87,_burnOverride
FN:95,_minterTransferOverride
FN:106,_authorizeCCIPSetAdmin
FN:117,_checkTokenBridge
FN:126,_authorizeBurnFrom
FN:133,_authorizeSelfBurn
FN:136,_update
FNF:14
FNH:14
FNDA:182,transfer
FNDA:82,transferFrom
FNDA:8,decimals
FNDA:26,name
FNDA:24,symbol
FNDA:41,supportsInterface
FNDA:2295,_mintOverride
FNDA:411,_burnOverride
FNDA:84,_minterTransferOverride
FNDA:24,_authorizeCCIPSetAdmin
FNDA:132,_checkTokenBridge
FNDA:30,_authorizeBurnFrom
FNDA:40,_authorizeSelfBurn
FNDA:2850,_update
DA:20,182
DA:35,82
DA:50,8
DA:58,26
DA:65,24
DA:69,41
DA:80,2295
DA:81,2241
DA:88,411
DA:89,341
DA:96,84
DA:97,54
DA:118,132
DA:141,2850
LF:14
LH:14
BRDA:69,1,0,18
BRDA:69,1,1,11
BRDA:106,2,0,24
BRDA:106,2,1,8
BRDA:117,3,0,132
BRDA:117,3,1,40
BRDA:126,4,0,50
BRDA:126,4,1,10
BRDA:126,5,0,30
BRDA:126,5,1,20
BRDA:133,6,0,60
BRDA:133,6,1,20
BRDA:133,7,0,40
BRDA:133,7,1,20
BRF:14
BRH:14
end_of_record
TN:
SF:/home/ryan/Pictures/dev/CMTAT/contracts/modules/4_CMTATBaseERC2771.sol
FN:20,_msgSender
FN:32,_contextSuffixLength
FN:41,_msgData
FNF:3
FNH:2
FNDA:9932,_msgSender
FNDA:9932,_contextSuffixLength
FNDA:0,_msgData
DA:26,9932
DA:35,9932
DA:47,0
LF:3
LH:2
BRF:0
BRH:0
end_of_record
TN:
SF:/home/ryan/Pictures/dev/CMTAT/contracts/modules/5_CMTATBaseERC1363.sol
FN:24,__CMTAT_openzeppelin_init_unchained
FN:38,transfer
FN:45,transferFrom
FN:62,supportsInterface
FN:70,decimals
FN:84,name
FN:91,symbol
FN:103,_update
FN:117,_msgSender
FN:129,_contextSuffixLength
FN:138,_msgData
FNF:11
FNH:10
FNDA:402,__CMTAT_openzeppelin_init_unchained
FNDA:34,transfer
FNDA:20,transferFrom
FNDA:15,supportsInterface
FNDA:2,decimals
FNDA:6,name
FNDA:6,symbol
FNDA:596,_update
FNDA:2065,_msgSender
FNDA:2065,_contextSuffixLength
FNDA:0,_msgData
DA:25,402
DA:26,402
DA:39,34
DA:55,20
DA:63,15
DA:77,2
DA:85,6
DA:92,6
DA:108,596
DA:123,2065
DA:132,2065
DA:144,0
LF:12
LH:11
BRDA:24,1,0,402
BRDA:24,1,1,0
BRDA:63,2,0,6
BRDA:63,2,1,5
BRF:4
BRH:3
end_of_record
TN:
SF:/home/ryan/Pictures/dev/CMTAT/contracts/modules/5_CMTATBaseERC7551.sol
FN:18,_authorizeExtraInfoManagement
FNF:1
FNH:1
FNDA:20,_authorizeExtraInfoManagement
DA:19,20
LF:1
LH:1
BRF:0
BRH:0
end_of_record
TN:
SF:/home/ryan/Pictures/dev/CMTAT/contracts/modules/internal/AllowlistModuleInternal.sol
FN:29,__Allowlist_init_unchained
FN:39,_addToAllowlist
FN:44,_addToAllowlist
FN:48,_addToAllowlist
FN:59,_enableAllowlist
FN:68,_isAllowlisted
FN:76,_isAllowlistEnabled
FN:84,_getAllowlistModuleInternalStorage
FNF:8
FNH:8
FNDA:438,__Allowlist_init_unchained
FNDA:222,_addToAllowlist
FNDA:1754,_addToAllowlist
FNDA:390,_addToAllowlist
FNDA:116,_enableAllowlist
FNDA:1132,_isAllowlisted
FNDA:1044,_isAllowlistEnabled
FNDA:3338,_getAllowlistModuleInternalStorage
DA:30,438
DA:31,438
DA:40,222
DA:41,222
DA:45,1754
DA:49,390
DA:50,386
DA:51,386
DA:52,1532
DA:60,116
DA:61,116
DA:69,1132
DA:70,1132
DA:77,1044
DA:78,1044
DA:85,3338
LF:16
LH:16
BRDA:29,1,0,438
BRDA:29,1,1,0
BRF:2
BRH:1
end_of_record
TN:
SF:/home/ryan/Pictures/dev/CMTAT/contracts/modules/internal/common/EnforcementModuleLibrary.sol
FN:15,_checkInput
FNF:1
FNH:1
FNDA:454,_checkInput
DA:16,454
DA:19,436
LF:2
LH:2
BRDA:16,1,0,436
BRDA:16,1,1,18
BRDA:19,2,0,418
BRDA:19,2,1,18
BRF:4
BRH:4
end_of_record
TN:
SF:/home/ryan/Pictures/dev/CMTAT/contracts/modules/internal/EnforcementModuleInternal.sol
FN:32,_addAddressToTheList
FN:37,_addAddressToTheList
FN:41,_addAddressesToTheList
FN:53,_addressIsListed
FN:59,_getEnforcementModuleInternalStorage
FNF:5
FNH:5
FNDA:293,_addAddressToTheList
FNDA:373,_addAddressToTheList
FNDA:64,_addAddressesToTheList
FNDA:10962,_addressIsListed
FNDA:11287,_getEnforcementModuleInternalStorage
DA:33,293
DA:34,293
DA:38,373
DA:42,64
DA:43,32
DA:44,32
DA:45,80
DA:54,10962
DA:55,10962
DA:60,11287
LF:10
LH:10
BRF:0
BRH:0
end_of_record
TN:
SF:/home/ryan/Pictures/dev/CMTAT/contracts/modules/internal/ERC20BurnModuleInternal.sol
FN:26,_batchBurn
FN:43,_burnOverride
FNF:2
FNH:2
FNDA:168,_batchBurn
FNDA:559,_burnOverride
DA:30,168
DA:33,153
DA:34,123
DA:35,307
DA:47,559
LF:5
LH:5
BRDA:30,1,0,153
BRDA:30,1,1,15
BRDA:33,2,0,123
BRDA:33,2,1,30
BRF:4
BRH:4
end_of_record
TN:
SF:/home/ryan/Pictures/dev/CMTAT/contracts/modules/internal/ERC20EnforcementModuleInternal.sol
FN:31,_freezePartialTokens
FN:43,_unfreezePartialTokens
FN:54,_unfreezeTokens
FN:69,_forcedTransfer
FN:95,_checkActiveBalanceAndRevert
FN:99,_checkActiveBalance
FN:113,_getFrozenTokens
FN:118,_getActiveBalanceOf
FN:124,_getEnforcementModuleStorage
FNF:9
FNH:9
FNDA:178,_freezePartialTokens
FNDA:44,_unfreezePartialTokens
FNDA:101,_unfreezeTokens
FNDA:101,_forcedTransfer
FNDA:6957,_checkActiveBalanceAndRevert
FNDA:7666,_checkActiveBalance
FNDA:8173,_getFrozenTokens
FNDA:286,_getActiveBalanceOf
FNDA:8771,_getEnforcementModuleStorage
DA:32,178
DA:34,178
DA:35,178
DA:37,178
DA:39,178
DA:40,178
DA:44,44
DA:45,44
DA:47,44
DA:48,44
DA:55,101
DA:56,101
DA:57,11
DA:59,90
DA:61,90
DA:62,90
DA:63,22
DA:64,22
DA:65,22
DA:70,101
DA:71,90
DA:72,22
DA:76,68
DA:77,68
DA:78,22
DA:79,11
DA:80,11
DA:83,11
DA:84,11
DA:89,68
DA:91,90
DA:96,6957
DA:100,7666
DA:101,7666
DA:103,363
DA:104,363
DA:105,209
DA:110,7457
DA:114,8173
DA:115,8173
DA:119,286
DA:120,286
DA:125,8771
LF:43
LH:43
BRDA:37,1,0,178
BRDA:37,1,1,0
BRDA:45,2,0,44
BRDA:45,2,1,0
BRDA:56,3,0,11
BRDA:56,3,1,90
BRDA:62,4,0,22
BRDA:62,4,1,68
BRDA:71,5,0,22
BRDA:71,5,1,68
BRDA:77,6,0,22
BRDA:77,6,1,46
BRDA:78,7,0,11
BRDA:78,7,1,11
BRDA:96,8,0,6924
BRDA:96,8,1,33
BRDA:101,9,0,363
BRDA:101,9,1,7303
BRDA:104,10,0,209
BRDA:104,10,1,154
BRF:20
BRH:18
end_of_record
TN:
SF:/home/ryan/Pictures/dev/CMTAT/contracts/modules/internal/ERC20MintModuleInternal.sol
FN:30,_batchMint
FN:43,_batchTransfer
FN:63,_mintOverride
FN:67,_minterTransferOverride
FNF:4
FNH:4
FNDA:394,_batchMint
FNDA:128,_batchTransfer
FNDA:3427,_mintOverride
FNDA:100,_minterTransferOverride
DA:34,394
DA:37,379
DA:38,349
DA:39,983
DA:47,128
DA:48,113
DA:51,113
DA:52,83
DA:53,153
DA:57,15
DA:64,3427
DA:70,100
LF:12
LH:12
BRDA:34,1,0,379
BRDA:34,1,1,15
BRDA:37,2,0,349
BRDA:37,2,1,30
BRDA:47,3,0,113
BRDA:47,3,1,15
BRDA:51,4,0,83
BRDA:51,4,1,30
BRF:8
BRH:8
end_of_record
TN:
SF:/home/ryan/Pictures/dev/CMTAT/contracts/modules/internal/ValidationModuleRuleEngineInternal.sol
FN:37,__ValidationRuleEngine_init_unchained
FN:52,ruleEngine
FN:65,_setRuleEngine
FN:74,_getValidationModuleRuleEngineStorage
FNF:4
FNH:4
FNDA:2391,__ValidationRuleEngine_init_unchained
FNDA:6694,ruleEngine
FNDA:147,_setRuleEngine
FNDA:6841,_getValidationModuleRuleEngineStorage
DA:38,2391
DA:39,63
DA:53,6694
DA:54,6694
DA:68,147
DA:69,147
DA:70,147
DA:75,6841
LF:8
LH:8
BRDA:37,1,0,2391
BRDA:37,1,1,0
BRDA:38,2,0,63
BRDA:38,2,1,2328
BRF:4
BRH:3
end_of_record
TN:
SF:/home/ryan/Pictures/dev/CMTAT/contracts/modules/wrapper/controllers/ValidationModule.sol
FN:26,_canTransferGenericByModule
FN:48,_canMintBurnByModule
FN:65,_canTransferStandardByModule
FNF:3
FNH:3
FNDA:7750,_canTransferGenericByModule
FNDA:6815,_canMintBurnByModule
FNDA:1277,_canTransferStandardByModule
DA:32,7750
DA:33,5484
DA:36,953
DA:39,1313
DA:51,6815
DA:55,176
DA:57,6639
DA:70,1277
DA:74,407
DA:76,870
LF:10
LH:10
BRDA:32,1,0,5484
BRDA:32,1,1,2266
BRDA:35,2,0,953
BRDA:35,2,1,1313
BRDA:51,3,0,176
BRDA:51,3,1,6639
BRDA:51,4,0,76
BRDA:51,4,1,100
BRDA:70,5,0,407
BRDA:70,5,1,870
BRDA:70,6,0,30
BRDA:70,6,1,120
BRDA:70,7,0,120
BRDA:70,7,1,62
BRDA:70,8,0,62
BRDA:70,8,1,195
BRF:16
BRH:16
end_of_record
TN:
SF:/home/ryan/Pictures/dev/CMTAT/contracts/modules/wrapper/controllers/ValidationModuleAllowlist.sol
FN:24,_canMintBurnByModule
FN:37,_canTransferStandardByModule
FNF:2
FNH:2
FNDA:709,_canMintBurnByModule
FNDA:331,_canTransferStandardByModule
DA:27,709
DA:28,14
DA:30,695
DA:42,331
DA:43,271
DA:44,271
DA:45,36
DA:48,295
LF:8
LH:8
BRDA:27,1,0,14
BRDA:27,1,1,695
BRDA:42,2,0,271
BRDA:42,2,1,60
BRDA:44,3,0,36
BRDA:44,3,1,235
BRDA:44,4,0,4
BRDA:44,4,1,16
BRDA:44,5,0,16
BRDA:44,5,1,16
BRF:10
BRH:10
end_of_record
TN:
SF:/home/ryan/Pictures/dev/CMTAT/contracts/modules/wrapper/core/EnforcementModule.sol
FN:26,onlyEnforcer
FN:41,setAddressFrozen
FN:59,setAddressFrozen
FN:70,batchSetAddressFrozen
FN:78,isFrozen
FN:86,_addAddressToTheList
FNF:6
FNH:6
FNDA:405,onlyEnforcer
FNDA:117,setAddressFrozen
FNDA:176,setAddressFrozen
FNDA:64,batchSetAddressFrozen
FNDA:10962,isFrozen
FNDA:373,_addAddressToTheList
DA:27,405
DA:28,357
DA:42,117
DA:60,176
DA:71,64
DA:79,10962
DA:87,373
DA:88,373
LF:8
LH:8
BRDA:41,1,0,117
BRDA:41,1,1,0
BRDA:59,2,0,176
BRDA:59,2,1,32
BRDA:70,3,0,64
BRDA:70,3,1,16
BRF:6
BRH:5
end_of_record
TN:
SF:/home/ryan/Pictures/dev/CMTAT/contracts/modules/wrapper/core/ERC20BaseModule.sol
FN:38,onlyERC20AttributeManager
FN:54,__ERC20BaseModule_init_unchained
FN:74,transferFrom
FN:94,decimals
FN:102,name
FN:111,symbol
FN:123,setName
FN:132,setSymbol
FN:141,batchBalanceOf
FN:156,_getERC20BaseModuleStorage
FNF:10
FNH:10
FNDA:62,onlyERC20AttributeManager
FNDA:3027,__ERC20BaseModule_init_unchained
FNDA:53,transferFrom
FNDA:15,decimals
FNDA:47,name
FNDA:45,symbol
FNDA:17,setName
FNDA:15,setSymbol
FNDA:30,batchBalanceOf
FNDA:3166,_getERC20BaseModuleStorage
DA:39,62
DA:40,32
DA:55,3027
DA:56,3027
DA:57,3027
DA:58,3027
DA:79,53
DA:81,23
DA:82,23
DA:85,23
DA:95,15
DA:96,15
DA:103,47
DA:104,47
DA:112,45
DA:113,45
DA:124,17
DA:125,17
DA:126,17
DA:133,15
DA:134,15
DA:135,15
DA:142,30
DA:143,30
DA:144,15
DA:146,30
DA:157,3166
LF:27
LH:27
BRDA:54,1,0,3027
BRDA:54,1,1,0
BRDA:81,2,0,23
BRDA:81,2,1,0
BRDA:123,3,0,17
BRDA:123,3,1,15
BRDA:132,4,0,15
BRDA:132,4,1,15
BRF:8
BRH:6
end_of_record
TN:
SF:/home/ryan/Pictures/dev/CMTAT/contracts/modules/wrapper/core/ERC20BurnModule.sol
FN:25,onlyBurner
FN:44,burn
FN:56,burn
FN:70,batchBurn
FN:84,batchBurn
FN:93,_burn
FNF:6
FNH:6
FNDA:469,onlyBurner
FNDA:177,burn
FNDA:64,burn
FNDA:120,batchBurn
FNDA:48,batchBurn
FNDA:241,_burn
DA:26,469
DA:27,409
DA:45,177
DA:57,64
DA:71,120
DA:72,30
DA:85,48
DA:86,46
DA:98,241
DA:99,179
LF:10
LH:10
BRDA:44,1,0,177
BRDA:44,1,1,45
BRDA:56,2,0,64
BRDA:56,2,1,0
BRDA:70,3,0,120
BRDA:70,3,1,15
BRDA:84,4,0,48
BRDA:84,4,1,0
BRF:8
BRH:6
end_of_record
TN:
SF:/home/ryan/Pictures/dev/CMTAT/contracts/modules/wrapper/core/ERC20MintModule.sol
FN:27,onlyMinter
FN:43,mint
FN:59,mint
FN:75,batchMint
FN:88,batchTransfer
FN:95,_mint
FNF:6
FNH:6
FNDA:3045,onlyMinter
FNDA:90,mint
FNDA:2388,mint
FNDA:394,batchMint
FNDA:128,batchTransfer
FNDA:2478,_mint
DA:28,3045
DA:29,3000
DA:44,90
DA:60,2388
DA:76,394
DA:77,311
DA:89,128
DA:96,2478
DA:97,2440
LF:9
LH:9
BRDA:43,1,0,90
BRDA:43,1,1,15
BRDA:59,2,0,2388
BRDA:59,2,1,15
BRDA:75,3,0,394
BRDA:75,3,1,15
BRDA:88,4,0,128
BRDA:88,4,1,0
BRF:8
BRH:7
end_of_record
TN:
SF:/home/ryan/Pictures/dev/CMTAT/contracts/modules/wrapper/core/PauseModule.sol
FN:39,onlyPauseManager
FN:44,onlyDeactivateContractManager
FN:58,pause
FN:67,unpause
FN:82,deactivateContract
FN:95,paused
FN:102,deactivated
FN:115,_getPauseModuleStorage
FNF:8
FNH:8
FNDA:471,onlyPauseManager
FNDA:179,onlyDeactivateContractManager
FNDA:390,pause
FNDA:48,unpause
FNDA:163,deactivateContract
FNDA:2144,paused
FNDA:7000,deactivated
FNDA:7195,_getPauseModuleStorage
DA:40,471
DA:41,438
DA:45,179
DA:46,163
DA:59,390
DA:68,48
DA:69,48
DA:70,32
DA:85,163
DA:86,147
DA:87,147
DA:88,147
DA:96,2144
DA:103,7000
DA:104,7000
DA:116,7195
LF:16
LH:16
BRDA:58,1,0,390
BRDA:58,1,1,17
BRDA:67,2,0,48
BRDA:67,2,1,16
BRDA:69,3,0,32
BRDA:69,3,1,16
BRDA:82,4,0,163
BRDA:82,4,1,16
BRF:8
BRH:8
end_of_record
TN:
SF:/home/ryan/Pictures/dev/CMTAT/contracts/modules/wrapper/core/ValidationModuleCore.sol
FN:20,canTransfer
FN:28,canTransferFrom
FN:44,_canTransferByModule
FNF:3
FNH:3
FNDA:507,canTransfer
FNDA:128,canTransferFrom
FNDA:635,_canTransferByModule
DA:25,507
DA:34,128
DA:50,635
LF:3
LH:3
BRF:0
BRH:0
end_of_record
TN:
SF:/home/ryan/Pictures/dev/CMTAT/contracts/modules/wrapper/core/VersionModule.sol
FN:20,version
FNF:1
FNH:1
FNDA:16,version
DA:21,16
LF:1
LH:1
BRF:0
BRH:0
end_of_record
TN:
SF:/home/ryan/Pictures/dev/CMTAT/contracts/modules/wrapper/extensions/DocumentEngineModule.sol
FN:29,onlyDocumentManager
FN:42,__DocumentEngineModule_init_unchained
FN:55,documentEngine
FN:63,getDocument
FN:75,getAllDocuments
FN:89,setDocumentEngine
FN:99,_setDocumentEngine
FN:110,_getDocumentEngineModuleStorage
FNF:8
FNH:8
FNDA:90,onlyDocumentManager
FNDA:2878,__DocumentEngineModule_init_unchained
FNDA:100,documentEngine
FNDA:66,getDocument
FNDA:18,getAllDocuments
FNDA:88,setDocumentEngine
FNDA:98,_setDocumentEngine
FNDA:284,_getDocumentEngineModuleStorage
DA:30,90
DA:31,88
DA:43,2878
DA:44,12
DA:45,12
DA:56,100
DA:57,100
DA:64,66
DA:65,66
DA:66,64
DA:68,2
DA:76,18
DA:77,18
DA:78,16
DA:90,88
DA:91,88
DA:92,86
DA:102,98
DA:103,98
DA:111,284
LF:20
LH:20
BRDA:42,1,0,2878
BRDA:42,1,1,0
BRDA:43,2,0,12
BRDA:43,2,1,2866
BRDA:65,3,0,64
BRDA:65,3,1,2
BRDA:77,4,0,16
BRDA:77,4,1,2
BRDA:89,5,0,88
BRDA:89,5,1,2
BRDA:91,6,0,86
BRDA:91,6,1,2
BRF:12
BRH:11
end_of_record
TN:
SF:/home/ryan/Pictures/dev/CMTAT/contracts/modules/wrapper/extensions/ERC20EnforcementModule.sol
FN:22,onlyERC20Enforcer
FN:30,onlyForcedTransferManager
FN:43,getFrozenTokens
FN:51,getActiveBalanceOf
FN:63,forcedTransfer
FN:75,forcedTransfer
FN:87,freezePartialTokens
FN:98,unfreezePartialTokens
FN:109,freezePartialTokens
FN:120,unfreezePartialTokens
FNF:10
FNH:10
FNDA:244,onlyERC20Enforcer
FNDA:123,onlyForcedTransferManager
FNDA:507,getFrozenTokens
FNDA:286,getActiveBalanceOf
FNDA:79,forcedTransfer
FNDA:22,forcedTransfer
FNDA:156,freezePartialTokens
FNDA:22,unfreezePartialTokens
FNDA:22,freezePartialTokens
FNDA:22,unfreezePartialTokens
DA:25,244
DA:26,222
DA:31,123
DA:32,101
DA:44,507
DA:52,286
DA:64,79
DA:65,79
DA:76,22
DA:77,11
DA:88,156
DA:99,22
DA:110,22
DA:121,22
LF:14
LH:14
BRDA:63,1,0,79
BRDA:63,1,1,11
BRDA:75,2,0,22
BRDA:75,2,1,11
BRDA:87,3,0,156
BRDA:87,3,1,11
BRDA:98,4,0,22
BRDA:98,4,1,11
BRDA:109,5,0,22
BRDA:109,5,1,0
BRDA:120,6,0,22
BRDA:120,6,1,0
BRF:12
BRH:10
end_of_record
TN:
SF:/home/ryan/Pictures/dev/CMTAT/contracts/modules/wrapper/extensions/ExtraInformationModule.sol
FN:24,onlyExtraInfoManager
FN:37,__ExtraInformationModule_init_unchained
FN:60,setTokenId
FN:71,setTerms
FN:84,setInformation
FN:93,tokenId
FN:101,terms
FN:109,information
FN:117,_setTerms
FN:122,_setTokenId
FN:129,_setTerms
FN:140,_setInformation
FN:149,_getExtraInformationModuleStorage
FNF:13
FNH:13
FNDA:98,onlyExtraInfoManager
FNDA:2878,__ExtraInformationModule_init_unchained
FNDA:15,setTokenId
FNDA:15,setTerms
FNDA:15,setInformation
FNDA:75,tokenId
FNDA:36,terms
FNDA:60,information
FNDA:17,_setTerms
FNDA:2893,_setTokenId
FNDA:2895,_setTerms
FNDA:2893,_setInformation
FNDA:3096,_getExtraInformationModuleStorage
DA:25,98
DA:26,49
DA:38,2878
DA:40,2878
DA:42,2878
DA:44,2878
DA:61,15
DA:62,15
DA:72,15
DA:85,15
DA:86,15
DA:94,75
DA:95,75
DA:102,36
DA:103,36
DA:110,60
DA:111,60
DA:118,17
DA:119,17
DA:125,2893
DA:126,2893
DA:131,2895
DA:133,2895
DA:134,2895
DA:135,2895
DA:137,2895
DA:141,2893
DA:142,2893
DA:150,3096
LF:29
LH:29
BRDA:37,1,0,2878
BRDA:37,1,1,0
BRDA:60,2,0,15
BRDA:60,2,1,15
BRDA:71,3,0,15
BRDA:71,3,1,15
BRDA:84,4,0,15
BRDA:84,4,1,15
BRF:8
BRH:7
end_of_record
TN:
SF:/home/ryan/Pictures/dev/CMTAT/contracts/modules/wrapper/extensions/SnapshotEngineModule.sol
FN:23,onlySnapshooter
FN:36,__SnapshotEngineModule_init_unchained
FN:56,setSnapshotEngine
FN:68,snapshotEngine
FN:76,_setSnapshotEngine
FN:86,_getSnapshotEngineModuleStorage
FNF:6
FNH:6
FNDA:417,onlySnapshooter
FNDA:2827,__SnapshotEngineModule_init_unchained
FNDA:414,setSnapshotEngine
FNDA:4576,snapshotEngine
FNDA:555,_setSnapshotEngine
FNDA:5134,_getSnapshotEngineModuleStorage
DA:24,417
DA:25,414
DA:37,2827
DA:38,144
DA:39,144
DA:57,414
DA:58,414
DA:59,411
DA:69,4576
DA:70,4576
DA:79,555
DA:80,555
DA:87,5134
LF:13
LH:13
BRDA:36,1,0,2827
BRDA:36,1,1,0
BRDA:37,2,0,144
BRDA:37,2,1,2683
BRDA:56,3,0,414
BRDA:56,3,1,3
BRDA:58,4,0,411
BRDA:58,4,1,3
BRF:8
BRH:7
end_of_record
TN:
SF:/home/ryan/Pictures/dev/CMTAT/contracts/modules/wrapper/extensions/ValidationModule/ValidationModuleERC1404.sol
FN:49,messageForTransferRestriction
FN:95,detectTransferRestriction
FN:111,detectTransferRestrictionFrom
FN:139,_detectTransferRestriction
FNF:4
FNH:4
FNDA:69,messageForTransferRestriction
FNDA:108,detectTransferRestriction
FNDA:94,detectTransferRestrictionFrom
FNDA:153,_detectTransferRestriction
DA:52,69
DA:53,69
DA:54,6
DA:59,14
DA:64,7
DA:69,7
DA:74,7
DA:79,7
DA:81,18
DA:83,3
DA:100,108
DA:101,108
DA:102,108
DA:103,56
DA:105,42
DA:107,10
DA:117,94
DA:118,94
DA:119,7
DA:121,87
DA:122,87
DA:123,56
DA:125,24
DA:127,7
DA:144,153
DA:145,21
DA:147,35
DA:149,7
DA:151,7
DA:154,83
LF:30
LH:30
BRDA:53,1,0,6
BRDA:53,1,1,63
BRDA:55,2,0,14
BRDA:55,2,1,49
BRDA:60,3,0,7
BRDA:60,3,1,42
BRDA:65,4,0,7
BRDA:65,4,1,35
BRDA:70,5,0,7
BRDA:70,5,1,28
BRDA:75,6,0,7
BRDA:75,6,1,21
BRDA:80,7,0,18
BRDA:80,7,1,3
BRDA:102,8,0,56
BRDA:102,8,1,52
BRDA:104,9,0,42
BRDA:104,9,1,10
BRDA:118,10,0,7
BRDA:118,10,1,87
BRDA:122,11,0,56
BRDA:122,11,1,31
BRDA:124,12,0,24
BRDA:124,12,1,7
BRDA:144,13,0,21
BRDA:144,13,1,132
BRDA:146,14,0,35
BRDA:146,14,1,97
BRDA:148,15,0,7
BRDA:148,15,1,90
BRDA:150,16,0,7
BRDA:150,16,1,83
BRF:32
BRH:32
end_of_record
TN:
SF:/home/ryan/Pictures/dev/CMTAT/contracts/modules/wrapper/extensions/ValidationModule/ValidationModuleRuleEngine.sol
FN:26,onlyRuleEngineManager
FN:48,setRuleEngine
FN:57,canTransfer
FN:69,canTransferFrom
FN:82,_canTransfer
FN:94,_canTransferFrom
FN:107,_canTransferFromWithRuleEngine
FN:120,_canTransferWithRuleEngine
FN:137,_transferred
FNF:9
FNH:9
FNDA:90,onlyRuleEngineManager
FNDA:87,setRuleEngine
FNDA:361,canTransfer
FNDA:101,canTransferFrom
FNDA:361,_canTransfer
FNDA:101,_canTransferFrom
FNDA:61,_canTransferFromWithRuleEngine
FNDA:241,_canTransferWithRuleEngine
FNDA:6140,_transferred
DA:27,90
DA:28,87
DA:49,87
DA:50,84
DA:62,361
DA:75,101
DA:87,361
DA:88,120
DA:90,241
DA:100,101
DA:101,40
DA:103,61
DA:113,61
DA:114,61
DA:115,30
DA:117,31
DA:125,241
DA:126,241
DA:127,60
DA:129,181
DA:138,6140
DA:139,244
DA:141,5896
DA:142,5896
DA:143,504
DA:144,12
DA:146,492
DA:150,5866
LF:28
LH:28
BRDA:48,1,0,87
BRDA:48,1,1,3
BRDA:49,2,0,84
BRDA:49,2,1,3
BRDA:87,3,0,120
BRDA:87,3,1,241
BRDA:100,4,0,40
BRDA:100,4,1,61
BRDA:114,5,0,30
BRDA:114,5,1,31
BRDA:126,6,0,60
BRDA:126,6,1,181
BRDA:138,7,0,244
BRDA:138,7,1,5896
BRDA:142,8,0,504
BRDA:142,8,1,5392
BRDA:143,9,0,12
BRDA:143,9,1,492
BRF:18
BRH:18
end_of_record
TN:
SF:/home/ryan/Pictures/dev/CMTAT/contracts/modules/wrapper/options/AllowlistModule.sol
FN:24,onlyAllowlistManager
FN:36,setAddressAllowlist
FN:46,setAddressAllowlist
FN:56,batchSetAddressAllowlist
FN:66,enableAllowlist
FN:76,isAllowlistEnabled
FN:83,isAllowlisted
FN:90,_addToAllowlist
FNF:8
FNH:8
FNDA:736,onlyAllowlistManager
FNDA:4,setAddressAllowlist
FNDA:218,setAddressAllowlist
FNDA:390,batchSetAddressAllowlist
FNDA:116,enableAllowlist
FNDA:4,isAllowlistEnabled
FNDA:1132,isAllowlisted
FNDA:1754,_addToAllowlist
DA:25,736
DA:26,728
DA:37,4
DA:47,218
DA:57,390
DA:67,116
DA:68,116
DA:77,4
DA:84,1132
DA:91,1754
DA:92,1754
LF:11
LH:11
BRDA:36,1,0,4
BRDA:36,1,1,2
BRDA:46,2,0,218
BRDA:46,2,1,4
BRDA:56,3,0,390
BRDA:56,3,1,2
BRDA:66,4,0,116
BRDA:66,4,1,0
BRF:8
BRH:7
end_of_record
TN:
SF:/home/ryan/Pictures/dev/CMTAT/contracts/modules/wrapper/options/CCIPModule.sol
FN:30,onlyCCIPSetAdmin
FN:41,setCCIPAdmin
FN:54,getCCIPAdmin
FN:66,_getCCIPModuleStorage
FNF:4
FNH:4
FNDA:32,onlyCCIPSetAdmin
FNDA:24,setCCIPAdmin
FNDA:16,getCCIPAdmin
FNDA:40,_getCCIPModuleStorage
DA:31,32
DA:32,24
DA:42,24
DA:43,24
DA:44,24
DA:46,16
DA:48,16
DA:55,16
DA:56,16
DA:67,40
LF:10
LH:10
BRDA:41,1,0,24
BRDA:41,1,1,8
BRDA:44,2,0,16
BRDA:44,2,1,8
BRF:4
BRH:4
end_of_record
TN:
SF:/home/ryan/Pictures/dev/CMTAT/contracts/modules/wrapper/options/DebtEngineModule.sol
FN:43,setDebtEngine
FN:56,creditEvents
FN:71,debt
FN:84,debtEngine
FN:92,_setDebtEngine
FNF:5
FNH:5
FNDA:10,setDebtEngine
FNDA:6,creditEvents
FNDA:8,debt
FNDA:8,debtEngine
FNDA:8,_setDebtEngine
DA:44,10
DA:45,10
DA:46,8
DA:57,6
DA:58,6
DA:59,2
DA:61,4
DA:72,8
DA:73,8
DA:74,2
DA:76,6
DA:85,8
DA:86,8
DA:95,8
DA:96,8
LF:15
LH:15
BRDA:43,1,0,10
BRDA:43,1,1,2
BRDA:45,2,0,8
BRDA:45,2,1,2
BRDA:58,3,0,2
BRDA:58,3,1,4
BRDA:73,4,0,2
BRDA:73,4,1,6
BRF:8
BRH:8
end_of_record
TN:
SF:/home/ryan/Pictures/dev/CMTAT/contracts/modules/wrapper/options/DebtModule.sol
FN:31,onlyDebtManager
FN:48,setCreditEvents
FN:61,setDebt
FN:74,setDebtInstrument
FN:84,creditEvents
FN:92,debt
FN:103,_getDebtModuleStorage
FNF:7
FNH:7
FNDA:24,onlyDebtManager
FNDA:2,setCreditEvents
FNDA:2,setDebt
FNDA:2,setDebtInstrument
FNDA:4,creditEvents
FNDA:6,debt
FNDA:48,_getDebtModuleStorage
DA:32,24
DA:33,16
DA:49,2
DA:50,2
DA:51,2
DA:62,2
DA:63,2
DA:64,2
DA:75,2
DA:76,2
DA:77,2
DA:85,4
DA:86,4
DA:93,6
DA:94,6
DA:104,48
LF:16
LH:16
BRDA:48,1,0,2
BRDA:48,1,1,2
BRDA:61,2,0,2
BRDA:61,2,1,2
BRDA:74,3,0,2
BRDA:74,3,1,2
BRF:6
BRH:6
end_of_record
TN:
SF:/home/ryan/Pictures/dev/CMTAT/contracts/modules/wrapper/options/ERC20CrossChainModule.sol
FN:29,onlyTokenBridge
FN:37,onlyBurnerFrom
FN:43,onlySelfBurn
FN:59,crosschainMint
FN:72,crosschainBurn
FN:83,burnFrom
FN:96,burn
FN:104,supportsInterface
FN:111,_burnFrom
FN:120,_burn
FNF:10
FNH:10
FNDA:172,onlyTokenBridge
FNDA:60,onlyBurnerFrom
FNDA:80,onlySelfBurn
FNDA:52,crosschainMint
FNDA:60,crosschainBurn
FNDA:30,burnFrom
FNDA:40,burn
FNDA:53,supportsInterface
FNDA:30,_burnFrom
FNDA:60,_burn
DA:32,172
DA:33,112
DA:38,60
DA:39,30
DA:44,80
DA:45,40
DA:60,52
DA:61,42
DA:73,60
DA:74,40
DA:85,30
DA:86,30
DA:98,40
DA:100,40
DA:105,53
DA:113,30
DA:116,20
DA:117,20
DA:124,60
DA:127,30
LF:20
LH:20
BRDA:59,1,0,52
BRDA:59,1,1,30
BRDA:72,2,0,60
BRDA:72,2,1,30
BRDA:83,3,0,30
BRDA:83,3,1,30
BRDA:96,4,0,40
BRDA:96,4,1,40
BRDA:105,5,0,10
BRDA:105,5,1,8
BRF:10
BRH:10
end_of_record
TN:
SF:/home/ryan/Pictures/dev/CMTAT/contracts/modules/wrapper/options/ERC2771Module.sol
FN:20,constructor
FNF:1
FNH:1
FNDA:2506,constructor
LF:0
LH:0
BRF:0
BRH:0
end_of_record
TN:
SF:/home/ryan/Pictures/dev/CMTAT/contracts/modules/wrapper/options/ERC7551Module.sol
FN:35,setMetaData
FN:45,setTerms
FN:52,metaData
FN:60,termsHash
FN:67,_setMetaData
FN:75,_getERC7551ModuleStorage
FNF:6
FNH:6
FNDA:2,setMetaData
FNDA:2,setTerms
FNDA:4,metaData
FNDA:2,termsHash
FNDA:2,_setMetaData
FNDA:6,_getERC7551ModuleStorage
DA:36,2
DA:37,2
DA:46,2
DA:47,2
DA:48,2
DA:53,4
DA:54,4
DA:61,2
DA:70,2
DA:71,2
DA:76,6
LF:11
LH:11
BRDA:35,1,0,2
BRDA:35,1,1,2
BRDA:45,2,0,2
BRDA:45,2,1,2
BRF:4
BRH:4
end_of_record
TN:
SF:/home/ryan/Pictures/dev/CMTAT/contracts/modules/wrapper/security/AccessControlModule.sol
FN:24,__AccessControlModule_init_unchained
FN:40,hasRole
FNF:2
FNH:2
FNDA:3080,__AccessControlModule_init_unchained
FNDA:10552,hasRole
DA:25,3080
DA:26,2
DA:31,3078
DA:45,10552
DA:46,6277
DA:48,4275
LF:6
LH:6
BRDA:24,1,0,3080
BRDA:24,1,1,0
BRDA:25,2,0,2
BRDA:25,2,1,3078
BRDA:45,3,0,6277
BRDA:45,3,1,4275
BRF:6
BRH:5
end_of_record
