{"contracts/deployment/allowlist/CMTATStandaloneAllowlist.sol":{"l":{"33":275},"path":"/home/ryan/Pictures/dev/CMTAT/contracts/deployment/allowlist/CMTATStandaloneAllowlist.sol","s":{"1":275},"b":{},"f":{"1":275},"fnMap":{"1":{"name":"constructor","line":30,"loc":{"start":{"line":22,"column":4},"end":{"line":40,"column":4}}}},"statementMap":{"1":{"start":{"line":33,"column":8},"end":{"line":33,"column":1436}}},"branchMap":{}},"contracts/deployment/allowlist/CMTATUpgradeableAllowlist.sol":{"l":{"20":138},"path":"/home/ryan/Pictures/dev/CMTAT/contracts/deployment/allowlist/CMTATUpgradeableAllowlist.sol","s":{"1":138},"b":{},"f":{"1":138},"fnMap":{"1":{"name":"constructor","line":18,"loc":{"start":{"line":18,"column":4},"end":{"line":21,"column":4}}}},"statementMap":{"1":{"start":{"line":20,"column":8},"end":{"line":20,"column":29}}},"branchMap":{}},"contracts/deployment/CMTATStandalone.sol":{"l":{"32":322},"path":"/home/ryan/Pictures/dev/CMTAT/contracts/deployment/CMTATStandalone.sol","s":{"1":322},"b":{},"f":{"1":322},"fnMap":{"1":{"name":"constructor","line":29,"loc":{"start":{"line":23,"column":4},"end":{"line":38,"column":4}}}},"statementMap":{"1":{"start":{"line":32,"column":8},"end":{"line":32,"column":1327}}},"branchMap":{}},"contracts/deployment/CMTATUpgradeable.sol":{"l":{"22":435},"path":"/home/ryan/Pictures/dev/CMTAT/contracts/deployment/CMTATUpgradeable.sol","s":{"1":435},"b":{},"f":{"1":435},"fnMap":{"1":{"name":"constructor","line":20,"loc":{"start":{"line":18,"column":4},"end":{"line":23,"column":4}}}},"statementMap":{"1":{"start":{"line":22,"column":8},"end":{"line":22,"column":29}}},"branchMap":{}},"contracts/deployment/CMTATUpgradeableUUPS.sol":{"l":{"24":240,"44":237,"48":237},"path":"/home/ryan/Pictures/dev/CMTAT/contracts/deployment/CMTATUpgradeableUUPS.sol","s":{"1":240,"2":237,"3":237},"b":{"1":[237,0],"2":[2,1]},"f":{"1":240,"2":237,"3":2},"fnMap":{"1":{"name":"constructor","line":22,"loc":{"start":{"line":20,"column":4},"end":{"line":25,"column":4}}},"2":{"name":"initialize","line":43,"loc":{"start":{"line":40,"column":4},"end":{"line":49,"column":4}}},"3":{"name":"_authorizeUpgrade","line":54,"loc":{"start":{"line":54,"column":4},"end":{"line":54,"column":131}}}},"statementMap":{"1":{"start":{"line":24,"column":8},"end":{"line":24,"column":29}},"2":{"start":{"line":44,"column":8},"end":{"line":44,"column":2021}},"3":{"start":{"line":48,"column":8},"end":{"line":48,"column":41}}},"branchMap":{"1":{"line":43,"type":"if","locations":[{"start":{"line":43,"column":67},"end":{"line":43,"column":67}},{"start":{"line":43,"column":67},"end":{"line":43,"column":67}}]},"2":{"line":54,"type":"if","locations":[{"start":{"line":54,"column":101},"end":{"line":54,"column":101}},{"start":{"line":54,"column":101},"end":{"line":54,"column":101}}]}}},"contracts/deployment/debt/CMTATStandaloneDebt.sol":{"l":{"28":193},"path":"/home/ryan/Pictures/dev/CMTAT/contracts/deployment/debt/CMTATStandaloneDebt.sol","s":{"1":193},"b":{},"f":{"1":193},"fnMap":{"1":{"name":"constructor","line":20,"loc":{"start":{"line":20,"column":4},"end":{"line":34,"column":4}}}},"statementMap":{"1":{"start":{"line":28,"column":8},"end":{"line":28,"column":1170}}},"branchMap":{}},"contracts/deployment/debt/CMTATUpgradeableDebt.sol":{"l":{"17":132},"path":"/home/ryan/Pictures/dev/CMTAT/contracts/deployment/debt/CMTATUpgradeableDebt.sol","s":{"1":132},"b":{},"f":{"1":132},"fnMap":{"1":{"name":"constructor","line":15,"loc":{"start":{"line":15,"column":4},"end":{"line":18,"column":4}}}},"statementMap":{"1":{"start":{"line":17,"column":8},"end":{"line":17,"column":29}}},"branchMap":{}},"contracts/deployment/ERC1363/CMTATStandaloneERC1363.sol":{"l":{"32":163},"path":"/home/ryan/Pictures/dev/CMTAT/contracts/deployment/ERC1363/CMTATStandaloneERC1363.sol","s":{"1":163},"b":{},"f":{"1":163},"fnMap":{"1":{"name":"constructor","line":29,"loc":{"start":{"line":23,"column":4},"end":{"line":38,"column":4}}}},"statementMap":{"1":{"start":{"line":32,"column":8},"end":{"line":32,"column":1349}}},"branchMap":{}},"contracts/deployment/ERC1363/CMTATUpgradeableERC1363.sol":{"l":{"22":237},"path":"/home/ryan/Pictures/dev/CMTAT/contracts/deployment/ERC1363/CMTATUpgradeableERC1363.sol","s":{"1":237},"b":{},"f":{"1":237},"fnMap":{"1":{"name":"constructor","line":20,"loc":{"start":{"line":18,"column":4},"end":{"line":23,"column":4}}}},"statementMap":{"1":{"start":{"line":22,"column":8},"end":{"line":22,"column":29}}},"branchMap":{}},"contracts/deployment/ERC7551/CMTATStandaloneERC7551.sol":{"l":{"31":211},"path":"/home/ryan/Pictures/dev/CMTAT/contracts/deployment/ERC7551/CMTATStandaloneERC7551.sol","s":{"1":211},"b":{},"f":{"1":211},"fnMap":{"1":{"name":"constructor","line":28,"loc":{"start":{"line":22,"column":4},"end":{"line":37,"column":4}}}},"statementMap":{"1":{"start":{"line":31,"column":8},"end":{"line":31,"column":1342}}},"branchMap":{}},"contracts/deployment/ERC7551/CMTATUpgradeableERC7551.sol":{"l":{"21":211},"path":"/home/ryan/Pictures/dev/CMTAT/contracts/deployment/ERC7551/CMTATUpgradeableERC7551.sol","s":{"1":211},"b":{},"f":{"1":211},"fnMap":{"1":{"name":"constructor","line":19,"loc":{"start":{"line":17,"column":4},"end":{"line":22,"column":4}}}},"statementMap":{"1":{"start":{"line":21,"column":8},"end":{"line":21,"column":29}}},"branchMap":{}},"contracts/deployment/light/CMTATStandaloneLight.sol":{"l":{"24":102},"path":"/home/ryan/Pictures/dev/CMTAT/contracts/deployment/light/CMTATStandaloneLight.sol","s":{"1":102},"b":{},"f":{"1":102},"fnMap":{"1":{"name":"constructor","line":18,"loc":{"start":{"line":18,"column":4},"end":{"line":28,"column":4}}}},"statementMap":{"1":{"start":{"line":24,"column":8},"end":{"line":24,"column":839}}},"branchMap":{}},"contracts/deployment/light/CMTATUpgradeableLight.sol":{"l":{"18":98},"path":"/home/ryan/Pictures/dev/CMTAT/contracts/deployment/light/CMTATUpgradeableLight.sol","s":{"1":98},"b":{},"f":{"1":98},"fnMap":{"1":{"name":"constructor","line":16,"loc":{"start":{"line":16,"column":4},"end":{"line":19,"column":4}}}},"statementMap":{"1":{"start":{"line":18,"column":8},"end":{"line":18,"column":29}}},"branchMap":{}},"contracts/interfaces/engine/IDebtEngine.sol":{"l":{},"path":"/home/ryan/Pictures/dev/CMTAT/contracts/interfaces/engine/IDebtEngine.sol","s":{},"b":{},"f":{},"fnMap":{},"statementMap":{},"branchMap":{}},"contracts/interfaces/engine/IDocumentEngine.sol":{"l":{},"path":"/home/ryan/Pictures/dev/CMTAT/contracts/interfaces/engine/IDocumentEngine.sol","s":{},"b":{},"f":{},"fnMap":{},"statementMap":{},"branchMap":{}},"contracts/interfaces/engine/IRuleEngine.sol":{"l":{},"path":"/home/ryan/Pictures/dev/CMTAT/contracts/interfaces/engine/IRuleEngine.sol","s":{},"b":{},"f":{},"fnMap":{},"statementMap":{},"branchMap":{}},"contracts/interfaces/engine/ISnapshotEngine.sol":{"l":{},"path":"/home/ryan/Pictures/dev/CMTAT/contracts/interfaces/engine/ISnapshotEngine.sol","s":{},"b":{},"f":{},"fnMap":{},"statementMap":{},"branchMap":{}},"contracts/interfaces/modules/IAllowlistModule.sol":{"l":{},"path":"/home/ryan/Pictures/dev/CMTAT/contracts/interfaces/modules/IAllowlistModule.sol","s":{},"b":{},"f":{},"fnMap":{},"statementMap":{},"branchMap":{}},"contracts/interfaces/modules/IDebtModule.sol":{"l":{},"path":"/home/ryan/Pictures/dev/CMTAT/contracts/interfaces/modules/IDebtModule.sol","s":{},"b":{},"f":{},"fnMap":{},"statementMap":{},"branchMap":{}},"contracts/interfaces/modules/IDocumentEngineModule.sol":{"l":{},"path":"/home/ryan/Pictures/dev/CMTAT/contracts/interfaces/modules/IDocumentEngineModule.sol","s":{},"b":{},"f":{},"fnMap":{},"statementMap":{},"branchMap":{}},"contracts/interfaces/modules/ISnapshotEngineModule.sol":{"l":{},"path":"/home/ryan/Pictures/dev/CMTAT/contracts/interfaces/modules/ISnapshotEngineModule.sol","s":{},"b":{},"f":{},"fnMap":{},"statementMap":{},"branchMap":{}},"contracts/interfaces/technical/ICMTATConstructor.sol":{"l":{},"path":"/home/ryan/Pictures/dev/CMTAT/contracts/interfaces/technical/ICMTATConstructor.sol","s":{},"b":{},"f":{},"fnMap":{},"statementMap":{},"branchMap":{}},"contracts/interfaces/technical/IERC20Allowance.sol":{"l":{},"path":"/home/ryan/Pictures/dev/CMTAT/contracts/interfaces/technical/IERC20Allowance.sol","s":{},"b":{},"f":{},"fnMap":{},"statementMap":{},"branchMap":{}},"contracts/interfaces/technical/IERC5679.sol":{"l":{},"path":"/home/ryan/Pictures/dev/CMTAT/contracts/interfaces/technical/IERC5679.sol","s":{},"b":{},"f":{},"fnMap":{},"statementMap":{},"branchMap":{}},"contracts/interfaces/technical/IERC7802.sol":{"l":{},"path":"/home/ryan/Pictures/dev/CMTAT/contracts/interfaces/technical/IERC7802.sol","s":{},"b":{},"f":{},"fnMap":{},"statementMap":{},"branchMap":{}},"contracts/interfaces/technical/IGetCCIPAdmin.sol":{"l":{},"path":"/home/ryan/Pictures/dev/CMTAT/contracts/interfaces/technical/IGetCCIPAdmin.sol","s":{},"b":{},"f":{},"fnMap":{},"statementMap":{},"branchMap":{}},"contracts/interfaces/technical/IMintBurnToken.sol":{"l":{},"path":"/home/ryan/Pictures/dev/CMTAT/contracts/interfaces/technical/IMintBurnToken.sol","s":{},"b":{},"f":{},"fnMap":{},"statementMap":{},"branchMap":{}},"contracts/interfaces/tokenization/draft-IERC1404.sol":{"l":{},"path":"/home/ryan/Pictures/dev/CMTAT/contracts/interfaces/tokenization/draft-IERC1404.sol","s":{},"b":{},"f":{},"fnMap":{},"statementMap":{},"branchMap":{}},"contracts/interfaces/tokenization/draft-IERC1643.sol":{"l":{},"path":"/home/ryan/Pictures/dev/CMTAT/contracts/interfaces/tokenization/draft-IERC1643.sol","s":{},"b":{},"f":{},"fnMap":{},"statementMap":{},"branchMap":{}},"contracts/interfaces/tokenization/draft-IERC1643CMTAT.sol":{"l":{},"path":"/home/ryan/Pictures/dev/CMTAT/contracts/interfaces/tokenization/draft-IERC1643CMTAT.sol","s":{},"b":{},"f":{},"fnMap":{},"statementMap":{},"branchMap":{}},"contracts/interfaces/tokenization/draft-IERC7551.sol":{"l":{},"path":"/home/ryan/Pictures/dev/CMTAT/contracts/interfaces/tokenization/draft-IERC7551.sol","s":{},"b":{},"f":{},"fnMap":{},"statementMap":{},"branchMap":{}},"contracts/interfaces/tokenization/ICMTAT.sol":{"l":{},"path":"/home/ryan/Pictures/dev/CMTAT/contracts/interfaces/tokenization/ICMTAT.sol","s":{},"b":{},"f":{},"fnMap":{},"statementMap":{},"branchMap":{}},"contracts/interfaces/tokenization/IERC3643Partial.sol":{"l":{},"path":"/home/ryan/Pictures/dev/CMTAT/contracts/interfaces/tokenization/IERC3643Partial.sol","s":{},"b":{},"f":{},"fnMap":{},"statementMap":{},"branchMap":{}},"contracts/libraries/Errors.sol":{"l":{},"path":"/home/ryan/Pictures/dev/CMTAT/contracts/libraries/Errors.sol","s":{},"b":{},"f":{},"fnMap":{},"statementMap":{},"branchMap":{}},"contracts/modules/0_CMTATBaseCommon.sol":{"l":{"50":2554,"53":2552,"55":2552,"56":2552,"57":2552,"76":12,"84":38,"91":36,"101":19,"106":240,"107":240,"108":163,"109":131,"124":108,"125":44,"141":60,"142":36,"149":3957,"162":3673,"164":3673,"165":301,"167":3673,"174":892,"175":867,"182":187,"183":158,"190":51,"191":34},"path":"/home/ryan/Pictures/dev/CMTAT/contracts/modules/0_CMTATBaseCommon.sol","s":{"1":2554,"2":2552,"3":2552,"4":2552,"5":2552,"6":12,"7":38,"8":36,"9":19,"10":240,"11":240,"12":163,"13":131,"14":108,"15":44,"16":60,"17":36,"18":3957,"19":3673,"20":3673,"21":301,"22":3673,"23":892,"24":867,"25":187,"26":158,"27":51,"28":34},"b":{"1":[2554,0],"2":[9,0],"3":[301,3372],"4":[26,24],"5":[2531,36],"6":[330,48],"7":[76,2],"8":[43,43],"9":[182,18],"10":[74,18],"11":[364,0]},"f":{"1":2554,"2":12,"3":38,"4":36,"5":19,"6":240,"7":108,"8":60,"9":3957,"10":3673,"11":892,"12":187,"13":51,"14":26,"15":2531,"16":330,"17":76,"18":43,"19":182,"20":74,"21":364},"fnMap":{"1":{"name":"__CMTAT_commonModules_init_unchained","line":48,"loc":{"start":{"line":46,"column":4},"end":{"line":58,"column":4}}},"2":{"name":"decimals","line":69,"loc":{"start":{"line":69,"column":4},"end":{"line":77,"column":4}}},"3":{"name":"name","line":83,"loc":{"start":{"line":83,"column":4},"end":{"line":85,"column":4}}},"4":{"name":"symbol","line":90,"loc":{"start":{"line":90,"column":4},"end":{"line":92,"column":4}}},"5":{"name":"supportsInterface","line":100,"loc":{"start":{"line":100,"column":4},"end":{"line":102,"column":4}}},"6":{"name":"transfer","line":105,"loc":{"start":{"line":105,"column":4},"end":{"line":110,"column":4}}},"7":{"name":"transferFrom","line":114,"loc":{"start":{"line":114,"column":4},"end":{"line":126,"column":4}}},"8":{"name":"burnAndMint","line":140,"loc":{"start":{"line":140,"column":4},"end":{"line":143,"column":4}}},"9":{"name":"_checkTransferred","line":148,"loc":{"start":{"line":148,"column":4},"end":{"line":150,"column":4}}},"10":{"name":"_update","line":156,"loc":{"start":{"line":156,"column":4},"end":{"line":168,"column":4}}},"11":{"name":"_mintOverride","line":173,"loc":{"start":{"line":173,"column":4},"end":{"line":176,"column":4}}},"12":{"name":"_burnOverride","line":181,"loc":{"start":{"line":181,"column":4},"end":{"line":184,"column":4}}},"13":{"name":"_minterTransferOverride","line":189,"loc":{"start":{"line":189,"column":4},"end":{"line":192,"column":4}}},"14":{"name":"_authorizeERC20AttributeManagement","line":196,"loc":{"start":{"line":196,"column":4},"end":{"line":196,"column":122}}},"15":{"name":"_authorizeMint","line":198,"loc":{"start":{"line":198,"column":4},"end":{"line":198,"column":95}}},"16":{"name":"_authorizeBurn","line":200,"loc":{"start":{"line":200,"column":4},"end":{"line":200,"column":95}}},"17":{"name":"_authorizeDocumentManagement","line":202,"loc":{"start":{"line":202,"column":4},"end":{"line":202,"column":117}}},"18":{"name":"_authorizeExtraInfoManagement","line":204,"loc":{"start":{"line":204,"column":4},"end":{"line":204,"column":129}}},"19":{"name":"_authorizeERC20Enforcer","line":206,"loc":{"start":{"line":206,"column":4},"end":{"line":206,"column":118}}},"20":{"name":"_authorizeForcedTransfer","line":207,"loc":{"start":{"line":207,"column":4},"end":{"line":207,"column":119}}},"21":{"name":"_authorizeSnapshots","line":209,"loc":{"start":{"line":209,"column":4},"end":{"line":209,"column":110}}}},"statementMap":{"1":{"start":{"line":50,"column":8},"end":{"line":50,"column":50}},"2":{"start":{"line":53,"column":8},"end":{"line":53,"column":125}},"3":{"start":{"line":55,"column":8},"end":{"line":55,"column":177}},"4":{"start":{"line":56,"column":8},"end":{"line":56,"column":61}},"5":{"start":{"line":57,"column":8},"end":{"line":57,"column":61}},"6":{"start":{"line":76,"column":8},"end":{"line":76,"column":41}},"7":{"start":{"line":84,"column":8},"end":{"line":84,"column":37}},"8":{"start":{"line":91,"column":8},"end":{"line":91,"column":39}},"9":{"start":{"line":101,"column":8},"end":{"line":101,"column":99}},"10":{"start":{"line":106,"column":9},"end":{"line":106,"column":36}},"11":{"start":{"line":107,"column":8},"end":{"line":107,"column":53}},"12":{"start":{"line":108,"column":8},"end":{"line":108,"column":50}},"13":{"start":{"line":109,"column":8},"end":{"line":109,"column":19}},"14":{"start":{"line":124,"column":8},"end":{"line":124,"column":55}},"15":{"start":{"line":125,"column":8},"end":{"line":125,"column":60}},"16":{"start":{"line":141,"column":8},"end":{"line":141,"column":53}},"17":{"start":{"line":142,"column":8},"end":{"line":142,"column":51}},"18":{"start":{"line":149,"column":8},"end":{"line":149,"column":79}},"19":{"start":{"line":162,"column":8},"end":{"line":162,"column":62}},"20":{"start":{"line":164,"column":8},"end":{"line":164,"column":6617}},"21":{"start":{"line":165,"column":12},"end":{"line":165,"column":105}},"22":{"start":{"line":167,"column":8},"end":{"line":167,"column":49}},"23":{"start":{"line":174,"column":8},"end":{"line":174,"column":64}},"24":{"start":{"line":175,"column":8},"end":{"line":175,"column":60}},"25":{"start":{"line":182,"column":8},"end":{"line":182,"column":65}},"26":{"start":{"line":183,"column":8},"end":{"line":183,"column":60}},"27":{"start":{"line":190,"column":8},"end":{"line":190,"column":53}},"28":{"start":{"line":191,"column":8},"end":{"line":191,"column":71}}},"branchMap":{"1":{"line":48,"type":"if","locations":[{"start":{"line":48,"column":52},"end":{"line":48,"column":52}},{"start":{"line":48,"column":52},"end":{"line":48,"column":52}}]},"2":{"line":101,"type":"cond-expr","locations":[{"start":{"line":101,"column":15},"end":{"line":101,"column":39}},{"start":{"line":101,"column":44},"end":{"line":101,"column":98}}]},"3":{"line":164,"type":"if","locations":[{"start":{"line":164,"column":8},"end":{"line":164,"column":8}},{"start":{"line":164,"column":8},"end":{"line":164,"column":8}}]},"4":{"line":196,"type":"if","locations":[{"start":{"line":196,"column":93},"end":{"line":196,"column":93}},{"start":{"line":196,"column":93},"end":{"line":196,"column":93}}]},"5":{"line":198,"type":"if","locations":[{"start":{"line":198,"column":73},"end":{"line":198,"column":73}},{"start":{"line":198,"column":73},"end":{"line":198,"column":73}}]},"6":{"line":200,"type":"if","locations":[{"start":{"line":200,"column":73},"end":{"line":200,"column":73}},{"start":{"line":200,"column":73},"end":{"line":200,"column":73}}]},"7":{"line":202,"type":"if","locations":[{"start":{"line":202,"column":93},"end":{"line":202,"column":93}},{"start":{"line":202,"column":93},"end":{"line":202,"column":93}}]},"8":{"line":204,"type":"if","locations":[{"start":{"line":204,"column":96},"end":{"line":204,"column":96}},{"start":{"line":204,"column":96},"end":{"line":204,"column":96}}]},"9":{"line":206,"type":"if","locations":[{"start":{"line":206,"column":89},"end":{"line":206,"column":89}},{"start":{"line":206,"column":89},"end":{"line":206,"column":89}}]},"10":{"line":207,"type":"if","locations":[{"start":{"line":207,"column":90},"end":{"line":207,"column":90}},{"start":{"line":207,"column":90},"end":{"line":207,"column":90}}]},"11":{"line":209,"type":"if","locations":[{"start":{"line":209,"column":83},"end":{"line":209,"column":83}},{"start":{"line":209,"column":83},"end":{"line":209,"column":83}}]}}},"contracts/modules/0_CMTATBaseCore.sol":{"l":{"56":4,"57":3,"73":200,"89":200,"92":200,"95":200,"98":200,"106":200,"107":200,"116":200,"117":200,"142":2,"150":6,"157":6,"167":4,"175":25,"176":25,"177":15,"178":8,"193":10,"194":6,"211":10,"212":6,"225":3,"227":2,"228":2,"237":298,"238":290,"243":70,"244":60,"251":18,"252":12},"path":"/home/ryan/Pictures/dev/CMTAT/contracts/modules/0_CMTATBaseCore.sol","s":{"1":4,"2":200,"3":200,"4":200,"5":200,"6":200,"7":200,"8":200,"9":200,"10":200,"11":2,"12":6,"13":6,"14":4,"15":25,"16":25,"17":15,"18":8,"19":10,"20":6,"21":10,"22":6,"23":3,"24":2,"25":2,"26":298,"27":290,"28":70,"29":60,"30":18,"31":12},"b":{"1":[200,0],"2":[200,0],"3":[200,0],"4":[200,0],"5":[1,1],"6":[15,10],"7":[6,4],"8":[3,1],"9":[2,1],"10":[290,8],"11":[60,10],"12":[12,6],"13":[3,1],"14":[240,6],"15":[52,8],"16":[46,4],"17":[16,2],"18":[41,6],"19":[4,4]},"f":{"1":4,"2":200,"3":200,"4":200,"5":200,"6":2,"7":6,"8":6,"9":4,"10":25,"11":10,"12":10,"13":3,"14":298,"15":70,"16":18,"17":3,"18":240,"19":52,"20":46,"21":16,"22":41,"23":4},"fnMap":{"1":{"name":"onlyERC20ForcedBurnManager","line":55,"loc":{"start":{"line":55,"column":4},"end":{"line":58,"column":4}}},"2":{"name":"initialize","line":72,"loc":{"start":{"line":69,"column":4},"end":{"line":77,"column":4}}},"3":{"name":"__CMTAT_init","line":86,"loc":{"start":{"line":83,"column":4},"end":{"line":99,"column":4}}},"4":{"name":"__CMTAT_openzeppelin_init_unchained","line":104,"loc":{"start":{"line":104,"column":4},"end":{"line":108,"column":4}}},"5":{"name":"__CMTAT_modules_init_unchained","line":114,"loc":{"start":{"line":114,"column":4},"end":{"line":118,"column":4}}},"6":{"name":"decimals","line":135,"loc":{"start":{"line":135,"column":4},"end":{"line":143,"column":4}}},"7":{"name":"name","line":149,"loc":{"start":{"line":149,"column":4},"end":{"line":151,"column":4}}},"8":{"name":"symbol","line":156,"loc":{"start":{"line":156,"column":4},"end":{"line":158,"column":4}}},"9":{"name":"supportsInterface","line":166,"loc":{"start":{"line":166,"column":4},"end":{"line":168,"column":4}}},"10":{"name":"transfer","line":174,"loc":{"start":{"line":174,"column":4},"end":{"line":179,"column":4}}},"11":{"name":"transferFrom","line":183,"loc":{"start":{"line":183,"column":4},"end":{"line":195,"column":4}}},"12":{"name":"burnAndMint","line":210,"loc":{"start":{"line":210,"column":4},"end":{"line":213,"column":4}}},"13":{"name":"forcedBurn","line":224,"loc":{"start":{"line":220,"column":4},"end":{"line":229,"column":4}}},"14":{"name":"_mintOverride","line":236,"loc":{"start":{"line":236,"column":4},"end":{"line":239,"column":4}}},"15":{"name":"_burnOverride","line":242,"loc":{"start":{"line":242,"column":4},"end":{"line":245,"column":4}}},"16":{"name":"_minterTransferOverride","line":250,"loc":{"start":{"line":250,"column":4},"end":{"line":253,"column":4}}},"17":{"name":"_authorizeForcedBurn","line":256,"loc":{"start":{"line":256,"column":4},"end":{"line":256,"column":82}}},"18":{"name":"_authorizeMint","line":258,"loc":{"start":{"line":258,"column":4},"end":{"line":258,"column":95}}},"19":{"name":"_authorizeBurn","line":260,"loc":{"start":{"line":260,"column":4},"end":{"line":260,"column":95}}},"20":{"name":"_authorizePause","line":262,"loc":{"start":{"line":262,"column":4},"end":{"line":262,"column":92}}},"21":{"name":"_authorizeDeactivate","line":263,"loc":{"start":{"line":263,"column":4},"end":{"line":263,"column":104}}},"22":{"name":"_authorizeFreeze","line":265,"loc":{"start":{"line":265,"column":4},"end":{"line":265,"column":101}}},"23":{"name":"_authorizeERC20AttributeManagement","line":267,"loc":{"start":{"line":267,"column":4},"end":{"line":267,"column":122}}}},"statementMap":{"1":{"start":{"line":56,"column":8},"end":{"line":56,"column":29}},"2":{"start":{"line":73,"column":8},"end":{"line":73,"column":2828}},"3":{"start":{"line":89,"column":8},"end":{"line":89,"column":33}},"4":{"start":{"line":92,"column":8},"end":{"line":92,"column":32}},"5":{"start":{"line":95,"column":8},"end":{"line":95,"column":44}},"6":{"start":{"line":98,"column":8},"end":{"line":98,"column":62}},"7":{"start":{"line":106,"column":8},"end":{"line":106,"column":39}},"8":{"start":{"line":107,"column":8},"end":{"line":107,"column":34}},"9":{"start":{"line":116,"column":8},"end":{"line":116,"column":50}},"10":{"start":{"line":117,"column":8},"end":{"line":117,"column":125}},"11":{"start":{"line":142,"column":8},"end":{"line":142,"column":41}},"12":{"start":{"line":150,"column":8},"end":{"line":150,"column":37}},"13":{"start":{"line":157,"column":8},"end":{"line":157,"column":39}},"14":{"start":{"line":167,"column":8},"end":{"line":167,"column":99}},"15":{"start":{"line":175,"column":8},"end":{"line":175,"column":35}},"16":{"start":{"line":176,"column":8},"end":{"line":176,"column":113}},"17":{"start":{"line":177,"column":8},"end":{"line":177,"column":50}},"18":{"start":{"line":178,"column":8},"end":{"line":178,"column":19}},"19":{"start":{"line":193,"column":8},"end":{"line":193,"column":130}},"20":{"start":{"line":194,"column":8},"end":{"line":194,"column":60}},"21":{"start":{"line":211,"column":8},"end":{"line":211,"column":53}},"22":{"start":{"line":212,"column":8},"end":{"line":212,"column":51}},"23":{"start":{"line":225,"column":8},"end":{"line":225,"column":95}},"24":{"start":{"line":227,"column":8},"end":{"line":227,"column":45}},"25":{"start":{"line":228,"column":8},"end":{"line":228,"column":60}},"26":{"start":{"line":237,"column":8},"end":{"line":237,"column":121}},"27":{"start":{"line":238,"column":8},"end":{"line":238,"column":60}},"28":{"start":{"line":243,"column":8},"end":{"line":243,"column":121}},"29":{"start":{"line":244,"column":8},"end":{"line":244,"column":60}},"30":{"start":{"line":251,"column":8},"end":{"line":251,"column":113}},"31":{"start":{"line":252,"column":8},"end":{"line":252,"column":71}}},"branchMap":{"1":{"line":72,"type":"if","locations":[{"start":{"line":72,"column":21},"end":{"line":72,"column":21}},{"start":{"line":72,"column":21},"end":{"line":72,"column":21}}]},"2":{"line":86,"type":"if","locations":[{"start":{"line":86,"column":23},"end":{"line":86,"column":23}},{"start":{"line":86,"column":23},"end":{"line":86,"column":23}}]},"3":{"line":104,"type":"if","locations":[{"start":{"line":104,"column":68},"end":{"line":104,"column":68}},{"start":{"line":104,"column":68},"end":{"line":104,"column":68}}]},"4":{"line":114,"type":"if","locations":[{"start":{"line":114,"column":136},"end":{"line":114,"column":136}},{"start":{"line":114,"column":136},"end":{"line":114,"column":136}}]},"5":{"line":167,"type":"cond-expr","locations":[{"start":{"line":167,"column":15},"end":{"line":167,"column":39}},{"start":{"line":167,"column":44},"end":{"line":167,"column":98}}]},"6":{"line":176,"type":"if","locations":[{"start":{"line":176,"column":8},"end":{"line":176,"column":8}},{"start":{"line":176,"column":8},"end":{"line":176,"column":8}}]},"7":{"line":193,"type":"if","locations":[{"start":{"line":193,"column":8},"end":{"line":193,"column":8}},{"start":{"line":193,"column":8},"end":{"line":193,"column":8}}]},"8":{"line":224,"type":"if","locations":[{"start":{"line":224,"column":48},"end":{"line":224,"column":48}},{"start":{"line":224,"column":48},"end":{"line":224,"column":48}}]},"9":{"line":225,"type":"if","locations":[{"start":{"line":225,"column":8},"end":{"line":225,"column":8}},{"start":{"line":225,"column":8},"end":{"line":225,"column":8}}]},"10":{"line":237,"type":"if","locations":[{"start":{"line":237,"column":8},"end":{"line":237,"column":8}},{"start":{"line":237,"column":8},"end":{"line":237,"column":8}}]},"11":{"line":243,"type":"if","locations":[{"start":{"line":243,"column":8},"end":{"line":243,"column":8}},{"start":{"line":243,"column":8},"end":{"line":243,"column":8}}]},"12":{"line":251,"type":"if","locations":[{"start":{"line":251,"column":8},"end":{"line":251,"column":8}},{"start":{"line":251,"column":8},"end":{"line":251,"column":8}}]},"13":{"line":256,"type":"if","locations":[{"start":{"line":256,"column":53},"end":{"line":256,"column":53}},{"start":{"line":256,"column":53},"end":{"line":256,"column":53}}]},"14":{"line":258,"type":"if","locations":[{"start":{"line":258,"column":73},"end":{"line":258,"column":73}},{"start":{"line":258,"column":73},"end":{"line":258,"column":73}}]},"15":{"line":260,"type":"if","locations":[{"start":{"line":260,"column":73},"end":{"line":260,"column":73}},{"start":{"line":260,"column":73},"end":{"line":260,"column":73}}]},"16":{"line":262,"type":"if","locations":[{"start":{"line":262,"column":70},"end":{"line":262,"column":70}},{"start":{"line":262,"column":70},"end":{"line":262,"column":70}}]},"17":{"line":263,"type":"if","locations":[{"start":{"line":263,"column":75},"end":{"line":263,"column":75}},{"start":{"line":263,"column":75},"end":{"line":263,"column":75}}]},"18":{"line":265,"type":"if","locations":[{"start":{"line":265,"column":77},"end":{"line":265,"column":77}},{"start":{"line":265,"column":77},"end":{"line":265,"column":77}}]},"19":{"line":267,"type":"if","locations":[{"start":{"line":267,"column":93},"end":{"line":267,"column":93}},{"start":{"line":267,"column":93},"end":{"line":267,"column":93}}]}}},"contracts/modules/0_CMTATBaseGeneric.sol":{"l":{"51":51,"54":51,"57":51,"60":51,"68":51,"69":51,"77":51,"78":51,"80":51},"path":"/home/ryan/Pictures/dev/CMTAT/contracts/modules/0_CMTATBaseGeneric.sol","s":{"1":51,"2":51,"3":51,"4":51,"5":51,"6":51,"7":51,"8":51,"9":51},"b":{"1":[51,0],"2":[51,0],"3":[51,0],"4":[6,0],"5":[3,3]},"f":{"1":51,"2":51,"3":51,"4":6,"5":3},"fnMap":{"1":{"name":"__CMTAT_init","line":48,"loc":{"start":{"line":44,"column":4},"end":{"line":61,"column":4}}},"2":{"name":"__CMTAT_openzeppelin_init_unchained","line":66,"loc":{"start":{"line":66,"column":4},"end":{"line":70,"column":4}}},"3":{"name":"__CMTAT_modules_init_unchained","line":75,"loc":{"start":{"line":75,"column":4},"end":{"line":81,"column":4}}},"4":{"name":"_authorizeDocumentManagement","line":88,"loc":{"start":{"line":88,"column":4},"end":{"line":88,"column":117}}},"5":{"name":"_authorizeExtraInfoManagement","line":89,"loc":{"start":{"line":89,"column":4},"end":{"line":89,"column":129}}}},"statementMap":{"1":{"start":{"line":51,"column":8},"end":{"line":51,"column":33}},"2":{"start":{"line":54,"column":8},"end":{"line":54,"column":32}},"3":{"start":{"line":57,"column":8},"end":{"line":57,"column":44}},"4":{"start":{"line":60,"column":8},"end":{"line":60,"column":91}},"5":{"start":{"line":68,"column":8},"end":{"line":68,"column":39}},"6":{"start":{"line":69,"column":8},"end":{"line":69,"column":34}},"7":{"start":{"line":77,"column":8},"end":{"line":77,"column":50}},"8":{"start":{"line":78,"column":8},"end":{"line":78,"column":61}},"9":{"start":{"line":80,"column":8},"end":{"line":80,"column":159}}},"branchMap":{"1":{"line":48,"type":"if","locations":[{"start":{"line":48,"column":23},"end":{"line":48,"column":23}},{"start":{"line":48,"column":23},"end":{"line":48,"column":23}}]},"2":{"line":66,"type":"if","locations":[{"start":{"line":66,"column":68},"end":{"line":66,"column":68}},{"start":{"line":66,"column":68},"end":{"line":66,"column":68}}]},"3":{"line":75,"type":"if","locations":[{"start":{"line":75,"column":184},"end":{"line":75,"column":184}},{"start":{"line":75,"column":184},"end":{"line":75,"column":184}}]},"4":{"line":88,"type":"if","locations":[{"start":{"line":88,"column":93},"end":{"line":88,"column":93}},{"start":{"line":88,"column":93},"end":{"line":88,"column":93}}]},"5":{"line":89,"type":"if","locations":[{"start":{"line":89,"column":96},"end":{"line":89,"column":96}},{"start":{"line":89,"column":96},"end":{"line":89,"column":96}}]}}},"contracts/modules/1_CMTATBaseAllowlist.sol":{"l":{"57":413,"79":413,"82":413,"85":413,"88":413,"96":413,"97":413,"107":413,"109":413,"128":133,"129":68,"131":14,"133":51,"147":22,"148":14,"150":2,"152":6,"175":682,"186":155,"190":760,"191":757,"192":74,"209":4567,"218":4567,"230":0},"path":"/home/ryan/Pictures/dev/CMTAT/contracts/modules/1_CMTATBaseAllowlist.sol","s":{"1":413,"2":413,"3":413,"4":413,"5":413,"6":413,"7":413,"8":413,"9":413,"10":133,"11":68,"12":65,"13":14,"14":51,"15":22,"16":14,"17":8,"18":2,"19":6,"20":682,"21":155,"22":760,"23":757,"24":4567,"25":4567,"26":0},"b":{"1":[413,0],"2":[413,0],"3":[413,0],"4":[413,0],"5":[68,65],"6":[14,51],"7":[14,8],"8":[2,6],"9":[69,6],"10":[24,3],"11":[60,9],"12":[703,8],"13":[74,683]},"f":{"1":413,"2":413,"3":413,"4":413,"5":133,"6":22,"7":69,"8":24,"9":60,"10":703,"11":682,"12":155,"13":760,"14":4567,"15":4567,"16":0},"fnMap":{"1":{"name":"initialize","line":56,"loc":{"start":{"line":50,"column":4},"end":{"line":64,"column":4}}},"2":{"name":"__CMTAT_init","line":76,"loc":{"start":{"line":70,"column":4},"end":{"line":89,"column":4}}},"3":{"name":"__CMTAT_openzeppelin_init_unchained","line":94,"loc":{"start":{"line":94,"column":4},"end":{"line":100,"column":4}}},"4":{"name":"__CMTAT_modules_init_unchained","line":106,"loc":{"start":{"line":105,"column":4},"end":{"line":110,"column":4}}},"5":{"name":"canTransfer","line":123,"loc":{"start":{"line":123,"column":4},"end":{"line":136,"column":4}}},"6":{"name":"canTransferFrom","line":141,"loc":{"start":{"line":141,"column":3},"end":{"line":154,"column":4}}},"7":{"name":"_authorizePause","line":161,"loc":{"start":{"line":161,"column":4},"end":{"line":161,"column":92}}},"8":{"name":"_authorizeDeactivate","line":162,"loc":{"start":{"line":162,"column":4},"end":{"line":162,"column":104}}},"9":{"name":"_authorizeFreeze","line":164,"loc":{"start":{"line":164,"column":4},"end":{"line":164,"column":101}}},"10":{"name":"_authorizeAllowlistManagement","line":166,"loc":{"start":{"line":166,"column":4},"end":{"line":166,"column":114}}},"11":{"name":"_canMintBurnByModule","line":172,"loc":{"start":{"line":172,"column":4},"end":{"line":176,"column":4}}},"12":{"name":"_canTransferGenericByModule","line":181,"loc":{"start":{"line":181,"column":3},"end":{"line":187,"column":4}}},"13":{"name":"_checkTransferred","line":189,"loc":{"start":{"line":189,"column":4},"end":{"line":194,"column":4}}},"14":{"name":"_msgSender","line":203,"loc":{"start":{"line":203,"column":4},"end":{"line":210,"column":4}}},"15":{"name":"_contextSuffixLength","line":215,"loc":{"start":{"line":215,"column":4},"end":{"line":219,"column":4}}},"16":{"name":"_msgData","line":224,"loc":{"start":{"line":224,"column":4},"end":{"line":231,"column":4}}}},"statementMap":{"1":{"start":{"line":57,"column":8},"end":{"line":57,"column":2561}},"2":{"start":{"line":79,"column":8},"end":{"line":79,"column":33}},"3":{"start":{"line":82,"column":8},"end":{"line":82,"column":32}},"4":{"start":{"line":85,"column":8},"end":{"line":85,"column":44}},"5":{"start":{"line":88,"column":8},"end":{"line":88,"column":126}},"6":{"start":{"line":96,"column":8},"end":{"line":96,"column":39}},"7":{"start":{"line":97,"column":8},"end":{"line":97,"column":34}},"8":{"start":{"line":107,"column":9},"end":{"line":107,"column":131}},"9":{"start":{"line":109,"column":8},"end":{"line":109,"column":35}},"10":{"start":{"line":128,"column":8},"end":{"line":128,"column":5246}},"11":{"start":{"line":129,"column":12},"end":{"line":129,"column":24}},"12":{"start":{"line":130,"column":15},"end":{"line":130,"column":5343}},"13":{"start":{"line":131,"column":12},"end":{"line":131,"column":24}},"14":{"start":{"line":133,"column":12},"end":{"line":133,"column":68}},"15":{"start":{"line":147,"column":8},"end":{"line":147,"column":5807}},"16":{"start":{"line":148,"column":12},"end":{"line":148,"column":24}},"17":{"start":{"line":149,"column":14},"end":{"line":149,"column":5900}},"18":{"start":{"line":150,"column":12},"end":{"line":150,"column":24}},"19":{"start":{"line":152,"column":12},"end":{"line":152,"column":81}},"20":{"start":{"line":175,"column":8},"end":{"line":175,"column":69}},"21":{"start":{"line":186,"column":8},"end":{"line":186,"column":87}},"22":{"start":{"line":190,"column":8},"end":{"line":190,"column":66}},"23":{"start":{"line":191,"column":8},"end":{"line":191,"column":7665}},"24":{"start":{"line":209,"column":8},"end":{"line":209,"column":53}},"25":{"start":{"line":218,"column":9},"end":{"line":218,"column":64}},"26":{"start":{"line":230,"column":8},"end":{"line":230,"column":51}}},"branchMap":{"1":{"line":56,"type":"if","locations":[{"start":{"line":56,"column":21},"end":{"line":56,"column":21}},{"start":{"line":56,"column":21},"end":{"line":56,"column":21}}]},"2":{"line":76,"type":"if","locations":[{"start":{"line":76,"column":23},"end":{"line":76,"column":23}},{"start":{"line":76,"column":23},"end":{"line":76,"column":23}}]},"3":{"line":94,"type":"if","locations":[{"start":{"line":94,"column":68},"end":{"line":94,"column":68}},{"start":{"line":94,"column":68},"end":{"line":94,"column":68}}]},"4":{"line":106,"type":"if","locations":[{"start":{"line":106,"column":52},"end":{"line":106,"column":52}},{"start":{"line":106,"column":52},"end":{"line":106,"column":52}}]},"5":{"line":128,"type":"if","locations":[{"start":{"line":128,"column":8},"end":{"line":128,"column":8}},{"start":{"line":128,"column":8},"end":{"line":128,"column":8}}]},"6":{"line":130,"type":"if","locations":[{"start":{"line":130,"column":15},"end":{"line":130,"column":15}},{"start":{"line":130,"column":15},"end":{"line":130,"column":15}}]},"7":{"line":147,"type":"if","locations":[{"start":{"line":147,"column":8},"end":{"line":147,"column":8}},{"start":{"line":147,"column":8},"end":{"line":147,"column":8}}]},"8":{"line":149,"type":"if","locations":[{"start":{"line":149,"column":14},"end":{"line":149,"column":14}},{"start":{"line":149,"column":14},"end":{"line":149,"column":14}}]},"9":{"line":161,"type":"if","locations":[{"start":{"line":161,"column":70},"end":{"line":161,"column":70}},{"start":{"line":161,"column":70},"end":{"line":161,"column":70}}]},"10":{"line":162,"type":"if","locations":[{"start":{"line":162,"column":75},"end":{"line":162,"column":75}},{"start":{"line":162,"column":75},"end":{"line":162,"column":75}}]},"11":{"line":164,"type":"if","locations":[{"start":{"line":164,"column":77},"end":{"line":164,"column":77}},{"start":{"line":164,"column":77},"end":{"line":164,"column":77}}]},"12":{"line":166,"type":"if","locations":[{"start":{"line":166,"column":88},"end":{"line":166,"column":88}},{"start":{"line":166,"column":88},"end":{"line":166,"column":88}}]},"13":{"line":191,"type":"if","locations":[{"start":{"line":191,"column":8},"end":{"line":191,"column":8}},{"start":{"line":191,"column":8},"end":{"line":191,"column":8}}]}}},"contracts/modules/1_CMTATBaseRuleEngine.sol":{"l":{"40":2141,"59":2141,"62":2141,"65":2141,"67":2141,"70":2141,"78":2141,"79":2141,"86":2141,"93":2141,"107":444,"108":112,"110":332,"123":111,"124":16,"126":95,"143":3197,"144":3173},"path":"/home/ryan/Pictures/dev/CMTAT/contracts/modules/1_CMTATBaseRuleEngine.sol","s":{"1":2141,"2":2141,"3":2141,"4":2141,"5":2141,"6":2141,"7":2141,"8":2141,"9":2141,"10":2141,"11":444,"12":112,"13":332,"14":111,"15":16,"16":95,"17":3197,"18":3173},"b":{"1":[2141,1],"2":[2141,0],"3":[2141,0],"4":[2141,0],"5":[2141,0],"6":[112,332],"7":[16,95],"8":[271,19],"9":[104,9],"10":[212,27],"11":[87,3],"12":[2928,245]},"f":{"1":2141,"2":2141,"3":2141,"4":2141,"5":2141,"6":444,"7":111,"8":271,"9":104,"10":212,"11":87,"12":3197},"fnMap":{"1":{"name":"initialize","line":39,"loc":{"start":{"line":34,"column":4},"end":{"line":46,"column":4}}},"2":{"name":"__CMTAT_init","line":56,"loc":{"start":{"line":51,"column":4},"end":{"line":71,"column":4}}},"3":{"name":"__CMTAT_openzeppelin_init_unchained","line":76,"loc":{"start":{"line":76,"column":4},"end":{"line":80,"column":4}}},"4":{"name":"__CMTAT_internal_init_unchained","line":85,"loc":{"start":{"line":85,"column":4},"end":{"line":87,"column":4}}},"5":{"name":"__CMTAT_modules_init_unchained","line":92,"loc":{"start":{"line":92,"column":4},"end":{"line":94,"column":4}}},"6":{"name":"canTransfer","line":102,"loc":{"start":{"line":102,"column":4},"end":{"line":112,"column":4}}},"7":{"name":"canTransferFrom","line":117,"loc":{"start":{"line":117,"column":3},"end":{"line":128,"column":4}}},"8":{"name":"_authorizePause","line":134,"loc":{"start":{"line":134,"column":4},"end":{"line":134,"column":92}}},"9":{"name":"_authorizeDeactivate","line":135,"loc":{"start":{"line":135,"column":4},"end":{"line":135,"column":104}}},"10":{"name":"_authorizeFreeze","line":137,"loc":{"start":{"line":137,"column":4},"end":{"line":137,"column":101}}},"11":{"name":"_authorizeRuleEngineManagement","line":139,"loc":{"start":{"line":139,"column":4},"end":{"line":139,"column":129}}},"12":{"name":"_checkTransferred","line":142,"loc":{"start":{"line":142,"column":4},"end":{"line":145,"column":4}}}},"statementMap":{"1":{"start":{"line":40,"column":8},"end":{"line":40,"column":1708}},"2":{"start":{"line":59,"column":8},"end":{"line":59,"column":33}},"3":{"start":{"line":62,"column":8},"end":{"line":62,"column":32}},"4":{"start":{"line":65,"column":8},"end":{"line":65,"column":44}},"5":{"start":{"line":67,"column":7},"end":{"line":67,"column":47}},"6":{"start":{"line":70,"column":8},"end":{"line":70,"column":102}},"7":{"start":{"line":78,"column":8},"end":{"line":78,"column":39}},"8":{"start":{"line":79,"column":8},"end":{"line":79,"column":34}},"9":{"start":{"line":86,"column":8},"end":{"line":86,"column":65}},"10":{"start":{"line":93,"column":8},"end":{"line":93,"column":147}},"11":{"start":{"line":107,"column":8},"end":{"line":107,"column":4234}},"12":{"start":{"line":108,"column":12},"end":{"line":108,"column":24}},"13":{"start":{"line":110,"column":12},"end":{"line":110,"column":74}},"14":{"start":{"line":123,"column":8},"end":{"line":123,"column":4707}},"15":{"start":{"line":124,"column":12},"end":{"line":124,"column":24}},"16":{"start":{"line":126,"column":12},"end":{"line":126,"column":87}},"17":{"start":{"line":143,"column":8},"end":{"line":143,"column":66}},"18":{"start":{"line":144,"column":8},"end":{"line":144,"column":128}}},"branchMap":{"1":{"line":39,"type":"if","locations":[{"start":{"line":39,"column":21},"end":{"line":39,"column":21}},{"start":{"line":39,"column":21},"end":{"line":39,"column":21}}]},"2":{"line":56,"type":"if","locations":[{"start":{"line":56,"column":23},"end":{"line":56,"column":23}},{"start":{"line":56,"column":23},"end":{"line":56,"column":23}}]},"3":{"line":76,"type":"if","locations":[{"start":{"line":76,"column":68},"end":{"line":76,"column":68}},{"start":{"line":76,"column":68},"end":{"line":76,"column":68}}]},"4":{"line":85,"type":"if","locations":[{"start":{"line":85,"column":104},"end":{"line":85,"column":104}},{"start":{"line":85,"column":104},"end":{"line":85,"column":104}}]},"5":{"line":92,"type":"if","locations":[{"start":{"line":92,"column":258},"end":{"line":92,"column":258}},{"start":{"line":92,"column":258},"end":{"line":92,"column":258}}]},"6":{"line":107,"type":"if","locations":[{"start":{"line":107,"column":8},"end":{"line":107,"column":8}},{"start":{"line":107,"column":8},"end":{"line":107,"column":8}}]},"7":{"line":123,"type":"if","locations":[{"start":{"line":123,"column":8},"end":{"line":123,"column":8}},{"start":{"line":123,"column":8},"end":{"line":123,"column":8}}]},"8":{"line":134,"type":"if","locations":[{"start":{"line":134,"column":70},"end":{"line":134,"column":70}},{"start":{"line":134,"column":70},"end":{"line":134,"column":70}}]},"9":{"line":135,"type":"if","locations":[{"start":{"line":135,"column":75},"end":{"line":135,"column":75}},{"start":{"line":135,"column":75},"end":{"line":135,"column":75}}]},"10":{"line":137,"type":"if","locations":[{"start":{"line":137,"column":77},"end":{"line":137,"column":77}},{"start":{"line":137,"column":77},"end":{"line":137,"column":77}}]},"11":{"line":139,"type":"if","locations":[{"start":{"line":139,"column":100},"end":{"line":139,"column":100}},{"start":{"line":139,"column":100},"end":{"line":139,"column":100}}]},"12":{"line":144,"type":"if","locations":[{"start":{"line":144,"column":8},"end":{"line":144,"column":8}},{"start":{"line":144,"column":8},"end":{"line":144,"column":8}}]}}},"contracts/modules/2_CMTATBaseDebt.sol":{"l":{},"path":"/home/ryan/Pictures/dev/CMTAT/contracts/modules/2_CMTATBaseDebt.sol","s":{},"b":{"1":[16,8]},"f":{"1":16},"fnMap":{"1":{"name":"_authorizeDebtManagement","line":12,"loc":{"start":{"line":12,"column":3},"end":{"line":12,"column":97}}}},"statementMap":{},"branchMap":{"1":{"line":12,"type":"if","locations":[{"start":{"line":12,"column":77},"end":{"line":12,"column":77}},{"start":{"line":12,"column":77},"end":{"line":12,"column":77}}]}}},"contracts/modules/2_CMTATBaseERC1404.sol":{"l":{"34":81,"35":18,"37":63,"50":377,"62":98,"73":177,"74":177,"75":48,"76":48,"77":36,"80":141},"path":"/home/ryan/Pictures/dev/CMTAT/contracts/modules/2_CMTATBaseERC1404.sol","s":{"1":81,"2":18,"3":63,"4":377,"5":98,"6":177,"7":177,"8":48,"9":48,"10":36,"11":141},"b":{"1":[18,63],"2":[48,129],"3":[36,12]},"f":{"1":81,"2":377,"3":98,"4":177},"fnMap":{"1":{"name":"messageForTransferRestriction","line":31,"loc":{"start":{"line":31,"column":4},"end":{"line":40,"column":4}}},"2":{"name":"canTransfer","line":45,"loc":{"start":{"line":45,"column":4},"end":{"line":51,"column":4}}},"3":{"name":"canTransferFrom","line":56,"loc":{"start":{"line":56,"column":4},"end":{"line":63,"column":4}}},"4":{"name":"_detectTransferRestriction","line":68,"loc":{"start":{"line":68,"column":4},"end":{"line":81,"column":4}}}},"statementMap":{"1":{"start":{"line":34,"column":8},"end":{"line":34,"column":1392}},"2":{"start":{"line":35,"column":12},"end":{"line":35,"column":74}},"3":{"start":{"line":37,"column":12},"end":{"line":37,"column":89}},"4":{"start":{"line":50,"column":8},"end":{"line":50,"column":63}},"5":{"start":{"line":62,"column":8},"end":{"line":62,"column":76}},"6":{"start":{"line":73,"column":8},"end":{"line":73,"column":80}},"7":{"start":{"line":74,"column":8},"end":{"line":74,"column":2875}},"8":{"start":{"line":75,"column":12},"end":{"line":75,"column":88}},"9":{"start":{"line":76,"column":12},"end":{"line":76,"column":3009}},"10":{"start":{"line":77,"column":16},"end":{"line":77,"column":114}},"11":{"start":{"line":80,"column":8},"end":{"line":80,"column":82}}},"branchMap":{"1":{"line":34,"type":"if","locations":[{"start":{"line":34,"column":8},"end":{"line":34,"column":8}},{"start":{"line":34,"column":8},"end":{"line":34,"column":8}}]},"2":{"line":74,"type":"if","locations":[{"start":{"line":74,"column":8},"end":{"line":74,"column":8}},{"start":{"line":74,"column":8},"end":{"line":74,"column":8}}]},"3":{"line":76,"type":"if","locations":[{"start":{"line":76,"column":12},"end":{"line":76,"column":12}},{"start":{"line":76,"column":12},"end":{"line":76,"column":12}}]}}},"contracts/modules/3_CMTATBaseERC20CrossChain.sol":{"l":{"20":169,"35":73,"41":2053,"42":2005,"49":351,"50":292,"57":75,"58":48,"71":7,"79":23,"86":21,"92":33,"101":106,"111":2542},"path":"/home/ryan/Pictures/dev/CMTAT/contracts/modules/3_CMTATBaseERC20CrossChain.sol","s":{"1":169,"2":73,"3":2053,"4":2005,"5":351,"6":292,"7":75,"8":48,"9":7,"10":23,"11":21,"12":33,"13":106,"14":2542},"b":{"1":[14,9],"2":[21,7],"3":[106,32],"4":[88,24],"5":[56,32]},"f":{"1":169,"2":73,"3":2053,"4":351,"5":75,"6":7,"7":23,"8":21,"9":33,"10":21,"11":106,"12":56,"13":2542},"fnMap":{"1":{"name":"transfer","line":19,"loc":{"start":{"line":19,"column":4},"end":{"line":21,"column":4}}},"2":{"name":"transferFrom","line":25,"loc":{"start":{"line":25,"column":4},"end":{"line":36,"column":4}}},"3":{"name":"_mintOverride","line":40,"loc":{"start":{"line":40,"column":4},"end":{"line":43,"column":4}}},"4":{"name":"_burnOverride","line":48,"loc":{"start":{"line":48,"column":4},"end":{"line":51,"column":4}}},"5":{"name":"_minterTransferOverride","line":56,"loc":{"start":{"line":56,"column":4},"end":{"line":59,"column":4}}},"6":{"name":"decimals","line":64,"loc":{"start":{"line":64,"column":4},"end":{"line":72,"column":4}}},"7":{"name":"name","line":78,"loc":{"start":{"line":78,"column":4},"end":{"line":80,"column":4}}},"8":{"name":"symbol","line":85,"loc":{"start":{"line":85,"column":4},"end":{"line":87,"column":4}}},"9":{"name":"supportsInterface","line":91,"loc":{"start":{"line":91,"column":4},"end":{"line":93,"column":4}}},"10":{"name":"_authorizeCCIPSetAdmin","line":99,"loc":{"start":{"line":99,"column":4},"end":{"line":99,"column":106}}},"11":{"name":"_checkTokenBridge","line":100,"loc":{"start":{"line":100,"column":4},"end":{"line":102,"column":4}}},"12":{"name":"_authorizeBurnFrom","line":103,"loc":{"start":{"line":103,"column":4},"end":{"line":103,"column":124}}},"13":{"name":"_update","line":106,"loc":{"start":{"line":106,"column":4},"end":{"line":112,"column":4}}}},"statementMap":{"1":{"start":{"line":20,"column":9},"end":{"line":20,"column":51}},"2":{"start":{"line":35,"column":8},"end":{"line":35,"column":60}},"3":{"start":{"line":41,"column":8},"end":{"line":41,"column":64}},"4":{"start":{"line":42,"column":8},"end":{"line":42,"column":60}},"5":{"start":{"line":49,"column":8},"end":{"line":49,"column":65}},"6":{"start":{"line":50,"column":8},"end":{"line":50,"column":60}},"7":{"start":{"line":57,"column":8},"end":{"line":57,"column":53}},"8":{"start":{"line":58,"column":8},"end":{"line":58,"column":71}},"9":{"start":{"line":71,"column":8},"end":{"line":71,"column":41}},"10":{"start":{"line":79,"column":8},"end":{"line":79,"column":37}},"11":{"start":{"line":86,"column":8},"end":{"line":86,"column":39}},"12":{"start":{"line":92,"column":8},"end":{"line":92,"column":120}},"13":{"start":{"line":101,"column":8},"end":{"line":101,"column":68}},"14":{"start":{"line":111,"column":7},"end":{"line":111,"column":55}}},"branchMap":{"1":{"line":92,"type":"cond-expr","locations":[{"start":{"line":92,"column":16},"end":{"line":92,"column":68}},{"start":{"line":92,"column":72},"end":{"line":92,"column":119}}]},"2":{"line":99,"type":"if","locations":[{"start":{"line":99,"column":76},"end":{"line":99,"column":76}},{"start":{"line":99,"column":76},"end":{"line":99,"column":76}}]},"3":{"line":100,"type":"if","locations":[{"start":{"line":100,"column":96},"end":{"line":100,"column":96}},{"start":{"line":100,"column":96},"end":{"line":100,"column":96}}]},"4":{"line":103,"type":"if","locations":[{"start":{"line":103,"column":83},"end":{"line":103,"column":83}},{"start":{"line":103,"column":83},"end":{"line":103,"column":83}}]},"5":{"line":103,"type":"if","locations":[{"start":{"line":103,"column":110},"end":{"line":103,"column":110}},{"start":{"line":103,"column":110},"end":{"line":103,"column":110}}]}}},"contracts/modules/4_CMTATBaseERC2771.sol":{"l":{"26":8809,"35":8809,"47":0},"path":"/home/ryan/Pictures/dev/CMTAT/contracts/modules/4_CMTATBaseERC2771.sol","s":{"1":8809,"2":8809,"3":0},"b":{},"f":{"1":8809,"2":8809,"3":0},"fnMap":{"1":{"name":"_msgSender","line":20,"loc":{"start":{"line":20,"column":4},"end":{"line":27,"column":4}}},"2":{"name":"_contextSuffixLength","line":32,"loc":{"start":{"line":32,"column":4},"end":{"line":36,"column":4}}},"3":{"name":"_msgData","line":41,"loc":{"start":{"line":41,"column":4},"end":{"line":48,"column":4}}}},"statementMap":{"1":{"start":{"line":26,"column":8},"end":{"line":26,"column":53}},"2":{"start":{"line":35,"column":9},"end":{"line":35,"column":64}},"3":{"start":{"line":47,"column":8},"end":{"line":47,"column":51}}},"branchMap":{}},"contracts/modules/5_CMTATBaseERC1363.sol":{"l":{"22":400,"23":400,"36":36,"52":20,"60":15,"74":2,"82":6,"89":6,"105":596,"120":2077,"129":2077,"141":0},"path":"/home/ryan/Pictures/dev/CMTAT/contracts/modules/5_CMTATBaseERC1363.sol","s":{"1":400,"2":400,"3":36,"4":20,"5":15,"6":2,"7":6,"8":6,"9":596,"10":2077,"11":2077,"12":0},"b":{"1":[400,0],"2":[6,5]},"f":{"1":400,"2":36,"3":20,"4":15,"5":2,"6":6,"7":6,"8":596,"9":2077,"10":2077,"11":0},"fnMap":{"1":{"name":"__CMTAT_openzeppelin_init_unchained","line":21,"loc":{"start":{"line":21,"column":4},"end":{"line":24,"column":4}}},"2":{"name":"transfer","line":35,"loc":{"start":{"line":35,"column":4},"end":{"line":37,"column":4}}},"3":{"name":"transferFrom","line":42,"loc":{"start":{"line":42,"column":4},"end":{"line":53,"column":4}}},"4":{"name":"supportsInterface","line":59,"loc":{"start":{"line":59,"column":4},"end":{"line":61,"column":4}}},"5":{"name":"decimals","line":67,"loc":{"start":{"line":67,"column":4},"end":{"line":75,"column":4}}},"6":{"name":"name","line":81,"loc":{"start":{"line":81,"column":4},"end":{"line":83,"column":4}}},"7":{"name":"symbol","line":88,"loc":{"start":{"line":88,"column":4},"end":{"line":90,"column":4}}},"8":{"name":"_update","line":100,"loc":{"start":{"line":100,"column":4},"end":{"line":106,"column":4}}},"9":{"name":"_msgSender","line":114,"loc":{"start":{"line":114,"column":4},"end":{"line":121,"column":4}}},"10":{"name":"_contextSuffixLength","line":126,"loc":{"start":{"line":126,"column":4},"end":{"line":130,"column":4}}},"11":{"name":"_msgData","line":135,"loc":{"start":{"line":135,"column":4},"end":{"line":142,"column":4}}}},"statementMap":{"1":{"start":{"line":22,"column":8},"end":{"line":22,"column":33}},"2":{"start":{"line":23,"column":8},"end":{"line":23,"column":64}},"3":{"start":{"line":36,"column":8},"end":{"line":36,"column":59}},"4":{"start":{"line":52,"column":8},"end":{"line":52,"column":79}},"5":{"start":{"line":60,"column":8},"end":{"line":60,"column":123}},"6":{"start":{"line":74,"column":8},"end":{"line":74,"column":50}},"7":{"start":{"line":82,"column":8},"end":{"line":82,"column":46}},"8":{"start":{"line":89,"column":8},"end":{"line":89,"column":48}},"9":{"start":{"line":105,"column":8},"end":{"line":105,"column":57}},"10":{"start":{"line":120,"column":8},"end":{"line":120,"column":44}},"11":{"start":{"line":129,"column":9},"end":{"line":129,"column":55}},"12":{"start":{"line":141,"column":8},"end":{"line":141,"column":42}}},"branchMap":{"1":{"line":21,"type":"if","locations":[{"start":{"line":21,"column":77},"end":{"line":21,"column":77}},{"start":{"line":21,"column":77},"end":{"line":21,"column":77}}]},"2":{"line":60,"type":"cond-expr","locations":[{"start":{"line":60,"column":15},"end":{"line":60,"column":63}},{"start":{"line":60,"column":68},"end":{"line":60,"column":122}}]}}},"contracts/modules/5_CMTATBaseERC7551.sol":{"l":{"19":20},"path":"/home/ryan/Pictures/dev/CMTAT/contracts/modules/5_CMTATBaseERC7551.sol","s":{"1":20},"b":{},"f":{"1":20},"fnMap":{"1":{"name":"_authorizeExtraInfoManagement","line":18,"loc":{"start":{"line":18,"column":4},"end":{"line":20,"column":4}}}},"statementMap":{"1":{"start":{"line":19,"column":8},"end":{"line":19,"column":54}}},"branchMap":{}},"contracts/modules/internal/AllowlistModuleInternal.sol":{"l":{"30":413,"31":413,"40":222,"41":222,"45":1654,"49":365,"50":361,"51":361,"52":1432,"60":116,"61":116,"69":924,"70":924,"77":1598,"78":1598,"85":3634},"path":"/home/ryan/Pictures/dev/CMTAT/contracts/modules/internal/AllowlistModuleInternal.sol","s":{"1":413,"2":222,"3":222,"4":365,"5":361,"6":361,"7":1432,"8":116,"9":924,"10":924,"11":1598,"12":1598},"b":{"1":[413,0]},"f":{"1":413,"2":222,"3":1654,"4":365,"5":116,"6":924,"7":1598,"8":3634},"fnMap":{"1":{"name":"__Allowlist_init_unchained","line":29,"loc":{"start":{"line":29,"column":4},"end":{"line":33,"column":4}}},"2":{"name":"_addToAllowlist","line":39,"loc":{"start":{"line":39,"column":4},"end":{"line":42,"column":4}}},"3":{"name":"_addToAllowlist","line":44,"loc":{"start":{"line":44,"column":4},"end":{"line":46,"column":4}}},"4":{"name":"_addToAllowlist","line":48,"loc":{"start":{"line":48,"column":4},"end":{"line":54,"column":4}}},"5":{"name":"_enableAllowlist","line":59,"loc":{"start":{"line":59,"column":4},"end":{"line":62,"column":4}}},"6":{"name":"_isAllowlisted","line":68,"loc":{"start":{"line":68,"column":4},"end":{"line":71,"column":4}}},"7":{"name":"_isAllowlistEnabled","line":76,"loc":{"start":{"line":76,"column":4},"end":{"line":79,"column":4}}},"8":{"name":"_getAllowlistModuleInternalStorage","line":84,"loc":{"start":{"line":84,"column":4},"end":{"line":88,"column":4}}}},"statementMap":{"1":{"start":{"line":30,"column":9},"end":{"line":30,"column":88}},"2":{"start":{"line":40,"column":8},"end":{"line":40,"column":87}},"3":{"start":{"line":41,"column":8},"end":{"line":41,"column":48}},"4":{"start":{"line":49,"column":8},"end":{"line":49,"column":61}},"5":{"start":{"line":50,"column":8},"end":{"line":50,"column":87}},"6":{"start":{"line":51,"column":8},"end":{"line":51,"column":2420}},"7":{"start":{"line":52,"column":12},"end":{"line":52,"column":59}},"8":{"start":{"line":60,"column":8},"end":{"line":60,"column":87}},"9":{"start":{"line":69,"column":8},"end":{"line":69,"column":87}},"10":{"start":{"line":70,"column":8},"end":{"line":70,"column":36}},"11":{"start":{"line":77,"column":8},"end":{"line":77,"column":87}},"12":{"start":{"line":78,"column":8},"end":{"line":78,"column":33}}},"branchMap":{"1":{"line":29,"type":"if","locations":[{"start":{"line":29,"column":51},"end":{"line":29,"column":51}},{"start":{"line":29,"column":51},"end":{"line":29,"column":51}}]}}},"contracts/modules/internal/common/EnforcementModuleLibrary.sol":{"l":{"16":425,"19":408},"path":"/home/ryan/Pictures/dev/CMTAT/contracts/modules/internal/common/EnforcementModuleLibrary.sol","s":{"1":425,"2":408},"b":{"1":[408,17],"2":[391,17]},"f":{"1":425},"fnMap":{"1":{"name":"_checkInput","line":15,"loc":{"start":{"line":15,"column":4},"end":{"line":20,"column":4}}}},"statementMap":{"1":{"start":{"line":16,"column":8},"end":{"line":16,"column":70}},"2":{"start":{"line":19,"column":8},"end":{"line":19,"column":104}}},"branchMap":{"1":{"line":16,"type":"if","locations":[{"start":{"line":16,"column":8},"end":{"line":16,"column":8}},{"start":{"line":16,"column":8},"end":{"line":16,"column":8}}]},"2":{"line":19,"type":"if","locations":[{"start":{"line":19,"column":8},"end":{"line":19,"column":8}},{"start":{"line":19,"column":8},"end":{"line":19,"column":8}}]}}},"contracts/modules/internal/EnforcementModuleInternal.sol":{"l":{"33":269,"34":269,"38":344,"42":60,"43":30,"44":30,"45":75,"54":7552,"55":7552,"60":7851},"path":"/home/ryan/Pictures/dev/CMTAT/contracts/modules/internal/EnforcementModuleInternal.sol","s":{"1":269,"2":269,"3":60,"4":30,"5":30,"6":75,"7":7552,"8":7552},"b":{},"f":{"1":269,"2":344,"3":60,"4":7552,"5":7851},"fnMap":{"1":{"name":"_addAddressToTheList","line":32,"loc":{"start":{"line":32,"column":4},"end":{"line":35,"column":4}}},"2":{"name":"_addAddressToTheList","line":37,"loc":{"start":{"line":37,"column":4},"end":{"line":39,"column":4}}},"3":{"name":"_addAddressesToTheList","line":41,"loc":{"start":{"line":41,"column":2},"end":{"line":47,"column":4}}},"4":{"name":"_addressIsListed","line":53,"loc":{"start":{"line":53,"column":4},"end":{"line":56,"column":4}}},"5":{"name":"_getEnforcementModuleInternalStorage","line":59,"loc":{"start":{"line":59,"column":4},"end":{"line":63,"column":4}}}},"statementMap":{"1":{"start":{"line":33,"column":8},"end":{"line":33,"column":91}},"2":{"start":{"line":34,"column":8},"end":{"line":34,"column":53}},"3":{"start":{"line":42,"column":8},"end":{"line":42,"column":61}},"4":{"start":{"line":43,"column":8},"end":{"line":43,"column":91}},"5":{"start":{"line":44,"column":8},"end":{"line":44,"column":2019}},"6":{"start":{"line":45,"column":12},"end":{"line":45,"column":64}},"7":{"start":{"line":54,"column":8},"end":{"line":54,"column":91}},"8":{"start":{"line":55,"column":8},"end":{"line":55,"column":31}}},"branchMap":{}},"contracts/modules/internal/ERC20BurnModuleInternal.sol":{"l":{"30":157,"33":143,"34":115,"35":287,"47":510},"path":"/home/ryan/Pictures/dev/CMTAT/contracts/modules/internal/ERC20BurnModuleInternal.sol","s":{"1":157,"2":143,"3":115,"4":287,"5":510},"b":{"1":[143,14],"2":[115,28]},"f":{"1":157,"2":510},"fnMap":{"1":{"name":"_batchBurn","line":26,"loc":{"start":{"line":26,"column":4},"end":{"line":37,"column":4}}},"2":{"name":"_burnOverride","line":43,"loc":{"start":{"line":43,"column":4},"end":{"line":48,"column":4}}}},"statementMap":{"1":{"start":{"line":30,"column":8},"end":{"line":30,"column":70}},"2":{"start":{"line":33,"column":8},"end":{"line":33,"column":103}},"3":{"start":{"line":34,"column":8},"end":{"line":34,"column":1437}},"4":{"start":{"line":35,"column":13},"end":{"line":35,"column":49}},"5":{"start":{"line":47,"column":8},"end":{"line":47,"column":45}}},"branchMap":{"1":{"line":30,"type":"if","locations":[{"start":{"line":30,"column":8},"end":{"line":30,"column":8}},{"start":{"line":30,"column":8},"end":{"line":30,"column":8}}]},"2":{"line":33,"type":"if","locations":[{"start":{"line":33,"column":8},"end":{"line":33,"column":8}},{"start":{"line":33,"column":8},"end":{"line":33,"column":8}}]}}},"contracts/modules/internal/ERC20EnforcementModuleInternal.sol":{"l":{"32":146,"34":146,"35":146,"37":146,"39":146,"40":146,"44":36,"45":36,"47":36,"48":36,"55":74,"56":74,"57":0,"59":74,"61":74,"62":74,"63":18,"64":18,"65":18,"70":74,"71":74,"72":18,"76":56,"77":56,"78":18,"79":9,"80":9,"83":9,"84":9,"89":56,"91":74,"96":3957,"100":4585,"101":4585,"102":297,"103":297,"104":171,"107":4414,"111":5018,"112":5018,"116":234,"117":234,"122":5508},"path":"/home/ryan/Pictures/dev/CMTAT/contracts/modules/internal/ERC20EnforcementModuleInternal.sol","s":{"1":146,"2":146,"3":146,"4":146,"5":146,"6":36,"7":36,"8":36,"9":74,"10":74,"11":74,"12":74,"13":74,"14":18,"15":18,"16":74,"17":74,"18":18,"19":56,"20":56,"21":18,"22":9,"23":9,"24":56,"25":74,"26":3957,"27":4585,"28":4585,"29":297,"30":297,"31":171,"32":4414,"33":5018,"34":5018,"35":234,"36":234},"b":{"1":[146,0],"2":[36,0],"3":[0,74],"4":[18,56],"5":[18,56],"6":[18,38],"7":[9,9],"8":[3930,27],"9":[297,4288],"10":[171,126]},"f":{"1":146,"2":36,"3":74,"4":74,"5":3957,"6":4585,"7":5018,"8":234,"9":5508},"fnMap":{"1":{"name":"_freezePartialTokens","line":31,"loc":{"start":{"line":31,"column":5},"end":{"line":41,"column":4}}},"2":{"name":"_unfreezePartialTokens","line":43,"loc":{"start":{"line":43,"column":4},"end":{"line":49,"column":4}}},"3":{"name":"_unfreezeTokens","line":54,"loc":{"start":{"line":54,"column":4},"end":{"line":67,"column":4}}},"4":{"name":"_forcedTransfer","line":69,"loc":{"start":{"line":69,"column":4},"end":{"line":92,"column":4}}},"5":{"name":"_checkActiveBalanceAndRevert","line":95,"loc":{"start":{"line":95,"column":4},"end":{"line":97,"column":4}}},"6":{"name":"_checkActiveBalance","line":99,"loc":{"start":{"line":99,"column":4},"end":{"line":108,"column":4}}},"7":{"name":"_getFrozenTokens","line":110,"loc":{"start":{"line":110,"column":4},"end":{"line":113,"column":5}}},"8":{"name":"_getActiveBalanceOf","line":115,"loc":{"start":{"line":115,"column":4},"end":{"line":118,"column":5}}},"9":{"name":"_getEnforcementModuleStorage","line":121,"loc":{"start":{"line":121,"column":4},"end":{"line":125,"column":4}}}},"statementMap":{"1":{"start":{"line":32,"column":7},"end":{"line":32,"column":79}},"2":{"start":{"line":34,"column":8},"end":{"line":34,"column":61}},"3":{"start":{"line":35,"column":8},"end":{"line":35,"column":64}},"4":{"start":{"line":37,"column":8},"end":{"line":37,"column":101}},"5":{"start":{"line":40,"column":8},"end":{"line":40,"column":47}},"6":{"start":{"line":44,"column":8},"end":{"line":44,"column":80}},"7":{"start":{"line":45,"column":8},"end":{"line":45,"column":107}},"8":{"start":{"line":48,"column":8},"end":{"line":48,"column":49}},"9":{"start":{"line":55,"column":8},"end":{"line":55,"column":58}},"10":{"start":{"line":56,"column":8},"end":{"line":56,"column":2840}},"11":{"start":{"line":59,"column":8},"end":{"line":59,"column":80}},"12":{"start":{"line":61,"column":8},"end":{"line":61,"column":63}},"13":{"start":{"line":62,"column":8},"end":{"line":62,"column":3155}},"14":{"start":{"line":63,"column":12},"end":{"line":63,"column":60}},"15":{"start":{"line":65,"column":12},"end":{"line":65,"column":61}},"16":{"start":{"line":70,"column":8},"end":{"line":70,"column":41}},"17":{"start":{"line":71,"column":8},"end":{"line":71,"column":3564}},"18":{"start":{"line":72,"column":12},"end":{"line":72,"column":29}},"19":{"start":{"line":76,"column":12},"end":{"line":76,"column":58}},"20":{"start":{"line":77,"column":12},"end":{"line":77,"column":3835}},"21":{"start":{"line":78,"column":16},"end":{"line":78,"column":3923}},"22":{"start":{"line":80,"column":24},"end":{"line":80,"column":51}},"23":{"start":{"line":84,"column":25},"end":{"line":84,"column":75}},"24":{"start":{"line":89,"column":12},"end":{"line":89,"column":37}},"25":{"start":{"line":91,"column":8},"end":{"line":91,"column":57}},"26":{"start":{"line":96,"column":8},"end":{"line":96,"column":108}},"27":{"start":{"line":100,"column":8},"end":{"line":100,"column":58}},"28":{"start":{"line":101,"column":8},"end":{"line":101,"column":4806}},"29":{"start":{"line":102,"column":12},"end":{"line":102,"column":88}},"30":{"start":{"line":103,"column":12},"end":{"line":103,"column":4940}},"31":{"start":{"line":104,"column":19},"end":{"line":104,"column":31}},"32":{"start":{"line":107,"column":8},"end":{"line":107,"column":19}},"33":{"start":{"line":111,"column":8},"end":{"line":111,"column":80}},"34":{"start":{"line":112,"column":8},"end":{"line":112,"column":39}},"35":{"start":{"line":116,"column":8},"end":{"line":116,"column":80}},"36":{"start":{"line":117,"column":8},"end":{"line":117,"column":77}}},"branchMap":{"1":{"line":37,"type":"if","locations":[{"start":{"line":37,"column":8},"end":{"line":37,"column":8}},{"start":{"line":37,"column":8},"end":{"line":37,"column":8}}]},"2":{"line":45,"type":"if","locations":[{"start":{"line":45,"column":8},"end":{"line":45,"column":8}},{"start":{"line":45,"column":8},"end":{"line":45,"column":8}}]},"3":{"line":56,"type":"if","locations":[{"start":{"line":56,"column":8},"end":{"line":56,"column":8}},{"start":{"line":56,"column":8},"end":{"line":56,"column":8}}]},"4":{"line":62,"type":"if","locations":[{"start":{"line":62,"column":8},"end":{"line":62,"column":8}},{"start":{"line":62,"column":8},"end":{"line":62,"column":8}}]},"5":{"line":71,"type":"if","locations":[{"start":{"line":71,"column":8},"end":{"line":71,"column":8}},{"start":{"line":71,"column":8},"end":{"line":71,"column":8}}]},"6":{"line":77,"type":"if","locations":[{"start":{"line":77,"column":12},"end":{"line":77,"column":12}},{"start":{"line":77,"column":12},"end":{"line":77,"column":12}}]},"7":{"line":78,"type":"if","locations":[{"start":{"line":78,"column":16},"end":{"line":78,"column":16}},{"start":{"line":78,"column":16},"end":{"line":78,"column":16}}]},"8":{"line":96,"type":"if","locations":[{"start":{"line":96,"column":8},"end":{"line":96,"column":8}},{"start":{"line":96,"column":8},"end":{"line":96,"column":8}}]},"9":{"line":101,"type":"if","locations":[{"start":{"line":101,"column":8},"end":{"line":101,"column":8}},{"start":{"line":101,"column":8},"end":{"line":101,"column":8}}]},"10":{"line":103,"type":"if","locations":[{"start":{"line":103,"column":12},"end":{"line":103,"column":12}},{"start":{"line":103,"column":12},"end":{"line":103,"column":12}}]}}},"contracts/modules/internal/ERC20MintModuleInternal.sol":{"l":{"34":369,"37":355,"38":327,"39":919,"47":120,"48":106,"51":106,"52":78,"53":144,"57":14,"64":3162,"70":94},"path":"/home/ryan/Pictures/dev/CMTAT/contracts/modules/internal/ERC20MintModuleInternal.sol","s":{"1":369,"2":355,"3":327,"4":919,"5":120,"6":106,"7":106,"8":78,"9":144,"10":14,"11":3162,"12":94},"b":{"1":[355,14],"2":[327,28],"3":[106,14],"4":[78,28]},"f":{"1":369,"2":120,"3":3162,"4":94},"fnMap":{"1":{"name":"_batchMint","line":30,"loc":{"start":{"line":30,"column":4},"end":{"line":41,"column":4}}},"2":{"name":"_batchTransfer","line":43,"loc":{"start":{"line":43,"column":4},"end":{"line":58,"column":4}}},"3":{"name":"_mintOverride","line":63,"loc":{"start":{"line":63,"column":4},"end":{"line":65,"column":4}}},"4":{"name":"_minterTransferOverride","line":67,"loc":{"start":{"line":67,"column":4},"end":{"line":71,"column":5}}}},"statementMap":{"1":{"start":{"line":34,"column":8},"end":{"line":34,"column":69}},"2":{"start":{"line":37,"column":8},"end":{"line":37,"column":103}},"3":{"start":{"line":38,"column":8},"end":{"line":38,"column":1722}},"4":{"start":{"line":39,"column":12},"end":{"line":39,"column":48}},"5":{"start":{"line":47,"column":8},"end":{"line":47,"column":59}},"6":{"start":{"line":48,"column":8},"end":{"line":48,"column":37}},"7":{"start":{"line":51,"column":8},"end":{"line":51,"column":93}},"8":{"start":{"line":52,"column":8},"end":{"line":52,"column":2304}},"9":{"start":{"line":53,"column":12},"end":{"line":53,"column":61}},"10":{"start":{"line":57,"column":8},"end":{"line":57,"column":19}},"11":{"start":{"line":64,"column":8},"end":{"line":64,"column":45}},"12":{"start":{"line":70,"column":12},"end":{"line":70,"column":54}}},"branchMap":{"1":{"line":34,"type":"if","locations":[{"start":{"line":34,"column":8},"end":{"line":34,"column":8}},{"start":{"line":34,"column":8},"end":{"line":34,"column":8}}]},"2":{"line":37,"type":"if","locations":[{"start":{"line":37,"column":8},"end":{"line":37,"column":8}},{"start":{"line":37,"column":8},"end":{"line":37,"column":8}}]},"3":{"line":47,"type":"if","locations":[{"start":{"line":47,"column":8},"end":{"line":47,"column":8}},{"start":{"line":47,"column":8},"end":{"line":47,"column":8}}]},"4":{"line":51,"type":"if","locations":[{"start":{"line":51,"column":8},"end":{"line":51,"column":8}},{"start":{"line":51,"column":8},"end":{"line":51,"column":8}}]}}},"contracts/modules/internal/ValidationModuleRuleEngineInternal.sol":{"l":{"38":2141,"39":63,"53":3712,"54":3712,"68":147,"69":147,"70":147,"75":3859},"path":"/home/ryan/Pictures/dev/CMTAT/contracts/modules/internal/ValidationModuleRuleEngineInternal.sol","s":{"1":2141,"2":63,"3":3712,"4":3712,"5":147,"6":147},"b":{"1":[2141,0],"2":[63,2078]},"f":{"1":2141,"2":3712,"3":147,"4":3859},"fnMap":{"1":{"name":"__ValidationRuleEngine_init_unchained","line":37,"loc":{"start":{"line":35,"column":4},"end":{"line":41,"column":4}}},"2":{"name":"ruleEngine","line":52,"loc":{"start":{"line":52,"column":4},"end":{"line":55,"column":4}}},"3":{"name":"_setRuleEngine","line":65,"loc":{"start":{"line":65,"column":4},"end":{"line":71,"column":4}}},"4":{"name":"_getValidationModuleRuleEngineStorage","line":74,"loc":{"start":{"line":74,"column":4},"end":{"line":78,"column":4}}}},"statementMap":{"1":{"start":{"line":38,"column":8},"end":{"line":38,"column":1480}},"2":{"start":{"line":39,"column":12},"end":{"line":39,"column":38}},"3":{"start":{"line":53,"column":8},"end":{"line":53,"column":93}},"4":{"start":{"line":54,"column":8},"end":{"line":54,"column":28}},"5":{"start":{"line":68,"column":8},"end":{"line":68,"column":93}},"6":{"start":{"line":70,"column":8},"end":{"line":70,"column":36}}},"branchMap":{"1":{"line":37,"type":"if","locations":[{"start":{"line":37,"column":15},"end":{"line":37,"column":15}},{"start":{"line":37,"column":15},"end":{"line":37,"column":15}}]},"2":{"line":38,"type":"if","locations":[{"start":{"line":38,"column":8},"end":{"line":38,"column":8}},{"start":{"line":38,"column":8},"end":{"line":38,"column":8}}]}}},"contracts/modules/wrapper/controllers/ValidationModule.sol":{"l":{"29":3903,"33":160,"35":3743,"47":4149,"48":2569,"51":463,"57":379,"59":738},"path":"/home/ryan/Pictures/dev/CMTAT/contracts/modules/wrapper/controllers/ValidationModule.sol","s":{"1":3903,"2":160,"3":3743,"4":4149,"5":2569,"6":1580,"7":463,"8":1117,"9":379,"10":738},"b":{"1":[160,3743],"2":[71,89],"3":[2569,1580],"4":[463,1117],"5":[379,738],"6":[28,112],"7":[112,58],"8":[58,181]},"f":{"1":3903,"2":4149},"fnMap":{"1":{"name":"_canMintBurnByModule","line":26,"loc":{"start":{"line":26,"column":4},"end":{"line":36,"column":4}}},"2":{"name":"_canTransferGenericByModule","line":41,"loc":{"start":{"line":41,"column":4},"end":{"line":61,"column":4}}}},"statementMap":{"1":{"start":{"line":29,"column":8},"end":{"line":29,"column":882}},"2":{"start":{"line":33,"column":12},"end":{"line":33,"column":24}},"3":{"start":{"line":35,"column":8},"end":{"line":35,"column":19}},"4":{"start":{"line":47,"column":8},"end":{"line":47,"column":1457}},"5":{"start":{"line":48,"column":12},"end":{"line":48,"column":43}},"6":{"start":{"line":50,"column":13},"end":{"line":50,"column":1557}},"7":{"start":{"line":51,"column":12},"end":{"line":51,"column":45}},"8":{"start":{"line":53,"column":13},"end":{"line":53,"column":1668}},"9":{"start":{"line":57,"column":12},"end":{"line":57,"column":24}},"10":{"start":{"line":59,"column":13},"end":{"line":59,"column":24}}},"branchMap":{"1":{"line":29,"type":"if","locations":[{"start":{"line":29,"column":8},"end":{"line":29,"column":8}},{"start":{"line":29,"column":8},"end":{"line":29,"column":8}}]},"2":{"line":29,"type":"cond-expr","locations":[{"start":{"line":29,"column":11},"end":{"line":29,"column":35}},{"start":{"line":29,"column":40},"end":{"line":29,"column":73}}]},"3":{"line":47,"type":"if","locations":[{"start":{"line":47,"column":8},"end":{"line":47,"column":8}},{"start":{"line":47,"column":8},"end":{"line":47,"column":8}}]},"4":{"line":50,"type":"if","locations":[{"start":{"line":50,"column":13},"end":{"line":50,"column":13}},{"start":{"line":50,"column":13},"end":{"line":50,"column":13}}]},"5":{"line":53,"type":"if","locations":[{"start":{"line":53,"column":13},"end":{"line":53,"column":13}},{"start":{"line":53,"column":13},"end":{"line":53,"column":13}}]},"6":{"line":53,"type":"cond-expr","locations":[{"start":{"line":53,"column":17},"end":{"line":53,"column":51}},{"start":{"line":54,"column":11},"end":{"line":54,"column":42}}]},"7":{"line":53,"type":"cond-expr","locations":[{"start":{"line":53,"column":17},"end":{"line":54,"column":42}},{"start":{"line":55,"column":11},"end":{"line":55,"column":40}}]},"8":{"line":53,"type":"cond-expr","locations":[{"start":{"line":53,"column":17},"end":{"line":55,"column":40}},{"start":{"line":56,"column":11},"end":{"line":56,"column":30}}]}}},"contracts/modules/wrapper/controllers/ValidationModuleAllowlist.sol":{"l":{"29":682,"30":14,"32":668,"44":912,"46":678,"47":404,"52":89,"55":36,"58":383},"path":"/home/ryan/Pictures/dev/CMTAT/contracts/modules/wrapper/controllers/ValidationModuleAllowlist.sol","s":{"1":682,"2":14,"3":668,"4":912,"5":678,"6":404,"7":274,"8":89,"9":185,"10":36,"11":383},"b":{"1":[14,668],"2":[678,234],"3":[404,274],"4":[89,185],"5":[36,149],"6":[4,16],"7":[16,16]},"f":{"1":682,"2":912},"fnMap":{"1":{"name":"_canMintBurnByModule","line":26,"loc":{"start":{"line":26,"column":4},"end":{"line":34,"column":4}}},"2":{"name":"_canTransferGenericByModule","line":39,"loc":{"start":{"line":39,"column":4},"end":{"line":59,"column":4}}}},"statementMap":{"1":{"start":{"line":29,"column":8},"end":{"line":29,"column":971}},"2":{"start":{"line":30,"column":12},"end":{"line":30,"column":24}},"3":{"start":{"line":32,"column":12},"end":{"line":32,"column":64}},"4":{"start":{"line":44,"column":9},"end":{"line":44,"column":1399}},"5":{"start":{"line":46,"column":12},"end":{"line":46,"column":1461}},"6":{"start":{"line":47,"column":16},"end":{"line":47,"column":47}},"7":{"start":{"line":51,"column":17},"end":{"line":51,"column":1666}},"8":{"start":{"line":52,"column":16},"end":{"line":52,"column":49}},"9":{"start":{"line":54,"column":17},"end":{"line":54,"column":1770}},"10":{"start":{"line":55,"column":16},"end":{"line":55,"column":28}},"11":{"start":{"line":58,"column":9},"end":{"line":58,"column":79}}},"branchMap":{"1":{"line":29,"type":"if","locations":[{"start":{"line":29,"column":8},"end":{"line":29,"column":8}},{"start":{"line":29,"column":8},"end":{"line":29,"column":8}}]},"2":{"line":44,"type":"if","locations":[{"start":{"line":44,"column":9},"end":{"line":44,"column":9}},{"start":{"line":44,"column":9},"end":{"line":44,"column":9}}]},"3":{"line":46,"type":"if","locations":[{"start":{"line":46,"column":12},"end":{"line":46,"column":12}},{"start":{"line":46,"column":12},"end":{"line":46,"column":12}}]},"4":{"line":51,"type":"if","locations":[{"start":{"line":51,"column":17},"end":{"line":51,"column":17}},{"start":{"line":51,"column":17},"end":{"line":51,"column":17}}]},"5":{"line":54,"type":"if","locations":[{"start":{"line":54,"column":17},"end":{"line":54,"column":17}},{"start":{"line":54,"column":17},"end":{"line":54,"column":17}}]},"6":{"line":54,"type":"cond-expr","locations":[{"start":{"line":54,"column":21},"end":{"line":54,"column":70}},{"start":{"line":54,"column":75},"end":{"line":54,"column":94}}]},"7":{"line":54,"type":"cond-expr","locations":[{"start":{"line":54,"column":21},"end":{"line":54,"column":94}},{"start":{"line":54,"column":99},"end":{"line":54,"column":116}}]}}},"contracts/modules/wrapper/core/EnforcementModule.sol":{"l":{"27":374,"28":329,"42":104,"60":165,"71":60,"79":7552,"87":344,"88":344},"path":"/home/ryan/Pictures/dev/CMTAT/contracts/modules/wrapper/core/EnforcementModule.sol","s":{"1":374,"2":104,"3":165,"4":60,"5":7552,"6":344,"7":344},"b":{"1":[104,0],"2":[165,30],"3":[60,15]},"f":{"1":374,"2":104,"3":165,"4":60,"5":7552,"6":344},"fnMap":{"1":{"name":"onlyEnforcer","line":26,"loc":{"start":{"line":26,"column":4},"end":{"line":29,"column":4}}},"2":{"name":"setAddressFrozen","line":41,"loc":{"start":{"line":41,"column":4},"end":{"line":43,"column":4}}},"3":{"name":"setAddressFrozen","line":59,"loc":{"start":{"line":57,"column":4},"end":{"line":61,"column":4}}},"4":{"name":"batchSetAddressFrozen","line":70,"loc":{"start":{"line":68,"column":4},"end":{"line":72,"column":4}}},"5":{"name":"isFrozen","line":78,"loc":{"start":{"line":78,"column":4},"end":{"line":81,"column":4}}},"6":{"name":"_addAddressToTheList","line":86,"loc":{"start":{"line":86,"column":4},"end":{"line":89,"column":4}}}},"statementMap":{"1":{"start":{"line":27,"column":8},"end":{"line":27,"column":25}},"2":{"start":{"line":42,"column":9},"end":{"line":42,"column":49}},"3":{"start":{"line":60,"column":9},"end":{"line":60,"column":51}},"4":{"start":{"line":71,"column":9},"end":{"line":71,"column":53}},"5":{"start":{"line":79,"column":7},"end":{"line":79,"column":39}},"6":{"start":{"line":87,"column":8},"end":{"line":87,"column":79}},"7":{"start":{"line":88,"column":8},"end":{"line":88,"column":63}}},"branchMap":{"1":{"line":41,"type":"if","locations":[{"start":{"line":41,"column":105},"end":{"line":41,"column":105}},{"start":{"line":41,"column":105},"end":{"line":41,"column":105}}]},"2":{"line":59,"type":"if","locations":[{"start":{"line":59,"column":21},"end":{"line":59,"column":21}},{"start":{"line":59,"column":21},"end":{"line":59,"column":21}}]},"3":{"line":70,"type":"if","locations":[{"start":{"line":70,"column":51},"end":{"line":70,"column":51}},{"start":{"line":70,"column":51},"end":{"line":70,"column":51}}]}}},"contracts/modules/wrapper/core/ERC20BaseModule.sol":{"l":{"39":58,"40":30,"55":2752,"56":2752,"57":2752,"58":2752,"79":50,"81":22,"82":22,"85":22,"95":14,"96":14,"103":44,"104":44,"112":42,"113":42,"124":16,"125":16,"126":16,"133":14,"134":14,"135":14,"142":28,"143":28,"144":14,"146":28,"157":2882},"path":"/home/ryan/Pictures/dev/CMTAT/contracts/modules/wrapper/core/ERC20BaseModule.sol","s":{"1":58,"2":2752,"3":50,"4":22,"5":22,"6":22,"7":14,"8":14,"9":44,"10":44,"11":42,"12":42,"13":16,"14":16,"15":14,"16":14,"17":28},"b":{"1":[2752,0],"2":[22,0],"3":[16,14],"4":[14,14]},"f":{"1":58,"2":2752,"3":50,"4":14,"5":44,"6":42,"7":16,"8":14,"9":28,"10":2882},"fnMap":{"1":{"name":"onlyERC20AttributeManager","line":38,"loc":{"start":{"line":38,"column":4},"end":{"line":41,"column":4}}},"2":{"name":"__ERC20BaseModule_init_unchained","line":54,"loc":{"start":{"line":50,"column":4},"end":{"line":59,"column":4}}},"3":{"name":"transferFrom","line":74,"loc":{"start":{"line":74,"column":4},"end":{"line":86,"column":4}}},"4":{"name":"decimals","line":94,"loc":{"start":{"line":94,"column":4},"end":{"line":97,"column":4}}},"5":{"name":"name","line":102,"loc":{"start":{"line":102,"column":4},"end":{"line":105,"column":4}}},"6":{"name":"symbol","line":111,"loc":{"start":{"line":111,"column":4},"end":{"line":114,"column":4}}},"7":{"name":"setName","line":123,"loc":{"start":{"line":123,"column":4},"end":{"line":127,"column":4}}},"8":{"name":"setSymbol","line":132,"loc":{"start":{"line":132,"column":4},"end":{"line":136,"column":4}}},"9":{"name":"batchBalanceOf","line":141,"loc":{"start":{"line":141,"column":4},"end":{"line":147,"column":4}}},"10":{"name":"_getERC20BaseModuleStorage","line":156,"loc":{"start":{"line":156,"column":4},"end":{"line":160,"column":4}}}},"statementMap":{"1":{"start":{"line":39,"column":8},"end":{"line":39,"column":43}},"2":{"start":{"line":55,"column":8},"end":{"line":55,"column":71}},"3":{"start":{"line":79,"column":8},"end":{"line":79,"column":68}},"4":{"start":{"line":81,"column":8},"end":{"line":81,"column":3044}},"5":{"start":{"line":82,"column":12},"end":{"line":82,"column":49}},"6":{"start":{"line":85,"column":8},"end":{"line":85,"column":21}},"7":{"start":{"line":95,"column":8},"end":{"line":95,"column":71}},"8":{"start":{"line":96,"column":8},"end":{"line":96,"column":26}},"9":{"start":{"line":103,"column":8},"end":{"line":103,"column":71}},"10":{"start":{"line":104,"column":8},"end":{"line":104,"column":22}},"11":{"start":{"line":112,"column":8},"end":{"line":112,"column":71}},"12":{"start":{"line":113,"column":8},"end":{"line":113,"column":24}},"13":{"start":{"line":124,"column":8},"end":{"line":124,"column":71}},"14":{"start":{"line":126,"column":8},"end":{"line":126,"column":31}},"15":{"start":{"line":133,"column":8},"end":{"line":133,"column":71}},"16":{"start":{"line":135,"column":8},"end":{"line":135,"column":37}},"17":{"start":{"line":143,"column":8},"end":{"line":143,"column":5162}}},"branchMap":{"1":{"line":54,"type":"if","locations":[{"start":{"line":54,"column":23},"end":{"line":54,"column":23}},{"start":{"line":54,"column":23},"end":{"line":54,"column":23}}]},"2":{"line":81,"type":"if","locations":[{"start":{"line":81,"column":8},"end":{"line":81,"column":8}},{"start":{"line":81,"column":8},"end":{"line":81,"column":8}}]},"3":{"line":123,"type":"if","locations":[{"start":{"line":123,"column":87},"end":{"line":123,"column":87}},{"start":{"line":123,"column":87},"end":{"line":123,"column":87}}]},"4":{"line":132,"type":"if","locations":[{"start":{"line":132,
[...]
mWithRuleEngine","line":107,"loc":{"start":{"line":107,"column":4},"end":{"line":119,"column":4}}},"8":{"name":"_canTransferWithRuleEngine","line":120,"loc":{"start":{"line":120,"column":4},"end":{"line":131,"column":4}}},"9":{"name":"_transferred","line":137,"loc":{"start":{"line":137,"column":4},"end":{"line":151,"column":4}}}},"statementMap":{"1":{"start":{"line":27,"column":8},"end":{"line":27,"column":39}},"2":{"start":{"line":49,"column":9},"end":{"line":49,"column":80}},"3":{"start":{"line":50,"column":8},"end":{"line":50,"column":34}},"4":{"start":{"line":62,"column":7},"end":{"line":62,"column":43}},"5":{"start":{"line":75,"column":8},"end":{"line":75,"column":57}},"6":{"start":{"line":87,"column":7},"end":{"line":87,"column":2918}},"7":{"start":{"line":88,"column":12},"end":{"line":88,"column":24}},"8":{"start":{"line":90,"column":12},"end":{"line":90,"column":62}},"9":{"start":{"line":100,"column":8},"end":{"line":100,"column":3273}},"10":{"start":{"line":101,"column":12},"end":{"line":101,"column":24}},"11":{"start":{"line":103,"column":12},"end":{"line":103,"column":75}},"12":{"start":{"line":113,"column":8},"end":{"line":113,"column":46}},"13":{"start":{"line":114,"column":8},"end":{"line":114,"column":3716}},"14":{"start":{"line":115,"column":12},"end":{"line":115,"column":72}},"15":{"start":{"line":117,"column":12},"end":{"line":117,"column":23}},"16":{"start":{"line":125,"column":8},"end":{"line":125,"column":46}},"17":{"start":{"line":126,"column":8},"end":{"line":126,"column":4095}},"18":{"start":{"line":127,"column":12},"end":{"line":127,"column":59}},"19":{"start":{"line":129,"column":12},"end":{"line":129,"column":23}},"20":{"start":{"line":138,"column":8},"end":{"line":138,"column":4549}},"21":{"start":{"line":139,"column":12},"end":{"line":139,"column":24}},"22":{"start":{"line":141,"column":13},"end":{"line":141,"column":51}},"23":{"start":{"line":142,"column":13},"end":{"line":142,"column":4715}},"24":{"start":{"line":143,"column":17},"end":{"line":143,"column":4779}},"25":{"start":{"line":144,"column":20},"end":{"line":144,"column":68}},"26":{"start":{"line":146,"column":21},"end":{"line":146,"column":60}},"27":{"start":{"line":150,"column":8},"end":{"line":150,"column":19}}},"branchMap":{"1":{"line":48,"type":"if","locations":[{"start":{"line":48,"column":21},"end":{"line":48,"column":21}},{"start":{"line":48,"column":21},"end":{"line":48,"column":21}}]},"2":{"line":49,"type":"if","locations":[{"start":{"line":49,"column":9},"end":{"line":49,"column":9}},{"start":{"line":49,"column":9},"end":{"line":49,"column":9}}]},"3":{"line":87,"type":"if","locations":[{"start":{"line":87,"column":7},"end":{"line":87,"column":7}},{"start":{"line":87,"column":7},"end":{"line":87,"column":7}}]},"4":{"line":100,"type":"if","locations":[{"start":{"line":100,"column":8},"end":{"line":100,"column":8}},{"start":{"line":100,"column":8},"end":{"line":100,"column":8}}]},"5":{"line":114,"type":"if","locations":[{"start":{"line":114,"column":8},"end":{"line":114,"column":8}},{"start":{"line":114,"column":8},"end":{"line":114,"column":8}}]},"6":{"line":126,"type":"if","locations":[{"start":{"line":126,"column":8},"end":{"line":126,"column":8}},{"start":{"line":126,"column":8},"end":{"line":126,"column":8}}]},"7":{"line":138,"type":"if","locations":[{"start":{"line":138,"column":8},"end":{"line":138,"column":8}},{"start":{"line":138,"column":8},"end":{"line":138,"column":8}}]},"8":{"line":142,"type":"if","locations":[{"start":{"line":142,"column":13},"end":{"line":142,"column":13}},{"start":{"line":142,"column":13},"end":{"line":142,"column":13}}]},"9":{"line":143,"type":"if","locations":[{"start":{"line":143,"column":17},"end":{"line":143,"column":17}},{"start":{"line":143,"column":17},"end":{"line":143,"column":17}}]}}},"contracts/modules/wrapper/options/AllowlistModule.sol":{"l":{"25":711,"26":703,"37":4,"47":218,"57":365,"67":116,"68":116,"77":4,"84":924,"91":1654,"92":1654},"path":"/home/ryan/Pictures/dev/CMTAT/contracts/modules/wrapper/options/AllowlistModule.sol","s":{"1":711,"2":4,"3":218,"4":365,"5":116,"6":116,"7":4,"8":924,"9":1654,"10":1654},"b":{"1":[4,2],"2":[218,4],"3":[365,2],"4":[116,0]},"f":{"1":711,"2":4,"3":218,"4":365,"5":116,"6":4,"7":924,"8":1654},"fnMap":{"1":{"name":"onlyAllowlistManager","line":24,"loc":{"start":{"line":24,"column":4},"end":{"line":27,"column":4}}},"2":{"name":"setAddressAllowlist","line":36,"loc":{"start":{"line":36,"column":4},"end":{"line":38,"column":4}}},"3":{"name":"setAddressAllowlist","line":46,"loc":{"start":{"line":44,"column":4},"end":{"line":48,"column":4}}},"4":{"name":"batchSetAddressAllowlist","line":56,"loc":{"start":{"line":54,"column":4},"end":{"line":58,"column":4}}},"5":{"name":"enableAllowlist","line":66,"loc":{"start":{"line":64,"column":4},"end":{"line":69,"column":4}}},"6":{"name":"isAllowlistEnabled","line":76,"loc":{"start":{"line":76,"column":4},"end":{"line":78,"column":4}}},"7":{"name":"isAllowlisted","line":83,"loc":{"start":{"line":83,"column":4},"end":{"line":85,"column":4}}},"8":{"name":"_addToAllowlist","line":90,"loc":{"start":{"line":90,"column":4},"end":{"line":93,"column":4}}}},"statementMap":{"1":{"start":{"line":25,"column":8},"end":{"line":25,"column":38}},"2":{"start":{"line":37,"column":9},"end":{"line":37,"column":44}},"3":{"start":{"line":47,"column":9},"end":{"line":47,"column":46}},"4":{"start":{"line":57,"column":9},"end":{"line":57,"column":45}},"5":{"start":{"line":67,"column":8},"end":{"line":67,"column":31}},"6":{"start":{"line":68,"column":8},"end":{"line":68,"column":56}},"7":{"start":{"line":77,"column":8},"end":{"line":77,"column":36}},"8":{"start":{"line":84,"column":7},"end":{"line":84,"column":37}},"9":{"start":{"line":91,"column":8},"end":{"line":91,"column":72}},"10":{"start":{"line":92,"column":8},"end":{"line":92,"column":73}}},"branchMap":{"1":{"line":36,"type":"if","locations":[{"start":{"line":36,"column":78},"end":{"line":36,"column":78}},{"start":{"line":36,"column":78},"end":{"line":36,"column":78}}]},"2":{"line":46,"type":"if","locations":[{"start":{"line":46,"column":21},"end":{"line":46,"column":21}},{"start":{"line":46,"column":21},"end":{"line":46,"column":21}}]},"3":{"line":56,"type":"if","locations":[{"start":{"line":56,"column":21},"end":{"line":56,"column":21}},{"start":{"line":56,"column":21},"end":{"line":56,"column":21}}]},"4":{"line":66,"type":"if","locations":[{"start":{"line":66,"column":21},"end":{"line":66,"column":21}},{"start":{"line":66,"column":21},"end":{"line":66,"column":21}}]}}},"contracts/modules/wrapper/options/CCIPModule.sol":{"l":{"31":28,"32":21,"42":21,"43":21,"44":21,"46":14,"48":14,"55":14,"56":14,"63":35},"path":"/home/ryan/Pictures/dev/CMTAT/contracts/modules/wrapper/options/CCIPModule.sol","s":{"1":28,"2":21,"3":21,"4":21,"5":14,"6":14,"7":14},"b":{"1":[21,7],"2":[14,7]},"f":{"1":28,"2":21,"3":14,"4":35},"fnMap":{"1":{"name":"onlyCCIPSetAdmin","line":30,"loc":{"start":{"line":30,"column":4},"end":{"line":33,"column":4}}},"2":{"name":"setCCIPAdmin","line":41,"loc":{"start":{"line":41,"column":2},"end":{"line":49,"column":2}}},"3":{"name":"getCCIPAdmin","line":54,"loc":{"start":{"line":54,"column":2},"end":{"line":57,"column":2}}},"4":{"name":"_getCCIPModuleStorage","line":62,"loc":{"start":{"line":62,"column":4},"end":{"line":66,"column":4}}}},"statementMap":{"1":{"start":{"line":31,"column":8},"end":{"line":31,"column":31}},"2":{"start":{"line":42,"column":4},"end":{"line":42,"column":57}},"3":{"start":{"line":43,"column":4},"end":{"line":43,"column":40}},"4":{"start":{"line":44,"column":4},"end":{"line":44,"column":66}},"5":{"start":{"line":48,"column":4},"end":{"line":48,"column":53}},"6":{"start":{"line":55,"column":4},"end":{"line":55,"column":57}},"7":{"start":{"line":56,"column":4},"end":{"line":56,"column":24}}},"branchMap":{"1":{"line":41,"type":"if","locations":[{"start":{"line":41,"column":57},"end":{"line":41,"column":57}},{"start":{"line":41,"column":57},"end":{"line":41,"column":57}}]},"2":{"line":44,"type":"if","locations":[{"start":{"line":44,"column":4},"end":{"line":44,"column":4}},{"start":{"line":44,"column":4},"end":{"line":44,"column":4}}]}}},"contracts/modules/wrapper/options/DebtEngineModule.sol":{"l":{"44":10,"45":10,"46":8,"57":6,"58":6,"59":2,"61":4,"72":8,"73":8,"74":2,"76":6,"85":8,"86":8,"95":8,"96":8},"path":"/home/ryan/Pictures/dev/CMTAT/contracts/modules/wrapper/options/DebtEngineModule.sol","s":{"1":10,"2":10,"3":8,"4":6,"5":6,"6":8,"7":8,"8":8,"9":8,"10":8},"b":{"1":[10,2],"2":[8,2],"3":[2,4],"4":[2,6]},"f":{"1":10,"2":6,"3":8,"4":8,"5":8},"fnMap":{"1":{"name":"setDebtEngine","line":43,"loc":{"start":{"line":41,"column":4},"end":{"line":47,"column":4}}},"2":{"name":"creditEvents","line":56,"loc":{"start":{"line":56,"column":4},"end":{"line":63,"column":4}}},"3":{"name":"debt","line":71,"loc":{"start":{"line":71,"column":4},"end":{"line":78,"column":4}}},"4":{"name":"debtEngine","line":84,"loc":{"start":{"line":84,"column":4},"end":{"line":87,"column":4}}},"5":{"name":"_setDebtEngine","line":92,"loc":{"start":{"line":92,"column":4},"end":{"line":97,"column":4}}}},"statementMap":{"1":{"start":{"line":44,"column":8},"end":{"line":44,"column":61}},"2":{"start":{"line":45,"column":8},"end":{"line":45,"column":80}},"3":{"start":{"line":46,"column":8},"end":{"line":46,"column":37}},"4":{"start":{"line":57,"column":8},"end":{"line":57,"column":61}},"5":{"start":{"line":58,"column":8},"end":{"line":58,"column":2281}},"6":{"start":{"line":72,"column":8},"end":{"line":72,"column":61}},"7":{"start":{"line":73,"column":8},"end":{"line":73,"column":2927}},"8":{"start":{"line":85,"column":8},"end":{"line":85,"column":61}},"9":{"start":{"line":86,"column":8},"end":{"line":86,"column":28}},"10":{"start":{"line":96,"column":8},"end":{"line":96,"column":36}}},"branchMap":{"1":{"line":43,"type":"if","locations":[{"start":{"line":43,"column":21},"end":{"line":43,"column":21}},{"start":{"line":43,"column":21},"end":{"line":43,"column":21}}]},"2":{"line":45,"type":"if","locations":[{"start":{"line":45,"column":8},"end":{"line":45,"column":8}},{"start":{"line":45,"column":8},"end":{"line":45,"column":8}}]},"3":{"line":58,"type":"if","locations":[{"start":{"line":58,"column":8},"end":{"line":58,"column":8}},{"start":{"line":58,"column":8},"end":{"line":58,"column":8}}]},"4":{"line":73,"type":"if","locations":[{"start":{"line":73,"column":8},"end":{"line":73,"column":8}},{"start":{"line":73,"column":8},"end":{"line":73,"column":8}}]}}},"contracts/modules/wrapper/options/DebtModule.sol":{"l":{"32":24,"33":16,"49":2,"50":2,"51":2,"62":2,"63":2,"64":2,"75":2,"76":2,"77":2,"85":4,"86":4,"93":6,"94":6,"104":48},"path":"/home/ryan/Pictures/dev/CMTAT/contracts/modules/wrapper/options/DebtModule.sol","s":{"1":24,"2":2,"3":2,"4":2,"5":2,"6":2,"7":2,"8":4,"9":6},"b":{"1":[2,2],"2":[2,2],"3":[2,2]},"f":{"1":24,"2":2,"3":2,"4":2,"5":4,"6":6,"7":48},"fnMap":{"1":{"name":"onlyDebtManager","line":31,"loc":{"start":{"line":31,"column":4},"end":{"line":34,"column":4}}},"2":{"name":"setCreditEvents","line":48,"loc":{"start":{"line":46,"column":4},"end":{"line":52,"column":4}}},"3":{"name":"setDebt","line":61,"loc":{"start":{"line":59,"column":4},"end":{"line":65,"column":4}}},"4":{"name":"setDebtInstrument","line":74,"loc":{"start":{"line":72,"column":4},"end":{"line":78,"column":4}}},"5":{"name":"creditEvents","line":84,"loc":{"start":{"line":84,"column":4},"end":{"line":87,"column":4}}},"6":{"name":"debt","line":92,"loc":{"start":{"line":92,"column":4},"end":{"line":95,"column":4}}},"7":{"name":"_getDebtModuleStorage","line":103,"loc":{"start":{"line":103,"column":4},"end":{"line":107,"column":4}}}},"statementMap":{"1":{"start":{"line":32,"column":8},"end":{"line":32,"column":33}},"2":{"start":{"line":49,"column":8},"end":{"line":49,"column":61}},"3":{"start":{"line":51,"column":8},"end":{"line":51,"column":35}},"4":{"start":{"line":62,"column":8},"end":{"line":62,"column":61}},"5":{"start":{"line":64,"column":8},"end":{"line":64,"column":27}},"6":{"start":{"line":75,"column":8},"end":{"line":75,"column":61}},"7":{"start":{"line":77,"column":8},"end":{"line":77,"column":37}},"8":{"start":{"line":85,"column":8},"end":{"line":85,"column":61}},"9":{"start":{"line":93,"column":8},"end":{"line":93,"column":61}}},"branchMap":{"1":{"line":48,"type":"if","locations":[{"start":{"line":48,"column":13},"end":{"line":48,"column":13}},{"start":{"line":48,"column":13},"end":{"line":48,"column":13}}]},"2":{"line":61,"type":"if","locations":[{"start":{"line":61,"column":43},"end":{"line":61,"column":43}},{"start":{"line":61,"column":43},"end":{"line":61,"column":43}}]},"3":{"line":74,"type":"if","locations":[{"start":{"line":74,"column":43},"end":{"line":74,"column":43}},{"start":{"line":74,"column":43},"end":{"line":74,"column":43}}]}}},"contracts/modules/wrapper/options/ERC20CrossChainModule.sol":{"l":{"30":138,"31":90,"36":112,"37":56,"53":42,"54":42,"65":48,"67":48,"68":48,"79":24,"80":24,"94":32,"95":32,"96":32,"101":43,"110":72,"114":64,"116":64},"path":"/home/ryan/Pictures/dev/CMTAT/contracts/modules/wrapper/options/ERC20CrossChainModule.sol","s":{"1":138,"2":112,"3":42,"4":42,"5":48,"6":48,"7":48,"8":24,"9":24,"10":32,"11":32,"12":32,"13":43,"14":72,"15":64,"16":64},"b":{"1":[42,24],"2":[48,24],"3":[24,24],"4":[32,32],"5":[8,6]},"f":{"1":138,"2":112,"3":42,"4":48,"5":24,"6":32,"7":43,"8":72},"fnMap":{"1":{"name":"onlyTokenBridge","line":27,"loc":{"start":{"line":27,"column":4},"end":{"line":32,"column":4}}},"2":{"name":"onlyBurnerFrom","line":35,"loc":{"start":{"line":35,"column":4},"end":{"line":38,"column":4}}},"3":{"name":"crosschainMint","line":51,"loc":{"start":{"line":51,"column":4},"end":{"line":55,"column":4}}},"4":{"name":"crosschainBurn","line":64,"loc":{"start":{"line":64,"column":4},"end":{"line":69,"column":4}}},"5":{"name":"burnFrom","line":77,"loc":{"start":{"line":76,"column":4},"end":{"line":81,"column":4}}},"6":{"name":"burn","line":90,"loc":{"start":{"line":88,"column":4},"end":{"line":97,"column":4}}},"7":{"name":"supportsInterface","line":100,"loc":{"start":{"line":100,"column":4},"end":{"line":102,"column":4}}},"8":{"name":"_burnFrom","line":108,"loc":{"start":{"line":108,"column":4},"end":{"line":117,"column":4}}}},"statementMap":{"1":{"start":{"line":30,"column":8},"end":{"line":30,"column":36}},"2":{"start":{"line":36,"column":8},"end":{"line":36,"column":27}},"3":{"start":{"line":53,"column":9},"end":{"line":53,"column":52}},"4":{"start":{"line":54,"column":8},"end":{"line":54,"column":31}},"5":{"start":{"line":65,"column":8},"end":{"line":65,"column":38}},"6":{"start":{"line":67,"column":8},"end":{"line":67,"column":54}},"7":{"start":{"line":68,"column":8},"end":{"line":68,"column":37}},"8":{"start":{"line":79,"column":8},"end":{"line":79,"column":38}},"9":{"start":{"line":80,"column":8},"end":{"line":80,"column":40}},"10":{"start":{"line":94,"column":8},"end":{"line":94,"column":37}},"11":{"start":{"line":95,"column":8},"end":{"line":95,"column":52}},"12":{"start":{"line":96,"column":8},"end":{"line":96,"column":35}},"13":{"start":{"line":101,"column":8},"end":{"line":101,"column":110}},"14":{"start":{"line":110,"column":8},"end":{"line":110,"column":64}},"15":{"start":{"line":114,"column":8},"end":{"line":114,"column":53}},"16":{"start":{"line":116,"column":8},"end":{"line":116,"column":36}}},"branchMap":{"1":{"line":51,"type":"if","locations":[{"start":{"line":51,"column":90},"end":{"line":51,"column":90}},{"start":{"line":51,"column":90},"end":{"line":51,"column":90}}]},"2":{"line":64,"type":"if","locations":[{"start":{"line":64,"column":92},"end":{"line":64,"column":92}},{"start":{"line":64,"column":92},"end":{"line":64,"column":92}}]},"3":{"line":77,"type":"if","locations":[{"start":{"line":77,"column":48},"end":{"line":77,"column":48}},{"start":{"line":77,"column":48},"end":{"line":77,"column":48}}]},"4":{"line":90,"type":"if","locations":[{"start":{"line":90,"column":21},"end":{"line":90,"column":21}},{"start":{"line":90,"column":21},"end":{"line":90,"column":21}}]},"5":{"line":101,"type":"cond-expr","locations":[{"start":{"line":101,"column":15},"end":{"line":101,"column":56}},{"start":{"line":101,"column":61},"end":{"line":101,"column":109}}]}}},"contracts/modules/wrapper/options/ERC2771Module.sol":{"l":{},"path":"/home/ryan/Pictures/dev/CMTAT/contracts/modules/wrapper/options/ERC2771Module.sol","s":{},"b":{},"f":{"1":2232},"fnMap":{"1":{"name":"constructor","line":20,"loc":{"start":{"line":18,"column":4},"end":{"line":22,"column":4}}}},"statementMap":{},"branchMap":{}},"contracts/modules/wrapper/options/ERC7551Module.sol":{"l":{"36":2,"37":2,"46":2,"47":2,"48":2,"53":4,"54":4,"61":2,"70":2,"71":2,"76":6},"path":"/home/ryan/Pictures/dev/CMTAT/contracts/modules/wrapper/options/ERC7551Module.sol","s":{"1":2,"2":2,"3":2,"4":2,"5":2,"6":4,"7":4,"8":2,"9":2},"b":{"1":[2,2],"2":[2,2]},"f":{"1":2,"2":2,"3":4,"4":2,"5":2,"6":6},"fnMap":{"1":{"name":"setMetaData","line":35,"loc":{"start":{"line":33,"column":4},"end":{"line":38,"column":4}}},"2":{"name":"setTerms","line":45,"loc":{"start":{"line":45,"column":4},"end":{"line":49,"column":4}}},"3":{"name":"metaData","line":52,"loc":{"start":{"line":52,"column":4},"end":{"line":55,"column":4}}},"4":{"name":"termsHash","line":60,"loc":{"start":{"line":60,"column":4},"end":{"line":62,"column":4}}},"5":{"name":"_setMetaData","line":67,"loc":{"start":{"line":67,"column":3},"end":{"line":72,"column":4}}},"6":{"name":"_getERC7551ModuleStorage","line":75,"loc":{"start":{"line":75,"column":4},"end":{"line":79,"column":4}}}},"statementMap":{"1":{"start":{"line":36,"column":8},"end":{"line":36,"column":67}},"2":{"start":{"line":37,"column":8},"end":{"line":37,"column":34}},"3":{"start":{"line":46,"column":8},"end":{"line":46,"column":94}},"4":{"start":{"line":47,"column":8},"end":{"line":47,"column":24}},"5":{"start":{"line":48,"column":8},"end":{"line":48,"column":31}},"6":{"start":{"line":53,"column":8},"end":{"line":53,"column":67}},"7":{"start":{"line":54,"column":8},"end":{"line":54,"column":26}},"8":{"start":{"line":61,"column":8},"end":{"line":61,"column":39}},"9":{"start":{"line":71,"column":8},"end":{"line":71,"column":32}}},"branchMap":{"1":{"line":35,"type":"if","locations":[{"start":{"line":35,"column":48},"end":{"line":35,"column":48}},{"start":{"line":35,"column":48},"end":{"line":35,"column":48}}]},"2":{"line":45,"type":"if","locations":[{"start":{"line":45,"column":101},"end":{"line":45,"column":101}},{"start":{"line":45,"column":101},"end":{"line":45,"column":101}}]}}},"contracts/modules/wrapper/security/AccessControlModule.sol":{"l":{"21":2805,"22":2,"24":2803,"39":9626,"40":5749,"42":3877},"path":"/home/ryan/Pictures/dev/CMTAT/contracts/modules/wrapper/security/AccessControlModule.sol","s":{"1":2805,"2":2803,"3":9626,"4":5749,"5":3877},"b":{"1":[2805,0],"2":[2,2803],"3":[5749,3877]},"f":{"1":2805,"2":9626},"fnMap":{"1":{"name":"__AccessControlModule_init_unchained","line":20,"loc":{"start":{"line":19,"column":4},"end":{"line":25,"column":4}}},"2":{"name":"hasRole","line":34,"loc":{"start":{"line":34,"column":4},"end":{"line":44,"column":4}}}},"statementMap":{"1":{"start":{"line":21,"column":8},"end":{"line":21,"column":711}},"2":{"start":{"line":24,"column":8},"end":{"line":24,"column":44}},"3":{"start":{"line":39,"column":8},"end":{"line":39,"column":1342}},"4":{"start":{"line":40,"column":12},"end":{"line":40,"column":23}},"5":{"start":{"line":42,"column":12},"end":{"line":42,"column":66}}},"branchMap":{"1":{"line":20,"type":"if","locations":[{"start":{"line":20,"column":13},"end":{"line":20,"column":13}},{"start":{"line":20,"column":13},"end":{"line":20,"column":13}}]},"2":{"line":21,"type":"if","locations":[{"start":{"line":21,"column":8},"end":{"line":21,"column":8}},{"start":{"line":21,"column":8},"end":{"line":21,"column":8}}]},"3":{"line":39,"type":"if","locations":[{"start":{"line":39,"column":8},"end":{"line":39,"column":8}},{"start":{"line":39,"column":8},"end":{"line":39,"column":8}}]}}}}