{"contracts/deployment/allowlist/CMTATStandaloneAllowlist.sol":{"l":{"33":250},"path":"/home/ryan/Pictures/dev/CMTAT/contracts/deployment/allowlist/CMTATStandaloneAllowlist.sol","s":{"1":250},"b":{},"f":{"1":250},"fnMap":{"1":{"name":"constructor","line":30,"loc":{"start":{"line":22,"column":4},"end":{"line":40,"column":4}}}},"statementMap":{"1":{"start":{"line":33,"column":8},"end":{"line":33,"column":1390}}},"branchMap":{}},"contracts/deployment/allowlist/CMTATUpgradeableAllowlist.sol":{"l":{"20":123},"path":"/home/ryan/Pictures/dev/CMTAT/contracts/deployment/allowlist/CMTATUpgradeableAllowlist.sol","s":{"1":123},"b":{},"f":{"1":123},"fnMap":{"1":{"name":"constructor","line":18,"loc":{"start":{"line":18,"column":4},"end":{"line":21,"column":4}}}},"statementMap":{"1":{"start":{"line":20,"column":8},"end":{"line":20,"column":29}}},"branchMap":{}},"contracts/deployment/CMTATStandalone.sol":{"l":{"32":303},"path":"/home/ryan/Pictures/dev/CMTAT/contracts/deployment/CMTATStandalone.sol","s":{"1":303},"b":{},"f":{"1":303},"fnMap":{"1":{"name":"constructor","line":29,"loc":{"start":{"line":23,"column":4},"end":{"line":38,"column":4}}}},"statementMap":{"1":{"start":{"line":32,"column":8},"end":{"line":32,"column":1280}}},"branchMap":{}},"contracts/deployment/CMTATUpgradeable.sol":{"l":{"22":414},"path":"/home/ryan/Pictures/dev/CMTAT/contracts/deployment/CMTATUpgradeable.sol","s":{"1":414},"b":{},"f":{"1":414},"fnMap":{"1":{"name":"constructor","line":20,"loc":{"start":{"line":18,"column":4},"end":{"line":23,"column":4}}}},"statementMap":{"1":{"start":{"line":22,"column":8},"end":{"line":22,"column":29}}},"branchMap":{}},"contracts/deployment/CMTATUpgradeableUUPS.sol":{"l":{"23":116,"43":113,"47":113},"path":"/home/ryan/Pictures/dev/CMTAT/contracts/deployment/CMTATUpgradeableUUPS.sol","s":{"1":116,"2":113,"3":113},"b":{"1":[113,0],"2":[2,1]},"f":{"1":116,"2":113,"3":2},"fnMap":{"1":{"name":"constructor","line":21,"loc":{"start":{"line":19,"column":4},"end":{"line":24,"column":4}}},"2":{"name":"initialize","line":42,"loc":{"start":{"line":39,"column":4},"end":{"line":48,"column":4}}},"3":{"name":"_authorizeUpgrade","line":53,"loc":{"start":{"line":53,"column":4},"end":{"line":53,"column":88}}}},"statementMap":{"1":{"start":{"line":23,"column":8},"end":{"line":23,"column":29}},"2":{"start":{"line":43,"column":8},"end":{"line":43,"column":1912}},"3":{"start":{"line":47,"column":8},"end":{"line":47,"column":41}}},"branchMap":{"1":{"line":42,"type":"if","locations":[{"start":{"line":42,"column":67},"end":{"line":42,"column":67}},{"start":{"line":42,"column":67},"end":{"line":42,"column":67}}]},"2":{"line":53,"type":"if","locations":[{"start":{"line":53,"column":58},"end":{"line":53,"column":58}},{"start":{"line":53,"column":58},"end":{"line":53,"column":58}}]}}},"contracts/deployment/debt/CMTATStandaloneDebt.sol":{"l":{"28":181},"path":"/home/ryan/Pictures/dev/CMTAT/contracts/deployment/debt/CMTATStandaloneDebt.sol","s":{"1":181},"b":{},"f":{"1":181},"fnMap":{"1":{"name":"constructor","line":20,"loc":{"start":{"line":20,"column":4},"end":{"line":34,"column":4}}}},"statementMap":{"1":{"start":{"line":28,"column":8},"end":{"line":28,"column":1135}}},"branchMap":{}},"contracts/deployment/debt/CMTATUpgradeableDebt.sol":{"l":{"17":123},"path":"/home/ryan/Pictures/dev/CMTAT/contracts/deployment/debt/CMTATUpgradeableDebt.sol","s":{"1":123},"b":{},"f":{"1":123},"fnMap":{"1":{"name":"constructor","line":15,"loc":{"start":{"line":15,"column":4},"end":{"line":18,"column":4}}}},"statementMap":{"1":{"start":{"line":17,"column":8},"end":{"line":17,"column":29}}},"branchMap":{}},"contracts/deployment/ERC1363/CMTATStandaloneERC1363.sol":{"l":{"32":149},"path":"/home/ryan/Pictures/dev/CMTAT/contracts/deployment/ERC1363/CMTATStandaloneERC1363.sol","s":{"1":149},"b":{},"f":{"1":149},"fnMap":{"1":{"name":"constructor","line":29,"loc":{"start":{"line":23,"column":4},"end":{"line":38,"column":4}}}},"statementMap":{"1":{"start":{"line":32,"column":8},"end":{"line":32,"column":1305}}},"branchMap":{}},"contracts/deployment/ERC1363/CMTATUpgradeableERC1363.sol":{"l":{"22":221},"path":"/home/ryan/Pictures/dev/CMTAT/contracts/deployment/ERC1363/CMTATUpgradeableERC1363.sol","s":{"1":221},"b":{},"f":{"1":221},"fnMap":{"1":{"name":"constructor","line":20,"loc":{"start":{"line":18,"column":4},"end":{"line":23,"column":4}}}},"statementMap":{"1":{"start":{"line":22,"column":8},"end":{"line":22,"column":29}}},"branchMap":{}},"contracts/deployment/light/CMTATStandaloneLight.sol":{"l":{"26":90},"path":"/home/ryan/Pictures/dev/CMTAT/contracts/deployment/light/CMTATStandaloneLight.sol","s":{"1":90},"b":{},"f":{"1":90},"fnMap":{"1":{"name":"constructor","line":20,"loc":{"start":{"line":20,"column":4},"end":{"line":30,"column":4}}}},"statementMap":{"1":{"start":{"line":26,"column":8},"end":{"line":26,"column":925}}},"branchMap":{}},"contracts/deployment/light/CMTATUpgradeableLight.sol":{"l":{"19":87},"path":"/home/ryan/Pictures/dev/CMTAT/contracts/deployment/light/CMTATUpgradeableLight.sol","s":{"1":87},"b":{},"f":{"1":87},"fnMap":{"1":{"name":"constructor","line":17,"loc":{"start":{"line":17,"column":4},"end":{"line":20,"column":4}}}},"statementMap":{"1":{"start":{"line":19,"column":8},"end":{"line":19,"column":29}}},"branchMap":{}},"contracts/interfaces/engine/IDebtEngine.sol":{"l":{},"path":"/home/ryan/Pictures/dev/CMTAT/contracts/interfaces/engine/IDebtEngine.sol","s":{},"b":{},"f":{},"fnMap":{},"statementMap":{},"branchMap":{}},"contracts/interfaces/engine/IDocumentEngine.sol":{"l":{},"path":"/home/ryan/Pictures/dev/CMTAT/contracts/interfaces/engine/IDocumentEngine.sol","s":{},"b":{},"f":{},"fnMap":{},"statementMap":{},"branchMap":{}},"contracts/interfaces/engine/IRuleEngine.sol":{"l":{},"path":"/home/ryan/Pictures/dev/CMTAT/contracts/interfaces/engine/IRuleEngine.sol","s":{},"b":{},"f":{},"fnMap":{},"statementMap":{},"branchMap":{}},"contracts/interfaces/engine/ISnapshotEngine.sol":{"l":{},"path":"/home/ryan/Pictures/dev/CMTAT/contracts/interfaces/engine/ISnapshotEngine.sol","s":{},"b":{},"f":{},"fnMap":{},"statementMap":{},"branchMap":{}},"contracts/interfaces/technical/ICMTATConstructor.sol":{"l":{},"path":"/home/ryan/Pictures/dev/CMTAT/contracts/interfaces/technical/ICMTATConstructor.sol","s":{},"b":{},"f":{},"fnMap":{},"statementMap":{},"branchMap":{}},"contracts/interfaces/technical/IERC20Allowance.sol":{"l":{},"path":"/home/ryan/Pictures/dev/CMTAT/contracts/interfaces/technical/IERC20Allowance.sol","s":{},"b":{},"f":{},"fnMap":{},"statementMap":{},"branchMap":{}},"contracts/interfaces/technical/IERC7802.sol":{"l":{},"path":"/home/ryan/Pictures/dev/CMTAT/contracts/interfaces/technical/IERC7802.sol","s":{},"b":{},"f":{},"fnMap":{},"statementMap":{},"branchMap":{}},"contracts/interfaces/technical/IMintBurnToken.sol":{"l":{},"path":"/home/ryan/Pictures/dev/CMTAT/contracts/interfaces/technical/IMintBurnToken.sol","s":{},"b":{},"f":{},"fnMap":{},"statementMap":{},"branchMap":{}},"contracts/interfaces/tokenization/draft-IERC1404.sol":{"l":{},"path":"/home/ryan/Pictures/dev/CMTAT/contracts/interfaces/tokenization/draft-IERC1404.sol","s":{},"b":{},"f":{},"fnMap":{},"statementMap":{},"branchMap":{}},"contracts/interfaces/tokenization/draft-IERC1643.sol":{"l":{},"path":"/home/ryan/Pictures/dev/CMTAT/contracts/interfaces/tokenization/draft-IERC1643.sol","s":{},"b":{},"f":{},"fnMap":{},"statementMap":{},"branchMap":{}},"contracts/interfaces/tokenization/draft-IERC1643CMTAT.sol":{"l":{},"path":"/home/ryan/Pictures/dev/CMTAT/contracts/interfaces/tokenization/draft-IERC1643CMTAT.sol","s":{},"b":{},"f":{},"fnMap":{},"statementMap":{},"branchMap":{}},"contracts/interfaces/tokenization/draft-IERC7551.sol":{"l":{},"path":"/home/ryan/Pictures/dev/CMTAT/contracts/interfaces/tokenization/draft-IERC7551.sol","s":{},"b":{},"f":{},"fnMap":{},"statementMap":{},"branchMap":{}},"contracts/interfaces/tokenization/IAllowlist.sol":{"l":{},"path":"/home/ryan/Pictures/dev/CMTAT/contracts/interfaces/tokenization/IAllowlist.sol","s":{},"b":{},"f":{},"fnMap":{},"statementMap":{},"branchMap":{}},"contracts/interfaces/tokenization/ICMTAT.sol":{"l":{},"path":"/home/ryan/Pictures/dev/CMTAT/contracts/interfaces/tokenization/ICMTAT.sol","s":{},"b":{},"f":{},"fnMap":{},"statementMap":{},"branchMap":{}},"contracts/interfaces/tokenization/IERC3643Partial.sol":{"l":{},"path":"/home/ryan/Pictures/dev/CMTAT/contracts/interfaces/tokenization/IERC3643Partial.sol","s":{},"b":{},"f":{},"fnMap":{},"statementMap":{},"branchMap":{}},"contracts/libraries/Errors.sol":{"l":{},"path":"/home/ryan/Pictures/dev/CMTAT/contracts/libraries/Errors.sol","s":{},"b":{},"f":{},"fnMap":{},"statementMap":{},"branchMap":{}},"contracts/modules/CMTATBase.sol":{"l":{"23":2071,"24":2061,"25":121,"47":1504,"66":1504,"69":1504,"72":1504,"74":1504,"77":1504,"80":1502,"88":1504,"89":1504,"98":1504,"105":1504,"124":55,"125":55,"126":12,"127":12,"128":8,"131":47,"140":51,"141":8,"143":43,"156":299,"157":65,"159":234},"path":"/home/ryan/Pictures/dev/CMTAT/contracts/modules/CMTATBase.sol","s":{"1":2071,"2":2061,"3":1504,"4":1504,"5":1504,"6":1504,"7":1504,"8":1504,"9":1502,"10":1504,"11":1504,"12":1504,"13":1504,"14":55,"15":55,"16":12,"17":12,"18":8,"19":47,"20":51,"21":8,"22":43,"23":299,"24":65,"25":234},"b":{"1":[121,1940],"2":[1504,1],"3":[1504,0],"4":[1504,0],"5":[1504,0],"6":[1504,0],"7":[1502,0],"8":[12,43],"9":[8,4],"10":[8,43],"11":[65,234]},"f":{"1":2071,"2":1504,"3":1504,"4":1504,"5":1504,"6":1504,"7":1502,"8":55,"9":51,"10":299},"fnMap":{"1":{"name":"_checkTransferred","line":22,"loc":{"start":{"line":22,"column":4},"end":{"line":27,"column":4}}},"2":{"name":"initialize","line":46,"loc":{"start":{"line":41,"column":4},"end":{"line":53,"column":4}}},"3":{"name":"__CMTAT_init","line":63,"loc":{"start":{"line":58,"column":4},"end":{"line":81,"column":4}}},"4":{"name":"__CMTAT_openzeppelin_init_unchained","line":86,"loc":{"start":{"line":86,"column":4},"end":{"line":92,"column":4}}},"5":{"name":"__CMTAT_internal_init_unchained","line":97,"loc":{"start":{"line":97,"column":4},"end":{"line":99,"column":4}}},"6":{"name":"__CMTAT_modules_init_unchained","line":104,"loc":{"start":{"line":104,"column":4},"end":{"line":106,"column":4}}},"7":{"name":"__CMTAT_init_unchained","line":108,"loc":{"start":{"line":108,"column":4},"end":{"line":110,"column":4}}},"8":{"name":"detectTransferRestriction","line":119,"loc":{"start":{"line":119,"column":4},"end":{"line":132,"column":4}}},"9":{"name":"messageForTransferRestriction","line":137,"loc":{"start":{"line":137,"column":4},"end":{"line":146,"column":4}}},"10":{"name":"canTransfer","line":151,"loc":{"start":{"line":151,"column":4},"end":{"line":161,"column":4}}}},"statementMap":{"1":{"start":{"line":23,"column":8},"end":{"line":23,"column":66}},"2":{"start":{"line":24,"column":8},"end":{"line":24,"column":1048}},"3":{"start":{"line":47,"column":8},"end":{"line":47,"column":2072}},"4":{"start":{"line":66,"column":8},"end":{"line":66,"column":33}},"5":{"start":{"line":69,"column":8},"end":{"line":69,"column":32}},"6":{"start":{"line":72,"column":8},"end":{"line":72,"column":44}},"7":{"start":{"line":74,"column":7},"end":{"line":74,"column":47}},"8":{"start":{"line":77,"column":8},"end":{"line":77,"column":96}},"9":{"start":{"line":80,"column":8},"end":{"line":80,"column":31}},"10":{"start":{"line":88,"column":8},"end":{"line":88,"column":39}},"11":{"start":{"line":89,"column":8},"end":{"line":89,"column":34}},"12":{"start":{"line":98,"column":8},"end":{"line":98,"column":65}},"13":{"start":{"line":105,"column":8},"end":{"line":105,"column":141}},"14":{"start":{"line":124,"column":8},"end":{"line":124,"column":80}},"15":{"start":{"line":125,"column":8},"end":{"line":125,"column":4988}},"16":{"start":{"line":126,"column":12},"end":{"line":126,"column":88}},"17":{"start":{"line":127,"column":12},"end":{"line":127,"column":5122}},"18":{"start":{"line":128,"column":16},"end":{"line":128,"column":108}},"19":{"start":{"line":131,"column":8},"end":{"line":131,"column":81}},"20":{"start":{"line":140,"column":8},"end":{"line":140,"column":5606}},"21":{"start":{"line":141,"column":12},"end":{"line":141,"column":97}},"22":{"start":{"line":143,"column":12},"end":{"line":143,"column":89}},"23":{"start":{"line":156,"column":8},"end":{"line":156,"column":6180}},"24":{"start":{"line":157,"column":12},"end":{"line":157,"column":24}},"25":{"start":{"line":159,"column":12},"end":{"line":159,"column":74}}},"branchMap":{"1":{"line":24,"type":"if","locations":[{"start":{"line":24,"column":8},"end":{"line":24,"column":8}},{"start":{"line":24,"column":8},"end":{"line":24,"column":8}}]},"2":{"line":46,"type":"if","locations":[{"start":{"line":46,"column":21},"end":{"line":46,"column":21}},{"start":{"line":46,"column":21},"end":{"line":46,"column":21}}]},"3":{"line":63,"type":"if","locations":[{"start":{"line":63,"column":23},"end":{"line":63,"column":23}},{"start":{"line":63,"column":23},"end":{"line":63,"column":23}}]},"4":{"line":86,"type":"if","locations":[{"start":{"line":86,"column":68},"end":{"line":86,"column":68}},{"start":{"line":86,"column":68},"end":{"line":86,"column":68}}]},"5":{"line":97,"type":"if","locations":[{"start":{"line":97,"column":104},"end":{"line":97,"column":104}},{"start":{"line":97,"column":104},"end":{"line":97,"column":104}}]},"6":{"line":104,"type":"if","locations":[{"start":{"line":104,"column":246},"end":{"line":104,"column":246}},{"start":{"line":104,"column":246},"end":{"line":104,"column":246}}]},"7":{"line":108,"type":"if","locations":[{"start":{"line":108,"column":55},"end":{"line":108,"column":55}},{"start":{"line":108,"column":55},"end":{"line":108,"column":55}}]},"8":{"line":125,"type":"if","locations":[{"start":{"line":125,"column":8},"end":{"line":125,"column":8}},{"start":{"line":125,"column":8},"end":{"line":125,"column":8}}]},"9":{"line":127,"type":"if","locations":[{"start":{"line":127,"column":12},"end":{"line":127,"column":12}},{"start":{"line":127,"column":12},"end":{"line":127,"column":12}}]},"10":{"line":140,"type":"if","locations":[{"start":{"line":140,"column":8},"end":{"line":140,"column":8}},{"start":{"line":140,"column":8},"end":{"line":140,"column":8}}]},"11":{"line":156,"type":"if","locations":[{"start":{"line":156,"column":8},"end":{"line":156,"column":8}},{"start":{"line":156,"column":8},"end":{"line":156,"column":8}}]}}},"contracts/modules/CMTATBaseAllowlist.sol":{"l":{"38":570,"39":568,"40":46,"65":373,"87":373,"90":373,"93":373,"95":373,"98":373,"101":373,"109":373,"110":373,"129":373,"131":373,"155":117,"156":60,"158":57,"159":13,"161":44,"175":7,"176":5,"178":2,"191":517,"202":0,"218":3903,"227":3903,"239":0},"path":"/home/ryan/Pictures/dev/CMTAT/contracts/modules/CMTATBaseAllowlist.sol","s":{"1":570,"2":568,"3":373,"4":373,"5":373,"6":373,"7":373,"8":373,"9":373,"10":373,"11":373,"12":373,"13":373,"14":117,"15":60,"16":57,"17":13,"18":44,"19":7,"20":5,"21":2,"22":517,"23":0,"24":3903,"25":3903,"26":0},"b":{"1":[46,522],"2":[373,0],"3":[373,0],"4":[373,0],"5":[373,0],"6":[373,0],"7":[373,0],"8":[60,57],"9":[13,44],"10":[5,2]},"f":{"1":570,"2":373,"3":373,"4":373,"5":373,"6":373,"7":373,"8":117,"9":7,"10":517,"11":0,"12":3903,"13":3903,"14":0},"fnMap":{"1":{"name":"_checkTransferred","line":37,"loc":{"start":{"line":37,"column":4},"end":{"line":42,"column":4}}},"2":{"name":"initialize","line":64,"loc":{"start":{"line":58,"column":4},"end":{"line":72,"column":4}}},"3":{"name":"__CMTAT_init","line":84,"loc":{"start":{"line":78,"column":4},"end":{"line":102,"column":4}}},"4":{"name":"__CMTAT_openzeppelin_init_unchained","line":107,"loc":{"start":{"line":107,"column":4},"end":{"line":113,"column":4}}},"5":{"name":"__CMTAT_internal_init_unchained","line":120,"loc":{"start":{"line":120,"column":4},"end":{"line":122,"column":4}}},"6":{"name":"__CMTAT_modules_init_unchained","line":128,"loc":{"start":{"line":127,"column":4},"end":{"line":132,"column":4}}},"7":{"name":"__CMTAT_init_unchained","line":134,"loc":{"start":{"line":134,"column":4},"end":{"line":137,"column":4}}},"8":{"name":"canTransfer","line":150,"loc":{"start":{"line":150,"column":4},"end":{"line":164,"column":4}}},"9":{"name":"canTransferFrom","line":169,"loc":{"start":{"line":169,"column":3},"end":{"line":180,"column":4}}},"10":{"name":"_canMintBurnByModule","line":188,"loc":{"start":{"line":188,"column":4},"end":{"line":192,"column":4}}},"11":{"name":"_canTransferGenericByModule","line":197,"loc":{"start":{"line":197,"column":4},"end":{"line":203,"column":4}}},"12":{"name":"_msgSender","line":212,"loc":{"start":{"line":212,"column":4},"end":{"line":219,"column":4}}},"13":{"name":"_contextSuffixLength","line":224,"loc":{"start":{"line":224,"column":4},"end":{"line":228,"column":4}}},"14":{"name":"_msgData","line":233,"loc":{"start":{"line":233,"column":4},"end":{"line":240,"column":4}}}},"statementMap":{"1":{"start":{"line":38,"column":8},"end":{"line":38,"column":66}},"2":{"start":{"line":39,"column":8},"end":{"line":39,"column":1671}},"3":{"start":{"line":65,"column":8},"end":{"line":65,"column":2779}},"4":{"start":{"line":87,"column":8},"end":{"line":87,"column":33}},"5":{"start":{"line":90,"column":8},"end":{"line":90,"column":32}},"6":{"start":{"line":93,"column":8},"end":{"line":93,"column":44}},"7":{"start":{"line":95,"column":7},"end":{"line":95,"column":39}},"8":{"start":{"line":98,"column":8},"end":{"line":98,"column":118}},"9":{"start":{"line":101,"column":8},"end":{"line":101,"column":31}},"10":{"start":{"line":109,"column":8},"end":{"line":109,"column":39}},"11":{"start":{"line":110,"column":8},"end":{"line":110,"column":34}},"12":{"start":{"line":129,"column":9},"end":{"line":129,"column":123}},"13":{"start":{"line":131,"column":8},"end":{"line":131,"column":35}},"14":{"start":{"line":155,"column":8},"end":{"line":155,"column":5838}},"15":{"start":{"line":156,"column":12},"end":{"line":156,"column":24}},"16":{"start":{"line":158,"column":8},"end":{"line":158,"column":5964}},"17":{"start":{"line":159,"column":12},"end":{"line":159,"column":24}},"18":{"start":{"line":161,"column":12},"end":{"line":161,"column":68}},"19":{"start":{"line":175,"column":8},"end":{"line":175,"column":6420}},"20":{"start":{"line":176,"column":12},"end":{"line":176,"column":24}},"21":{"start":{"line":178,"column":12},"end":{"line":178,"column":81}},"22":{"start":{"line":191,"column":8},"end":{"line":191,"column":69}},"23":{"start":{"line":202,"column":8},"end":{"line":202,"column":87}},"24":{"start":{"line":218,"column":8},"end":{"line":218,"column":53}},"25":{"start":{"line":227,"column":9},"end":{"line":227,"column":64}},"26":{"start":{"line":239,"column":8},"end":{"line":239,"column":51}}},"branchMap":{"1":{"line":39,"type":"if","locations":[{"start":{"line":39,"column":8},"end":{"line":39,"column":8}},{"start":{"line":39,"column":8},"end":{"line":39,"column":8}}]},"2":{"line":64,"type":"if","locations":[{"start":{"line":64,"column":21},"end":{"line":64,"column":21}},{"start":{"line":64,"column":21},"end":{"line":64,"column":21}}]},"3":{"line":84,"type":"if","locations":[{"start":{"line":84,"column":23},"end":{"line":84,"column":23}},{"start":{"line":84,"column":23},"end":{"line":84,"column":23}}]},"4":{"line":107,"type":"if","locations":[{"start":{"line":107,"column":68},"end":{"line":107,"column":68}},{"start":{"line":107,"column":68},"end":{"line":107,"column":68}}]},"5":{"line":120,"type":"if","locations":[{"start":{"line":120,"column":64},"end":{"line":120,"column":64}},{"start":{"line":120,"column":64},"end":{"line":120,"column":64}}]},"6":{"line":128,"type":"if","locations":[{"start":{"line":128,"column":51},"end":{"line":128,"column":51}},{"start":{"line":128,"column":51},"end":{"line":128,"column":51}}]},"7":{"line":134,"type":"if","locations":[{"start":{"line":134,"column":55},"end":{"line":134,"column":55}},{"start":{"line":134,"column":55},"end":{"line":134,"column":55}}]},"8":{"line":155,"type":"if","locations":[{"start":{"line":155,"column":8},"end":{"line":155,"column":8}},{"start":{"line":155,"column":8},"end":{"line":155,"column":8}}]},"9":{"line":158,"type":"if","locations":[{"start":{"line":158,"column":8},"end":{"line":158,"column":8}},{"start":{"line":158,"column":8},"end":{"line":158,"column":8}}]},"10":{"line":175,"type":"if","locations":[{"start":{"line":175,"column":8},"end":{"line":175,"column":8}},{"start":{"line":175,"column":8},"end":{"line":175,"column":8}}]}}},"contracts/modules/CMTATBaseCommon.sol":{"l":{"37":2641,"38":12,"49":1877,"53":1875,"56":1875,"57":1875,"58":1875,"77":10,"85":30,"92":30,"98":194,"99":194,"100":130,"101":104,"116":78,"117":38,"137":50,"138":30,"157":2550,"159":2550,"160":225,"162":2550,"171":2004,"172":1971,"179":365,"180":323},"path":"/home/ryan/Pictures/dev/CMTAT/contracts/modules/CMTATBaseCommon.sol","s":{"1":2641,"2":1877,"3":1875,"4":1875,"5":1875,"6":1875,"7":10,"8":30,"9":30,"10":194,"11":194,"12":130,"13":104,"14":78,"15":38,"16":50,"17":30,"18":2550,"19":2550,"20":225,"21":2550,"22":2004,"23":1971,"24":365,"25":323},"b":{"1":[12,2629],"2":[1877,0],"3":[225,2325]},"f":{"1":2641,"2":1877,"3":10,"4":30,"5":30,"6":194,"7":78,"8":50,"9":2550,"10":2004,"11":365},"fnMap":{"1":{"name":"_checkTransferred","line":36,"loc":{"start":{"line":36,"column":4},"end":{"line":40,"column":4}}},"2":{"name":"__CMTAT_commonModules_init_unchained","line":47,"loc":{"start":{"line":45,"column":4},"end":{"line":59,"column":4}}},"3":{"name":"decimals","line":70,"loc":{"start":{"line":70,"column":4},"end":{"line":78,"column":4}}},"4":{"name":"name","line":84,"loc":{"start":{"line":84,"column":4},"end":{"line":86,"column":4}}},"5":{"name":"symbol","line":91,"loc":{"start":{"line":91,"column":4},"end":{"line":93,"column":4}}},"6":{"name":"transfer","line":97,"loc":{"start":{"line":97,"column":4},"end":{"line":102,"column":4}}},"7":{"name":"transferFrom","line":106,"loc":{"start":{"line":106,"column":4},"end":{"line":118,"column":4}}},"8":{"name":"burnAndMint","line":136,"loc":{"start":{"line":136,"column":4},"end":{"line":139,"column":4}}},"9":{"name":"_update","line":151,"loc":{"start":{"line":151,"column":4},"end":{"line":163,"column":4}}},"10":{"name":"_mintOverride","line":170,"loc":{"start":{"line":170,"column":4},"end":{"line":173,"column":4}}},"11":{"name":"_burnOverride","line":178,"loc":{"start":{"line":178,"column":4},"end":{"line":181,"column":4}}}},"statementMap":{"1":{"start":{"line":37,"column":8},"end":{"line":37,"column":1397}},"2":{"start":{"line":49,"column":8},"end":{"line":49,"column":50}},"3":{"start":{"line":53,"column":8},"end":{"line":53,"column":125}},"4":{"start":{"line":56,"column":8},"end":{"line":56,"column":141}},"5":{"start":{"line":57,"column":8},"end":{"line":57,"column":60}},"6":{"start":{"line":58,"column":8},"end":{"line":58,"column":60}},"7":{"start":{"line":77,"column":8},"end":{"line":77,"column":41}},"8":{"start":{"line":85,"column":8},"end":{"line":85,"column":37}},"9":{"start":{"line":92,"column":8},"end":{"line":92,"column":39}},"10":{"start":{"line":98,"column":9},"end":{"line":98,"column":36}},"11":{"start":{"line":99,"column":8},"end":{"line":99,"column":53}},"12":{"start":{"line":100,"column":8},"end":{"line":100,"column":50}},"13":{"start":{"line":101,"column":8},"end":{"line":101,"column":19}},"14":{"start":{"line":116,"column":8},"end":{"line":116,"column":55}},"15":{"start":{"line":117,"column":8},"end":{"line":117,"column":60}},"16":{"start":{"line":137,"column":8},"end":{"line":137,"column":37}},"17":{"start":{"line":138,"column":8},"end":{"line":138,"column":35}},"18":{"start":{"line":157,"column":8},"end":{"line":157,"column":62}},"19":{"start":{"line":159,"column":8},"end":{"line":159,"column":6073}},"20":{"start":{"line":160,"column":12},"end":{"line":160,"column":105}},"21":{"start":{"line":162,"column":8},"end":{"line":162,"column":49}},"22":{"start":{"line":171,"column":8},"end":{"line":171,"column":64}},"23":{"start":{"line":172,"column":8},"end":{"line":172,"column":52}},"24":{"start":{"line":179,"column":8},"end":{"line":179,"column":65}},"25":{"start":{"line":180,"column":8},"end":{"line":180,"column":52}}},"branchMap":{"1":{"line":37,"type":"if","locations":[{"start":{"line":37,"column":8},"end":{"line":37,"column":8}},{"start":{"line":37,"column":8},"end":{"line":37,"column":8}}]},"2":{"line":47,"type":"if","locations":[{"start":{"line":47,"column":51},"end":{"line":47,"column":51}},{"start":{"line":47,"column":51},"end":{"line":47,"column":51}}]},"3":{"line":159,"type":"if","locations":[{"start":{"line":159,"column":8},"end":{"line":159,"column":8}},{"start":{"line":159,"column":8},"end":{"line":159,"column":8}}]}}},"contracts/modules/CMTATBaseCore.sol":{"l":{"58":177,"74":177,"77":177,"80":177,"82":177,"85":177,"88":177,"96":177,"97":177,"116":177,"117":177,"147":2,"155":6,"162":6,"170":23,"171":23,"172":13,"173":8,"188":10,"189":6,"208":10,"209":6,"220":3,"222":2,"223":2,"234":160,"235":156,"242":30,"243":24},"path":"/home/ryan/Pictures/dev/CMTAT/contracts/modules/CMTATBaseCore.sol","s":{"1":177,"2":177,"3":177,"4":177,"5":177,"6":177,"7":177,"8":177,"9":177,"10":177,"11":177,"12":2,"13":6,"14":6,"15":23,"16":23,"17":13,"18":8,"19":10,"20":6,"21":10,"22":6,"23":3,"24":2,"25":2,"26":160,"27":156,"28":30,"29":24},"b":{"1":[177,0],"2":[177,0],"3":[177,0],"4":[177,0],"5":[177,0],"6":[177,0],"7":[13,10],"8":[6,4],"9":[3,1],"10":[2,1],"11":[156,4],"12":[24,6]},"f":{"1":177,"2":177,"3":177,"4":177,"5":177,"6":177,"7":2,"8":6,"9":6,"10":23,"11":10,"12":10,"13":3,"14":160,"15":30},"fnMap":{"1":{"name":"initialize","line":57,"loc":{"start":{"line":54,"column":4},"end":{"line":62,"column":4}}},"2":{"name":"__CMTAT_init","line":71,"loc":{"start":{"line":68,"column":4},"end":{"line":89,"column":4}}},"3":{"name":"__CMTAT_openzeppelin_init_unchained","line":94,"loc":{"start":{"line":94,"column":4},"end":{"line":100,"column":4}}},"4":{"name":"__CMTAT_internal_init_unchained","line":107,"loc":{"start":{"line":107,"column":4},"end":{"line":109,"column":4}}},"5":{"name":"__CMTAT_modules_init_unchained","line":114,"loc":{"start":{"line":114,"column":4},"end":{"line":118,"column":4}}},"6":{"name":"__CMTAT_init_unchained","line":120,"loc":{"start":{"line":120,"column":4},"end":{"line":123,"column":4}}},"7":{"name":"decimals","line":140,"loc":{"start":{"line":140,"column":4},"end":{"line":148,"column":4}}},"8":{"name":"name","line":154,"loc":{"start":{"line":154,"column":4},"end":{"line":156,"column":4}}},"9":{"name":"symbol","line":161,"loc":{"start":{"line":161,"column":4},"end":{"line":163,"column":4}}},"10":{"name":"transfer","line":169,"loc":{"start":{"line":169,"column":4},"end":{"line":174,"column":4}}},"11":{"name":"transferFrom","line":178,"loc":{"start":{"line":178,"column":4},"end":{"line":190,"column":4}}},"12":{"name":"burnAndMint","line":207,"loc":{"start":{"line":207,"column":4},"end":{"line":210,"column":4}}},"13":{"name":"forceBurn","line":219,"loc":{"start":{"line":215,"column":4},"end":{"line":224,"column":4}}},"14":{"name":"_mint","line":233,"loc":{"start":{"line":233,"column":4},"end":{"line":236,"column":4}}},"15":{"name":"_burn","line":241,"loc":{"start":{"line":241,"column":4},"end":{"line":244,"column":4}}}},"statementMap":{"1":{"start":{"line":58,"column":8},"end":{"line":58,"column":2155}},"2":{"start":{"line":74,"column":8},"end":{"line":74,"column":33}},"3":{"start":{"line":77,"column":8},"end":{"line":77,"column":32}},"4":{"start":{"line":80,"column":8},"end":{"line":80,"column":44}},"5":{"start":{"line":82,"column":7},"end":{"line":82,"column":39}},"6":{"start":{"line":85,"column":8},"end":{"line":85,"column":62}},"7":{"start":{"line":88,"column":8},"end":{"line":88,"column":31}},"8":{"start":{"line":96,"column":8},"end":{"line":96,"column":39}},"9":{"start":{"line":97,"column":8},"end":{"line":97,"column":34}},"10":{"start":{"line":116,"column":8},"end":{"line":116,"column":50}},"11":{"start":{"line":117,"column":8},"end":{"line":117,"column":125}},"12":{"start":{"line":147,"column":8},"end":{"line":147,"column":41}},"13":{"start":{"line":155,"column":8},"end":{"line":155,"column":37}},"14":{"start":{"line":162,"column":8},"end":{"line":162,"column":39}},"15":{"start":{"line":170,"column":8},"end":{"line":170,"column":35}},"16":{"start":{"line":171,"column":8},"end":{"line":171,"column":113}},"17":{"start":{"line":172,"column":8},"end":{"line":172,"column":50}},"18":{"start":{"line":173,"column":8},"end":{"line":173,"column":19}},"19":{"start":{"line":188,"column":8},"end":{"line":188,"column":130}},"20":{"start":{"line":189,"column":8},"end":{"line":189,"column":60}},"21":{"start":{"line":208,"column":8},"end":{"line":208,"column":37}},"22":{"start":{"line":209,"column":8},"end":{"line":209,"column":35}},"23":{"start":{"line":220,"column":8},"end":{"line":220,"column":95}},"24":{"start":{"line":222,"column":8},"end":{"line":222,"column":45}},"25":{"start":{"line":223,"column":8},"end":{"line":223,"column":60}},"26":{"start":{"line":234,"column":8},"end":{"line":234,"column":121}},"27":{"start":{"line":235,"column":8},"end":{"line":235,"column":50}},"28":{"start":{"line":242,"column":8},"end":{"line":242,"column":121}},"29":{"start":{"line":243,"column":8},"end":{"line":243,"column":50}}},"branchMap":{"1":{"line":57,"type":"if","locations":[{"start":{"line":57,"column":21},"end":{"line":57,"column":21}},{"start":{"line":57,"column":21},"end":{"line":57,"column":21}}]},"2":{"line":71,"type":"if","locations":[{"start":{"line":71,"column":23},"end":{"line":71,"column":23}},{"start":{"line":71,"column":23},"end":{"line":71,"column":23}}]},"3":{"line":94,"type":"if","locations":[{"start":{"line":94,"column":68},"end":{"line":94,"column":68}},{"start":{"line":94,"column":68},"end":{"line":94,"column":68}}]},"4":{"line":107,"type":"if","locations":[{"start":{"line":107,"column":64},"end":{"line":107,"column":64}},{"start":{"line":107,"column":64},"end":{"line":107,"column":64}}]},"5":{"line":114,"type":"if","locations":[{"start":{"line":114,"column":136},"end":{"line":114,"column":136}},{"start":{"line":114,"column":136},"end":{"line":114,"column":136}}]},"6":{"line":120,"type":"if","locations":[{"start":{"line":120,"column":55},"end":{"line":120,"column":55}},{"start":{"line":120,"column":55},"end":{"line":120,"column":55}}]},"7":{"line":171,"type":"if","locations":[{"start":{"line":171,"column":8},"end":{"line":171,"column":8}},{"start":{"line":171,"column":8},"end":{"line":171,"column":8}}]},"8":{"line":188,"type":"if","locations":[{"start":{"line":188,"column":8},"end":{"line":188,"column":8}},{"start":{"line":188,"column":8},"end":{"line":188,"column":8}}]},"9":{"line":219,"type":"if","locations":[{"start":{"line":219,"column":21},"end":{"line":219,"column":21}},{"start":{"line":219,"column":21},"end":{"line":219,"column":21}}]},"10":{"line":220,"type":"if","locations":[{"start":{"line":220,"column":8},"end":{"line":220,"column":8}},{"start":{"line":220,"column":8},"end":{"line":220,"column":8}}]},"11":{"line":234,"type":"if","locations":[{"start":{"line":234,"column":8},"end":{"line":234,"column":8}},{"start":{"line":234,"column":8},"end":{"line":234,"column":8}}]},"12":{"line":242,"type":"if","locations":[{"start":{"line":242,"column":8},"end":{"line":242,"column":8}},{"start":{"line":242,"column":8},"end":{"line":242,"column":8}}]}}},"contracts/modules/CMTATBaseDebt.sol":{"l":{},"path":"/home/ryan/Pictures/dev/CMTAT/contracts/modules/CMTATBaseDebt.sol","s":{},"b":{},"f":{},"fnMap":{},"statementMap":{},"branchMap":{}},"contracts/modules/CMTATBaseERC1363.sol":{"l":{"24":10,"31":37,"47":16,"60":2,"68":6,"75":6,"91":511,"98":370,"99":370,"114":1888,"123":1888,"135":0},"path":"/home/ryan/Pictures/dev/CMTAT/contracts/modules/CMTATBaseERC1363.sol","s":{"1":10,"2":37,"3":16,"4":2,"5":6,"6":6,"7":511,"8":370,"9":370,"10":1888,"11":1888,"12":0},"b":{"1":[4,2],"2":[370,0]},"f":{"1":10,"2":37,"3":16,"4":2,"5":6,"6":6,"7":511,"8":370,"9":1888,"10":1888,"11":0},"fnMap":{"1":{"name":"supportsInterface","line":23,"loc":{"start":{"line":23,"column":4},"end":{"line":25,"column":4}}},"2":{"name":"transfer","line":30,"loc":{"start":{"line":30,"column":4},"end":{"line":32,"column":4}}},"3":{"name":"transferFrom","line":37,"loc":{"start":{"line":37,"column":4},"end":{"line":48,"column":4}}},"4":{"name":"decimals","line":53,"loc":{"start":{"line":53,"column":4},"end":{"line":61,"column":4}}},"5":{"name":"name","line":67,"loc":{"start":{"line":67,"column":4},"end":{"line":69,"column":4}}},"6":{"name":"symbol","line":74,"loc":{"start":{"line":74,"column":4},"end":{"line":76,"column":4}}},"7":{"name":"_update","line":86,"loc":{"start":{"line":86,"column":4},"end":{"line":92,"column":4}}},"8":{"name":"__CMTAT_openzeppelin_init_unchained","line":97,"loc":{"start":{"line":97,"column":4},"end":{"line":100,"column":4}}},"9":{"name":"_msgSender","line":108,"loc":{"start":{"line":108,"column":4},"end":{"line":115,"column":4}}},"10":{"name":"_contextSuffixLength","line":120,"loc":{"start":{"line":120,"column":4},"end":{"line":124,"column":4}}},"11":{"name":"_msgData","line":129,"loc":{"start":{"line":129,"column":4},"end":{"line":136,"column":4}}}},"statementMap":{"1":{"start":{"line":24,"column":8},"end":{"line":24,"column":120}},"2":{"start":{"line":31,"column":8},"end":{"line":31,"column":50}},"3":{"start":{"line":47,"column":8},"end":{"line":47,"column":70}},"4":{"start":{"line":60,"column":8},"end":{"line":60,"column":41}},"5":{"start":{"line":68,"column":8},"end":{"line":68,"column":37}},"6":{"start":{"line":75,"column":8},"end":{"line":75,"column":39}},"7":{"start":{"line":91,"column":8},"end":{"line":91,"column":48}},"8":{"start":{"line":98,"column":8},"end":{"line":98,"column":33}},"9":{"start":{"line":99,"column":8},"end":{"line":99,"column":54}},"10":{"start":{"line":114,"column":8},"end":{"line":114,"column":43}},"11":{"start":{"line":123,"column":9},"end":{"line":123,"column":54}},"12":{"start":{"line":135,"column":8},"end":{"line":135,"column":41}}},"branchMap":{"1":{"line":24,"type":"cond-expr","locations":[{"start":{"line":24,"column":15},"end":{"line":24,"column":63}},{"start":{"line":24,"column":68},"end":{"line":24,"column":119}}]},"2":{"line":97,"type":"if","locations":[{"start":{"line":97,"column":77},"end":{"line":97,"column":77}},{"start":{"line":97,"column":77},"end":{"line":97,"column":77}}]}}},"contracts/modules/CMTATBaseGeneric.sol":{"l":{"50":52,"53":52,"56":52,"58":52,"61":52,"64":52,"72":52,"73":52,"88":52,"89":52,"91":52},"path":"/home/ryan/Pictures/dev/CMTAT/contracts/modules/CMTATBaseGeneric.sol","s":{"1":52,"2":52,"3":52,"4":52,"5":52,"6":52,"7":52,"8":52,"9":52,"10":52,"11":52},"b":{"1":[52,0],"2":[52,0],"3":[52,0],"4":[52,0],"5":[52,0]},"f":{"1":52,"2":52,"3":52,"4":52,"5":52},"fnMap":{"1":{"name":"__CMTAT_init","line":47,"loc":{"start":{"line":43,"column":4},"end":{"line":65,"column":4}}},"2":{"name":"__CMTAT_openzeppelin_init_unchained","line":70,"loc":{"start":{"line":70,"column":4},"end":{"line":74,"column":4}}},"3":{"name":"__CMTAT_internal_init_unchained","line":79,"loc":{"start":{"line":79,"column":4},"end":{"line":81,"column":4}}},"4":{"name":"__CMTAT_modules_init_unchained","line":86,"loc":{"start":{"line":86,"column":4},"end":{"line":92,"column":4}}},"5":{"name":"__CMTAT_init_unchained","line":94,"loc":{"start":{"line":94,"column":4},"end":{"line":96,"column":4}}}},"statementMap":{"1":{"start":{"line":50,"column":8},"end":{"line":50,"column":33}},"2":{"start":{"line":53,"column":8},"end":{"line":53,"column":32}},"3":{"start":{"line":56,"column":8},"end":{"line":56,"column":44}},"4":{"start":{"line":58,"column":7},"end":{"line":58,"column":39}},"5":{"start":{"line":61,"column":8},"end":{"line":61,"column":84}},"6":{"start":{"line":64,"column":8},"end":{"line":64,"column":31}},"7":{"start":{"line":72,"column":8},"end":{"line":72,"column":39}},"8":{"start":{"line":73,"column":8},"end":{"line":73,"column":34}},"9":{"start":{"line":88,"column":8},"end":{"line":88,"column":50}},"10":{"start":{"line":89,"column":8},"end":{"line":89,"column":60}},"11":{"start":{"line":91,"column":8},"end":{"line":91,"column":141}}},"branchMap":{"1":{"line":47,"type":"if","locations":[{"start":{"line":47,"column":23},"end":{"line":47,"column":23}},{"start":{"line":47,"column":23},"end":{"line":47,"column":23}}]},"2":{"line":70,"type":"if","locations":[{"start":{"line":70,"column":68},"end":{"line":70,"column":68}},{"start":{"line":70,"column":68},"end":{"line":70,"column":68}}]},"3":{"line":79,"type":"if","locations":[{"start":{"line":79,"column":64},"end":{"line":79,"column":64}},{"start":{"line":79,"column":64},"end":{"line":79,"column":64}}]},"4":{"line":86,"type":"if","locations":[{"start":{"line":86,"column":171},"end":{"line":86,"column":171}},{"start":{"line":86,"column":171},"end":{"line":86,"column":171}}]},"5":{"line":94,"type":"if","locations":[{"start":{"line":94,"column":55},"end":{"line":94,"column":55}},{"start":{"line":94,"column":55},"end":{"line":94,"column":55}}]}}},"contracts/modules/CMTATBaseOption.sol":{"l":{"25":5766,"34":5766,"46":0},"path":"/home/ryan/Pictures/dev/CMTAT/contracts/modules/CMTATBaseOption.sol","s":{"1":5766,"2":5766,"3":0},"b":{},"f":{"1":5766,"2":5766,"3":0},"fnMap":{"1":{"name":"_msgSender","line":19,"loc":{"start":{"line":19,"column":4},"end":{"line":26,"column":4}}},"2":{"name":"_contextSuffixLength","line":31,"loc":{"start":{"line":31,"column":4},"end":{"line":35,"column":4}}},"3":{"name":"_msgData","line":40,"loc":{"start":{"line":40,"column":4},"end":{"line":47,"column":4}}}},"statementMap":{"1":{"start":{"line":25,"column":8},"end":{"line":25,"column":53}},"2":{"start":{"line":34,"column":9},"end":{"line":34,"column":64}},"3":{"start":{"line":46,"column":8},"end":{"line":46,"column":51}}},"branchMap":{}},"contracts/modules/internal/AllowlistModuleInternal.sol":{"l":{"30":373,"31":373,"39":166,"40":166,"44":1420,"48":320,"49":316,"50":316,"51":1254,"59":702,"60":702,"67":107,"68":107,"75":1213,"76":1213,"83":2877},"path":"/home/ryan/Pictures/dev/CMTAT/contracts/modules/internal/AllowlistModuleInternal.sol","s":{"1":373,"2":166,"3":166,"4":320,"5":316,"6":316,"7":1254,"8":702,"9":702,"10":107,"11":1213,"12":1213},"b":{"1":[373,0]},"f":{"1":373,"2":166,"3":1420,"4":320,"5":702,"6":107,"7":1213,"8":2877},"fnMap":{"1":{"name":"__Allowlist_init_unchained","line":29,"loc":{"start":{"line":29,"column":4},"end":{"line":33,"column":4}}},"2":{"name":"_addToAllowlist","line":38,"loc":{"start":{"line":38,"column":4},"end":{"line":41,"column":4}}},"3":{"name":"_addToAllowlist","line":43,"loc":{"start":{"line":43,"column":4},"end":{"line":45,"column":4}}},"4":{"name":"_addToAllowlist","line":47,"loc":{"start":{"line":47,"column":4},"end":{"line":53,"column":4}}},"5":{"name":"_isAllowlisted","line":58,"loc":{"start":{"line":58,"column":4},"end":{"line":61,"column":4}}},"6":{"name":"_enableAllowlist","line":66,"loc":{"start":{"line":66,"column":4},"end":{"line":69,"column":4}}},"7":{"name":"_isAllowlistEnabled","line":74,"loc":{"start":{"line":74,"column":4},"end":{"line":77,"column":4}}},"8":{"name":"_getAllowlistModuleInternalStorage","line":82,"loc":{"start":{"line":82,"column":4},"end":{"line":86,"column":4}}}},"statementMap":{"1":{"start":{"line":30,"column":9},"end":{"line":30,"column":88}},"2":{"start":{"line":39,"column":8},"end":{"line":39,"column":87}},"3":{"start":{"line":40,"column":8},"end":{"line":40,"column":48}},"4":{"start":{"line":48,"column":8},"end":{"line":48,"column":61}},"5":{"start":{"line":49,"column":8},"end":{"line":49,"column":87}},"6":{"start":{"line":50,"column":8},"end":{"line":50,"column":2346}},"7":{"start":{"line":51,"column":12},"end":{"line":51,"column":59}},"8":{"start":{"line":59,"column":8},"end":{"line":59,"column":87}},"9":{"start":{"line":60,"column":8},"end":{"line":60,"column":36}},"10":{"start":{"line":67,"column":8},"end":{"line":67,"column":87}},"11":{"start":{"line":75,"column":8},"end":{"line":75,"column":87}},"12":{"start":{"line":76,"column":8},"end":{"line":76,"column":33}}},"branchMap":{"1":{"line":29,"type":"if","locations":[{"start":{"line":29,"column":51},"end":{"line":29,"column":51}},{"start":{"line":29,"column":51},"end":{"line":29,"column":51}}]}}},"contracts/modules/internal/common/EnforcementModuleLibrary.sol":{"l":{"15":372,"18":357},"path":"/home/ryan/Pictures/dev/CMTAT/contracts/modules/internal/common/EnforcementModuleLibrary.sol","s":{"1":372,"2":357},"b":{"1":[357,15],"2":[342,15]},"f":{"1":372},"fnMap":{"1":{"name":"_checkInput","line":14,"loc":{"start":{"line":14,"column":4},"end":{"line":19,"column":4}}}},"statementMap":{"1":{"start":{"line":15,"column":8},"end":{"line":15,"column":70}},"2":{"start":{"line":18,"column":8},"end":{"line":18,"column":104}}},"branchMap":{"1":{"line":15,"type":"if","locations":[{"start":{"line":15,"column":8},"end":{"line":15,"column":8}},{"start":{"line":15,"column":8},"end":{"line":15,"column":8}}]},"2":{"line":18,"type":"if","locations":[{"start":{"line":18,"column":8},"end":{"line":18,"column":8}},{"start":{"line":18,"column":8},"end":{"line":18,"column":8}}]}}},"contracts/modules/internal/EnforcementModuleInternal.sol":{"l":{"30":184,"31":184,"35":249,"39":52,"40":26,"41":26,"42":65,"50":4900,"51":4900,"56":5110},"path":"/home/ryan/Pictures/dev/CMTAT/contracts/modules/internal/EnforcementModuleInternal.sol","s":{"1":184,"2":184,"3":52,"4":26,"5":26,"6":65,"7":4900,"8":4900},"b":{},"f":{"1":184,"2":249,"3":52,"4":4900,"5":5110},"fnMap":{"1":{"name":"_addAddressToTheList","line":29,"loc":{"start":{"line":29,"column":4},"end":{"line":32,"column":4}}},"2":{"name":"_addAddressToTheList","line":34,"loc":{"start":{"line":34,"column":4},"end":{"line":36,"column":4}}},"3":{"name":"_addAddressesToTheList","line":38,"loc":{"start":{"line":38,"column":2},"end":{"line":44,"column":4}}},"4":{"name":"_addressIsListed","line":49,"loc":{"start":{"line":49,"column":4},"end":{"line":52,"column":4}}},"5":{"name":"_getEnforcementModuleInternalStorage","line":55,"loc":{"start":{"line":55,"column":4},"end":{"line":59,"column":4}}}},"statementMap":{"1":{"start":{"line":30,"column":8},"end":{"line":30,"column":91}},"2":{"start":{"line":31,"column":8},"end":{"line":31,"column":53}},"3":{"start":{"line":39,"column":8},"end":{"line":39,"column":61}},"4":{"start":{"line":40,"column":8},"end":{"line":40,"column":91}},"5":{"start":{"line":41,"column":8},"end":{"line":41,"column":1915}},"6":{"start":{"line":42,"column":12},"end":{"line":42,"column":64}},"7":{"start":{"line":50,"column":8},"end":{"line":50,"column":91}},"8":{"start":{"line":51,"column":8},"end":{"line":51,"column":31}}},"branchMap":{}},"contracts/modules/internal/ValidationModuleRuleEngineInternal.sol":{"l":{"37":1504,"38":57,"48":4395,"49":4395,"60":135,"61":135,"62":135,"67":4530},"path":"/home/ryan/Pictures/dev/CMTAT/contracts/modules/internal/ValidationModuleRuleEngineInternal.sol","s":{"1":1504,"2":57,"3":4395,"4":4395,"5":135,"6":135},"b":{"1":[1504,0],"2":[57,1447]},"f":{"1":1504,"2":4395,"3":135,"4":4530},"fnMap":{"1":{"name":"__ValidationRuleEngine_init_unchained","line":36,"loc":{"start":{"line":34,"column":4},"end":{"line":40,"column":4}}},"2":{"name":"ruleEngine","line":47,"loc":{"start":{"line":47,"column":4},"end":{"line":50,"column":4}}},"3":{"name":"_setRuleEngine","line":57,"loc":{"start":{"line":57,"column":4},"end":{"line":63,"column":4}}},"4":{"name":"_getValidationModuleRuleEngineStorage","line":66,"loc":{"start":{"line":66,"column":4},"end":{"line":70,"column":4}}}},"statementMap":{"1":{"start":{"line":37,"column":8},"end":{"line":37,"column":1393}},"2":{"start":{"line":38,"column":12},"end":{"line":38,"column":38}},"3":{"start":{"line":48,"column":8},"end":{"line":48,"column":93}},"4":{"start":{"line":49,"column":8},"end":{"line":49,"column":28}},"5":{"start":{"line":60,"column":8},"end":{"line":60,"column":93}},"6":{"start":{"line":62,"column":8},"end":{"line":62,"column":36}}},"branchMap":{"1":{"line":36,"type":"if","locations":[{"start":{"line":36,"column":15},"end":{"line":36,"column":15}},{"start":{"line":36,"column":15},"end":{"line":36,"column":15}}]},"2":{"line":37,"type":"if","locations":[{"start":{"line":37,"column":8},"end":{"line":37,"column":8}},{"start":{"line":37,"column":8},"end":{"line":37,"column":8}}]}}},"contracts/modules/security/AuthorizationModule.sol":{"l":{"20":2106,"21":2,"23":2104,"38":7047,"39":4113,"41":2934},"path":"/home/ryan/Pictures/dev/CMTAT/contracts/modules/security/AuthorizationModule.sol","s":{"1":2106,"2":2104,"3":7047,"4":4113,"5":2934},"b":{"1":[2106,0],"2":[2,2104],"3":[4113,2934]},"f":{"1":2106,"2":7047},"fnMap":{"1":{"name":"__AuthorizationModule_init_unchained","line":19,"loc":{"start":{"line":18,"column":4},"end":{"line":24,"column":4}}},"2":{"name":"hasRole","line":33,"loc":{"start":{"line":33,"column":4},"end":{"line":43,"column":4}}}},"statementMap":{"1":{"start":{"line":20,"column":8},"end":{"line":20,"column":683}},"2":{"start":{"line":23,"column":8},"end":{"line":23,"column":44}},"3":{"start":{"line":38,"column":8},"end":{"line":38,"column":1314}},"4":{"start":{"line":39,"column":12},"end":{"line":39,"column":23}},"5":{"start":{"line":41,"column":12},"end":{"line":41,"column":66}}},"branchMap":{"1":{"line":19,"type":"if","locations":[{"start":{"line":19,"column":13},"end":{"line":19,"column":13}},{"start":{"line":19,"column":13},"end":{"line":19,"column":13}}]},"2":{"line":20,"type":"if","locations":[{"start":{"line":20,"column":8},"end":{"line":20,"column":8}},{"start":{"line":20,"column":8},"end":{"line":20,"column":8}}]},"3":{"line":38,"type":"if","locations":[{"start":{"line":38,"column":8},"end":{"line":38,"column":8}},{"start":{"line":38,"column":8},"end":{"line":38,"column":8}}]}}},"contracts/modules/wrapper/controllers/ValidationModule.sol":{"l":{"30":2601,"34":76,"36":2525,"48":2748,"49":1720,"52":305,"58":223,"60":500},"path":"/home/ryan/Pictures/dev/CMTAT/contracts/modules/wrapper/controllers/ValidationModule.sol","s":{"1":2601,"2":76,"3":2525,"4":2748,"5":1720,"6":1028,"7":305,"8":723,"9":223,"10":500},"b":{"1":[76,2525],"2":[37,39],"3":[1720,1028],"4":[305,723],"5":[223,500],"6":[24,96],"7":[96,38],"8":[38,65]},"f":{"1":2601,"2":2748},"fnMap":{"1":{"name":"_canMintBurnByModule","line":27,"loc":{"start":{"line":27,"column":4},"end":{"line":37,"column":4}}},"2":{"name":"_canTransferGenericByModule","line":42,"loc":{"start":{"line":42,"column":4},"end":{"line":62,"column":4}}}},"statementMap":{"1":{"start":{"line":30,"column":8},"end":{"line":30,"column":908}},"2":{"start":{"line":34,"column":12},"end":{"line":34,"column":24}},"3":{"start":{"line":36,"column":8},"end":{"line":36,"column":19}},"4":{"start":{"line":48,"column":8},"end":{"line":48,"column":1481}},"5":{"start":{"line":49,"column":12},"end":{"line":49,"column":43}},"6":{"start":{"line":51,"column":13},"end":{"line":51,"column":1581}},"7":{"start":{"line":52,"column":12},"end":{"line":52,"column":45}},"8":{"start":{"line":54,"column":13},"end":{"line":54,"column":1692}},"9":{"start":{"line":58,"column":12},"end":{"line":58,"column":24}},"10":{"start":{"line":60,"column":13},"end":{"line":60,"column":24}}},"branchMap":{"1":{"line":30,"type":"if","locations":[{"start":{"line":30,"column":8},"end":{"line":30,"column":8}},{"start":{"line":30,"column":8},"end":{"line":30,"column":8}}]},"2":{"line":30,"type":"cond-expr","locations":[{"start":{"line":30,"column":11},"end":{"line":30,"column":35}},{"start":{"line":30,"column":40},"end":{"line":30,"column":55}}]},"3":{"line":48,"type":"if","locations":[{"start":{"line":48,"column":8},"end":{"line":48,"column":8}},{"start":{"line":48,"column":8},"end":{"line":48,"column":8}}]},"4":{"line":51,"type":"if","locations":[{"start":{"line":51,"column":13},"end":{"line":51,"column":13}},{"start":{"line":51,"column":13},"end":{"line":51,"column":13}}]},"5":{"line":54,"type":"if","locations":[{"start":{"line":54,"column":13},"end":{"line":54,"column":13}},{"start":{"line":54,"column":13},"end":{"line":54,"column":13}}]},"6":{"line":54,"type":"cond-expr","locations":[{"start":{"line":54,"column":17},"end":{"line":54,"column":51}},{"start":{"line":55,"column":11},"end":{"line":55,"column":42}}]},"7":{"line":54,"type":"cond-expr","locations":[{"start":{"line":54,"column":17},"end":{"line":55,"column":42}},{"start":{"line":56,"column":11},"end":{"line":56,"column":40}}]},"8":{"line":54,"type":"cond-expr","locations":[{"start":{"line":54,"column":17},"end":{"line":56,"column":40}},{"start":{"line":57,"column":11},"end":{"line":57,"column":30}}]}}},"contracts/modules/wrapper/controllers/ValidationModuleAllowlist.sol":{"l":{"29":517,"30":8,"32":509,"44":692,"46":513,"47":304,"52":66,"55":34,"58":288},"path":"/home/ryan/Pictures/dev/CMTAT/contracts/modules/wrapper/controllers/ValidationModuleAllowlist.sol","s":{"1":517,"2":8,"3":509,"4":692,"5":513,"6":304,"7":209,"8":66,"9":143,"10":34,"11":288},"b":{"1":[8,509],"2":[513,179],"3":[304,209],"4":[66,143],"5":[34,109],"6":[4,16],"7":[16,14]},"f":{"1":517,"2":692},"fnMap":{"1":{"name":"_canMintBurnByModule","line":26,"loc":{"start":{"line":26,"column":4},"end":{"line":34,"column":4}}},"2":{"name":"_canTransferGenericByModule","line":39,"loc":{"start":{"line":39,"column":4},"end":{"line":59,"column":4}}}},"statementMap":{"1":{"start":{"line":29,"column":8},"end":{"line":29,"column":971}},"2":{"start":{"line":30,"column":12},"end":{"line":30,"column":24}},"3":{"start":{"line":32,"column":12},"end":{"line":32,"column":64}},"4":{"start":{"line":44,"column":9},"end":{"line":44,"column":1399}},"5":{"start":{"line":46,"column":12},"end":{"line":46,"column":1461}},"6":{"start":{"line":47,"column":16},"end":{"line":47,"column":47}},"7":{"start":{"line":51,"column":17},"end":{"line":51,"column":1666}},"8":{"start":{"line":52,"column":16},"end":{"line":52,"column":49}},"9":{"start":{"line":54,"column":17},"end":{"line":54,"column":1770}},"10":{"start":{"line":55,"column":16},"end":{"line":55,"column":28}},"11":{"start":{"line":58,"column":9},"end":{"line":58,"column":79}}},"branchMap":{"1":{"line":29,"type":"if","locations":[{"start":{"line":29,"column":8},"end":{"line":29,"column":8}},{"start":{"line":29,"column":8},"end":{"line":29,"column":8}}]},"2":{"line":44,"type":"if","locations":[{"start":{"line":44,"column":9},"end":{"line":44,"column":9}},{"start":{"line":44,"column":9},"end":{"line":44,"column":9}}]},"3":{"line":46,"type":"if","locations":[{"start":{"line":46,"column":12},"end":{"line":46,"column":12}},{"start":{"line":46,"column":12},"end":{"line":46,"column":12}}]},"4":{"line":51,"type":"if","locations":[{"start":{"line":51,"column":17},"end":{"line":51,"column":17}},{"start":{"line":51,"column":17},"end":{"line":51,"column":17}}]},"5":{"line":54,"type":"if","locations":[{"start":{"line":54,"column":17},"end":{"line":54,"column":17}},{"start":{"line":54,"column":17},"end":{"line":54,"column":17}}]},"6":{"line":54,"type":"cond-expr","locations":[{"start":{"line":54,"column":21},"end":{"line":54,"column":70}},{"start":{"line":54,"column":75},"end":{"line":54,"column":94}}]},"7":{"line":54,"type":"cond-expr","locations":[{"start":{"line":54,"column":21},"end":{"line":54,"column":94}},{"start":{"line":54,"column":99},"end":{"line":54,"column":116}}]}}},"contracts/modules/wrapper/core/BaseModule.sol":{"l":{"22":13},"path":"/home/ryan/Pictures/dev/CMTAT/contracts/modules/wrapper/core/BaseModule.sol","s":{"1":13},"b":{},"f":{"1":13},"fnMap":{"1":{"name":"version","line":21,"loc":{"start":{"line":21,"column":4},"end":{"line":23,"column":4}}}},"statementMap":{"1":{"start":{"line":22,"column":7},"end":{"line":22,"column":21}}},"branchMap":{}},"contracts/modules/wrapper/core/EnforcementModule.sol":{"l":{"33":4900,"41":41,"53":143,"62":52,"69":249,"70":249},"path":"/home/ryan/Pictures/dev/CMTAT/contracts/modules/wrapper/core/EnforcementModule.sol","s":{"1":4900,"2":41,"3":143,"4":52,"5":249,"6":249},"b":{"1":[41,0],"2":[143,26],"3":[52,13]},"f":{"1":4900,"2":41,"3":143,"4":52,"5":249},"fnMap":{"1":{"name":"isFrozen","line":32,"loc":{"start":{"line":32,"column":4},"end":{"line":35,"column":4}}},"2":{"name":"setAddressFrozen","line":40,"loc":{"start":{"line":40,"column":4},"end":{"line":42,"column":4}}},"3":{"name":"setAddressFrozen","line":52,"loc":{"start":{"line":50,"column":4},"end":{"line":54,"column":4}}},"4":{"name":"batchSetAddressFrozen","line":61,"loc":{"start":{"line":59,"column":4},"end":{"line":63,"column":4}}},"5":{"name":"_addAddressToTheList","line":68,"loc":{"start":{"line":68,"column":4},"end":{"line":71,"column":4}}}},"statementMap":{"1":{"start":{"line":33,"column":7},"end":{"line":33,"column":39}},"2":{"start":{"line":41,"column":9},"end":{"line":41,"column":49}},"3":{"start":{"line":53,"column":9},"end":{"line":53,"column":51}},"4":{"start":{"line":62,"column":9},"end":{"line":62,"column":53}},"5":{"start":{"line":69,"column":8},"end":{"line":69,"column":79}},"6":{"start":{"line":70,"column":8},"end":{"line":70,"column":63}}},"branchMap":{"1":{"line":40,"type":"if","locations":[{"start":{"line":40,"column":105},"end":{"line":40,"column":105}},{"start":{"line":40,"column":105},"end":{"line":40,"column":105}}]},"2":{"line":52,"type":"if","locations":[{"start":{"line":52,"column":21},"end":{"line":52,"column":21}},{"start":{"line":52,"column":21},"end":{"line":52,"column":21}}]},"3":{"line":61,"type":"if","locations":[{"start":{"line":61,"column":51},"end":{"line":61,"column":51}},{"start":{"line":61,"column":51},"end":{"line":61,"column":51}}]}}},"contracts/modules/wrapper/core/ERC20BaseModule.sol":{"l":{"49":2052,"50":2052,"51":2052,"52":2052,"65":12,"66":12,"81":44,"83":20,"84":20,"87":20,"96":36,"97":36,"105":36,"106":36,"117":24,"118":24,"119":12,"121":24,"130":12,"131":12,"132":12,"139":12,"140":12,"141":12,"151":2160},"path":"/home/ryan/Pictures/dev/CMTAT/contracts/modules/wrapper/core/ERC20BaseModule.sol","s":{"1":2052,"2":12,"3":12,"4":44,"5":20,"6":20,"7":20,"8":36,"9":36,"10":36,"11":36,"12":24,"13":12,"14":12,"15":12,"16":12},"b":{"1":[2052,0],"2":[20,0],"3":[12,12],"4":[12,12]},"f":{"1":2052,"2":12,"3":44,"4":36,"5":36,"6":24,"7":12,"8":12,"9":2160},"fnMap":{"1":{"name":"__ERC20BaseModule_init_unchained","line":48,"loc":{"start":{"line":44,"column":4},"end":{"line":53,"column":4}}},"2":{"name":"decimals","line":64,"loc":{"start":{"line":64,"column":4},"end":{"line":67,"column":4}}},"3":{"name":"transferFrom","line":76,"loc":{"start":{"line":76,"column":4},"end":{"line":88,"column":4}}},"4":{"name":"name","line":95,"loc":{"start":{"line":95,"column":4},"end":{"line":98,"column":4}}},"5":{"name":"symbol","line":104,"loc":{"start":{"line":104,"column":4},"end":{"line":107,"column":4}}},"6":{"name":"balanceInfo","line":116,"loc":{"start":{"line":116,"column":4},"end":{"line":122,"column":4}}},"7":{"name":"setName","line":129,"loc":{"start":{"line":129,"column":4},"end":{"line":133,"column":4}}},"8":{"name":"setSymbol","line":138,"loc":{"start":{"line":138,"column":4},"end":{"line":142,"column":4}}},"9":{"name":"_getERC20BaseModuleStorage","line":150,"loc":{"start":{"line":150,"column":4},"end":{"line":154,"column":4}}}},"statementMap":{"1":{"start":{"line":49,"column":8},"end":{"line":49,"column":71}},"2":{"start":{"line":65,"column":8},"end":{"line":65,"column":71}},"3":{"start":{"line":66,"column":8},"end":{"line":66,"column":26}},"4":{"start":{"line":81,"column":8},"end":{"line":81,"column":68}},"5":{"start":{"line":83,"column":8},"end":{"line":83,"column":3159}},"6":{"start":{"line":84,"column":12},"end":{"line":84,"column":49}},"7":{"start":{"line":87,"column":8},"end":{"line":87,"column":21}},"8":{"start":{"line":96,"column":8},"end":{"line":96,"column":71}},"9":{"start":{"line":97,"column":8},"end":{"line":97,"column":22}},"10":{"start":{"line":105,"column":8},"end":{"line":105,"column":71}},"11":{"start":{"line":106,"column":8},"end":{"line":106,"column":24}},"12":{"start":{"line":118,"column":8},"end":{"line":118,"column":4323}},"13":{"start":{"line":130,"column":8},"end":{"line":130,"column":71}},"14":{"start":{"line":132,"column":8},"end":{"line":132,"column":31}},"15":{"start":{"line":139,"column":8},"end":{"line":139,"column":71}},"16":{"start":{"line":141,"column":8},"end":{"line":141,"column":37}}},"branchMap":{"1":{"line":48,"type":"if","locations":[{"start":{"line":48,"column":23},"end":{"line":48,"column":23}},{"start":{"line":48,"column":23},"end":{"line":48,"column":23}}]},"2":{"line":83,"type":"if","locations":[{"start":{"line":83,"column":8},"end":{"line":83,"column":8}},{"start":{"line":83,"column":8},"end":{"line":83,"column":8}}]},"3":{"line":129,"type":"if","locations":[{"start":{"line":129,"column":87},"end":{"line":129,"column":87}},{"start":{"line":129,"column":87},"end":{"line":129,"column":87}}]},"4":{"line":138,"type":"if","locations":[{"start":{"line":138,"column":91},"end":{"line":138,"column":91}},{"start":{"line":138,"column":91},"end":{"line":138,"column":91}}]}}},"contracts/modules/wrapper/core/ERC20BurnModule.sol":{"l":{"46":140,"58":50,"80":72,"100":24,"112":96,"115":84,"116":60,"117":180,"119":48,"129":377,"137":184,"138":140},"path":"/home/ryan/Pictures/dev/CMTAT/contracts/modules/wrapper/core/ERC20BurnModule.sol","s":{"1":140,"2":50,"3":72,"4":24,"5":96,"6":84,"7":60,"8":180,"9":48,"10":377,"11":184,"12":140},"b":{"1":[140,36],"2":[50,0],"3":[72,12],"4":[24,0],"5":[84,12],"6":[60,24]},"f":{"1":140,"2":50,"3":72,"4":24,"5":96,"6":377,"7":184},"fnMap":{"1":{"name":"burn","line":45,"loc":{"start":{"line":41,"column":4},"end":{"line":47,"column":4}}},"2":{"name":"burn","line":57,"loc":{"start":{"line":54,"column":4},"end":{"line":59,"column":4}}},"3":{"name":"batchBurn","line":79,"loc":{"start":{"line":75,"column":4},"end":{"line":81,"column":4}}},"4":{"name":"batchBurn","line":99,"loc":{"start":{"line":96,"column":4},"end":{"line":101,"column":4}}},"5":{"name":"_batchBurn","line":107,"loc":{"start":{"line":107,"column":4},"end":{"line":120,"column":4}}},"6":{"name":"_burnOverride","line":125,"loc":{"start":{"line":125,"column":4},"end":{"line":130,"column":4}}},"7":{"name":"_burn","line":132,"loc":{"start":{"line":132,"column":4},"end":{"line":139,"column":4}}}},"statementMap":{"1":{"start":{"line":46,"column":8},"end":{"line":46,"column":34}},"2":{"start":{"line":58,"column":7},"end":{"line":58,"column":30}},"3":{"start":{"line":80,"column":8},"end":{"line":80,"column":41}},"4":{"start":{"line":100,"column":8},"end":{"line":100,"column":39}},"5":{"start":{"line":112,"column":8},"end":{"line":112,"column":70}},"6":{"start":{"line":115,"column":8},"end":{"line":115,"column":103}},"7":{"start":{"line":116,"column":8},"end":{"line":116,"column":3959}},"8":{"start":{"line":117,"column":13},"end":{"line":117,"column":49}},"9":{"start":{"line":119,"column":8},"end":{"line":119,"column":60}},"10":{"start":{"line":129,"column":8},"end":{"line":129,"column":45}},"11":{"start":{"line":137,"column":8},"end":{"line":137,"column":36}},"12":{"start":{"line":138,"column":8},"end":{"line":138,"column":53}}},"branchMap":{"1":{"line":45,"type":"if","locations":[{"start":{"line":45,"column":44},"end":{"line":45,"column":44}},{"start":{"line":45,"column":44},"end":{"line":45,"column":44}}]},"2":{"line":57,"type":"if","locations":[{"start":{"line":57,"column":44},"end":{"line":57,"column":44}},{"start":{"line":57,"column":44},"end":{"line":57,"column":44}}]},"3":{"line":79,"type":"if","locations":[{"start":{"line":79,"column":21},"end":{"line":79,"column":21}},{"start":{"line":79,"column":21},"end":{"line":79,"column":21}}]},"4":{"line":99,"type":"if","locations":[{"start":{"line":99,"column":45},"end":{"line":99,"column":45}},{"start":{"line":99,"column":45},"end":{"line":99,"column":45}}]},"5":{"line":112,"type":"if","locations":[{"start":{"line":112,"column":8},"end":{"line":112,"column":8}},{"start":{"line":112,"column":8},"end":{"line":112,"column":8}}]},"6":{"line":115,"type":"if","locations":[{"start":{"line":115,"column":8},"end":{"line":115,"column":8}},{"start":{"line":115,"column":8},"end":{"line":115,"column":8}}]}}},"contracts/modules/wrapper/core/ERC20MintModule.sol":{"l":{"47":24,"62":1755,"84":180,"100":60,"112":180,"115":168,"116":144,"117":432,"119":144,"125":60,"128":48,"130":24,"133":60,"137":12,"140":2199,"144":1775,"145":1747},"path":"/home/ryan/Pictures/dev/CMTAT/contracts/modules/wrapper/core/ERC20MintModule.sol","s":{"1":24,"2":1755,"3":180,"4":60,"5":180,"6":168,"7":144,"8":432,"9":144,"10":60,"11":48,"12":24,"13":60,"14":12,"15":2199,"16":1775,"17":1747},"b":{"1":[24,12],"2":[1755,12],"3":[180,12],"4":[60,0],"5":[168,12],"6":[144,24],"7":[48,12],"8":[24,24]},"f":{"1":24,"2":1755,"3":180,"4":60,"5":180,"6":60,"7":2199,"8":1775},"fnMap":{"1":{"name":"mint","line":46,"loc":{"start":{"line":46,"column":4},"end":{"line":48,"column":4}}},"2":{"name":"mint","line":61,"loc":{"start":{"line":61,"column":4},"end":{"line":63,"column":4}}},"3":{"name":"batchMint","line":83,"loc":{"start":{"line":80,"column":4},"end":{"line":85,"column":4}}},"4":{"name":"batchTransfer","line":99,"loc":{"start":{"line":96,"column":3},"end":{"line":101,"column":4}}},"5":{"name":"_batchMint","line":108,"loc":{"start":{"line":108,"column":4},"end":{"line":120,"column":4}}},"6":{"name":"_batchTransfer","line":121,"loc":{"start":{"line":121,"column":4},"end":{"line":138,"column":4}}},"7":{"name":"_mintOverride","line":139,"loc":{"start":{"line":139,"column":4},"end":{"line":141,"column":4}}},"8":{"name":"_mint","line":143,"loc":{"start":{"line":143,"column":6},"end":{"line":146,"column":6}}}},"statementMap":{"1":{"start":{"line":47,"column":8},"end":{"line":47,"column":34}},"2":{"start":{"line":62,"column":7},"end":{"line":62,"column":31}},"3":{"start":{"line":84,"column":7},"end":{"line":84,"column":34}},"4":{"start":{"line":100,"column":8},"end":{"line":100,"column":42}},"5":{"start":{"line":112,"column":8},"end":{"line":112,"column":69}},"6":{"start":{"line":115,"column":8},"end":{"line":115,"column":103}},"7":{"start":{"line":116,"column":8},"end":{"line":116,"column":4475}},"8":{"start":{"line":117,"column":12},"end":{"line":117,"column":48}},"9":{"start":{"line":119,"column":8},"end":{"line":119,"column":54}},"10":{"start":{"line":125,"column":8},"end":{"line":125,"column":59}},"11":{"start":{"line":128,"column":8},"end":{"line":128,"column":93}},"12":{"start":{"line":130,"column":8},"end":{"line":130,"column":5125}},"13":{"start":{"line":133,"column":12},"end":{"line":133,"column":70}},"14":{"start":{"line":137,"column":8},"end":{"line":137,"column":19}},"15":{"start":{"line":140,"column":8},"end":{"line":140,"column":45}},"16":{"start":{"line":144,"column":8},"end":{"line":144,"column":36}},"17":{"start":{"line":145,"column":8},"end":{"line":145,"column":53}}},"branchMap":{"1":{"line":46,"type":"if","locations":[{"start":{"line":46,"column":109},"end":{"line":46,"column":109}},{"start":{"line":46,"column":109},"end":{"line":46,"column":109}}]},"2":{"line":61,"type":"if","locations":[{"start":{"line":61,"column":88},"end":{"line":61,"column":88}},{"start":{"line":61,"column":88},"end":{"line":61,"column":88}}]},"3":{"line":83,"type":"if","locations":[{"start":{"line":83,"column":44},"end":{"line":83,"column":44}},{"start":{"line":83,"column":44},"end":{"line":83,"column":44}}]},"4":{"line":99,"type":"if","locations":[{"start":{"line":99,"column":45},"end":{"line":99,"column":45}},{"start":{"line":99,"column":45},"end":{"line":99,"column":45}}]},"5":{"line":112,"type":"if","locations":[{"start":{"line":112,"column":8},"end":{"line":112,"column":8}},{"start":{"line":112,"column":8},"end":{"line":112,"column":8}}]},"6":{"line":115,"type":"if","locations":[{"start":{"line":115,"column":8},"end":{"line":115,"column":8}},{"start":{"line":115,"column":8},"end":{"line":115,"column":8}}]},"7":{"line":125,"type":"if","locations":[{"start":{"line":125,"column":8},"end":{"line":125,"column":8}},{"start":{"line":125,"column":8},"end":{"line":125,"column":8}}]},"8":{"line":128,"type":"if","locations":[{"start":{"line":128,"column":8},"end":{"line":128,"column":8}},{"start":{"line":128,"column":8},"end":{"line":128,"column":8}}]}}},"contracts/modules/wrapper/core/PauseModule.sol":{"l":{"46":1058,"59":160,"71":39,"72":39,"73":26,"89":70,"90":70,"91":70,"92":70,"100":2627,"101":2627,"112":2736},"path":"/home/ryan/Pictures/dev/CMTAT/contracts/modules/wrapper/core/PauseModule.sol","s":{"1":1058,"2":160,"3":39,"4":39,"5":26,"6":70,"7":70,"8":70,"9":2627,"10":2627},"b":{"1":[160,14],"2":[39,13],"3":[26,13],"4":[70,13]},"f":{"1":1058,"2":160,"3":39,"4":70,"5":2627,"6":2736},"fnMap":{"1":{"name":"paused","line":45,"loc":{"start":{"line":45,"column":4},"end":{"line":47,"column":3}}},"2":{"name":"pause","line":58,"loc":{"start":{"line":58,"column":4},"end":{"line":60,"column":4}}},"3":{"name":"unpause","line":70,"loc":{"start":{"line":70,"column":4},"end":{"line":74,"column":4}}},"4":{"name":"deactivateContract","line":87,"loc":{"start":{"line":85,"column":4},"end":{"line":93,"column":4}}},"5":{"name":"deactivated","line":99,"loc":{"start":{"line":99,"column":4},"end":{"line":102,"column":4}}},"6":{"name":"_getPauseModuleStorage","line":111,"loc":{"start":{"line":111,"column":4},"end":{"line":115,"column":4}}}},"statementMap":{"1":{"start":{"line":46,"column":8},"end":{"line":46,"column":43}},"2":{"start":{"line":59,"column":8},"end":{"line":59,"column":15}},"3":{"start":{"line":71,"column":8},"end":{"line":71,"column":63}},"4":{"start":{"line":72,"column":8},"end":{"line":72,"column":76}},"5":{"start":{"line":73,"column":8},"end":{"line":73,"column":17}},"6":{"start":{"line":89,"column":8},"end":{"line":89,"column":63}},"7":{"start":{"line":91,"column":7},"end":{"line":91,"column":14}},"8":{"start":{"line":92,"column":7},"end":{"line":92,"column":37}},"9":{"start":{"line":100,"column":8},"end":{"line":100,"column":63}},"10":{"start":{"line":101,"column":8},"end":{"line":101,"column":31}}},"branchMap":{"1":{"line":58,"type":"if","locations":[{"start":{"line":58,"column":75},"end":{"line":58,"column":75}},{"start":{"line":58,"column":75},"end":{"line":58,"column":75}}]},"2":{"line":70,"type":"if","locations":[{"start":{"line":70,"column":77},"end":{"line":70,"column":77}},{"start":{"line":70,"column":77},"end":{"line":70,"column":77}}]},"3":{"line":72,"type":"if","locations":[{"start":{"line":72,"column":8},"end":{"line":72,"column":8}},{"start":{"line":72,"column":8},"end":{"line":72,"column":8}}]},"4":{"line":87,"type":"if","locations":[{"start":{"line":87,"column":8},"end":{"line":87,"column":8}},{"start":{"line":87,"column":8},"end":{"line":87,"column":8}}]}}},"contracts/modules/wrapper/core/ValidationModuleCore.sol":{"l":{"26":335,"35":2118,"52":2453},"path":"/home/ryan/Pictures/dev/CMTAT/contracts/modules/wrapper/core/ValidationModuleCore.sol","s":{"1":335,"2":2118,"3":2453},"b":{},"f":{"1":335,"2":2118,"3":2453},"fnMap":{"1":{"name":"canTransfer","line":21,"loc":{"start":{"line":21,"column":4},"end":{"line":27,"column":4}}},"2":{"name":"canTransferFrom","line":29,"loc":{"start":{"line":29,"column":4},"end":{"line":36,"column":4}}},"3":{"name":"_canTransferByModule","line":46,"loc":{"start":{"line":46,"column":4},"end":{"line":53,"column":4}}}},"statementMap":{"1":{"start":{"line":26,"column":8},"end":{"line":26,"column":64}},"2":{"start":{"line":35,"column":8},"end":{"line":35,"column":61}},"3":{"start":{"line":52,"column":8},"end":{"line":52,"column":78}}},"branchMap":{}},"contracts/modules/wrapper/extensions/DocumentEngineModule.sol":{"l":{"45":1927,"46":12,"47":12,"55":76,"56":76,"60":50,"61":50,"62":48,"64":2,"69":14,"70":14,"71":12,"83":64,"84":64,"85":62,"95":74,"96":74,"101":216},"path":"/home/ryan/Pictures/dev/CMTAT/contracts/modules/wrapper/extensions/DocumentEngineModule.sol","s":{"1":1927,"2":12,"3":12,"4":76,"5":76,"6":50,"7":50,"8":48,"9":2,"10":14,"11":14,"12":64,"13":64,"14":62,"15":74},"b":{"1":[1927,0],"2":[12,1915],"3":[48,2],"4":[12,2],"5":[64,2],"6":[62,2]},"f":{"1":1927,"2":76,"3":50,"4":14,"5":64,"6":74,"7":216},"fnMap":{"1":{"name":"__DocumentEngineModule_init_unchained","line":44,"loc":{"start":{"line":43,"column":4},"end":{"line":49,"column":4}}},"2":{"name":"documentEngine","line":54,"loc":{"start":{"line":54,"column":4},"end":{"line":57,"column":4}}},"3":{"name":"getDocument","line":59,"loc":{"start":{"line":59,"column":4},"end":{"line":66,"column":4}}},"4":{"name":"getAllDocuments","line":68,"loc":{"start":{"line":68,"column":4},"end":{"line":73,"column":4}}},"5":{"name":"setDocumentEngine","line":82,"loc":{"start":{"line":80,"column":4},"end":{"line":86,"column":4}}},"6":{"name":"_setDocumentEngine","line":92,"loc":{"start":{"line":92,"column":4},"end":{"line":97,"column":4}}},"7":{"name":"_getDocumentEngineModuleStorage","line":100,"loc":{"start":{"line":100,"column":4},"end":{"line":104,"column":4}}}},"statementMap":{"1":{"start":{"line":45,"column":8},"end":{"line":45,"column":1563}},"2":{"start":{"line":46,"column":12},"end":{"line":46,"column":85}},"3":{"start":{"line":47,"column":12},"end":{"line":47,"column":49}},"4":{"start":{"line":55,"column":8},"end":{"line":55,"column":81}},"5":{"start":{"line":56,"column":8},"end":{"line":56,"column":32}},"6":{"start":{"line":60,"column":8},"end":{"line":60,"column":81}},"7":{"start":{"line":61,"column":8},"end":{"line":61,"column":2346}},"8":{"start":{"line":62,"column":12},"end":{"line":62,"column":54}},"9":{"start":{"line":64,"column":12},"end":{"line":64,"column":39}},"10":{"start":{"line":69,"column":8},"end":{"line":69,"column":81}},"11":{"start":{"line":70,"column":8},"end":{"line":70,"column":2701}},"12":{"start":{"line":83,"column":8},"end":{"line":83,"column":81}},"13":{"start":{"line":84,"column":8},"end":{"line":84,"column":92}},"14":{"start":{"line":85,"column":8},"end":{"line":85,"column":45}},"15":{"start":{"line":96,"column":8},"end":{"line":96,"column":44}}},"branchMap":{"1":{"line":44,"type":"if","locations":[{"start":{"line":44,"column":21},"end":{"line":44,"column":21}},{"start":{"line":44,"column":21},"end":{"line":44,"column":21}}]},"2":{"line":45,"type":"if","locations":[{"start":{"line":45,"column":8},"end":{"line":45,"column":8}},{"start":{"line":45,"column":8},"end":{"line":45,"column":8}}]},"3":{"line":61,"type":"if","locations":[{"start":{"line":61,"column":8},"end":{"line":61,"column":8}},{"start":{"line":61,"column":8},"end":{"line":61,"column":8}}]},"4":{"line":70,"type":"if","locations":[{"start":{"line":70,"column":8},"end":{"line":70,"column":8}},{"start":{"line":70,"column":8},"end":{"line":70,"column":8}}]},"5":{"line":82,"type":"if","locations":[{"start":{"line":82,"column":23},"end":{"line":82,"column":23}},{"start":{"line":82,"column":23},"end":{"line":82,"column":23}}]},"6":{"line":84,"type":"if","locations":[{"start":{"line":84,"column":8},"end":{"line":84,"column":8}},{"start":{"line":84,"column":8},"end":{"line":84,"column":8}}]}}},"contracts/modules/wrapper/extensions/ERC20EnforcementModule.sol":{"l":{"52":3220,"53":3220,"61":156,"62":156,"71":42,"72":42,"80":6,"81":6,"89":78,"97":12,"101":12,"106":12,"112":90,"114":90,"115":90,"117":90,"119":90,"120":90,"124":24,"125":24,"127":24,"128":24,"135":48,"136":48,"137":0,"139":48,"141":48,"142":48,"143":12,"144":12,"145":12,"150":48,"151":48,"152":12,"156":36,"157":36,"158":12,"159":6,"160":6,"163":6,"164":6,"169":36,"171":48,"175":2997,"176":2997,"177":168,"178":168,"179":90,"182":2907,"188":3538},"path":"/home/ryan/Pictures/dev/CMTAT/contracts/modules/wrapper/extensions/ERC20EnforcementModule.sol","s":{"1":3220,"2":3220,"3":156,"4":156,"5":42,"6":42,"7":6,"8":6,"9":78,"10":12,"11":12,"12":12,"13":90,"14":90,"15":90,"16":90,"17":90,"18":24,"19":24,"20":24,"21":48,"22":48,"23":48,"24":48,"25":48,"26":12,"27":12,"28":48,"29":48,"30":12,"31":36,"32":36,"33":12,"34":6,"35":6,"36":36,"37":48,"38":2997,"39":2997,"40":168,"41":168,"42":90,"43":2907},"b":{"1":[42,6],"2":[6,6],"3":[78,6],"4":[12,6],"5":[12,0],"6":[12,0],"7":[90,0],"8":[24,0],"9":[0,48],"10":[12,36],"11":[12,36],"12":[12,24],"13":[6,6],"14":[168,2829],"15":[90,78]},"f":{"1":3220,"2":156,"3":42,"4":6,"5":78,"6":12,"7":12,"8":12,"9":90,"10":24,"11":48,"12":48,"13":2997,"14":3538},"fnMap":{"1":{"name":"getFrozenTokens","line":51,"loc":{"start":{"line":51,"column":5},"end":{"line":54,"column":5}}},"2":{"name":"getActiveBalanceOf","line":60,"loc":{"start":{"line":60,"column":5},"end":{"line":63,"column":5}}},"3":{"name":"forcedTransfer","line":70,"loc":{"start":{"line":70,"column":4},"end":{"line":73,"column":4}}},"4":{"name":"forcedTransfer","line":79,"loc":{"start":{"line":79,"column":4},"end":{"line":82,"column":4}}},"5":{"name":"freezePartialTokens","line":88,"loc":{"start":{"line":88,"column":4},"end":{"line":90,"column":4}}},"6":{"name":"unfreezePartialTokens","line":96,"loc":{"start":{"line":96,"column":4},"end":{"line":98,"column":4}}},"7":{"name":"freezePartialTokens","line":100,"loc":{"start":{"line":100,"column":4},"end":{"line":102,"column":4}}},"8":{"name":"unfreezePartialTokens","line":105,"loc":{"start":{"line":105,"column":4},"end":{"line":107,"column":4}}},"9":{"name":"_freezePartialTokens","line":111,"loc":{"start":{"line":111,"column":5},"end":{"line":121,"column":4}}},"10":{"name":"_unfreezePartialTokens","line":123,"loc":{"start":{"line":123,"column":4},"end":{"line":129,"column":4}}},"11":{"name":"_unfreezeTokens","line":134,"loc":{"start":{"line":134,"column":4},"end":{"line":147,"column":4}}},"12":{"name":"_forcedTransfer","line":149,"loc":{"start":{"line":149,"column":4},"end":{"line":172,"column":4}}},"13":{"name":"_checkActiveBalance","line":174,"loc":{"start":{"line":174,"column":4},"end":{"line":184,"column":4}}},"14":{"name":"_getEnforcementModuleStorage","line":187,"loc":{"start":{"line":187,"column":4},"end":{"line":191,"column":4}}}},"statementMap":{"1":{"start":{"line":52,"column":8},"end":{"line":52,"column":80}},"2":{"start":{"line":53,"column":8},"end":{"line":53,"column":39}},"3":{"start":{"line":61,"column":8},"end":{"line":61,"column":80}},"4":{"start":{"line":62,"column":8},"end":{"line":62,"column":77}},"5":{"start":{"line":71,"column":7},"end":{"line":71,"column":44}},"6":{"start":{"line":72,"column":7},"end":{"line":72,"column":18}},"7":{"start":{"line":80,"column":7},"end":{"line":80,"column":42}},"8":{"start":{"line":81,"column":7},"end":{"line":81,"column":18}},"9":{"start":{"line":89,"column":8},"end":{"line":89,"column":47}},"10":{"start":{"line":97,"column":8},"end":{"line":97,"column":49}},"11":{"start":{"line":101,"column":8},"end":{"line":101,"column":49}},"12":{"start":{"line":106,"column":8},"end":{"line":106,"column":51}},"13":{"start":{"line":112,"column":7},"end":{"line":112,"column":79}},"14":{"start":{"line":114,"column":8},"end":{"line":114,"column":61}},"15":{"start":{"line":115,"column":8},"end":{"line":115,"column":64}},"16":{"start":{"line":117,"column":8},"end":{"line":117,"column":101}},"17":{"start":{"line":120,"column":8},"end":{"line":120,"column":47}},"18":{"start":{"line":124,"column":8},"end":{"line":124,"column":80}},"19":{"start":{"line":125,"column":8},"end":{"line":125,"column":107}},"20":{"start":{"line":128,"column":8},"end":{"line":128,"column":49}},"21":{"start":{"line":135,"column":8},"end":{"line":135,"column":58}},"22":{"start":{"line":136,"column":8},"end":{"line":136,"column":5892}},"23":{"start":{"line":139,"column":8},"end":{"line":139,"column":80}},"24":{"start":{"line":141,"column":8},"end":{"line":141,"column":63}},"25":{"start":{"line":142,"column":8},"end":{"line":142,"column":6206}},"26":{"start":{"line":143,"column":12},"end":{"line":143,"column":60}},"27":{"start":{"line":145,"column":12},"end":{"line":145,"column":61}},"28":{"start":{"line":150,"column":8},"end":{"line":150,"column":41}},"29":{"start":{"line":151,"column":8},"end":{"line":151,"column":6615}},"30":{"start":{"line":152,"column":12},"end":{"line":152,"column":29}},"31":{"start":{"line":156,"column":12},"end":{"line":156,"column":58}},"32":{"start":{"line":157,"column":12},"end":{"line":157,"column":6886}},"33":{"start":{"line":158,"column":16},"end":{"line":158,"column":6974}},"34":{"start":{"line":160,"column":24},"end":{"line":160,"column":51}},"35":{"start":{"line":164,"column":25},"end":{"line":164,"column":75}},"36":{"start":{"line":169,"column":12},"end":{"line":169,"column":37}},"37":{"start":{"line":171,"column":8},"end":{"line":171,"column":57}},"38":{"start":{"line":175,"column":9},"end":{"line":175,"column":58}},"39":{"start":{"line":176,"column":8},"end":{"line":176,"column":7594}},"40":{"start":{"line":177,"column":12},"end":{"line":177,"column":71}},"41":{"start":{"line":178,"column":12},"end":{"line":178,"column":7711}},"42":{"start":{"line":179,"column":19},"end":{"line":179,"column":31}},"43":{"start":{"line":182,"column":8},"end":{"line":182,"column":19}}},"branchMap":{"1":{"line":70,"type":"if","locations":[{"start":{"line":70,"column":141},"end":{"line":70,"column":141}},{"start":{"line":70,"column":141},"end":{"line":70,"column":141}}]},"2":{"line":79,"type":"if","locations":[{"start":{"line":79,"column":119},"end":{"line":79,"column":119}},{"start":{"line":79,"column":119},"end":{"line":79,"column":119}}]},"3":{"line":88,"type":"if","locations":[{"start":{"line":88,"column":115},"end":{"line":88,"column":115}},{"start":{"line":88,"column":115},"end":{"line":88,"column":115}}]},"4":{"line":96,"type":"if","locations":[{"start":{"line":96,"column":117},"end":{"line":96,"column":117}},{"start":{"line":96,"column":117},"end":{"line":96,"column":117}}]},"5":{"line":100,"type":"if","locations":[{"start":{"line":100,"column":136},"end":{"line":100,"column":136}},{"start":{"line":100,"column":136},"end":{"line":100,"column":136}}]},"6":{"line":105,"type":"if","locations":[{"start":{"line":105,"column":138},"end":{"line":105,"column":138}},{"start":{"line":105,"column":138},"end":{"line":105,"column":138}}]},"7":{"line":117,"type":"if","locations":[{"start":{"line":117,"column":8},"end":{"line":117,"column":8}},{"start":{"line":117,"column":8},"end":{"line":117,"column":8}}]},"8":{"line":125,"type":"if","locations":[{"start":{"line":125,"column":8},"end":{"line":125,"column":8}},{"start":{"line":125,"column":8},"end":{"line":125,"column":8}}]},"9":{"line":136,"type":"if","locations":[{"start":{"line":136,"column":8},"end":{"line":136,"column":8}},{"start":{"line":136,"column":8},"end":{"line":136,"column":8}}]},"10":{"line":142,"type":"if","locations":[{"start":{"line":142,"column":8},"end":{"line":142,"column":8}},{"start":{"line":142,"column":8},"end":{"line":142,"column":8}}]},"11":{"line":151,"type":"if","locations":[{"start":{"line":151,"column":8},"end":{"line":151,"column":8}},{"start":{"line":151,"column":8},"end":{"line":151,"column":8}}]},"12":{"line":157,"type":"if","locations":[{"start":{"line":157,"column":12},"end":{"line":157,"column":12}},{"start":{"line":157,"column":12},"end":{"line":157,"column":12}}]},"13":{"line":158,"type":"if","locations":[{"start":{"line":158,"column":16},"end":{"line":158,"column":16}},{"start":{"line":158,"column":16},"end":{"line":158,"column":16}}]},"14":{"line":176,"type":"if","locations":[{"start":{"line":176,"column":8},"end":{"line":176,"column":8}},{"start":{"line":176,"column":8},"end":{"line":176,"column":8}}]},"15":{"line":178,"type":"if","locations":[{"start":{"line":178,"column":12},"end":{"line":178,"column":12}},{"start":{"line":178,"column":12},"end":{"line":178,"column":12}}]}}},"contracts/modules/wrapper/extensions/ExtraInformationModule.sol":{"l":{"42":1927,"44":1927,"46":1927,"48":1927,"58":55,"59":55,"66":22,"67":22,"74":44,"75":44,"82":22,"83":22,"95":11,"96":11,"104":11,"105":11,"116":11,"117":11,"129":11,"130":11,"138":11,"139":11,"145":1938,"146":1938,"151":1938,"153":1938,"154":1938,"155":1938,"157":1938,"161":1938,"162":1938,"167":2114},"path":"/home/ryan/Pictures/dev/CMTAT/contracts/modules/wrapper/extensions/ExtraInformationModule.sol","s":{"1":1927,"2":1927,"3":1927,"4":1927,"5":55,"6":55,"7":22,"8":22,"9":44,"10":44,"11":22,"12":22,"13":11,"14":11,"15":11,"16":11,"17":11,"18":11,"19":11,"20":11,"21":11,"22":1938,"23":1938,"24":1938},"b":{"1":[1927,0],"2":[11,11],"3":[11,11],"4":[11,11]
[...]
mn":8},"end":{"line":62,"column":81}},"7":{"start":{"line":63,"column":8},"end":{"line":63,"column":86}},"8":{"start":{"line":64,"column":8},"end":{"line":64,"column":45}},"9":{"start":{"line":74,"column":8},"end":{"line":74,"column":44}}},"branchMap":{"1":{"line":35,"type":"if","locations":[{"start":{"line":35,"column":21},"end":{"line":35,"column":21}},{"start":{"line":35,"column":21},"end":{"line":35,"column":21}}]},"2":{"line":36,"type":"if","locations":[{"start":{"line":36,"column":8},"end":{"line":36,"column":8}},{"start":{"line":36,"column":8},"end":{"line":36,"column":8}}]},"3":{"line":61,"type":"if","locations":[{"start":{"line":61,"column":23},"end":{"line":61,"column":23}},{"start":{"line":61,"column":23},"end":{"line":61,"column":23}}]},"4":{"line":63,"type":"if","locations":[{"start":{"line":63,"column":8},"end":{"line":63,"column":8}},{"start":{"line":63,"column":8},"end":{"line":63,"column":8}}]}}},"contracts/modules/wrapper/extensions/ValidationModule/ValidationModuleERC1404.sol":{"l":{"42":43,"43":43,"44":6,"49":8,"54":4,"59":4,"61":18,"63":3,"80":47,"81":47,"82":8,"84":4,"86":4,"88":24,"91":7},"path":"/home/ryan/Pictures/dev/CMTAT/contracts/modules/wrapper/extensions/ValidationModule/ValidationModuleERC1404.sol","s":{"1":43,"2":43,"3":6,"4":37,"5":8,"6":29,"7":4,"8":25,"9":4,"10":21,"11":18,"12":3,"13":47,"14":47,"15":8,"16":39,"17":4,"18":35,"19":4,"20":31,"21":24,"22":7},"b":{"1":[6,37],"2":[8,29],"3":[4,25],"4":[4,21],"5":[18,3],"6":[8,39],"7":[4,35],"8":[4,31],"9":[24,7]},"f":{"1":43,"2":47},"fnMap":{"1":{"name":"messageForTransferRestriction","line":39,"loc":{"start":{"line":39,"column":4},"end":{"line":65,"column":4}}},"2":{"name":"detectTransferRestriction","line":75,"loc":{"start":{"line":75,"column":4},"end":{"line":93,"column":4}}}},"statementMap":{"1":{"start":{"line":42,"column":10},"end":{"line":42,"column":48}},"2":{"start":{"line":43,"column":8},"end":{"line":43,"column":1537}},"3":{"start":{"line":44,"column":12},"end":{"line":44,"column":35}},"4":{"start":{"line":45,"column":15},"end":{"line":45,"column":1662}},"5":{"start":{"line":49,"column":12},"end":{"line":49,"column":48}},"6":{"start":{"line":50,"column":15},"end":{"line":50,"column":1847}},"7":{"start":{"line":54,"column":12},"end":{"line":54,"column":53}},"8":{"start":{"line":55,"column":15},"end":{"line":55,"column":2042}},"9":{"start":{"line":59,"column":12},"end":{"line":59,"column":51}},"10":{"start":{"line":60,"column":15},"end":{"line":60,"column":2233}},"11":{"start":{"line":61,"column":12},"end":{"line":61,"column":77}},"12":{"start":{"line":63,"column":12},"end":{"line":63,"column":36}},"13":{"start":{"line":80,"column":9},"end":{"line":80,"column":47}},"14":{"start":{"line":81,"column":8},"end":{"line":81,"column":3029}},"15":{"start":{"line":82,"column":12},"end":{"line":82,"column":78}},"16":{"start":{"line":83,"column":15},"end":{"line":83,"column":3140}},"17":{"start":{"line":84,"column":12},"end":{"line":84,"column":83}},"18":{"start":{"line":85,"column":15},"end":{"line":85,"column":3262}},"19":{"start":{"line":86,"column":12},"end":{"line":86,"column":81}},"20":{"start":{"line":87,"column":15},"end":{"line":87,"column":3380}},"21":{"start":{"line":88,"column":12},"end":{"line":88,"column":73}},"22":{"start":{"line":91,"column":12},"end":{"line":91,"column":65}}},"branchMap":{"1":{"line":43,"type":"if","locations":[{"start":{"line":43,"column":8},"end":{"line":43,"column":8}},{"start":{"line":43,"column":8},"end":{"line":43,"column":8}}]},"2":{"line":45,"type":"if","locations":[{"start":{"line":45,"column":15},"end":{"line":45,"column":15}},{"start":{"line":45,"column":15},"end":{"line":45,"column":15}}]},"3":{"line":50,"type":"if","locations":[{"start":{"line":50,"column":15},"end":{"line":50,"column":15}},{"start":{"line":50,"column":15},"end":{"line":50,"column":15}}]},"4":{"line":55,"type":"if","locations":[{"start":{"line":55,"column":15},"end":{"line":55,"column":15}},{"start":{"line":55,"column":15},"end":{"line":55,"column":15}}]},"5":{"line":60,"type":"if","locations":[{"start":{"line":60,"column":15},"end":{"line":60,"column":15}},{"start":{"line":60,"column":15},"end":{"line":60,"column":15}}]},"6":{"line":81,"type":"if","locations":[{"start":{"line":81,"column":8},"end":{"line":81,"column":8}},{"start":{"line":81,"column":8},"end":{"line":81,"column":8}}]},"7":{"line":83,"type":"if","locations":[{"start":{"line":83,"column":15},"end":{"line":83,"column":15}},{"start":{"line":83,"column":15},"end":{"line":83,"column":15}}]},"8":{"line":85,"type":"if","locations":[{"start":{"line":85,"column":15},"end":{"line":85,"column":15}},{"start":{"line":85,"column":15},"end":{"line":85,"column":15}}]},"9":{"line":87,"type":"if","locations":[{"start":{"line":87,"column":15},"end":{"line":87,"column":15}},{"start":{"line":87,"column":15},"end":{"line":87,"column":15}}]}}},"contracts/modules/wrapper/extensions/ValidationModule/ValidationModuleRuleEngine.sol":{"l":{"31":234,"44":2104,"55":81,"56":78,"69":234,"70":70,"72":164,"82":2104,"83":110,"85":1994,"95":1994,"96":1994,"97":231,"99":1763,"107":164,"108":164,"109":54,"111":110,"117":2061,"118":121,"120":1940,"121":1940,"122":189,"124":1751},"path":"/home/ryan/Pictures/dev/CMTAT/contracts/modules/wrapper/extensions/ValidationModule/ValidationModuleRuleEngine.sol","s":{"1":234,"2":2104,"3":81,"4":78,"5":234,"6":70,"7":164,"8":2104,"9":110,"10":1994,"11":1994,"12":1994,"13":231,"14":1763,"15":164,"16":164,"17":54,"18":110,"19":2061,"20":121,"21":1940,"22":1940,"23":189,"24":1751},"b":{"1":[81,3],"2":[78,3],"3":[70,164],"4":[110,1994],"5":[231,1763],"6":[54,110],"7":[121,1940],"8":[189,1751]},"f":{"1":234,"2":2104,"3":81,"4":234,"5":2104,"6":1994,"7":164,"8":2061},"fnMap":{"1":{"name":"canTransfer","line":26,"loc":{"start":{"line":26,"column":4},"end":{"line":32,"column":4}}},"2":{"name":"canTransferFrom","line":38,"loc":{"start":{"line":38,"column":4},"end":{"line":45,"column":4}}},"3":{"name":"setRuleEngine","line":54,"loc":{"start":{"line":52,"column":4},"end":{"line":57,"column":4}}},"4":{"name":"_canTransfer","line":64,"loc":{"start":{"line":64,"column":4},"end":{"line":74,"column":4}}},"5":{"name":"_canTransferFrom","line":76,"loc":{"start":{"line":76,"column":4},"end":{"line":87,"column":4}}},"6":{"name":"_canTransferFromWithRuleEngine","line":89,"loc":{"start":{"line":89,"column":4},"end":{"line":101,"column":4}}},"7":{"name":"_canTransferWithRuleEngine","line":102,"loc":{"start":{"line":102,"column":4},"end":{"line":113,"column":4}}},"8":{"name":"_transferred","line":116,"loc":{"start":{"line":116,"column":4},"end":{"line":127,"column":4}}}},"statementMap":{"1":{"start":{"line":31,"column":7},"end":{"line":31,"column":43}},"2":{"start":{"line":44,"column":8},"end":{"line":44,"column":57}},"3":{"start":{"line":55,"column":9},"end":{"line":55,"column":80}},"4":{"start":{"line":56,"column":8},"end":{"line":56,"column":34}},"5":{"start":{"line":69,"column":7},"end":{"line":69,"column":2116}},"6":{"start":{"line":70,"column":12},"end":{"line":70,"column":24}},"7":{"start":{"line":72,"column":12},"end":{"line":72,"column":62}},"8":{"start":{"line":82,"column":8},"end":{"line":82,"column":2471}},"9":{"start":{"line":83,"column":12},"end":{"line":83,"column":24}},"10":{"start":{"line":85,"column":12},"end":{"line":85,"column":75}},"11":{"start":{"line":95,"column":8},"end":{"line":95,"column":46}},"12":{"start":{"line":96,"column":8},"end":{"line":96,"column":2914}},"13":{"start":{"line":97,"column":12},"end":{"line":97,"column":72}},"14":{"start":{"line":99,"column":12},"end":{"line":99,"column":23}},"15":{"start":{"line":107,"column":8},"end":{"line":107,"column":46}},"16":{"start":{"line":108,"column":8},"end":{"line":108,"column":3293}},"17":{"start":{"line":109,"column":12},"end":{"line":109,"column":59}},"18":{"start":{"line":111,"column":12},"end":{"line":111,"column":23}},"19":{"start":{"line":117,"column":8},"end":{"line":117,"column":3631}},"20":{"start":{"line":118,"column":12},"end":{"line":118,"column":24}},"21":{"start":{"line":120,"column":12},"end":{"line":120,"column":50}},"22":{"start":{"line":121,"column":12},"end":{"line":121,"column":3790}},"23":{"start":{"line":122,"column":16},"end":{"line":122,"column":72}},"24":{"start":{"line":124,"column":16},"end":{"line":124,"column":27}}},"branchMap":{"1":{"line":54,"type":"if","locations":[{"start":{"line":54,"column":21},"end":{"line":54,"column":21}},{"start":{"line":54,"column":21},"end":{"line":54,"column":21}}]},"2":{"line":55,"type":"if","locations":[{"start":{"line":55,"column":9},"end":{"line":55,"column":9}},{"start":{"line":55,"column":9},"end":{"line":55,"column":9}}]},"3":{"line":69,"type":"if","locations":[{"start":{"line":69,"column":7},"end":{"line":69,"column":7}},{"start":{"line":69,"column":7},"end":{"line":69,"column":7}}]},"4":{"line":82,"type":"if","locations":[{"start":{"line":82,"column":8},"end":{"line":82,"column":8}},{"start":{"line":82,"column":8},"end":{"line":82,"column":8}}]},"5":{"line":96,"type":"if","locations":[{"start":{"line":96,"column":8},"end":{"line":96,"column":8}},{"start":{"line":96,"column":8},"end":{"line":96,"column":8}}]},"6":{"line":108,"type":"if","locations":[{"start":{"line":108,"column":8},"end":{"line":108,"column":8}},{"start":{"line":108,"column":8},"end":{"line":108,"column":8}}]},"7":{"line":117,"type":"if","locations":[{"start":{"line":117,"column":8},"end":{"line":117,"column":8}},{"start":{"line":117,"column":8},"end":{"line":117,"column":8}}]},"8":{"line":121,"type":"if","locations":[{"start":{"line":121,"column":12},"end":{"line":121,"column":12}},{"start":{"line":121,"column":12},"end":{"line":121,"column":12}}]}}},"contracts/modules/wrapper/options/AllowlistModule.sol":{"l":{"34":702,"41":4,"51":162,"61":320,"71":107,"72":107,"79":4,"86":1420,"87":1420},"path":"/home/ryan/Pictures/dev/CMTAT/contracts/modules/wrapper/options/AllowlistModule.sol","s":{"1":702,"2":4,"3":162,"4":320,"5":107,"6":107,"7":4,"8":1420,"9":1420},"b":{"1":[4,2],"2":[162,4],"3":[320,2],"4":[107,0]},"f":{"1":702,"2":4,"3":162,"4":320,"5":107,"6":4,"7":1420},"fnMap":{"1":{"name":"isAllowlisted","line":33,"loc":{"start":{"line":33,"column":4},"end":{"line":35,"column":4}}},"2":{"name":"setAddressAllowlist","line":40,"loc":{"start":{"line":40,"column":4},"end":{"line":42,"column":4}}},"3":{"name":"setAddressAllowlist","line":50,"loc":{"start":{"line":48,"column":4},"end":{"line":52,"column":4}}},"4":{"name":"batchSetAddressAllowlist","line":60,"loc":{"start":{"line":58,"column":4},"end":{"line":62,"column":4}}},"5":{"name":"enableAllowlist","line":70,"loc":{"start":{"line":68,"column":4},"end":{"line":73,"column":4}}},"6":{"name":"isAllowlistEnabled","line":78,"loc":{"start":{"line":78,"column":4},"end":{"line":80,"column":4}}},"7":{"name":"_addToAllowlist","line":85,"loc":{"start":{"line":85,"column":4},"end":{"line":88,"column":4}}}},"statementMap":{"1":{"start":{"line":34,"column":7},"end":{"line":34,"column":37}},"2":{"start":{"line":41,"column":9},"end":{"line":41,"column":44}},"3":{"start":{"line":51,"column":9},"end":{"line":51,"column":46}},"4":{"start":{"line":61,"column":9},"end":{"line":61,"column":45}},"5":{"start":{"line":71,"column":8},"end":{"line":71,"column":31}},"6":{"start":{"line":72,"column":8},"end":{"line":72,"column":56}},"7":{"start":{"line":79,"column":8},"end":{"line":79,"column":36}},"8":{"start":{"line":86,"column":8},"end":{"line":86,"column":72}},"9":{"start":{"line":87,"column":8},"end":{"line":87,"column":73}}},"branchMap":{"1":{"line":40,"type":"if","locations":[{"start":{"line":40,"column":79},"end":{"line":40,"column":79}},{"start":{"line":40,"column":79},"end":{"line":40,"column":79}}]},"2":{"line":50,"type":"if","locations":[{"start":{"line":50,"column":21},"end":{"line":50,"column":21}},{"start":{"line":50,"column":21},"end":{"line":50,"column":21}}]},"3":{"line":60,"type":"if","locations":[{"start":{"line":60,"column":21},"end":{"line":60,"column":21}},{"start":{"line":60,"column":21},"end":{"line":60,"column":21}}]},"4":{"line":70,"type":"if","locations":[{"start":{"line":70,"column":21},"end":{"line":70,"column":21}},{"start":{"line":70,"column":21},"end":{"line":70,"column":21}}]}}},"contracts/modules/wrapper/options/DebtEngineModule.sol":{"l":{"25":4,"26":4,"27":2,"32":8,"33":8,"34":2,"36":6,"41":8,"42":8,"53":10,"54":10,"55":8,"64":8,"65":8},"path":"/home/ryan/Pictures/dev/CMTAT/contracts/modules/wrapper/options/DebtEngineModule.sol","s":{"1":4,"2":4,"3":8,"4":8,"5":8,"6":8,"7":10,"8":10,"9":8,"10":8},"b":{"1":[2,2],"2":[2,6],"3":[10,2],"4":[8,2]},"f":{"1":4,"2":8,"3":8,"4":10,"5":8},"fnMap":{"1":{"name":"creditEvents","line":24,"loc":{"start":{"line":24,"column":4},"end":{"line":29,"column":4}}},"2":{"name":"debt","line":31,"loc":{"start":{"line":31,"column":4},"end":{"line":38,"column":4}}},"3":{"name":"debtEngine","line":40,"loc":{"start":{"line":40,"column":4},"end":{"line":43,"column":4}}},"4":{"name":"setDebtEngine","line":52,"loc":{"start":{"line":50,"column":4},"end":{"line":56,"column":4}}},"5":{"name":"_setDebtEngine","line":61,"loc":{"start":{"line":61,"column":4},"end":{"line":66,"column":4}}}},"statementMap":{"1":{"start":{"line":25,"column":8},"end":{"line":25,"column":61}},"2":{"start":{"line":26,"column":8},"end":{"line":26,"column":811}},"3":{"start":{"line":32,"column":8},"end":{"line":32,"column":61}},"4":{"start":{"line":33,"column":8},"end":{"line":33,"column":1114}},"5":{"start":{"line":41,"column":8},"end":{"line":41,"column":61}},"6":{"start":{"line":42,"column":8},"end":{"line":42,"column":28}},"7":{"start":{"line":53,"column":8},"end":{"line":53,"column":61}},"8":{"start":{"line":54,"column":8},"end":{"line":54,"column":80}},"9":{"start":{"line":55,"column":8},"end":{"line":55,"column":37}},"10":{"start":{"line":65,"column":8},"end":{"line":65,"column":36}}},"branchMap":{"1":{"line":26,"type":"if","locations":[{"start":{"line":26,"column":8},"end":{"line":26,"column":8}},{"start":{"line":26,"column":8},"end":{"line":26,"column":8}}]},"2":{"line":33,"type":"if","locations":[{"start":{"line":33,"column":8},"end":{"line":33,"column":8}},{"start":{"line":33,"column":8},"end":{"line":33,"column":8}}]},"3":{"line":52,"type":"if","locations":[{"start":{"line":52,"column":23},"end":{"line":52,"column":23}},{"start":{"line":52,"column":23},"end":{"line":52,"column":23}}]},"4":{"line":54,"type":"if","locations":[{"start":{"line":54,"column":8},"end":{"line":54,"column":8}},{"start":{"line":54,"column":8},"end":{"line":54,"column":8}}]}}},"contracts/modules/wrapper/options/DebtModule.sol":{"l":{"42":2,"43":2,"44":2,"53":2,"54":2,"55":2,"58":6,"59":6,"64":40},"path":"/home/ryan/Pictures/dev/CMTAT/contracts/modules/wrapper/options/DebtModule.sol","s":{"1":2,"2":2,"3":2,"4":2,"5":6},"b":{"1":[2,2],"2":[2,2]},"f":{"1":2,"2":2,"3":6,"4":40},"fnMap":{"1":{"name":"setDebt","line":41,"loc":{"start":{"line":39,"column":4},"end":{"line":45,"column":4}}},"2":{"name":"setDebtInstrument","line":52,"loc":{"start":{"line":50,"column":4},"end":{"line":56,"column":4}}},"3":{"name":"debt","line":57,"loc":{"start":{"line":57,"column":4},"end":{"line":60,"column":4}}},"4":{"name":"_getDebtModuleStorage","line":63,"loc":{"start":{"line":63,"column":4},"end":{"line":67,"column":4}}}},"statementMap":{"1":{"start":{"line":42,"column":8},"end":{"line":42,"column":61}},"2":{"start":{"line":44,"column":8},"end":{"line":44,"column":19}},"3":{"start":{"line":53,"column":8},"end":{"line":53,"column":61}},"4":{"start":{"line":55,"column":8},"end":{"line":55,"column":34}},"5":{"start":{"line":58,"column":8},"end":{"line":58,"column":61}}},"branchMap":{"1":{"line":41,"type":"if","locations":[{"start":{"line":41,"column":23},"end":{"line":41,"column":23}},{"start":{"line":41,"column":23},"end":{"line":41,"column":23}}]},"2":{"line":52,"type":"if","locations":[{"start":{"line":52,"column":23},"end":{"line":52,"column":23}},{"start":{"line":52,"column":23},"end":{"line":52,"column":23}}]}}},"contracts/modules/wrapper/options/ERC20CrossChainModule.sol":{"l":{"30":25,"31":20,"40":30,"41":30,"42":20,"63":10,"64":10,"71":20,"72":10,"76":12,"85":40,"88":35,"91":25,"92":25},"path":"/home/ryan/Pictures/dev/CMTAT/contracts/modules/wrapper/options/ERC20CrossChainModule.sol","s":{"1":25,"2":20,"3":30,"4":30,"5":20,"6":10,"7":10,"8":20,"9":10,"10":12,"11":40,"12":35,"13":25,"14":25},"b":{"1":[35,5],"2":[25,10],"3":[40,5],"4":[30,10],"5":[20,5],"6":[10,10],"7":[30,10],"8":[20,10],"9":[5,0]},"f":{"1":25,"2":30,"3":10,"4":20,"5":12,"6":40},"fnMap":{"1":{"name":"crosschainMint","line":29,"loc":{"start":{"line":29,"column":4},"end":{"line":32,"column":4}}},"2":{"name":"crosschainBurn","line":39,"loc":{"start":{"line":39,"column":4},"end":{"line":43,"column":4}}},"3":{"name":"burnFrom","line":61,"loc":{"start":{"line":59,"column":4},"end":{"line":66,"column":4}}},"4":{"name":"burn","line":70,"loc":{"start":{"line":68,"column":4},"end":{"line":73,"column":4}}},"5":{"name":"supportsInterface","line":75,"loc":{"start":{"line":75,"column":4},"end":{"line":77,"column":4}}},"6":{"name":"_burnFrom","line":83,"loc":{"start":{"line":83,"column":4},"end":{"line":93,"column":4}}}},"statementMap":{"1":{"start":{"line":30,"column":8},"end":{"line":30,"column":31}},"2":{"start":{"line":31,"column":8},"end":{"line":31,"column":51}},"3":{"start":{"line":40,"column":8},"end":{"line":40,"column":38}},"4":{"start":{"line":41,"column":8},"end":{"line":41,"column":37}},"5":{"start":{"line":42,"column":8},"end":{"line":42,"column":54}},"6":{"start":{"line":63,"column":8},"end":{"line":63,"column":38}},"7":{"start":{"line":64,"column":8},"end":{"line":64,"column":40}},"8":{"start":{"line":71,"column":8},"end":{"line":71,"column":41}},"9":{"start":{"line":72,"column":8},"end":{"line":72,"column":63}},"10":{"start":{"line":76,"column":8},"end":{"line":76,"column":118}},"11":{"start":{"line":85,"column":8},"end":{"line":85,"column":64}},"12":{"start":{"line":88,"column":8},"end":{"line":88,"column":36}},"13":{"start":{"line":91,"column":8},"end":{"line":91,"column":42}},"14":{"start":{"line":92,"column":8},"end":{"line":92,"column":53}}},"branchMap":{"1":{"line":29,"type":"if","locations":[{"start":{"line":29,"column":72},"end":{"line":29,"column":72}},{"start":{"line":29,"column":72},"end":{"line":29,"column":72}}]},"2":{"line":29,"type":"if","locations":[{"start":{"line":29,"column":99},"end":{"line":29,"column":99}},{"start":{"line":29,"column":99},"end":{"line":29,"column":99}}]},"3":{"line":39,"type":"if","locations":[{"start":{"line":39,"column":74},"end":{"line":39,"column":74}},{"start":{"line":39,"column":74},"end":{"line":39,"column":74}}]},"4":{"line":39,"type":"if","locations":[{"start":{"line":39,"column":101},"end":{"line":39,"column":101}},{"start":{"line":39,"column":101},"end":{"line":39,"column":101}}]},"5":{"line":61,"type":"if","locations":[{"start":{"line":61,"column":8},"end":{"line":61,"column":8}},{"start":{"line":61,"column":8},"end":{"line":61,"column":8}}]},"6":{"line":61,"type":"if","locations":[{"start":{"line":61,"column":35},"end":{"line":61,"column":35}},{"start":{"line":61,"column":35},"end":{"line":61,"column":35}}]},"7":{"line":70,"type":"if","locations":[{"start":{"line":70,"column":21},"end":{"line":70,"column":21}},{"start":{"line":70,"column":21},"end":{"line":70,"column":21}}]},"8":{"line":70,"type":"if","locations":[{"start":{"line":70,"column":48},"end":{"line":70,"column":48}},{"start":{"line":70,"column":48},"end":{"line":70,"column":48}}]},"9":{"line":76,"type":"cond-expr","locations":[{"start":{"line":76,"column":15},"end":{"line":76,"column":56}},{"start":{"line":76,"column":61},"end":{"line":76,"column":117}}]}}},"contracts/modules/wrapper/options/MetaTxModule.sol":{"l":{},"path":"/home/ryan/Pictures/dev/CMTAT/contracts/modules/wrapper/options/MetaTxModule.sol","s":{},"b":{},"f":{"1":1576},"fnMap":{"1":{"name":"constructor","line":20,"loc":{"start":{"line":18,"column":4},"end":{"line":22,"column":4}}}},"statementMap":{},"branchMap":{}}}